[2023-01-24 02:43:18,792] {taskinstance.py:1179} INFO - Dependencies all met for <TaskInstance: Respuesta_Nasa.Leer_Datos_Respuesta_Nasa scheduled__2023-01-01T01:27:00+00:00 [queued]>
[2023-01-24 02:43:18,812] {taskinstance.py:1179} INFO - Dependencies all met for <TaskInstance: Respuesta_Nasa.Leer_Datos_Respuesta_Nasa scheduled__2023-01-01T01:27:00+00:00 [queued]>
[2023-01-24 02:43:18,812] {taskinstance.py:1376} INFO - 
--------------------------------------------------------------------------------
[2023-01-24 02:43:18,812] {taskinstance.py:1377} INFO - Starting attempt 1 of 2
[2023-01-24 02:43:18,812] {taskinstance.py:1378} INFO - 
--------------------------------------------------------------------------------
[2023-01-24 02:43:18,832] {taskinstance.py:1397} INFO - Executing <Task(BashOperator): Leer_Datos_Respuesta_Nasa> on 2023-01-01 01:27:00+00:00
[2023-01-24 02:43:18,876] {standard_task_runner.py:79} INFO - Running: ['***', 'tasks', 'run', 'Respuesta_Nasa', 'Leer_Datos_Respuesta_Nasa', 'scheduled__2023-01-01T01:27:00+00:00', '--job-id', '270', '--raw', '--subdir', 'DAGS_FOLDER/00-ETL_spaceX.py', '--cfg-path', '/tmp/tmp0t3wkdvz', '--error-file', '/tmp/tmp611vccqm']
[2023-01-24 02:43:18,878] {standard_task_runner.py:80} INFO - Job 270: Subtask Leer_Datos_Respuesta_Nasa
[2023-01-24 02:43:18,881] {standard_task_runner.py:52} INFO - Started process 1696 to run task
[2023-01-24 02:43:19,090] {task_command.py:371} INFO - Running <TaskInstance: Respuesta_Nasa.Leer_Datos_Respuesta_Nasa scheduled__2023-01-01T01:27:00+00:00 [running]> on host fd9891b969b0
[2023-01-24 02:43:19,416] {taskinstance.py:1591} INFO - Exporting the following env vars:
AIRFLOW_CTX_DAG_OWNER=me
AIRFLOW_CTX_DAG_ID=Respuesta_Nasa
AIRFLOW_CTX_TASK_ID=Leer_Datos_Respuesta_Nasa
AIRFLOW_CTX_EXECUTION_DATE=2023-01-01T01:27:00+00:00
AIRFLOW_CTX_TRY_NUMBER=1
AIRFLOW_CTX_DAG_RUN_ID=scheduled__2023-01-01T01:27:00+00:00
[2023-01-24 02:43:19,418] {subprocess.py:62} INFO - Tmp dir root location: 
 /tmp
[2023-01-24 02:43:19,418] {subprocess.py:74} INFO - Running command: ['bash', '-c', 'ls /tmp && head /tmp/response_20230101.txt']
[2023-01-24 02:43:19,472] {subprocess.py:85} INFO - Output:
[2023-01-24 02:43:19,484] {subprocess.py:92} INFO - ***tmp3kdbcur0
[2023-01-24 02:43:19,484] {subprocess.py:92} INFO - ***tmp80svek5n
[2023-01-24 02:43:19,485] {subprocess.py:92} INFO - ***tmpd2p6lr32
[2023-01-24 02:43:19,485] {subprocess.py:92} INFO - ***tmpgoyox8lv
[2023-01-24 02:43:19,485] {subprocess.py:92} INFO - ***tmpoh9kvtem
[2023-01-24 02:43:19,485] {subprocess.py:92} INFO - ***tmpqjzgpv3j
[2023-01-24 02:43:19,485] {subprocess.py:92} INFO - pymp-igsi0xnb
[2023-01-24 02:43:19,486] {subprocess.py:92} INFO - response_20230101.txt
[2023-01-24 02:43:19,486] {subprocess.py:92} INFO - spacex_20230101.json
[2023-01-24 02:43:19,486] {subprocess.py:92} INFO - tmp0vff_rcn
[2023-01-24 02:43:19,486] {subprocess.py:92} INFO - tmp611vccqm
[2023-01-24 02:43:19,486] {subprocess.py:92} INFO - tmpec_s5kla
[2023-01-24 02:43:19,487] {subprocess.py:92} INFO - tmphg5k59k_
[2023-01-24 02:43:19,487] {subprocess.py:92} INFO - tmphysrvr8x
[2023-01-24 02:43:19,487] {subprocess.py:92} INFO - tmpinycs6yv
[2023-01-24 02:43:19,487] {subprocess.py:92} INFO - tmpnvc2r2ky
[2023-01-24 02:43:19,487] {subprocess.py:92} INFO - tmpp7tc_q2q
[2023-01-24 02:43:19,487] {subprocess.py:92} INFO - tmpv9if5f0a
[2023-01-24 02:43:19,488] {subprocess.py:92} INFO - tmpxqo4lqui
[2023-01-24 02:43:19,503] {subprocess.py:92} INFO - Confirmación de la NASA, pueden proceder
[2023-01-24 02:43:19,503] {subprocess.py:96} INFO - Command exited with return code 0
[2023-01-24 02:43:19,612] {taskinstance.py:1420} INFO - Marking task as SUCCESS. dag_id=Respuesta_Nasa, task_id=Leer_Datos_Respuesta_Nasa, execution_date=20230101T012700, start_date=20230124T024318, end_date=20230124T024319
[2023-01-24 02:43:19,680] {local_task_job.py:156} INFO - Task exited with return code 0
[2023-01-24 02:43:19,766] {local_task_job.py:273} INFO - 1 downstream tasks scheduled from follow-on schedule check
