[2023-01-24 02:43:17,243] {taskinstance.py:1179} INFO - Dependencies all met for <TaskInstance: Respuesta_Nasa.Leer_Datos_Respuesta_Nasa scheduled__2023-01-01T01:24:00+00:00 [queued]>
[2023-01-24 02:43:17,261] {taskinstance.py:1179} INFO - Dependencies all met for <TaskInstance: Respuesta_Nasa.Leer_Datos_Respuesta_Nasa scheduled__2023-01-01T01:24:00+00:00 [queued]>
[2023-01-24 02:43:17,261] {taskinstance.py:1376} INFO - 
--------------------------------------------------------------------------------
[2023-01-24 02:43:17,261] {taskinstance.py:1377} INFO - Starting attempt 1 of 2
[2023-01-24 02:43:17,261] {taskinstance.py:1378} INFO - 
--------------------------------------------------------------------------------
[2023-01-24 02:43:17,289] {taskinstance.py:1397} INFO - Executing <Task(BashOperator): Leer_Datos_Respuesta_Nasa> on 2023-01-01 01:24:00+00:00
[2023-01-24 02:43:17,301] {standard_task_runner.py:52} INFO - Started process 1661 to run task
[2023-01-24 02:43:17,308] {standard_task_runner.py:79} INFO - Running: ['***', 'tasks', 'run', 'Respuesta_Nasa', 'Leer_Datos_Respuesta_Nasa', 'scheduled__2023-01-01T01:24:00+00:00', '--job-id', '263', '--raw', '--subdir', 'DAGS_FOLDER/00-ETL_spaceX.py', '--cfg-path', '/tmp/tmp3b690430', '--error-file', '/tmp/tmpryuni1gc']
[2023-01-24 02:43:17,310] {standard_task_runner.py:80} INFO - Job 263: Subtask Leer_Datos_Respuesta_Nasa
[2023-01-24 02:43:17,459] {task_command.py:371} INFO - Running <TaskInstance: Respuesta_Nasa.Leer_Datos_Respuesta_Nasa scheduled__2023-01-01T01:24:00+00:00 [running]> on host fd9891b969b0
[2023-01-24 02:43:17,593] {taskinstance.py:1591} INFO - Exporting the following env vars:
AIRFLOW_CTX_DAG_OWNER=me
AIRFLOW_CTX_DAG_ID=Respuesta_Nasa
AIRFLOW_CTX_TASK_ID=Leer_Datos_Respuesta_Nasa
AIRFLOW_CTX_EXECUTION_DATE=2023-01-01T01:24:00+00:00
AIRFLOW_CTX_TRY_NUMBER=1
AIRFLOW_CTX_DAG_RUN_ID=scheduled__2023-01-01T01:24:00+00:00
[2023-01-24 02:43:17,595] {subprocess.py:62} INFO - Tmp dir root location: 
 /tmp
[2023-01-24 02:43:17,595] {subprocess.py:74} INFO - Running command: ['bash', '-c', 'ls /tmp && head /tmp/response_20230101.txt']
[2023-01-24 02:43:17,612] {subprocess.py:85} INFO - Output:
[2023-01-24 02:43:17,616] {subprocess.py:92} INFO - ***tmp2aw9daa5
[2023-01-24 02:43:17,617] {subprocess.py:92} INFO - ***tmp3nsmzwk1
[2023-01-24 02:43:17,617] {subprocess.py:92} INFO - ***tmp80svek5n
[2023-01-24 02:43:17,617] {subprocess.py:92} INFO - ***tmp_w2f6s73
[2023-01-24 02:43:17,617] {subprocess.py:92} INFO - ***tmpc1ke85zl
[2023-01-24 02:43:17,617] {subprocess.py:92} INFO - ***tmpd2p6lr32
[2023-01-24 02:43:17,618] {subprocess.py:92} INFO - ***tmpdakh41zs
[2023-01-24 02:43:17,618] {subprocess.py:92} INFO - ***tmpua1i0fkl
[2023-01-24 02:43:17,618] {subprocess.py:92} INFO - ***tmpxo_v7qup
[2023-01-24 02:43:17,618] {subprocess.py:92} INFO - pymp-igsi0xnb
[2023-01-24 02:43:17,618] {subprocess.py:92} INFO - response_20230101.txt
[2023-01-24 02:43:17,618] {subprocess.py:92} INFO - spacex_20230101.json
[2023-01-24 02:43:17,618] {subprocess.py:92} INFO - tmp0vff_rcn
[2023-01-24 02:43:17,619] {subprocess.py:92} INFO - tmp3wjufusz
[2023-01-24 02:43:17,619] {subprocess.py:92} INFO - tmpdw61v138
[2023-01-24 02:43:17,619] {subprocess.py:92} INFO - tmpg0rggbcr
[2023-01-24 02:43:17,619] {subprocess.py:92} INFO - tmphg5k59k_
[2023-01-24 02:43:17,619] {subprocess.py:92} INFO - tmpinycs6yv
[2023-01-24 02:43:17,619] {subprocess.py:92} INFO - tmpnvc2r2ky
[2023-01-24 02:43:17,619] {subprocess.py:92} INFO - tmpp7tc_q2q
[2023-01-24 02:43:17,619] {subprocess.py:92} INFO - tmpryuni1gc
[2023-01-24 02:43:17,619] {subprocess.py:92} INFO - tmpv9if5f0a
[2023-01-24 02:43:17,619] {subprocess.py:92} INFO - tmpxqo4lqui
[2023-01-24 02:43:17,619] {subprocess.py:92} INFO - tmpxt_x3ssz
[2023-01-24 02:43:17,620] {subprocess.py:92} INFO - Confirmación de la NASA, pueden proceder
[2023-01-24 02:43:17,620] {subprocess.py:96} INFO - Command exited with return code 0
[2023-01-24 02:43:17,781] {taskinstance.py:1420} INFO - Marking task as SUCCESS. dag_id=Respuesta_Nasa, task_id=Leer_Datos_Respuesta_Nasa, execution_date=20230101T012400, start_date=20230124T024317, end_date=20230124T024317
[2023-01-24 02:43:17,856] {local_task_job.py:156} INFO - Task exited with return code 0
[2023-01-24 02:43:17,953] {local_task_job.py:273} INFO - 1 downstream tasks scheduled from follow-on schedule check
