[2023-01-24 02:41:46,606] {taskinstance.py:1179} INFO - Dependencies all met for <TaskInstance: Respuesta_Nasa.Respuesta_Confirmacion_NASA scheduled__2023-01-01T00:50:00+00:00 [queued]>
[2023-01-24 02:41:46,638] {taskinstance.py:1179} INFO - Dependencies all met for <TaskInstance: Respuesta_Nasa.Respuesta_Confirmacion_NASA scheduled__2023-01-01T00:50:00+00:00 [queued]>
[2023-01-24 02:41:46,638] {taskinstance.py:1376} INFO - 
--------------------------------------------------------------------------------
[2023-01-24 02:41:46,639] {taskinstance.py:1377} INFO - Starting attempt 1 of 2
[2023-01-24 02:41:46,639] {taskinstance.py:1378} INFO - 
--------------------------------------------------------------------------------
[2023-01-24 02:41:46,686] {taskinstance.py:1397} INFO - Executing <Task(BashOperator): Respuesta_Confirmacion_NASA> on 2023-01-01 00:50:00+00:00
[2023-01-24 02:41:46,696] {standard_task_runner.py:52} INFO - Started process 995 to run task
[2023-01-24 02:41:46,715] {standard_task_runner.py:79} INFO - Running: ['***', 'tasks', 'run', 'Respuesta_Nasa', 'Respuesta_Confirmacion_NASA', 'scheduled__2023-01-01T00:50:00+00:00', '--job-id', '149', '--raw', '--subdir', 'DAGS_FOLDER/00-ETL_spaceX.py', '--cfg-path', '/tmp/tmphgqbbwqh', '--error-file', '/tmp/tmpx5zq4dw1']
[2023-01-24 02:41:46,717] {standard_task_runner.py:80} INFO - Job 149: Subtask Respuesta_Confirmacion_NASA
[2023-01-24 02:41:46,922] {task_command.py:371} INFO - Running <TaskInstance: Respuesta_Nasa.Respuesta_Confirmacion_NASA scheduled__2023-01-01T00:50:00+00:00 [running]> on host fd9891b969b0
[2023-01-24 02:41:47,183] {taskinstance.py:1591} INFO - Exporting the following env vars:
AIRFLOW_CTX_DAG_OWNER=me
AIRFLOW_CTX_DAG_ID=Respuesta_Nasa
AIRFLOW_CTX_TASK_ID=Respuesta_Confirmacion_NASA
AIRFLOW_CTX_EXECUTION_DATE=2023-01-01T00:50:00+00:00
AIRFLOW_CTX_TRY_NUMBER=1
AIRFLOW_CTX_DAG_RUN_ID=scheduled__2023-01-01T00:50:00+00:00
[2023-01-24 02:41:47,185] {subprocess.py:62} INFO - Tmp dir root location: 
 /tmp
[2023-01-24 02:41:47,186] {subprocess.py:74} INFO - Running command: ['bash', '-c', 'sleep 20 && echo "Confirmación de la NASA, pueden proceder" > /tmp/response_20230101.txt']
[2023-01-24 02:41:47,206] {subprocess.py:85} INFO - Output:
[2023-01-24 02:42:07,213] {subprocess.py:96} INFO - Command exited with return code 0
[2023-01-24 02:42:07,262] {taskinstance.py:1420} INFO - Marking task as SUCCESS. dag_id=Respuesta_Nasa, task_id=Respuesta_Confirmacion_NASA, execution_date=20230101T005000, start_date=20230124T024146, end_date=20230124T024207
[2023-01-24 02:42:07,290] {local_task_job.py:156} INFO - Task exited with return code 0
[2023-01-24 02:42:07,328] {local_task_job.py:273} INFO - 1 downstream tasks scheduled from follow-on schedule check
