[2023-01-24 02:44:07,033] {taskinstance.py:1179} INFO - Dependencies all met for <TaskInstance: Respuesta_Nasa.Respuesta_Confirmacion_NASA scheduled__2023-01-01T02:07:00+00:00 [queued]>
[2023-01-24 02:44:07,046] {taskinstance.py:1179} INFO - Dependencies all met for <TaskInstance: Respuesta_Nasa.Respuesta_Confirmacion_NASA scheduled__2023-01-01T02:07:00+00:00 [queued]>
[2023-01-24 02:44:07,046] {taskinstance.py:1376} INFO - 
--------------------------------------------------------------------------------
[2023-01-24 02:44:07,046] {taskinstance.py:1377} INFO - Starting attempt 1 of 2
[2023-01-24 02:44:07,046] {taskinstance.py:1378} INFO - 
--------------------------------------------------------------------------------
[2023-01-24 02:44:07,065] {taskinstance.py:1397} INFO - Executing <Task(BashOperator): Respuesta_Confirmacion_NASA> on 2023-01-01 02:07:00+00:00
[2023-01-24 02:44:07,070] {standard_task_runner.py:52} INFO - Started process 2180 to run task
[2023-01-24 02:44:07,073] {standard_task_runner.py:79} INFO - Running: ['***', 'tasks', 'run', 'Respuesta_Nasa', 'Respuesta_Confirmacion_NASA', 'scheduled__2023-01-01T02:07:00+00:00', '--job-id', '354', '--raw', '--subdir', 'DAGS_FOLDER/00-ETL_spaceX.py', '--cfg-path', '/tmp/tmp0ngjtnlv', '--error-file', '/tmp/tmpk1sxt519']
[2023-01-24 02:44:07,075] {standard_task_runner.py:80} INFO - Job 354: Subtask Respuesta_Confirmacion_NASA
[2023-01-24 02:44:07,150] {task_command.py:371} INFO - Running <TaskInstance: Respuesta_Nasa.Respuesta_Confirmacion_NASA scheduled__2023-01-01T02:07:00+00:00 [running]> on host fd9891b969b0
[2023-01-24 02:44:07,238] {taskinstance.py:1591} INFO - Exporting the following env vars:
AIRFLOW_CTX_DAG_OWNER=me
AIRFLOW_CTX_DAG_ID=Respuesta_Nasa
AIRFLOW_CTX_TASK_ID=Respuesta_Confirmacion_NASA
AIRFLOW_CTX_EXECUTION_DATE=2023-01-01T02:07:00+00:00
AIRFLOW_CTX_TRY_NUMBER=1
AIRFLOW_CTX_DAG_RUN_ID=scheduled__2023-01-01T02:07:00+00:00
[2023-01-24 02:44:07,240] {subprocess.py:62} INFO - Tmp dir root location: 
 /tmp
[2023-01-24 02:44:07,240] {subprocess.py:74} INFO - Running command: ['bash', '-c', 'sleep 20 && echo "Confirmación de la NASA, pueden proceder" > /tmp/response_20230101.txt']
[2023-01-24 02:44:07,253] {subprocess.py:85} INFO - Output:
[2023-01-24 02:44:27,261] {subprocess.py:96} INFO - Command exited with return code 0
[2023-01-24 02:44:27,656] {taskinstance.py:1420} INFO - Marking task as SUCCESS. dag_id=Respuesta_Nasa, task_id=Respuesta_Confirmacion_NASA, execution_date=20230101T020700, start_date=20230124T024407, end_date=20230124T024427
[2023-01-24 02:44:27,760] {local_task_job.py:156} INFO - Task exited with return code 0
[2023-01-24 02:44:27,910] {local_task_job.py:273} INFO - 1 downstream tasks scheduled from follow-on schedule check
