[2023-01-25 23:15:17,059] {taskinstance.py:1179} INFO - Dependencies all met for <TaskInstance: Respuesta_Nasa.generate_platzi_data scheduled__2023-01-01T00:00:00+00:00 [queued]>
[2023-01-25 23:15:17,079] {taskinstance.py:1179} INFO - Dependencies all met for <TaskInstance: Respuesta_Nasa.generate_platzi_data scheduled__2023-01-01T00:00:00+00:00 [queued]>
[2023-01-25 23:15:17,079] {taskinstance.py:1376} INFO - 
--------------------------------------------------------------------------------
[2023-01-25 23:15:17,079] {taskinstance.py:1377} INFO - Starting attempt 3 of 5
[2023-01-25 23:15:17,079] {taskinstance.py:1378} INFO - 
--------------------------------------------------------------------------------
[2023-01-25 23:15:17,101] {taskinstance.py:1397} INFO - Executing <Task(GeneratesatelliteDataOperator): generate_platzi_data> on 2023-01-01 00:00:00+00:00
[2023-01-25 23:15:17,108] {standard_task_runner.py:52} INFO - Started process 3520 to run task
[2023-01-25 23:15:17,115] {standard_task_runner.py:79} INFO - Running: ['***', 'tasks', 'run', 'Respuesta_Nasa', 'generate_platzi_data', 'scheduled__2023-01-01T00:00:00+00:00', '--job-id', '475', '--raw', '--subdir', 'DAGS_FOLDER/00-ETL_spaceX.py', '--cfg-path', '/tmp/tmpx7m9q401', '--error-file', '/tmp/tmpm5xs79w5']
[2023-01-25 23:15:17,118] {standard_task_runner.py:80} INFO - Job 475: Subtask generate_platzi_data
[2023-01-25 23:15:17,224] {task_command.py:371} INFO - Running <TaskInstance: Respuesta_Nasa.generate_platzi_data scheduled__2023-01-01T00:00:00+00:00 [running]> on host fd9891b969b0
[2023-01-25 23:15:17,345] {taskinstance.py:1591} INFO - Exporting the following env vars:
AIRFLOW_CTX_DAG_OWNER=me
AIRFLOW_CTX_DAG_ID=Respuesta_Nasa
AIRFLOW_CTX_TASK_ID=generate_platzi_data
AIRFLOW_CTX_EXECUTION_DATE=2023-01-01T00:00:00+00:00
AIRFLOW_CTX_TRY_NUMBER=3
AIRFLOW_CTX_DAG_RUN_ID=scheduled__2023-01-01T00:00:00+00:00
[2023-01-25 23:15:17,346] {logging_mixin.py:115} INFO - La fecha lógica es: 20230101
[2023-01-25 23:15:17,355] {logging_mixin.py:115} INFO - archivo creado en: /tmp/platzi_data_20230101.csv
[2023-01-25 23:15:17,369] {taskinstance.py:1420} INFO - Marking task as SUCCESS. dag_id=Respuesta_Nasa, task_id=generate_platzi_data, execution_date=20230101T000000, start_date=20230125T231517, end_date=20230125T231517
[2023-01-25 23:15:17,408] {local_task_job.py:156} INFO - Task exited with return code 0
[2023-01-25 23:15:17,443] {local_task_job.py:273} INFO - 0 downstream tasks scheduled from follow-on schedule check
