[2023-01-26 15:59:06,796] {taskinstance.py:1179} INFO - Dependencies all met for <TaskInstance: Respuesta_Nasa.generate_platzi_data scheduled__2023-01-01T00:00:00+00:00 [queued]>
[2023-01-26 15:59:06,806] {taskinstance.py:1179} INFO - Dependencies all met for <TaskInstance: Respuesta_Nasa.generate_platzi_data scheduled__2023-01-01T00:00:00+00:00 [queued]>
[2023-01-26 15:59:06,806] {taskinstance.py:1376} INFO - 
--------------------------------------------------------------------------------
[2023-01-26 15:59:06,806] {taskinstance.py:1377} INFO - Starting attempt 5 of 7
[2023-01-26 15:59:06,806] {taskinstance.py:1378} INFO - 
--------------------------------------------------------------------------------
[2023-01-26 15:59:06,825] {taskinstance.py:1397} INFO - Executing <Task(GeneratesatelliteDataOperator): generate_platzi_data> on 2023-01-01 00:00:00+00:00
[2023-01-26 15:59:06,831] {standard_task_runner.py:52} INFO - Started process 1191 to run task
[2023-01-26 15:59:06,834] {standard_task_runner.py:79} INFO - Running: ['***', 'tasks', 'run', 'Respuesta_Nasa', 'generate_platzi_data', 'scheduled__2023-01-01T00:00:00+00:00', '--job-id', '519', '--raw', '--subdir', 'DAGS_FOLDER/00-ETL_spaceX.py', '--cfg-path', '/tmp/tmp0ksmk1dd', '--error-file', '/tmp/tmpartowwtt']
[2023-01-26 15:59:06,836] {standard_task_runner.py:80} INFO - Job 519: Subtask generate_platzi_data
[2023-01-26 15:59:06,902] {task_command.py:371} INFO - Running <TaskInstance: Respuesta_Nasa.generate_platzi_data scheduled__2023-01-01T00:00:00+00:00 [running]> on host fd9891b969b0
[2023-01-26 15:59:06,993] {taskinstance.py:1591} INFO - Exporting the following env vars:
AIRFLOW_CTX_DAG_OWNER=me
AIRFLOW_CTX_DAG_ID=Respuesta_Nasa
AIRFLOW_CTX_TASK_ID=generate_platzi_data
AIRFLOW_CTX_EXECUTION_DATE=2023-01-01T00:00:00+00:00
AIRFLOW_CTX_TRY_NUMBER=5
AIRFLOW_CTX_DAG_RUN_ID=scheduled__2023-01-01T00:00:00+00:00
[2023-01-26 15:59:06,995] {logging_mixin.py:115} INFO - La fecha lógica es: 20230101
[2023-01-26 15:59:07,001] {logging_mixin.py:115} INFO - archivo creado en: /tmp/platzi_data_20230101.csv
[2023-01-26 15:59:07,015] {taskinstance.py:1420} INFO - Marking task as SUCCESS. dag_id=Respuesta_Nasa, task_id=generate_platzi_data, execution_date=20230101T000000, start_date=20230126T155906, end_date=20230126T155907
[2023-01-26 15:59:07,086] {local_task_job.py:156} INFO - Task exited with return code 0
[2023-01-26 15:59:07,147] {local_task_job.py:273} INFO - 1 downstream tasks scheduled from follow-on schedule check
