[2023-01-26 17:20:26,538] {taskinstance.py:1179} INFO - Dependencies all met for <TaskInstance: Respuesta_Nasa.generate_platzi_data scheduled__2023-01-01T00:00:00+00:00 [queued]>
[2023-01-26 17:20:26,552] {taskinstance.py:1179} INFO - Dependencies all met for <TaskInstance: Respuesta_Nasa.generate_platzi_data scheduled__2023-01-01T00:00:00+00:00 [queued]>
[2023-01-26 17:20:26,553] {taskinstance.py:1376} INFO - 
--------------------------------------------------------------------------------
[2023-01-26 17:20:26,553] {taskinstance.py:1377} INFO - Starting attempt 8 of 10
[2023-01-26 17:20:26,553] {taskinstance.py:1378} INFO - 
--------------------------------------------------------------------------------
[2023-01-26 17:20:26,571] {taskinstance.py:1397} INFO - Executing <Task(GeneratesatelliteDataOperator): generate_platzi_data> on 2023-01-01 00:00:00+00:00
[2023-01-26 17:20:26,576] {standard_task_runner.py:52} INFO - Started process 1123 to run task
[2023-01-26 17:20:26,579] {standard_task_runner.py:79} INFO - Running: ['***', 'tasks', 'run', 'Respuesta_Nasa', 'generate_platzi_data', 'scheduled__2023-01-01T00:00:00+00:00', '--job-id', '607', '--raw', '--subdir', 'DAGS_FOLDER/00-ETL_spaceX.py', '--cfg-path', '/tmp/tmp7qw56yef', '--error-file', '/tmp/tmpjomzz66r']
[2023-01-26 17:20:26,580] {standard_task_runner.py:80} INFO - Job 607: Subtask generate_platzi_data
[2023-01-26 17:20:26,657] {task_command.py:371} INFO - Running <TaskInstance: Respuesta_Nasa.generate_platzi_data scheduled__2023-01-01T00:00:00+00:00 [running]> on host afaa1e0ff064
[2023-01-26 17:20:26,734] {taskinstance.py:1591} INFO - Exporting the following env vars:
AIRFLOW_CTX_DAG_EMAIL=davidmontenegro2403@gmail.com
AIRFLOW_CTX_DAG_OWNER=me
AIRFLOW_CTX_DAG_ID=Respuesta_Nasa
AIRFLOW_CTX_TASK_ID=generate_platzi_data
AIRFLOW_CTX_EXECUTION_DATE=2023-01-01T00:00:00+00:00
AIRFLOW_CTX_TRY_NUMBER=8
AIRFLOW_CTX_DAG_RUN_ID=scheduled__2023-01-01T00:00:00+00:00
[2023-01-26 17:20:26,736] {logging_mixin.py:115} INFO - La fecha lógica es: 20230101
[2023-01-26 17:20:26,741] {logging_mixin.py:115} INFO - archivo creado en: /tmp/platzi_data_20230101.csv
[2023-01-26 17:20:26,756] {taskinstance.py:1420} INFO - Marking task as SUCCESS. dag_id=Respuesta_Nasa, task_id=generate_platzi_data, execution_date=20230101T000000, start_date=20230126T172026, end_date=20230126T172026
[2023-01-26 17:20:26,790] {local_task_job.py:156} INFO - Task exited with return code 0
[2023-01-26 17:20:26,843] {local_task_job.py:273} INFO - 1 downstream tasks scheduled from follow-on schedule check
