[2023-01-25 23:14:50,568] {taskinstance.py:1179} INFO - Dependencies all met for <TaskInstance: Respuesta_Nasa.Respuesta_Confirmacion_NASA scheduled__2023-01-03T00:00:00+00:00 [queued]>
[2023-01-25 23:14:50,582] {taskinstance.py:1179} INFO - Dependencies all met for <TaskInstance: Respuesta_Nasa.Respuesta_Confirmacion_NASA scheduled__2023-01-03T00:00:00+00:00 [queued]>
[2023-01-25 23:14:50,583] {taskinstance.py:1376} INFO - 
--------------------------------------------------------------------------------
[2023-01-25 23:14:50,583] {taskinstance.py:1377} INFO - Starting attempt 3 of 5
[2023-01-25 23:14:50,583] {taskinstance.py:1378} INFO - 
--------------------------------------------------------------------------------
[2023-01-25 23:14:50,604] {taskinstance.py:1397} INFO - Executing <Task(BashOperator): Respuesta_Confirmacion_NASA> on 2023-01-03 00:00:00+00:00
[2023-01-25 23:14:50,610] {standard_task_runner.py:52} INFO - Started process 3439 to run task
[2023-01-25 23:14:50,616] {standard_task_runner.py:79} INFO - Running: ['***', 'tasks', 'run', 'Respuesta_Nasa', 'Respuesta_Confirmacion_NASA', 'scheduled__2023-01-03T00:00:00+00:00', '--job-id', '463', '--raw', '--subdir', 'DAGS_FOLDER/00-ETL_spaceX.py', '--cfg-path', '/tmp/tmp6lddf7r3', '--error-file', '/tmp/tmpcidttxku']
[2023-01-25 23:14:50,618] {standard_task_runner.py:80} INFO - Job 463: Subtask Respuesta_Confirmacion_NASA
[2023-01-25 23:14:50,703] {task_command.py:371} INFO - Running <TaskInstance: Respuesta_Nasa.Respuesta_Confirmacion_NASA scheduled__2023-01-03T00:00:00+00:00 [running]> on host fd9891b969b0
[2023-01-25 23:14:50,805] {taskinstance.py:1591} INFO - Exporting the following env vars:
AIRFLOW_CTX_DAG_OWNER=me
AIRFLOW_CTX_DAG_ID=Respuesta_Nasa
AIRFLOW_CTX_TASK_ID=Respuesta_Confirmacion_NASA
AIRFLOW_CTX_EXECUTION_DATE=2023-01-03T00:00:00+00:00
AIRFLOW_CTX_TRY_NUMBER=3
AIRFLOW_CTX_DAG_RUN_ID=scheduled__2023-01-03T00:00:00+00:00
[2023-01-25 23:14:50,806] {subprocess.py:62} INFO - Tmp dir root location: 
 /tmp
[2023-01-25 23:14:50,807] {subprocess.py:74} INFO - Running command: ['bash', '-c', 'sleep 20 && echo "Confirmación de la NASA, pueden proceder" > /tmp/response_20230103.txt']
[2023-01-25 23:14:50,819] {subprocess.py:85} INFO - Output:
[2023-01-25 23:15:10,823] {subprocess.py:96} INFO - Command exited with return code 0
[2023-01-25 23:15:10,863] {taskinstance.py:1420} INFO - Marking task as SUCCESS. dag_id=Respuesta_Nasa, task_id=Respuesta_Confirmacion_NASA, execution_date=20230103T000000, start_date=20230125T231450, end_date=20230125T231510
[2023-01-25 23:15:10,919] {local_task_job.py:156} INFO - Task exited with return code 0
[2023-01-25 23:15:10,981] {dagrun.py:1081} ERROR - Failed to get task '<TaskInstance: Respuesta_Nasa.Leer_Datos_Respuesta_Satelite scheduled__2023-01-03T00:00:00+00:00 [removed]>' for dag 'Respuesta_Nasa'. Marking it as removed.
[2023-01-25 23:15:10,983] {dagrun.py:1081} ERROR - Failed to get task '<TaskInstance: Respuesta_Nasa.Notificar_Analistas scheduled__2023-01-03T00:00:00+00:00 [removed]>' for dag 'Respuesta_Nasa'. Marking it as removed.
[2023-01-25 23:15:10,996] {local_task_job.py:273} INFO - 0 downstream tasks scheduled from follow-on schedule check
