[2023-01-24 03:41:25,856] {taskinstance.py:1179} INFO - Dependencies all met for <TaskInstance: Respuesta_Nasa.Respuesta_Confirmacion_NASA scheduled__2023-01-03T00:00:00+00:00 [queued]>
[2023-01-24 03:41:25,869] {taskinstance.py:1179} INFO - Dependencies all met for <TaskInstance: Respuesta_Nasa.Respuesta_Confirmacion_NASA scheduled__2023-01-03T00:00:00+00:00 [queued]>
[2023-01-24 03:41:25,869] {taskinstance.py:1376} INFO - 
--------------------------------------------------------------------------------
[2023-01-24 03:41:25,869] {taskinstance.py:1377} INFO - Starting attempt 2 of 4
[2023-01-24 03:41:25,869] {taskinstance.py:1378} INFO - 
--------------------------------------------------------------------------------
[2023-01-24 03:41:25,884] {taskinstance.py:1397} INFO - Executing <Task(BashOperator): Respuesta_Confirmacion_NASA> on 2023-01-03 00:00:00+00:00
[2023-01-24 03:41:25,889] {standard_task_runner.py:52} INFO - Started process 2584 to run task
[2023-01-24 03:41:25,893] {standard_task_runner.py:79} INFO - Running: ['***', 'tasks', 'run', 'Respuesta_Nasa', 'Respuesta_Confirmacion_NASA', 'scheduled__2023-01-03T00:00:00+00:00', '--job-id', '435', '--raw', '--subdir', 'DAGS_FOLDER/00-ETL_spaceX.py', '--cfg-path', '/tmp/tmp_wo733jm', '--error-file', '/tmp/tmpdltlo_eh']
[2023-01-24 03:41:25,894] {standard_task_runner.py:80} INFO - Job 435: Subtask Respuesta_Confirmacion_NASA
[2023-01-24 03:41:25,967] {task_command.py:371} INFO - Running <TaskInstance: Respuesta_Nasa.Respuesta_Confirmacion_NASA scheduled__2023-01-03T00:00:00+00:00 [running]> on host fd9891b969b0
[2023-01-24 03:41:26,048] {taskinstance.py:1591} INFO - Exporting the following env vars:
AIRFLOW_CTX_DAG_OWNER=me
AIRFLOW_CTX_DAG_ID=Respuesta_Nasa
AIRFLOW_CTX_TASK_ID=Respuesta_Confirmacion_NASA
AIRFLOW_CTX_EXECUTION_DATE=2023-01-03T00:00:00+00:00
AIRFLOW_CTX_TRY_NUMBER=2
AIRFLOW_CTX_DAG_RUN_ID=scheduled__2023-01-03T00:00:00+00:00
[2023-01-24 03:41:26,050] {subprocess.py:62} INFO - Tmp dir root location: 
 /tmp
[2023-01-24 03:41:26,051] {subprocess.py:74} INFO - Running command: ['bash', '-c', 'sleep 20 && echo "Confirmación de la NASA, pueden proceder" > /tmp/response_20230103.txt']
[2023-01-24 03:41:26,063] {subprocess.py:85} INFO - Output:
[2023-01-24 03:41:46,067] {subprocess.py:96} INFO - Command exited with return code 0
[2023-01-24 03:41:46,100] {taskinstance.py:1420} INFO - Marking task as SUCCESS. dag_id=Respuesta_Nasa, task_id=Respuesta_Confirmacion_NASA, execution_date=20230103T000000, start_date=20230124T034125, end_date=20230124T034146
[2023-01-24 03:41:46,133] {local_task_job.py:156} INFO - Task exited with return code 0
[2023-01-24 03:41:46,176] {local_task_job.py:273} INFO - 1 downstream tasks scheduled from follow-on schedule check
