[2023-01-24 02:42:42,799] {taskinstance.py:1179} INFO - Dependencies all met for <TaskInstance: Respuesta_Nasa.Leer_Datos_Respuesta_Nasa scheduled__2023-01-01T01:10:00+00:00 [queued]>
[2023-01-24 02:42:42,824] {taskinstance.py:1179} INFO - Dependencies all met for <TaskInstance: Respuesta_Nasa.Leer_Datos_Respuesta_Nasa scheduled__2023-01-01T01:10:00+00:00 [queued]>
[2023-01-24 02:42:42,825] {taskinstance.py:1376} INFO - 
--------------------------------------------------------------------------------
[2023-01-24 02:42:42,825] {taskinstance.py:1377} INFO - Starting attempt 1 of 2
[2023-01-24 02:42:42,825] {taskinstance.py:1378} INFO - 
--------------------------------------------------------------------------------
[2023-01-24 02:42:42,876] {taskinstance.py:1397} INFO - Executing <Task(BashOperator): Leer_Datos_Respuesta_Nasa> on 2023-01-01 01:10:00+00:00
[2023-01-24 02:42:42,906] {standard_task_runner.py:52} INFO - Started process 1400 to run task
[2023-01-24 02:42:42,917] {standard_task_runner.py:79} INFO - Running: ['***', 'tasks', 'run', 'Respuesta_Nasa', 'Leer_Datos_Respuesta_Nasa', 'scheduled__2023-01-01T01:10:00+00:00', '--job-id', '217', '--raw', '--subdir', 'DAGS_FOLDER/00-ETL_spaceX.py', '--cfg-path', '/tmp/tmp9z0jv5qp', '--error-file', '/tmp/tmphys8mrio']
[2023-01-24 02:42:42,920] {standard_task_runner.py:80} INFO - Job 217: Subtask Leer_Datos_Respuesta_Nasa
[2023-01-24 02:42:43,146] {task_command.py:371} INFO - Running <TaskInstance: Respuesta_Nasa.Leer_Datos_Respuesta_Nasa scheduled__2023-01-01T01:10:00+00:00 [running]> on host fd9891b969b0
[2023-01-24 02:42:43,388] {taskinstance.py:1591} INFO - Exporting the following env vars:
AIRFLOW_CTX_DAG_OWNER=me
AIRFLOW_CTX_DAG_ID=Respuesta_Nasa
AIRFLOW_CTX_TASK_ID=Leer_Datos_Respuesta_Nasa
AIRFLOW_CTX_EXECUTION_DATE=2023-01-01T01:10:00+00:00
AIRFLOW_CTX_TRY_NUMBER=1
AIRFLOW_CTX_DAG_RUN_ID=scheduled__2023-01-01T01:10:00+00:00
[2023-01-24 02:42:43,393] {subprocess.py:62} INFO - Tmp dir root location: 
 /tmp
[2023-01-24 02:42:43,394] {subprocess.py:74} INFO - Running command: ['bash', '-c', 'ls /tmp && head /tmp/response_20230101.txt']
[2023-01-24 02:42:43,418] {subprocess.py:85} INFO - Output:
[2023-01-24 02:42:43,428] {subprocess.py:92} INFO - ***tmp6vhmoq33
[2023-01-24 02:42:43,429] {subprocess.py:92} INFO - ***tmpo2iz6klx
[2023-01-24 02:42:43,429] {subprocess.py:92} INFO - pymp-igsi0xnb
[2023-01-24 02:42:43,430] {subprocess.py:92} INFO - response_20230101.txt
[2023-01-24 02:42:43,430] {subprocess.py:92} INFO - spacex_20230101.json
[2023-01-24 02:42:43,430] {subprocess.py:92} INFO - tmpeacsl2bx
[2023-01-24 02:42:43,430] {subprocess.py:92} INFO - tmphys8mrio
[2023-01-24 02:42:43,430] {subprocess.py:92} INFO - tmpnvc2r2ky
[2023-01-24 02:42:43,430] {subprocess.py:92} INFO - tmptjn5yrio
[2023-01-24 02:42:43,430] {subprocess.py:92} INFO - tmpx0hac855
[2023-01-24 02:42:43,434] {subprocess.py:92} INFO - Confirmación de la NASA, pueden proceder
[2023-01-24 02:42:43,435] {subprocess.py:96} INFO - Command exited with return code 0
[2023-01-24 02:42:43,595] {taskinstance.py:1420} INFO - Marking task as SUCCESS. dag_id=Respuesta_Nasa, task_id=Leer_Datos_Respuesta_Nasa, execution_date=20230101T011000, start_date=20230124T024242, end_date=20230124T024243
[2023-01-24 02:42:43,703] {local_task_job.py:156} INFO - Task exited with return code 0
[2023-01-24 02:42:43,892] {local_task_job.py:273} INFO - 1 downstream tasks scheduled from follow-on schedule check
