[2023-01-26T18:22:06.581+0000] {taskinstance.py:1165} INFO - Dependencies all met for <TaskInstance: Respuesta_Nasa.Esperando_el_fichero scheduled__2023-01-01T00:00:00+00:00 [queued]>
[2023-01-26T18:22:06.601+0000] {taskinstance.py:1165} INFO - Dependencies all met for <TaskInstance: Respuesta_Nasa.Esperando_el_fichero scheduled__2023-01-01T00:00:00+00:00 [queued]>
[2023-01-26T18:22:06.601+0000] {taskinstance.py:1362} INFO - 
--------------------------------------------------------------------------------
[2023-01-26T18:22:06.602+0000] {taskinstance.py:1363} INFO - Starting attempt 11 of 13
[2023-01-26T18:22:06.602+0000] {taskinstance.py:1364} INFO - 
--------------------------------------------------------------------------------
[2023-01-26T18:22:06.629+0000] {taskinstance.py:1383} INFO - Executing <Task(FileSensor): Esperando_el_fichero> on 2023-01-01 00:00:00+00:00
[2023-01-26T18:22:06.635+0000] {standard_task_runner.py:55} INFO - Started process 316 to run task
[2023-01-26T18:22:06.641+0000] {standard_task_runner.py:82} INFO - Running: ['***', 'tasks', 'run', 'Respuesta_Nasa', 'Esperando_el_fichero', 'scheduled__2023-01-01T00:00:00+00:00', '--job-id', '685', '--raw', '--subdir', 'DAGS_FOLDER/00-ETL_spaceX.py', '--cfg-path', '/tmp/tmpdloq0eg6']
[2023-01-26T18:22:06.643+0000] {standard_task_runner.py:83} INFO - Job 685: Subtask Esperando_el_fichero
[2023-01-26T18:22:06.719+0000] {task_command.py:376} INFO - Running <TaskInstance: Respuesta_Nasa.Esperando_el_fichero scheduled__2023-01-01T00:00:00+00:00 [running]> on host 3b3ab7bab1a5
[2023-01-26T18:22:06.811+0000] {taskinstance.py:1592} INFO - Exporting the following env vars:
AIRFLOW_CTX_DAG_EMAIL=frandak2@gmail.com
AIRFLOW_CTX_DAG_OWNER=***
AIRFLOW_CTX_DAG_ID=Respuesta_Nasa
AIRFLOW_CTX_TASK_ID=Esperando_el_fichero
AIRFLOW_CTX_EXECUTION_DATE=2023-01-01T00:00:00+00:00
AIRFLOW_CTX_TRY_NUMBER=11
AIRFLOW_CTX_DAG_RUN_ID=scheduled__2023-01-01T00:00:00+00:00
[2023-01-26T18:22:06.827+0000] {base.py:71} INFO - Using connection ID 'fs_default' for task execution.
[2023-01-26T18:22:06.828+0000] {filesystem.py:58} INFO - Poking for file /tmp/response_20230101.txt
[2023-01-26T18:22:06.829+0000] {filesystem.py:63} INFO - Found File /tmp/response_20230101.txt last modified: 20230126182205
[2023-01-26T18:22:06.830+0000] {base.py:213} INFO - Success criteria met. Exiting.
[2023-01-26T18:22:06.849+0000] {taskinstance.py:1406} INFO - Marking task as SUCCESS. dag_id=Respuesta_Nasa, task_id=Esperando_el_fichero, execution_date=20230101T000000, start_date=20230126T182206, end_date=20230126T182206
[2023-01-26T18:22:06.893+0000] {local_task_job.py:159} INFO - Task exited with return code 0
[2023-01-26T18:22:07.019+0000] {taskinstance.py:2623} INFO - 1 downstream tasks scheduled from follow-on schedule check
