[2023-01-24 02:43:21,132] {taskinstance.py:1179} INFO - Dependencies all met for <TaskInstance: Respuesta_Nasa.Leer_Datos_Respuesta_Nasa scheduled__2023-01-01T01:32:00+00:00 [queued]>
[2023-01-24 02:43:21,156] {taskinstance.py:1179} INFO - Dependencies all met for <TaskInstance: Respuesta_Nasa.Leer_Datos_Respuesta_Nasa scheduled__2023-01-01T01:32:00+00:00 [queued]>
[2023-01-24 02:43:21,156] {taskinstance.py:1376} INFO - 
--------------------------------------------------------------------------------
[2023-01-24 02:43:21,156] {taskinstance.py:1377} INFO - Starting attempt 1 of 2
[2023-01-24 02:43:21,156] {taskinstance.py:1378} INFO - 
--------------------------------------------------------------------------------
[2023-01-24 02:43:21,206] {taskinstance.py:1397} INFO - Executing <Task(BashOperator): Leer_Datos_Respuesta_Nasa> on 2023-01-01 01:32:00+00:00
[2023-01-24 02:43:21,218] {standard_task_runner.py:52} INFO - Started process 1747 to run task
[2023-01-24 02:43:21,245] {standard_task_runner.py:79} INFO - Running: ['***', 'tasks', 'run', 'Respuesta_Nasa', 'Leer_Datos_Respuesta_Nasa', 'scheduled__2023-01-01T01:32:00+00:00', '--job-id', '279', '--raw', '--subdir', 'DAGS_FOLDER/00-ETL_spaceX.py', '--cfg-path', '/tmp/tmpksgdy4r_', '--error-file', '/tmp/tmpdeosp1r0']
[2023-01-24 02:43:21,246] {standard_task_runner.py:80} INFO - Job 279: Subtask Leer_Datos_Respuesta_Nasa
[2023-01-24 02:43:21,425] {task_command.py:371} INFO - Running <TaskInstance: Respuesta_Nasa.Leer_Datos_Respuesta_Nasa scheduled__2023-01-01T01:32:00+00:00 [running]> on host fd9891b969b0
[2023-01-24 02:43:21,740] {taskinstance.py:1591} INFO - Exporting the following env vars:
AIRFLOW_CTX_DAG_OWNER=me
AIRFLOW_CTX_DAG_ID=Respuesta_Nasa
AIRFLOW_CTX_TASK_ID=Leer_Datos_Respuesta_Nasa
AIRFLOW_CTX_EXECUTION_DATE=2023-01-01T01:32:00+00:00
AIRFLOW_CTX_TRY_NUMBER=1
AIRFLOW_CTX_DAG_RUN_ID=scheduled__2023-01-01T01:32:00+00:00
[2023-01-24 02:43:21,745] {subprocess.py:62} INFO - Tmp dir root location: 
 /tmp
[2023-01-24 02:43:21,746] {subprocess.py:74} INFO - Running command: ['bash', '-c', 'ls /tmp && head /tmp/response_20230101.txt']
[2023-01-24 02:43:21,776] {subprocess.py:85} INFO - Output:
[2023-01-24 02:43:21,786] {subprocess.py:92} INFO - ***tmpaxho5ucz
[2023-01-24 02:43:21,786] {subprocess.py:92} INFO - ***tmpux497pnc
[2023-01-24 02:43:21,786] {subprocess.py:92} INFO - ***tmpw47avbms
[2023-01-24 02:43:21,787] {subprocess.py:92} INFO - ***tmpyf_hseje
[2023-01-24 02:43:21,787] {subprocess.py:92} INFO - pymp-igsi0xnb
[2023-01-24 02:43:21,787] {subprocess.py:92} INFO - response_20230101.txt
[2023-01-24 02:43:21,787] {subprocess.py:92} INFO - spacex_20230101.json
[2023-01-24 02:43:21,787] {subprocess.py:92} INFO - tmp64gikcnd
[2023-01-24 02:43:21,789] {subprocess.py:92} INFO - tmp69dox8cn
[2023-01-24 02:43:21,790] {subprocess.py:92} INFO - tmpdeosp1r0
[2023-01-24 02:43:21,791] {subprocess.py:92} INFO - tmphg4670pb
[2023-01-24 02:43:21,791] {subprocess.py:92} INFO - tmpivpd26_d
[2023-01-24 02:43:21,792] {subprocess.py:92} INFO - tmpnvc2r2ky
[2023-01-24 02:43:21,792] {subprocess.py:92} INFO - tmpv1bq25l2
[2023-01-24 02:43:21,792] {subprocess.py:92} INFO - tmpy5z0kjk2
[2023-01-24 02:43:21,799] {subprocess.py:92} INFO - Confirmación de la NASA, pueden proceder
[2023-01-24 02:43:21,800] {subprocess.py:96} INFO - Command exited with return code 0
[2023-01-24 02:43:22,018] {taskinstance.py:1420} INFO - Marking task as SUCCESS. dag_id=Respuesta_Nasa, task_id=Leer_Datos_Respuesta_Nasa, execution_date=20230101T013200, start_date=20230124T024321, end_date=20230124T024322
[2023-01-24 02:43:22,056] {local_task_job.py:156} INFO - Task exited with return code 0
[2023-01-24 02:43:22,251] {local_task_job.py:273} INFO - 1 downstream tasks scheduled from follow-on schedule check
