[2023-01-27T16:52:25.206+0000] {taskinstance.py:1165} INFO - Dependencies all met for <TaskInstance: Respuesta_Nasa.branch scheduled__2023-01-03T00:00:00+00:00 [queued]>
[2023-01-27T16:52:25.233+0000] {taskinstance.py:1165} INFO - Dependencies all met for <TaskInstance: Respuesta_Nasa.branch scheduled__2023-01-03T00:00:00+00:00 [queued]>
[2023-01-27T16:52:25.233+0000] {taskinstance.py:1362} INFO - 
--------------------------------------------------------------------------------
[2023-01-27T16:52:25.233+0000] {taskinstance.py:1363} INFO - Starting attempt 2 of 3
[2023-01-27T16:52:25.234+0000] {taskinstance.py:1364} INFO - 
--------------------------------------------------------------------------------
[2023-01-27T16:52:25.252+0000] {taskinstance.py:1383} INFO - Executing <Task(BranchPythonOperator): branch> on 2023-01-03 00:00:00+00:00
[2023-01-27T16:52:25.258+0000] {standard_task_runner.py:55} INFO - Started process 4622 to run task
[2023-01-27T16:52:25.263+0000] {standard_task_runner.py:82} INFO - Running: ['***', 'tasks', 'run', 'Respuesta_Nasa', 'branch', 'scheduled__2023-01-03T00:00:00+00:00', '--job-id', '753', '--raw', '--subdir', 'DAGS_FOLDER/00-ETL_spaceX.py', '--cfg-path', '/tmp/tmpmt4pt9rp']
[2023-01-27T16:52:25.265+0000] {standard_task_runner.py:83} INFO - Job 753: Subtask branch
[2023-01-27T16:52:25.342+0000] {task_command.py:376} INFO - Running <TaskInstance: Respuesta_Nasa.branch scheduled__2023-01-03T00:00:00+00:00 [running]> on host 3ceae0e2b238
[2023-01-27T16:52:25.428+0000] {taskinstance.py:1592} INFO - Exporting the following env vars:
AIRFLOW_CTX_DAG_EMAIL=frandak2@gmail.com
AIRFLOW_CTX_DAG_OWNER=***
AIRFLOW_CTX_DAG_ID=Respuesta_Nasa
AIRFLOW_CTX_TASK_ID=branch
AIRFLOW_CTX_EXECUTION_DATE=2023-01-03T00:00:00+00:00
AIRFLOW_CTX_TRY_NUMBER=2
AIRFLOW_CTX_DAG_RUN_ID=scheduled__2023-01-03T00:00:00+00:00
[2023-01-27T16:52:25.430+0000] {python.py:177} INFO - Done. Returned value was: send_email_notification
[2023-01-27T16:52:25.431+0000] {skipmixin.py:155} INFO - Following branch send_email_notification
[2023-01-27T16:52:25.431+0000] {skipmixin.py:190} INFO - Skipping tasks ['not_exists_files']
[2023-01-27T16:52:25.476+0000] {taskinstance.py:1406} INFO - Marking task as SUCCESS. dag_id=Respuesta_Nasa, task_id=branch, execution_date=20230103T000000, start_date=20230127T165225, end_date=20230127T165225
[2023-01-27T16:52:25.514+0000] {local_task_job.py:159} INFO - Task exited with return code 0
[2023-01-27T16:52:25.551+0000] {taskinstance.py:2623} INFO - 0 downstream tasks scheduled from follow-on schedule check
