[2023-01-24 02:41:36,828] {taskinstance.py:1179} INFO - Dependencies all met for <TaskInstance: Respuesta_Nasa.Obtener_Datos_SPACEX scheduled__2023-01-01T00:33:00+00:00 [queued]>
[2023-01-24 02:41:36,901] {taskinstance.py:1179} INFO - Dependencies all met for <TaskInstance: Respuesta_Nasa.Obtener_Datos_SPACEX scheduled__2023-01-01T00:33:00+00:00 [queued]>
[2023-01-24 02:41:36,901] {taskinstance.py:1376} INFO - 
--------------------------------------------------------------------------------
[2023-01-24 02:41:36,901] {taskinstance.py:1377} INFO - Starting attempt 1 of 2
[2023-01-24 02:41:36,901] {taskinstance.py:1378} INFO - 
--------------------------------------------------------------------------------
[2023-01-24 02:41:36,981] {taskinstance.py:1397} INFO - Executing <Task(BashOperator): Obtener_Datos_SPACEX> on 2023-01-01 00:33:00+00:00
[2023-01-24 02:41:36,990] {standard_task_runner.py:52} INFO - Started process 876 to run task
[2023-01-24 02:41:37,007] {standard_task_runner.py:79} INFO - Running: ['***', 'tasks', 'run', 'Respuesta_Nasa', 'Obtener_Datos_SPACEX', 'scheduled__2023-01-01T00:33:00+00:00', '--job-id', '131', '--raw', '--subdir', 'DAGS_FOLDER/00-ETL_spaceX.py', '--cfg-path', '/tmp/tmp51s57gkd', '--error-file', '/tmp/tmp2vkpxqs3']
[2023-01-24 02:41:37,009] {standard_task_runner.py:80} INFO - Job 131: Subtask Obtener_Datos_SPACEX
[2023-01-24 02:41:37,460] {task_command.py:371} INFO - Running <TaskInstance: Respuesta_Nasa.Obtener_Datos_SPACEX scheduled__2023-01-01T00:33:00+00:00 [running]> on host fd9891b969b0
[2023-01-24 02:41:38,025] {taskinstance.py:1591} INFO - Exporting the following env vars:
AIRFLOW_CTX_DAG_OWNER=me
AIRFLOW_CTX_DAG_ID=Respuesta_Nasa
AIRFLOW_CTX_TASK_ID=Obtener_Datos_SPACEX
AIRFLOW_CTX_EXECUTION_DATE=2023-01-01T00:33:00+00:00
AIRFLOW_CTX_TRY_NUMBER=1
AIRFLOW_CTX_DAG_RUN_ID=scheduled__2023-01-01T00:33:00+00:00
[2023-01-24 02:41:38,029] {subprocess.py:62} INFO - Tmp dir root location: 
 /tmp
[2023-01-24 02:41:38,029] {subprocess.py:74} INFO - Running command: ['bash', '-c', 'curl https://api.spacexdata.com/v4/launches/past > /tmp/spacex_20230101.json']
[2023-01-24 02:41:38,049] {subprocess.py:85} INFO - Output:
[2023-01-24 02:41:38,079] {subprocess.py:92} INFO -   % Total    % Received % Xferd  Average Speed   Time    Time     Time  Current
[2023-01-24 02:41:38,080] {subprocess.py:92} INFO -                                  Dload  Upload   Total   Spent    Left  Speed
[2023-01-24 02:41:38,871] {subprocess.py:92} INFO -   0     0    0     0    0     0      0      0 --:--:-- --:--:-- --:--:--     0100 47803    0 47803    0     0  84757      0 --:--:-- --:--:-- --:--:-- 84757100  406k    0  406k    0     0   512k      0 --:--:-- --:--:-- --:--:--  512k
[2023-01-24 02:41:38,879] {subprocess.py:96} INFO - Command exited with return code 0
[2023-01-24 02:41:39,091] {taskinstance.py:1420} INFO - Marking task as SUCCESS. dag_id=Respuesta_Nasa, task_id=Obtener_Datos_SPACEX, execution_date=20230101T003300, start_date=20230124T024136, end_date=20230124T024139
[2023-01-24 02:41:39,241] {local_task_job.py:156} INFO - Task exited with return code 0
[2023-01-24 02:41:40,038] {local_task_job.py:273} INFO - 0 downstream tasks scheduled from follow-on schedule check
