[2023-01-24 02:41:36,355] {taskinstance.py:1179} INFO - Dependencies all met for <TaskInstance: Respuesta_Nasa.Leer_Datos_Respuesta_Nasa scheduled__2023-01-01T00:44:00+00:00 [queued]>
[2023-01-24 02:41:36,477] {taskinstance.py:1179} INFO - Dependencies all met for <TaskInstance: Respuesta_Nasa.Leer_Datos_Respuesta_Nasa scheduled__2023-01-01T00:44:00+00:00 [queued]>
[2023-01-24 02:41:36,477] {taskinstance.py:1376} INFO - 
--------------------------------------------------------------------------------
[2023-01-24 02:41:36,477] {taskinstance.py:1377} INFO - Starting attempt 1 of 2
[2023-01-24 02:41:36,478] {taskinstance.py:1378} INFO - 
--------------------------------------------------------------------------------
[2023-01-24 02:41:36,514] {taskinstance.py:1397} INFO - Executing <Task(BashOperator): Leer_Datos_Respuesta_Nasa> on 2023-01-01 00:44:00+00:00
[2023-01-24 02:41:36,523] {standard_task_runner.py:52} INFO - Started process 865 to run task
[2023-01-24 02:41:36,536] {standard_task_runner.py:79} INFO - Running: ['***', 'tasks', 'run', 'Respuesta_Nasa', 'Leer_Datos_Respuesta_Nasa', 'scheduled__2023-01-01T00:44:00+00:00', '--job-id', '125', '--raw', '--subdir', 'DAGS_FOLDER/00-ETL_spaceX.py', '--cfg-path', '/tmp/tmpm5crsm1z', '--error-file', '/tmp/tmp192iyzm6']
[2023-01-24 02:41:36,546] {standard_task_runner.py:80} INFO - Job 125: Subtask Leer_Datos_Respuesta_Nasa
[2023-01-24 02:41:37,003] {task_command.py:371} INFO - Running <TaskInstance: Respuesta_Nasa.Leer_Datos_Respuesta_Nasa scheduled__2023-01-01T00:44:00+00:00 [running]> on host fd9891b969b0
[2023-01-24 02:41:37,386] {taskinstance.py:1591} INFO - Exporting the following env vars:
AIRFLOW_CTX_DAG_OWNER=me
AIRFLOW_CTX_DAG_ID=Respuesta_Nasa
AIRFLOW_CTX_TASK_ID=Leer_Datos_Respuesta_Nasa
AIRFLOW_CTX_EXECUTION_DATE=2023-01-01T00:44:00+00:00
AIRFLOW_CTX_TRY_NUMBER=1
AIRFLOW_CTX_DAG_RUN_ID=scheduled__2023-01-01T00:44:00+00:00
[2023-01-24 02:41:37,394] {subprocess.py:62} INFO - Tmp dir root location: 
 /tmp
[2023-01-24 02:41:37,396] {subprocess.py:74} INFO - Running command: ['bash', '-c', 'ls /tmp && head /tmp/response_20230101.txt']
[2023-01-24 02:41:37,451] {subprocess.py:85} INFO - Output:
[2023-01-24 02:41:37,483] {subprocess.py:92} INFO - ***tmp12at9kvp
[2023-01-24 02:41:37,483] {subprocess.py:92} INFO - ***tmpjjsduyvt
[2023-01-24 02:41:37,483] {subprocess.py:92} INFO - ***tmpu_e7k8gy
[2023-01-24 02:41:37,483] {subprocess.py:92} INFO - ***tmpwilq4xf2
[2023-01-24 02:41:37,483] {subprocess.py:92} INFO - pymp-igsi0xnb
[2023-01-24 02:41:37,484] {subprocess.py:92} INFO - response_20230101.txt
[2023-01-24 02:41:37,484] {subprocess.py:92} INFO - spacex_20230101.json
[2023-01-24 02:41:37,484] {subprocess.py:92} INFO - tmp192iyzm6
[2023-01-24 02:41:37,484] {subprocess.py:92} INFO - tmp2gqw7fr2
[2023-01-24 02:41:37,484] {subprocess.py:92} INFO - tmp2vkpxqs3
[2023-01-24 02:41:37,485] {subprocess.py:92} INFO - tmp85fncld1
[2023-01-24 02:41:37,485] {subprocess.py:92} INFO - tmp_6f1i25m
[2023-01-24 02:41:37,485] {subprocess.py:92} INFO - tmpamu6_qfc
[2023-01-24 02:41:37,485] {subprocess.py:92} INFO - tmpbw5ht0fp
[2023-01-24 02:41:37,486] {subprocess.py:92} INFO - tmpc646wu9_
[2023-01-24 02:41:37,486] {subprocess.py:92} INFO - tmpnvc2r2ky
[2023-01-24 02:41:37,487] {subprocess.py:92} INFO - Confirmación de la NASA, pueden proceder
[2023-01-24 02:41:37,488] {subprocess.py:96} INFO - Command exited with return code 0
[2023-01-24 02:41:37,653] {taskinstance.py:1420} INFO - Marking task as SUCCESS. dag_id=Respuesta_Nasa, task_id=Leer_Datos_Respuesta_Nasa, execution_date=20230101T004400, start_date=20230124T024136, end_date=20230124T024137
[2023-01-24 02:41:37,813] {local_task_job.py:156} INFO - Task exited with return code 0
[2023-01-24 02:41:38,271] {local_task_job.py:273} INFO - 0 downstream tasks scheduled from follow-on schedule check
