[2023-01-26 18:08:46,265] {taskinstance.py:1179} INFO - Dependencies all met for <TaskInstance: Respuesta_Nasa.print_data scheduled__2023-01-03T00:00:00+00:00 [queued]>
[2023-01-26 18:08:46,280] {taskinstance.py:1179} INFO - Dependencies all met for <TaskInstance: Respuesta_Nasa.print_data scheduled__2023-01-03T00:00:00+00:00 [queued]>
[2023-01-26 18:08:46,280] {taskinstance.py:1376} INFO - 
--------------------------------------------------------------------------------
[2023-01-26 18:08:46,280] {taskinstance.py:1377} INFO - Starting attempt 3 of 5
[2023-01-26 18:08:46,280] {taskinstance.py:1378} INFO - 
--------------------------------------------------------------------------------
[2023-01-26 18:08:46,294] {taskinstance.py:1397} INFO - Executing <Task(BashOperator): print_data> on 2023-01-03 00:00:00+00:00
[2023-01-26 18:08:46,299] {standard_task_runner.py:52} INFO - Started process 1011 to run task
[2023-01-26 18:08:46,302] {standard_task_runner.py:79} INFO - Running: ['***', 'tasks', 'run', 'Respuesta_Nasa', 'print_data', 'scheduled__2023-01-03T00:00:00+00:00', '--job-id', '668', '--raw', '--subdir', 'DAGS_FOLDER/00-ETL_spaceX.py', '--cfg-path', '/tmp/tmpncxxah37', '--error-file', '/tmp/tmplnpiyhbj']
[2023-01-26 18:08:46,303] {standard_task_runner.py:80} INFO - Job 668: Subtask print_data
[2023-01-26 18:08:46,378] {task_command.py:371} INFO - Running <TaskInstance: Respuesta_Nasa.print_data scheduled__2023-01-03T00:00:00+00:00 [running]> on host da6de88268cf
[2023-01-26 18:08:46,472] {taskinstance.py:1591} INFO - Exporting the following env vars:
AIRFLOW_CTX_DAG_EMAIL=frandak2@gmail.com
AIRFLOW_CTX_DAG_OWNER=***
AIRFLOW_CTX_DAG_ID=Respuesta_Nasa
AIRFLOW_CTX_TASK_ID=print_data
AIRFLOW_CTX_EXECUTION_DATE=2023-01-03T00:00:00+00:00
AIRFLOW_CTX_TRY_NUMBER=3
AIRFLOW_CTX_DAG_RUN_ID=scheduled__2023-01-03T00:00:00+00:00
[2023-01-26 18:08:46,474] {subprocess.py:62} INFO - Tmp dir root location: 
 /tmp
[2023-01-26 18:08:46,474] {subprocess.py:74} INFO - Running command: ['bash', '-c', 'echo None']
[2023-01-26 18:08:46,486] {subprocess.py:85} INFO - Output:
[2023-01-26 18:08:46,488] {subprocess.py:92} INFO - None
[2023-01-26 18:08:46,488] {subprocess.py:96} INFO - Command exited with return code 0
[2023-01-26 18:08:46,532] {taskinstance.py:1420} INFO - Marking task as SUCCESS. dag_id=Respuesta_Nasa, task_id=print_data, execution_date=20230103T000000, start_date=20230126T180846, end_date=20230126T180846
[2023-01-26 18:08:46,594] {local_task_job.py:156} INFO - Task exited with return code 0
[2023-01-26 18:08:46,746] {local_task_job.py:273} INFO - 0 downstream tasks scheduled from follow-on schedule check
