[2023-01-27T15:18:58.934+0000] {taskinstance.py:1165} INFO - Dependencies all met for <TaskInstance: Respuesta_Nasa.print_data scheduled__2023-01-03T00:00:00+00:00 [queued]>
[2023-01-27T15:18:58.949+0000] {taskinstance.py:1165} INFO - Dependencies all met for <TaskInstance: Respuesta_Nasa.print_data scheduled__2023-01-03T00:00:00+00:00 [queued]>
[2023-01-27T15:18:58.949+0000] {taskinstance.py:1362} INFO - 
--------------------------------------------------------------------------------
[2023-01-27T15:18:58.949+0000] {taskinstance.py:1363} INFO - Starting attempt 5 of 7
[2023-01-27T15:18:58.949+0000] {taskinstance.py:1364} INFO - 
--------------------------------------------------------------------------------
[2023-01-27T15:18:58.963+0000] {taskinstance.py:1383} INFO - Executing <Task(BashOperator): print_data> on 2023-01-03 00:00:00+00:00
[2023-01-27T15:18:58.970+0000] {standard_task_runner.py:55} INFO - Started process 278 to run task
[2023-01-27T15:18:58.973+0000] {standard_task_runner.py:82} INFO - Running: ['***', 'tasks', 'run', 'Respuesta_Nasa', 'print_data', 'scheduled__2023-01-03T00:00:00+00:00', '--job-id', '742', '--raw', '--subdir', 'DAGS_FOLDER/00-ETL_spaceX.py', '--cfg-path', '/tmp/tmpb0jthb2d']
[2023-01-27T15:18:58.975+0000] {standard_task_runner.py:83} INFO - Job 742: Subtask print_data
[2023-01-27T15:18:59.040+0000] {task_command.py:376} INFO - Running <TaskInstance: Respuesta_Nasa.print_data scheduled__2023-01-03T00:00:00+00:00 [running]> on host 3ceae0e2b238
[2023-01-27T15:18:59.128+0000] {taskinstance.py:1592} INFO - Exporting the following env vars:
AIRFLOW_CTX_DAG_EMAIL=frandak2@gmail.com
AIRFLOW_CTX_DAG_OWNER=***
AIRFLOW_CTX_DAG_ID=Respuesta_Nasa
AIRFLOW_CTX_TASK_ID=print_data
AIRFLOW_CTX_EXECUTION_DATE=2023-01-03T00:00:00+00:00
AIRFLOW_CTX_TRY_NUMBER=5
AIRFLOW_CTX_DAG_RUN_ID=scheduled__2023-01-03T00:00:00+00:00
[2023-01-27T15:18:59.130+0000] {subprocess.py:63} INFO - Tmp dir root location: 
 /tmp
[2023-01-27T15:18:59.131+0000] {subprocess.py:75} INFO - Running command: ['/bin/bash', '-c', 'echo None']
[2023-01-27T15:18:59.142+0000] {subprocess.py:86} INFO - Output:
[2023-01-27T15:18:59.143+0000] {subprocess.py:93} INFO - None
[2023-01-27T15:18:59.144+0000] {subprocess.py:97} INFO - Command exited with return code 0
[2023-01-27T15:18:59.171+0000] {taskinstance.py:1406} INFO - Marking task as SUCCESS. dag_id=Respuesta_Nasa, task_id=print_data, execution_date=20230103T000000, start_date=20230127T151858, end_date=20230127T151859
[2023-01-27T15:18:59.226+0000] {local_task_job.py:159} INFO - Task exited with return code 0
[2023-01-27T15:18:59.255+0000] {taskinstance.py:2623} INFO - 0 downstream tasks scheduled from follow-on schedule check
