[2023-01-24 02:41:11,246] {taskinstance.py:1179} INFO - Dependencies all met for <TaskInstance: Respuesta_Nasa.Respuesta_Confirmacion_NASA scheduled__2023-01-01T00:34:00+00:00 [queued]>
[2023-01-24 02:41:11,262] {taskinstance.py:1179} INFO - Dependencies all met for <TaskInstance: Respuesta_Nasa.Respuesta_Confirmacion_NASA scheduled__2023-01-01T00:34:00+00:00 [queued]>
[2023-01-24 02:41:11,262] {taskinstance.py:1376} INFO - 
--------------------------------------------------------------------------------
[2023-01-24 02:41:11,262] {taskinstance.py:1377} INFO - Starting attempt 1 of 2
[2023-01-24 02:41:11,262] {taskinstance.py:1378} INFO - 
--------------------------------------------------------------------------------
[2023-01-24 02:41:11,287] {taskinstance.py:1397} INFO - Executing <Task(BashOperator): Respuesta_Confirmacion_NASA> on 2023-01-01 00:34:00+00:00
[2023-01-24 02:41:11,298] {standard_task_runner.py:52} INFO - Started process 711 to run task
[2023-01-24 02:41:11,302] {standard_task_runner.py:79} INFO - Running: ['***', 'tasks', 'run', 'Respuesta_Nasa', 'Respuesta_Confirmacion_NASA', 'scheduled__2023-01-01T00:34:00+00:00', '--job-id', '101', '--raw', '--subdir', 'DAGS_FOLDER/00-ETL_spaceX.py', '--cfg-path', '/tmp/tmpmj4eb44s', '--error-file', '/tmp/tmpwaqs3ki3']
[2023-01-24 02:41:11,304] {standard_task_runner.py:80} INFO - Job 101: Subtask Respuesta_Confirmacion_NASA
[2023-01-24 02:41:11,406] {task_command.py:371} INFO - Running <TaskInstance: Respuesta_Nasa.Respuesta_Confirmacion_NASA scheduled__2023-01-01T00:34:00+00:00 [running]> on host fd9891b969b0
[2023-01-24 02:41:11,546] {taskinstance.py:1591} INFO - Exporting the following env vars:
AIRFLOW_CTX_DAG_OWNER=me
AIRFLOW_CTX_DAG_ID=Respuesta_Nasa
AIRFLOW_CTX_TASK_ID=Respuesta_Confirmacion_NASA
AIRFLOW_CTX_EXECUTION_DATE=2023-01-01T00:34:00+00:00
AIRFLOW_CTX_TRY_NUMBER=1
AIRFLOW_CTX_DAG_RUN_ID=scheduled__2023-01-01T00:34:00+00:00
[2023-01-24 02:41:11,550] {subprocess.py:62} INFO - Tmp dir root location: 
 /tmp
[2023-01-24 02:41:11,550] {subprocess.py:74} INFO - Running command: ['bash', '-c', 'sleep 20 && echo "Confirmación de la NASA, pueden proceder" > /tmp/response_20230101.txt']
[2023-01-24 02:41:11,568] {subprocess.py:85} INFO - Output:
[2023-01-24 02:41:31,573] {subprocess.py:96} INFO - Command exited with return code 0
[2023-01-24 02:41:31,607] {taskinstance.py:1420} INFO - Marking task as SUCCESS. dag_id=Respuesta_Nasa, task_id=Respuesta_Confirmacion_NASA, execution_date=20230101T003400, start_date=20230124T024111, end_date=20230124T024131
[2023-01-24 02:41:31,634] {local_task_job.py:156} INFO - Task exited with return code 0
[2023-01-24 02:41:31,674] {local_task_job.py:273} INFO - 1 downstream tasks scheduled from follow-on schedule check
