[2023-01-24 02:42:14,080] {taskinstance.py:1179} INFO - Dependencies all met for <TaskInstance: Respuesta_Nasa.Leer_Datos_Respuesta_Nasa scheduled__2023-01-01T01:03:00+00:00 [queued]>
[2023-01-24 02:42:14,131] {taskinstance.py:1179} INFO - Dependencies all met for <TaskInstance: Respuesta_Nasa.Leer_Datos_Respuesta_Nasa scheduled__2023-01-01T01:03:00+00:00 [queued]>
[2023-01-24 02:42:14,131] {taskinstance.py:1376} INFO - 
--------------------------------------------------------------------------------
[2023-01-24 02:42:14,132] {taskinstance.py:1377} INFO - Starting attempt 1 of 2
[2023-01-24 02:42:14,138] {taskinstance.py:1378} INFO - 
--------------------------------------------------------------------------------
[2023-01-24 02:42:14,207] {taskinstance.py:1397} INFO - Executing <Task(BashOperator): Leer_Datos_Respuesta_Nasa> on 2023-01-01 01:03:00+00:00
[2023-01-24 02:42:14,214] {standard_task_runner.py:52} INFO - Started process 1199 to run task
[2023-01-24 02:42:14,221] {standard_task_runner.py:79} INFO - Running: ['***', 'tasks', 'run', 'Respuesta_Nasa', 'Leer_Datos_Respuesta_Nasa', 'scheduled__2023-01-01T01:03:00+00:00', '--job-id', '185', '--raw', '--subdir', 'DAGS_FOLDER/00-ETL_spaceX.py', '--cfg-path', '/tmp/tmpsvi9m1vg', '--error-file', '/tmp/tmp7p0w7r2_']
[2023-01-24 02:42:14,223] {standard_task_runner.py:80} INFO - Job 185: Subtask Leer_Datos_Respuesta_Nasa
[2023-01-24 02:42:14,391] {task_command.py:371} INFO - Running <TaskInstance: Respuesta_Nasa.Leer_Datos_Respuesta_Nasa scheduled__2023-01-01T01:03:00+00:00 [running]> on host fd9891b969b0
[2023-01-24 02:42:14,610] {taskinstance.py:1591} INFO - Exporting the following env vars:
AIRFLOW_CTX_DAG_OWNER=me
AIRFLOW_CTX_DAG_ID=Respuesta_Nasa
AIRFLOW_CTX_TASK_ID=Leer_Datos_Respuesta_Nasa
AIRFLOW_CTX_EXECUTION_DATE=2023-01-01T01:03:00+00:00
AIRFLOW_CTX_TRY_NUMBER=1
AIRFLOW_CTX_DAG_RUN_ID=scheduled__2023-01-01T01:03:00+00:00
[2023-01-24 02:42:14,612] {subprocess.py:62} INFO - Tmp dir root location: 
 /tmp
[2023-01-24 02:42:14,614] {subprocess.py:74} INFO - Running command: ['bash', '-c', 'ls /tmp && head /tmp/response_20230101.txt']
[2023-01-24 02:42:14,638] {subprocess.py:85} INFO - Output:
[2023-01-24 02:42:14,640] {subprocess.py:92} INFO - ***tmpd11cki4n
[2023-01-24 02:42:14,640] {subprocess.py:92} INFO - ***tmpfy6whrm4
[2023-01-24 02:42:14,640] {subprocess.py:92} INFO - ***tmpqvq3ztre
[2023-01-24 02:42:14,641] {subprocess.py:92} INFO - pymp-igsi0xnb
[2023-01-24 02:42:14,641] {subprocess.py:92} INFO - response_20230101.txt
[2023-01-24 02:42:14,641] {subprocess.py:92} INFO - spacex_20230101.json
[2023-01-24 02:42:14,642] {subprocess.py:92} INFO - tmp7p0w7r2_
[2023-01-24 02:42:14,642] {subprocess.py:92} INFO - tmph_21bd_m
[2023-01-24 02:42:14,643] {subprocess.py:92} INFO - tmpjgyirf_0
[2023-01-24 02:42:14,643] {subprocess.py:92} INFO - tmpkwp5dxcb
[2023-01-24 02:42:14,643] {subprocess.py:92} INFO - tmpnvc2r2ky
[2023-01-24 02:42:14,644] {subprocess.py:92} INFO - tmpo80oki9t
[2023-01-24 02:42:14,648] {subprocess.py:92} INFO - Confirmación de la NASA, pueden proceder
[2023-01-24 02:42:14,648] {subprocess.py:96} INFO - Command exited with return code 0
[2023-01-24 02:42:14,792] {taskinstance.py:1420} INFO - Marking task as SUCCESS. dag_id=Respuesta_Nasa, task_id=Leer_Datos_Respuesta_Nasa, execution_date=20230101T010300, start_date=20230124T024214, end_date=20230124T024214
[2023-01-24 02:42:14,858] {local_task_job.py:156} INFO - Task exited with return code 0
[2023-01-24 02:42:14,940] {local_task_job.py:273} INFO - 1 downstream tasks scheduled from follow-on schedule check
