[2023-01-24 02:41:01,911] {taskinstance.py:1179} INFO - Dependencies all met for <TaskInstance: Respuesta_Nasa.Leer_Datos_Respuesta_Nasa scheduled__2023-01-01T00:24:00+00:00 [queued]>
[2023-01-24 02:41:01,955] {taskinstance.py:1179} INFO - Dependencies all met for <TaskInstance: Respuesta_Nasa.Leer_Datos_Respuesta_Nasa scheduled__2023-01-01T00:24:00+00:00 [queued]>
[2023-01-24 02:41:01,956] {taskinstance.py:1376} INFO - 
--------------------------------------------------------------------------------
[2023-01-24 02:41:01,956] {taskinstance.py:1377} INFO - Starting attempt 1 of 2
[2023-01-24 02:41:01,956] {taskinstance.py:1378} INFO - 
--------------------------------------------------------------------------------
[2023-01-24 02:41:02,079] {taskinstance.py:1397} INFO - Executing <Task(BashOperator): Leer_Datos_Respuesta_Nasa> on 2023-01-01 00:24:00+00:00
[2023-01-24 02:41:02,104] {standard_task_runner.py:52} INFO - Started process 575 to run task
[2023-01-24 02:41:02,114] {standard_task_runner.py:79} INFO - Running: ['***', 'tasks', 'run', 'Respuesta_Nasa', 'Leer_Datos_Respuesta_Nasa', 'scheduled__2023-01-01T00:24:00+00:00', '--job-id', '75', '--raw', '--subdir', 'DAGS_FOLDER/00-ETL_spaceX.py', '--cfg-path', '/tmp/tmpeqoeyhy8', '--error-file', '/tmp/tmptx_4jigm']
[2023-01-24 02:41:02,116] {standard_task_runner.py:80} INFO - Job 75: Subtask Leer_Datos_Respuesta_Nasa
[2023-01-24 02:41:02,475] {task_command.py:371} INFO - Running <TaskInstance: Respuesta_Nasa.Leer_Datos_Respuesta_Nasa scheduled__2023-01-01T00:24:00+00:00 [running]> on host fd9891b969b0
[2023-01-24 02:41:02,802] {taskinstance.py:1591} INFO - Exporting the following env vars:
AIRFLOW_CTX_DAG_OWNER=me
AIRFLOW_CTX_DAG_ID=Respuesta_Nasa
AIRFLOW_CTX_TASK_ID=Leer_Datos_Respuesta_Nasa
AIRFLOW_CTX_EXECUTION_DATE=2023-01-01T00:24:00+00:00
AIRFLOW_CTX_TRY_NUMBER=1
AIRFLOW_CTX_DAG_RUN_ID=scheduled__2023-01-01T00:24:00+00:00
[2023-01-24 02:41:02,805] {subprocess.py:62} INFO - Tmp dir root location: 
 /tmp
[2023-01-24 02:41:02,806] {subprocess.py:74} INFO - Running command: ['bash', '-c', 'ls /tmp && head /tmp/response_20230101.txt']
[2023-01-24 02:41:02,876] {subprocess.py:85} INFO - Output:
[2023-01-24 02:41:02,890] {subprocess.py:92} INFO - ***tmp6yj48odw
[2023-01-24 02:41:02,891] {subprocess.py:92} INFO - pymp-igsi0xnb
[2023-01-24 02:41:02,891] {subprocess.py:92} INFO - response_20230101.txt
[2023-01-24 02:41:02,891] {subprocess.py:92} INFO - spacex_20230101.json
[2023-01-24 02:41:02,891] {subprocess.py:92} INFO - tmpkuhgp_ya
[2023-01-24 02:41:02,892] {subprocess.py:92} INFO - tmpnvc2r2ky
[2023-01-24 02:41:02,892] {subprocess.py:92} INFO - tmpp9ipcun6
[2023-01-24 02:41:02,892] {subprocess.py:92} INFO - tmptx_4jigm
[2023-01-24 02:41:02,892] {subprocess.py:92} INFO - tmpvg7s5aeb
[2023-01-24 02:41:02,893] {subprocess.py:92} INFO - tmpyfcamb6g
[2023-01-24 02:41:02,899] {subprocess.py:92} INFO - Confirmación de la NASA, pueden proceder
[2023-01-24 02:41:02,899] {subprocess.py:96} INFO - Command exited with return code 0
[2023-01-24 02:41:02,998] {taskinstance.py:1420} INFO - Marking task as SUCCESS. dag_id=Respuesta_Nasa, task_id=Leer_Datos_Respuesta_Nasa, execution_date=20230101T002400, start_date=20230124T024101, end_date=20230124T024102
[2023-01-24 02:41:03,066] {local_task_job.py:156} INFO - Task exited with return code 0
[2023-01-24 02:41:03,239] {local_task_job.py:273} INFO - 1 downstream tasks scheduled from follow-on schedule check
