[2023-01-24 02:43:52,029] {taskinstance.py:1179} INFO - Dependencies all met for <TaskInstance: Respuesta_Nasa.Leer_Datos_Respuesta_Nasa scheduled__2023-01-01T01:42:00+00:00 [queued]>
[2023-01-24 02:43:52,097] {taskinstance.py:1179} INFO - Dependencies all met for <TaskInstance: Respuesta_Nasa.Leer_Datos_Respuesta_Nasa scheduled__2023-01-01T01:42:00+00:00 [queued]>
[2023-01-24 02:43:52,100] {taskinstance.py:1376} INFO - 
--------------------------------------------------------------------------------
[2023-01-24 02:43:52,105] {taskinstance.py:1377} INFO - Starting attempt 1 of 2
[2023-01-24 02:43:52,105] {taskinstance.py:1378} INFO - 
--------------------------------------------------------------------------------
[2023-01-24 02:43:52,331] {taskinstance.py:1397} INFO - Executing <Task(BashOperator): Leer_Datos_Respuesta_Nasa> on 2023-01-01 01:42:00+00:00
[2023-01-24 02:43:52,342] {standard_task_runner.py:52} INFO - Started process 1953 to run task
[2023-01-24 02:43:52,346] {standard_task_runner.py:79} INFO - Running: ['***', 'tasks', 'run', 'Respuesta_Nasa', 'Leer_Datos_Respuesta_Nasa', 'scheduled__2023-01-01T01:42:00+00:00', '--job-id', '310', '--raw', '--subdir', 'DAGS_FOLDER/00-ETL_spaceX.py', '--cfg-path', '/tmp/tmpk66mzitv', '--error-file', '/tmp/tmpe5vozym4']
[2023-01-24 02:43:52,349] {standard_task_runner.py:80} INFO - Job 310: Subtask Leer_Datos_Respuesta_Nasa
[2023-01-24 02:43:52,542] {task_command.py:371} INFO - Running <TaskInstance: Respuesta_Nasa.Leer_Datos_Respuesta_Nasa scheduled__2023-01-01T01:42:00+00:00 [running]> on host fd9891b969b0
[2023-01-24 02:43:52,781] {taskinstance.py:1591} INFO - Exporting the following env vars:
AIRFLOW_CTX_DAG_OWNER=me
AIRFLOW_CTX_DAG_ID=Respuesta_Nasa
AIRFLOW_CTX_TASK_ID=Leer_Datos_Respuesta_Nasa
AIRFLOW_CTX_EXECUTION_DATE=2023-01-01T01:42:00+00:00
AIRFLOW_CTX_TRY_NUMBER=1
AIRFLOW_CTX_DAG_RUN_ID=scheduled__2023-01-01T01:42:00+00:00
[2023-01-24 02:43:52,785] {subprocess.py:62} INFO - Tmp dir root location: 
 /tmp
[2023-01-24 02:43:52,786] {subprocess.py:74} INFO - Running command: ['bash', '-c', 'ls /tmp && head /tmp/response_20230101.txt']
[2023-01-24 02:43:52,852] {subprocess.py:85} INFO - Output:
[2023-01-24 02:43:52,888] {subprocess.py:92} INFO - ***tmpqpatl4ip
[2023-01-24 02:43:52,889] {subprocess.py:92} INFO - pymp-igsi0xnb
[2023-01-24 02:43:52,889] {subprocess.py:92} INFO - response_20230101.txt
[2023-01-24 02:43:52,889] {subprocess.py:92} INFO - spacex_20230101.json
[2023-01-24 02:43:52,889] {subprocess.py:92} INFO - tmp0vpp_fkv
[2023-01-24 02:43:52,889] {subprocess.py:92} INFO - tmpe5vozym4
[2023-01-24 02:43:52,890] {subprocess.py:92} INFO - tmpna2othfy
[2023-01-24 02:43:52,890] {subprocess.py:92} INFO - tmpnvc2r2ky
[2023-01-24 02:43:52,890] {subprocess.py:92} INFO - tmpwcu7l17a
[2023-01-24 02:43:52,890] {subprocess.py:92} INFO - tmpxn34wr5k
[2023-01-24 02:43:52,890] {subprocess.py:92} INFO - tmpykm3ssh5
[2023-01-24 02:43:52,893] {subprocess.py:92} INFO - Confirmación de la NASA, pueden proceder
[2023-01-24 02:43:52,894] {subprocess.py:96} INFO - Command exited with return code 0
[2023-01-24 02:43:53,029] {taskinstance.py:1420} INFO - Marking task as SUCCESS. dag_id=Respuesta_Nasa, task_id=Leer_Datos_Respuesta_Nasa, execution_date=20230101T014200, start_date=20230124T024352, end_date=20230124T024353
[2023-01-24 02:43:53,142] {local_task_job.py:156} INFO - Task exited with return code 0
[2023-01-24 02:43:53,340] {local_task_job.py:273} INFO - 1 downstream tasks scheduled from follow-on schedule check
