[2023-01-26 18:08:21,996] {taskinstance.py:1179} INFO - Dependencies all met for <TaskInstance: Respuesta_Nasa.Leer_Datos_Respuesta_Satelite scheduled__2023-01-02T00:00:00+00:00 [queued]>
[2023-01-26 18:08:22,011] {taskinstance.py:1179} INFO - Dependencies all met for <TaskInstance: Respuesta_Nasa.Leer_Datos_Respuesta_Satelite scheduled__2023-01-02T00:00:00+00:00 [queued]>
[2023-01-26 18:08:22,011] {taskinstance.py:1376} INFO - 
--------------------------------------------------------------------------------
[2023-01-26 18:08:22,011] {taskinstance.py:1377} INFO - Starting attempt 13 of 15
[2023-01-26 18:08:22,011] {taskinstance.py:1378} INFO - 
--------------------------------------------------------------------------------
[2023-01-26 18:08:22,028] {taskinstance.py:1397} INFO - Executing <Task(BashOperator): Leer_Datos_Respuesta_Satelite> on 2023-01-02 00:00:00+00:00
[2023-01-26 18:08:22,033] {standard_task_runner.py:52} INFO - Started process 962 to run task
[2023-01-26 18:08:22,037] {standard_task_runner.py:79} INFO - Running: ['***', 'tasks', 'run', 'Respuesta_Nasa', 'Leer_Datos_Respuesta_Satelite', 'scheduled__2023-01-02T00:00:00+00:00', '--job-id', '661', '--raw', '--subdir', 'DAGS_FOLDER/00-ETL_spaceX.py', '--cfg-path', '/tmp/tmpl_azncyu', '--error-file', '/tmp/tmpgmk_7fde']
[2023-01-26 18:08:22,038] {standard_task_runner.py:80} INFO - Job 661: Subtask Leer_Datos_Respuesta_Satelite
[2023-01-26 18:08:22,107] {task_command.py:371} INFO - Running <TaskInstance: Respuesta_Nasa.Leer_Datos_Respuesta_Satelite scheduled__2023-01-02T00:00:00+00:00 [running]> on host da6de88268cf
[2023-01-26 18:08:22,194] {taskinstance.py:1591} INFO - Exporting the following env vars:
AIRFLOW_CTX_DAG_EMAIL=frandak2@gmail.com
AIRFLOW_CTX_DAG_OWNER=***
AIRFLOW_CTX_DAG_ID=Respuesta_Nasa
AIRFLOW_CTX_TASK_ID=Leer_Datos_Respuesta_Satelite
AIRFLOW_CTX_EXECUTION_DATE=2023-01-02T00:00:00+00:00
AIRFLOW_CTX_TRY_NUMBER=13
AIRFLOW_CTX_DAG_RUN_ID=scheduled__2023-01-02T00:00:00+00:00
[2023-01-26 18:08:22,195] {subprocess.py:62} INFO - Tmp dir root location: 
 /tmp
[2023-01-26 18:08:22,196] {subprocess.py:74} INFO - Running command: ['bash', '-c', 'ls /tmp && head /tmp/platzi_data_20230102.csv']
[2023-01-26 18:08:22,206] {subprocess.py:85} INFO - Output:
[2023-01-26 18:08:22,209] {subprocess.py:92} INFO - ***tmp2_gkzace
[2023-01-26 18:08:22,209] {subprocess.py:92} INFO - ***tmpq7zw8r2h
[2023-01-26 18:08:22,209] {subprocess.py:92} INFO - platzi_data_20230101.csv
[2023-01-26 18:08:22,209] {subprocess.py:92} INFO - platzi_data_20230102.csv
[2023-01-26 18:08:22,209] {subprocess.py:92} INFO - platzi_data_20230103.csv
[2023-01-26 18:08:22,209] {subprocess.py:92} INFO - pymp-ysubsmu7
[2023-01-26 18:08:22,209] {subprocess.py:92} INFO - response_20230101.txt
[2023-01-26 18:08:22,209] {subprocess.py:92} INFO - response_20230102.txt
[2023-01-26 18:08:22,209] {subprocess.py:92} INFO - response_20230103.txt
[2023-01-26 18:08:22,210] {subprocess.py:92} INFO - spacex_20230101.json
[2023-01-26 18:08:22,210] {subprocess.py:92} INFO - spacex_20230102.json
[2023-01-26 18:08:22,210] {subprocess.py:92} INFO - spacex_20230103.json
[2023-01-26 18:08:22,210] {subprocess.py:92} INFO - tmp9i27p4m0
[2023-01-26 18:08:22,210] {subprocess.py:92} INFO - tmpgmk_7fde
[2023-01-26 18:08:22,210] {subprocess.py:92} INFO - tmpmoze8fie
[2023-01-26 18:08:22,210] {subprocess.py:92} INFO - tmpnvc2r2ky
[2023-01-26 18:08:22,210] {subprocess.py:92} INFO - tmpqqg_h9wt
[2023-01-26 18:08:22,210] {subprocess.py:92} INFO - ,student,timestamp
[2023-01-26 18:08:22,210] {subprocess.py:92} INFO - 0,Maria Cruz,20230102
[2023-01-26 18:08:22,210] {subprocess.py:92} INFO - 1,Daniel Crema,20230102
[2023-01-26 18:08:22,210] {subprocess.py:92} INFO - 2,Elon Musk,20230102
[2023-01-26 18:08:22,211] {subprocess.py:92} INFO - 3,Karol Castrejon,20230102
[2023-01-26 18:08:22,211] {subprocess.py:92} INFO - 4,Freddy Vega,20230102
[2023-01-26 18:08:22,211] {subprocess.py:96} INFO - Command exited with return code 0
[2023-01-26 18:08:22,241] {taskinstance.py:1420} INFO - Marking task as SUCCESS. dag_id=Respuesta_Nasa, task_id=Leer_Datos_Respuesta_Satelite, execution_date=20230102T000000, start_date=20230126T180821, end_date=20230126T180822
[2023-01-26 18:08:22,288] {local_task_job.py:156} INFO - Task exited with return code 0
[2023-01-26 18:08:22,378] {local_task_job.py:273} INFO - 1 downstream tasks scheduled from follow-on schedule check
