[2023-01-26 17:20:28,307] {taskinstance.py:1179} INFO - Dependencies all met for <TaskInstance: Respuesta_Nasa.Leer_Datos_Respuesta_Satelite scheduled__2023-01-02T00:00:00+00:00 [queued]>
[2023-01-26 17:20:28,321] {taskinstance.py:1179} INFO - Dependencies all met for <TaskInstance: Respuesta_Nasa.Leer_Datos_Respuesta_Satelite scheduled__2023-01-02T00:00:00+00:00 [queued]>
[2023-01-26 17:20:28,321] {taskinstance.py:1376} INFO - 
--------------------------------------------------------------------------------
[2023-01-26 17:20:28,322] {taskinstance.py:1377} INFO - Starting attempt 11 of 13
[2023-01-26 17:20:28,322] {taskinstance.py:1378} INFO - 
--------------------------------------------------------------------------------
[2023-01-26 17:20:28,340] {taskinstance.py:1397} INFO - Executing <Task(BashOperator): Leer_Datos_Respuesta_Satelite> on 2023-01-02 00:00:00+00:00
[2023-01-26 17:20:28,346] {standard_task_runner.py:52} INFO - Started process 1133 to run task
[2023-01-26 17:20:28,349] {standard_task_runner.py:79} INFO - Running: ['***', 'tasks', 'run', 'Respuesta_Nasa', 'Leer_Datos_Respuesta_Satelite', 'scheduled__2023-01-02T00:00:00+00:00', '--job-id', '611', '--raw', '--subdir', 'DAGS_FOLDER/00-ETL_spaceX.py', '--cfg-path', '/tmp/tmp524sm4g7', '--error-file', '/tmp/tmpniahevwz']
[2023-01-26 17:20:28,351] {standard_task_runner.py:80} INFO - Job 611: Subtask Leer_Datos_Respuesta_Satelite
[2023-01-26 17:20:28,419] {task_command.py:371} INFO - Running <TaskInstance: Respuesta_Nasa.Leer_Datos_Respuesta_Satelite scheduled__2023-01-02T00:00:00+00:00 [running]> on host afaa1e0ff064
[2023-01-26 17:20:28,508] {taskinstance.py:1591} INFO - Exporting the following env vars:
AIRFLOW_CTX_DAG_EMAIL=davidmontenegro2403@gmail.com
AIRFLOW_CTX_DAG_OWNER=me
AIRFLOW_CTX_DAG_ID=Respuesta_Nasa
AIRFLOW_CTX_TASK_ID=Leer_Datos_Respuesta_Satelite
AIRFLOW_CTX_EXECUTION_DATE=2023-01-02T00:00:00+00:00
AIRFLOW_CTX_TRY_NUMBER=11
AIRFLOW_CTX_DAG_RUN_ID=scheduled__2023-01-02T00:00:00+00:00
[2023-01-26 17:20:28,509] {subprocess.py:62} INFO - Tmp dir root location: 
 /tmp
[2023-01-26 17:20:28,510] {subprocess.py:74} INFO - Running command: ['bash', '-c', 'ls /tmp && head /tmp/platzi_data_20230102.csv']
[2023-01-26 17:20:28,522] {subprocess.py:85} INFO - Output:
[2023-01-26 17:20:28,525] {subprocess.py:92} INFO - ***tmpqbwgy34s
[2023-01-26 17:20:28,525] {subprocess.py:92} INFO - platzi_data_20230101.csv
[2023-01-26 17:20:28,526] {subprocess.py:92} INFO - platzi_data_20230102.csv
[2023-01-26 17:20:28,526] {subprocess.py:92} INFO - platzi_data_20230103.csv
[2023-01-26 17:20:28,526] {subprocess.py:92} INFO - pymp-839nzyvl
[2023-01-26 17:20:28,526] {subprocess.py:92} INFO - response_20230101.txt
[2023-01-26 17:20:28,526] {subprocess.py:92} INFO - response_20230102.txt
[2023-01-26 17:20:28,526] {subprocess.py:92} INFO - response_20230103.txt
[2023-01-26 17:20:28,526] {subprocess.py:92} INFO - spacex_20230101.json
[2023-01-26 17:20:28,526] {subprocess.py:92} INFO - spacex_20230102.json
[2023-01-26 17:20:28,526] {subprocess.py:92} INFO - spacex_20230103.json
[2023-01-26 17:20:28,526] {subprocess.py:92} INFO - tmpeb30m_3n
[2023-01-26 17:20:28,526] {subprocess.py:92} INFO - tmpniahevwz
[2023-01-26 17:20:28,527] {subprocess.py:92} INFO - tmpnvc2r2ky
[2023-01-26 17:20:28,527] {subprocess.py:92} INFO - tmpvb70f8hb
[2023-01-26 17:20:28,527] {subprocess.py:92} INFO - ,student,timestamp
[2023-01-26 17:20:28,527] {subprocess.py:92} INFO - 0,Maria Cruz,20230102
[2023-01-26 17:20:28,527] {subprocess.py:92} INFO - 1,Daniel Crema,20230102
[2023-01-26 17:20:28,527] {subprocess.py:92} INFO - 2,Elon Musk,20230102
[2023-01-26 17:20:28,527] {subprocess.py:92} INFO - 3,Karol Castrejon,20230102
[2023-01-26 17:20:28,527] {subprocess.py:92} INFO - 4,Freddy Vega,20230102
[2023-01-26 17:20:28,528] {subprocess.py:96} INFO - Command exited with return code 0
[2023-01-26 17:20:28,560] {taskinstance.py:1420} INFO - Marking task as SUCCESS. dag_id=Respuesta_Nasa, task_id=Leer_Datos_Respuesta_Satelite, execution_date=20230102T000000, start_date=20230126T172028, end_date=20230126T172028
[2023-01-26 17:20:28,601] {local_task_job.py:156} INFO - Task exited with return code 0
[2023-01-26 17:20:28,671] {local_task_job.py:273} INFO - 1 downstream tasks scheduled from follow-on schedule check
