[2023-01-27T15:18:35.213+0000] {taskinstance.py:1165} INFO - Dependencies all met for <TaskInstance: Respuesta_Nasa.Leer_Datos_Respuesta_Satelite scheduled__2023-01-02T00:00:00+00:00 [queued]>
[2023-01-27T15:18:35.239+0000] {taskinstance.py:1165} INFO - Dependencies all met for <TaskInstance: Respuesta_Nasa.Leer_Datos_Respuesta_Satelite scheduled__2023-01-02T00:00:00+00:00 [queued]>
[2023-01-27T15:18:35.240+0000] {taskinstance.py:1362} INFO - 
--------------------------------------------------------------------------------
[2023-01-27T15:18:35.240+0000] {taskinstance.py:1363} INFO - Starting attempt 15 of 17
[2023-01-27T15:18:35.240+0000] {taskinstance.py:1364} INFO - 
--------------------------------------------------------------------------------
[2023-01-27T15:18:35.256+0000] {taskinstance.py:1383} INFO - Executing <Task(BashOperator): Leer_Datos_Respuesta_Satelite> on 2023-01-02 00:00:00+00:00
[2023-01-27T15:18:35.306+0000] {standard_task_runner.py:55} INFO - Started process 229 to run task
[2023-01-27T15:18:35.312+0000] {standard_task_runner.py:82} INFO - Running: ['***', 'tasks', 'run', 'Respuesta_Nasa', 'Leer_Datos_Respuesta_Satelite', 'scheduled__2023-01-02T00:00:00+00:00', '--job-id', '735', '--raw', '--subdir', 'DAGS_FOLDER/00-ETL_spaceX.py', '--cfg-path', '/tmp/tmpew2gte3h']
[2023-01-27T15:18:35.314+0000] {standard_task_runner.py:83} INFO - Job 735: Subtask Leer_Datos_Respuesta_Satelite
[2023-01-27T15:18:35.412+0000] {task_command.py:376} INFO - Running <TaskInstance: Respuesta_Nasa.Leer_Datos_Respuesta_Satelite scheduled__2023-01-02T00:00:00+00:00 [running]> on host 3ceae0e2b238
[2023-01-27T15:18:35.482+0000] {taskinstance.py:1592} INFO - Exporting the following env vars:
AIRFLOW_CTX_DAG_EMAIL=frandak2@gmail.com
AIRFLOW_CTX_DAG_OWNER=***
AIRFLOW_CTX_DAG_ID=Respuesta_Nasa
AIRFLOW_CTX_TASK_ID=Leer_Datos_Respuesta_Satelite
AIRFLOW_CTX_EXECUTION_DATE=2023-01-02T00:00:00+00:00
AIRFLOW_CTX_TRY_NUMBER=15
AIRFLOW_CTX_DAG_RUN_ID=scheduled__2023-01-02T00:00:00+00:00
[2023-01-27T15:18:35.484+0000] {subprocess.py:63} INFO - Tmp dir root location: 
 /tmp
[2023-01-27T15:18:35.485+0000] {subprocess.py:75} INFO - Running command: ['/bin/bash', '-c', 'ls /tmp && head /tmp/platzi_data_20230102.csv']
[2023-01-27T15:18:35.497+0000] {subprocess.py:86} INFO - Output:
[2023-01-27T15:18:35.500+0000] {subprocess.py:93} INFO - ***tmpjecwxo8b
[2023-01-27T15:18:35.501+0000] {subprocess.py:93} INFO - ***tmpnt6rx90f
[2023-01-27T15:18:35.501+0000] {subprocess.py:93} INFO - platzi_data_20230101.csv
[2023-01-27T15:18:35.501+0000] {subprocess.py:93} INFO - platzi_data_20230102.csv
[2023-01-27T15:18:35.501+0000] {subprocess.py:93} INFO - pymp-rez_za4b
[2023-01-27T15:18:35.501+0000] {subprocess.py:93} INFO - response_20230101.txt
[2023-01-27T15:18:35.501+0000] {subprocess.py:93} INFO - response_20230102.txt
[2023-01-27T15:18:35.501+0000] {subprocess.py:93} INFO - spacex_20230101.json
[2023-01-27T15:18:35.502+0000] {subprocess.py:93} INFO - spacex_20230102.json
[2023-01-27T15:18:35.502+0000] {subprocess.py:93} INFO - tmp5fy1spe0
[2023-01-27T15:18:35.502+0000] {subprocess.py:93} INFO - ,student,timestamp
[2023-01-27T15:18:35.502+0000] {subprocess.py:93} INFO - 0,Maria Cruz,20230102
[2023-01-27T15:18:35.502+0000] {subprocess.py:93} INFO - 1,Daniel Crema,20230102
[2023-01-27T15:18:35.502+0000] {subprocess.py:93} INFO - 2,Elon Musk,20230102
[2023-01-27T15:18:35.503+0000] {subprocess.py:93} INFO - 3,Karol Castrejon,20230102
[2023-01-27T15:18:35.503+0000] {subprocess.py:93} INFO - 4,Freddy Vega,20230102
[2023-01-27T15:18:35.503+0000] {subprocess.py:97} INFO - Command exited with return code 0
[2023-01-27T15:18:35.530+0000] {taskinstance.py:1406} INFO - Marking task as SUCCESS. dag_id=Respuesta_Nasa, task_id=Leer_Datos_Respuesta_Satelite, execution_date=20230102T000000, start_date=20230127T151835, end_date=20230127T151835
[2023-01-27T15:18:35.563+0000] {local_task_job.py:159} INFO - Task exited with return code 0
[2023-01-27T15:18:35.601+0000] {taskinstance.py:2623} INFO - 1 downstream tasks scheduled from follow-on schedule check
