[2023-01-26 16:48:28,451] {taskinstance.py:1179} INFO - Dependencies all met for <TaskInstance: Respuesta_Nasa.Leer_Datos_Respuesta_Satelite scheduled__2023-01-02T00:00:00+00:00 [queued]>
[2023-01-26 16:48:28,464] {taskinstance.py:1179} INFO - Dependencies all met for <TaskInstance: Respuesta_Nasa.Leer_Datos_Respuesta_Satelite scheduled__2023-01-02T00:00:00+00:00 [queued]>
[2023-01-26 16:48:28,464] {taskinstance.py:1376} INFO - 
--------------------------------------------------------------------------------
[2023-01-26 16:48:28,464] {taskinstance.py:1377} INFO - Starting attempt 10 of 12
[2023-01-26 16:48:28,465] {taskinstance.py:1378} INFO - 
--------------------------------------------------------------------------------
[2023-01-26 16:48:28,480] {taskinstance.py:1397} INFO - Executing <Task(BashOperator): Leer_Datos_Respuesta_Satelite> on 2023-01-02 00:00:00+00:00
[2023-01-26 16:48:28,485] {standard_task_runner.py:52} INFO - Started process 217 to run task
[2023-01-26 16:48:28,488] {standard_task_runner.py:79} INFO - Running: ['***', 'tasks', 'run', 'Respuesta_Nasa', 'Leer_Datos_Respuesta_Satelite', 'scheduled__2023-01-02T00:00:00+00:00', '--job-id', '580', '--raw', '--subdir', 'DAGS_FOLDER/00-ETL_spaceX.py', '--cfg-path', '/tmp/tmp8s1w424u', '--error-file', '/tmp/tmpbzjoiqz9']
[2023-01-26 16:48:28,489] {standard_task_runner.py:80} INFO - Job 580: Subtask Leer_Datos_Respuesta_Satelite
[2023-01-26 16:48:28,570] {task_command.py:371} INFO - Running <TaskInstance: Respuesta_Nasa.Leer_Datos_Respuesta_Satelite scheduled__2023-01-02T00:00:00+00:00 [running]> on host 1dac8e18bdf5
[2023-01-26 16:48:28,679] {taskinstance.py:1591} INFO - Exporting the following env vars:
AIRFLOW_CTX_DAG_OWNER=me
AIRFLOW_CTX_DAG_ID=Respuesta_Nasa
AIRFLOW_CTX_TASK_ID=Leer_Datos_Respuesta_Satelite
AIRFLOW_CTX_EXECUTION_DATE=2023-01-02T00:00:00+00:00
AIRFLOW_CTX_TRY_NUMBER=10
AIRFLOW_CTX_DAG_RUN_ID=scheduled__2023-01-02T00:00:00+00:00
[2023-01-26 16:48:28,681] {subprocess.py:62} INFO - Tmp dir root location: 
 /tmp
[2023-01-26 16:48:28,682] {subprocess.py:74} INFO - Running command: ['bash', '-c', 'ls /tmp && head /tmp/platzi_data_20230102.csv']
[2023-01-26 16:48:28,698] {subprocess.py:85} INFO - Output:
[2023-01-26 16:48:28,702] {subprocess.py:92} INFO - ***tmp8crddi3l
[2023-01-26 16:48:28,702] {subprocess.py:92} INFO - ***tmppt8nhtxm
[2023-01-26 16:48:28,702] {subprocess.py:92} INFO - platzi_data_20230101.csv
[2023-01-26 16:48:28,702] {subprocess.py:92} INFO - platzi_data_20230102.csv
[2023-01-26 16:48:28,703] {subprocess.py:92} INFO - platzi_data_20230103.csv
[2023-01-26 16:48:28,703] {subprocess.py:92} INFO - pymp-cesmfe3z
[2023-01-26 16:48:28,703] {subprocess.py:92} INFO - response_20230101.txt
[2023-01-26 16:48:28,703] {subprocess.py:92} INFO - response_20230102.txt
[2023-01-26 16:48:28,703] {subprocess.py:92} INFO - response_20230103.txt
[2023-01-26 16:48:28,703] {subprocess.py:92} INFO - spacex_20230101.json
[2023-01-26 16:48:28,703] {subprocess.py:92} INFO - spacex_20230102.json
[2023-01-26 16:48:28,703] {subprocess.py:92} INFO - spacex_20230103.json
[2023-01-26 16:48:28,703] {subprocess.py:92} INFO - tmpbbdthxv2
[2023-01-26 16:48:28,703] {subprocess.py:92} INFO - tmpbzjoiqz9
[2023-01-26 16:48:28,704] {subprocess.py:92} INFO - tmpnvc2r2ky
[2023-01-26 16:48:28,704] {subprocess.py:92} INFO - tmpwbsi4utb
[2023-01-26 16:48:28,704] {subprocess.py:92} INFO - ,student,timestamp
[2023-01-26 16:48:28,704] {subprocess.py:92} INFO - 0,Maria Cruz,20230102
[2023-01-26 16:48:28,704] {subprocess.py:92} INFO - 1,Daniel Crema,20230102
[2023-01-26 16:48:28,704] {subprocess.py:92} INFO - 2,Elon Musk,20230102
[2023-01-26 16:48:28,704] {subprocess.py:92} INFO - 3,Karol Castrejon,20230102
[2023-01-26 16:48:28,704] {subprocess.py:92} INFO - 4,Freddy Vega,20230102
[2023-01-26 16:48:28,705] {subprocess.py:96} INFO - Command exited with return code 0
[2023-01-26 16:48:28,747] {taskinstance.py:1420} INFO - Marking task as SUCCESS. dag_id=Respuesta_Nasa, task_id=Leer_Datos_Respuesta_Satelite, execution_date=20230102T000000, start_date=20230126T164828, end_date=20230126T164828
[2023-01-26 16:48:28,780] {local_task_job.py:156} INFO - Task exited with return code 0
[2023-01-26 16:48:28,829] {local_task_job.py:273} INFO - 1 downstream tasks scheduled from follow-on schedule check
