[2023-01-26T18:22:37.108+0000] {taskinstance.py:1165} INFO - Dependencies all met for <TaskInstance: Respuesta_Nasa.Leer_Datos_Respuesta_Satelite scheduled__2023-01-02T00:00:00+00:00 [queued]>
[2023-01-26T18:22:37.130+0000] {taskinstance.py:1165} INFO - Dependencies all met for <TaskInstance: Respuesta_Nasa.Leer_Datos_Respuesta_Satelite scheduled__2023-01-02T00:00:00+00:00 [queued]>
[2023-01-26T18:22:37.130+0000] {taskinstance.py:1362} INFO - 
--------------------------------------------------------------------------------
[2023-01-26T18:22:37.131+0000] {taskinstance.py:1363} INFO - Starting attempt 14 of 16
[2023-01-26T18:22:37.131+0000] {taskinstance.py:1364} INFO - 
--------------------------------------------------------------------------------
[2023-01-26T18:22:37.189+0000] {taskinstance.py:1383} INFO - Executing <Task(BashOperator): Leer_Datos_Respuesta_Satelite> on 2023-01-02 00:00:00+00:00
[2023-01-26T18:22:37.195+0000] {standard_task_runner.py:55} INFO - Started process 386 to run task
[2023-01-26T18:22:37.199+0000] {standard_task_runner.py:82} INFO - Running: ['***', 'tasks', 'run', 'Respuesta_Nasa', 'Leer_Datos_Respuesta_Satelite', 'scheduled__2023-01-02T00:00:00+00:00', '--job-id', '697', '--raw', '--subdir', 'DAGS_FOLDER/00-ETL_spaceX.py', '--cfg-path', '/tmp/tmpkxe3zo7d']
[2023-01-26T18:22:37.201+0000] {standard_task_runner.py:83} INFO - Job 697: Subtask Leer_Datos_Respuesta_Satelite
[2023-01-26T18:22:37.308+0000] {task_command.py:376} INFO - Running <TaskInstance: Respuesta_Nasa.Leer_Datos_Respuesta_Satelite scheduled__2023-01-02T00:00:00+00:00 [running]> on host 3b3ab7bab1a5
[2023-01-26T18:22:37.458+0000] {taskinstance.py:1592} INFO - Exporting the following env vars:
AIRFLOW_CTX_DAG_EMAIL=frandak2@gmail.com
AIRFLOW_CTX_DAG_OWNER=***
AIRFLOW_CTX_DAG_ID=Respuesta_Nasa
AIRFLOW_CTX_TASK_ID=Leer_Datos_Respuesta_Satelite
AIRFLOW_CTX_EXECUTION_DATE=2023-01-02T00:00:00+00:00
AIRFLOW_CTX_TRY_NUMBER=14
AIRFLOW_CTX_DAG_RUN_ID=scheduled__2023-01-02T00:00:00+00:00
[2023-01-26T18:22:37.460+0000] {subprocess.py:63} INFO - Tmp dir root location: 
 /tmp
[2023-01-26T18:22:37.461+0000] {subprocess.py:75} INFO - Running command: ['/bin/bash', '-c', 'ls /tmp && head /tmp/platzi_data_20230102.csv']
[2023-01-26T18:22:37.474+0000] {subprocess.py:86} INFO - Output:
[2023-01-26T18:22:37.477+0000] {subprocess.py:93} INFO - ***tmp89lbo8fw
[2023-01-26T18:22:37.478+0000] {subprocess.py:93} INFO - ***tmpo6ss2pp5
[2023-01-26T18:22:37.478+0000] {subprocess.py:93} INFO - platzi_data_20230101.csv
[2023-01-26T18:22:37.478+0000] {subprocess.py:93} INFO - platzi_data_20230102.csv
[2023-01-26T18:22:37.478+0000] {subprocess.py:93} INFO - pymp-70u_3ce8
[2023-01-26T18:22:37.479+0000] {subprocess.py:93} INFO - response_20230101.txt
[2023-01-26T18:22:37.479+0000] {subprocess.py:93} INFO - response_20230102.txt
[2023-01-26T18:22:37.479+0000] {subprocess.py:93} INFO - spacex_20230101.json
[2023-01-26T18:22:37.479+0000] {subprocess.py:93} INFO - spacex_20230102.json
[2023-01-26T18:22:37.479+0000] {subprocess.py:93} INFO - tmp5fy1spe0
[2023-01-26T18:22:37.480+0000] {subprocess.py:93} INFO - ,student,timestamp
[2023-01-26T18:22:37.480+0000] {subprocess.py:93} INFO - 0,Maria Cruz,20230102
[2023-01-26T18:22:37.480+0000] {subprocess.py:93} INFO - 1,Daniel Crema,20230102
[2023-01-26T18:22:37.480+0000] {subprocess.py:93} INFO - 2,Elon Musk,20230102
[2023-01-26T18:22:37.480+0000] {subprocess.py:93} INFO - 3,Karol Castrejon,20230102
[2023-01-26T18:22:37.481+0000] {subprocess.py:93} INFO - 4,Freddy Vega,20230102
[2023-01-26T18:22:37.481+0000] {subprocess.py:97} INFO - Command exited with return code 0
[2023-01-26T18:22:37.532+0000] {taskinstance.py:1406} INFO - Marking task as SUCCESS. dag_id=Respuesta_Nasa, task_id=Leer_Datos_Respuesta_Satelite, execution_date=20230102T000000, start_date=20230126T182237, end_date=20230126T182237
[2023-01-26T18:22:37.571+0000] {local_task_job.py:159} INFO - Task exited with return code 0
[2023-01-26T18:22:37.622+0000] {taskinstance.py:2623} INFO - 1 downstream tasks scheduled from follow-on schedule check
