[2023-01-26 15:59:08,233] {taskinstance.py:1179} INFO - Dependencies all met for <TaskInstance: Respuesta_Nasa.Leer_Datos_Respuesta_Satelite scheduled__2023-01-02T00:00:00+00:00 [queued]>
[2023-01-26 15:59:08,245] {taskinstance.py:1179} INFO - Dependencies all met for <TaskInstance: Respuesta_Nasa.Leer_Datos_Respuesta_Satelite scheduled__2023-01-02T00:00:00+00:00 [queued]>
[2023-01-26 15:59:08,245] {taskinstance.py:1376} INFO - 
--------------------------------------------------------------------------------
[2023-01-26 15:59:08,245] {taskinstance.py:1377} INFO - Starting attempt 8 of 10
[2023-01-26 15:59:08,245] {taskinstance.py:1378} INFO - 
--------------------------------------------------------------------------------
[2023-01-26 15:59:08,261] {taskinstance.py:1397} INFO - Executing <Task(BashOperator): Leer_Datos_Respuesta_Satelite> on 2023-01-02 00:00:00+00:00
[2023-01-26 15:59:08,267] {standard_task_runner.py:52} INFO - Started process 1198 to run task
[2023-01-26 15:59:08,270] {standard_task_runner.py:79} INFO - Running: ['***', 'tasks', 'run', 'Respuesta_Nasa', 'Leer_Datos_Respuesta_Satelite', 'scheduled__2023-01-02T00:00:00+00:00', '--job-id', '520', '--raw', '--subdir', 'DAGS_FOLDER/00-ETL_spaceX.py', '--cfg-path', '/tmp/tmpijf94lyu', '--error-file', '/tmp/tmpz90fuysh']
[2023-01-26 15:59:08,271] {standard_task_runner.py:80} INFO - Job 520: Subtask Leer_Datos_Respuesta_Satelite
[2023-01-26 15:59:08,342] {task_command.py:371} INFO - Running <TaskInstance: Respuesta_Nasa.Leer_Datos_Respuesta_Satelite scheduled__2023-01-02T00:00:00+00:00 [running]> on host fd9891b969b0
[2023-01-26 15:59:08,426] {taskinstance.py:1591} INFO - Exporting the following env vars:
AIRFLOW_CTX_DAG_OWNER=me
AIRFLOW_CTX_DAG_ID=Respuesta_Nasa
AIRFLOW_CTX_TASK_ID=Leer_Datos_Respuesta_Satelite
AIRFLOW_CTX_EXECUTION_DATE=2023-01-02T00:00:00+00:00
AIRFLOW_CTX_TRY_NUMBER=8
AIRFLOW_CTX_DAG_RUN_ID=scheduled__2023-01-02T00:00:00+00:00
[2023-01-26 15:59:08,428] {subprocess.py:62} INFO - Tmp dir root location: 
 /tmp
[2023-01-26 15:59:08,428] {subprocess.py:74} INFO - Running command: ['bash', '-c', 'ls /tmp && head /tmp/platzi_data_20230102.csv']
[2023-01-26 15:59:08,440] {subprocess.py:85} INFO - Output:
[2023-01-26 15:59:08,443] {subprocess.py:92} INFO - ***tmpsxe9b90d
[2023-01-26 15:59:08,444] {subprocess.py:92} INFO - ***tmpwd83ed6q
[2023-01-26 15:59:08,444] {subprocess.py:92} INFO - ***tmpzip25zpn
[2023-01-26 15:59:08,444] {subprocess.py:92} INFO - platzi_data_20210101.csv
[2023-01-26 15:59:08,444] {subprocess.py:92} INFO - platzi_data_20230101.csv
[2023-01-26 15:59:08,444] {subprocess.py:92} INFO - platzi_data_20230102.csv
[2023-01-26 15:59:08,444] {subprocess.py:92} INFO - platzi_data_20230103.csv
[2023-01-26 15:59:08,445] {subprocess.py:92} INFO - platzi_data_{{ds_nodash}}.csv
[2023-01-26 15:59:08,445] {subprocess.py:92} INFO - pymp-183zsj8a
[2023-01-26 15:59:08,445] {subprocess.py:92} INFO - pymp-_z20wx4h
[2023-01-26 15:59:08,445] {subprocess.py:92} INFO - pymp-igsi0xnb
[2023-01-26 15:59:08,445] {subprocess.py:92} INFO - pymp-w4p836yo
[2023-01-26 15:59:08,445] {subprocess.py:92} INFO - response_20230101.txt
[2023-01-26 15:59:08,445] {subprocess.py:92} INFO - response_20230102.txt
[2023-01-26 15:59:08,445] {subprocess.py:92} INFO - response_20230103.txt
[2023-01-26 15:59:08,446] {subprocess.py:92} INFO - spacex_20230101.json
[2023-01-26 15:59:08,446] {subprocess.py:92} INFO - spacex_20230102.json
[2023-01-26 15:59:08,446] {subprocess.py:92} INFO - spacex_20230103.json
[2023-01-26 15:59:08,446] {subprocess.py:92} INFO - tmp_3f1i23o
[2023-01-26 15:59:08,446] {subprocess.py:92} INFO - tmpnvc2r2ky
[2023-01-26 15:59:08,446] {subprocess.py:92} INFO - tmpusbqrzpa
[2023-01-26 15:59:08,446] {subprocess.py:92} INFO - tmpz90fuysh
[2023-01-26 15:59:08,446] {subprocess.py:92} INFO - ,student,timestamp
[2023-01-26 15:59:08,446] {subprocess.py:92} INFO - 0,Maria Cruz,20230102
[2023-01-26 15:59:08,446] {subprocess.py:92} INFO - 1,Daniel Crema,20230102
[2023-01-26 15:59:08,447] {subprocess.py:92} INFO - 2,Elon Musk,20230102
[2023-01-26 15:59:08,447] {subprocess.py:92} INFO - 3,Karol Castrejon,20230102
[2023-01-26 15:59:08,447] {subprocess.py:92} INFO - 4,Freddy Vega,20230102
[2023-01-26 15:59:08,447] {subprocess.py:96} INFO - Command exited with return code 0
[2023-01-26 15:59:08,479] {taskinstance.py:1420} INFO - Marking task as SUCCESS. dag_id=Respuesta_Nasa, task_id=Leer_Datos_Respuesta_Satelite, execution_date=20230102T000000, start_date=20230126T155908, end_date=20230126T155908
[2023-01-26 15:59:08,522] {local_task_job.py:156} INFO - Task exited with return code 0
[2023-01-26 15:59:08,565] {local_task_job.py:273} INFO - 1 downstream tasks scheduled from follow-on schedule check
