[2023-01-24 02:42:43,923] {taskinstance.py:1179} INFO - Dependencies all met for <TaskInstance: Respuesta_Nasa.Leer_Datos_Respuesta_Nasa scheduled__2023-01-01T01:14:00+00:00 [queued]>
[2023-01-24 02:42:43,980] {taskinstance.py:1179} INFO - Dependencies all met for <TaskInstance: Respuesta_Nasa.Leer_Datos_Respuesta_Nasa scheduled__2023-01-01T01:14:00+00:00 [queued]>
[2023-01-24 02:42:43,980] {taskinstance.py:1376} INFO - 
--------------------------------------------------------------------------------
[2023-01-24 02:42:43,981] {taskinstance.py:1377} INFO - Starting attempt 1 of 2
[2023-01-24 02:42:43,981] {taskinstance.py:1378} INFO - 
--------------------------------------------------------------------------------
[2023-01-24 02:42:44,067] {taskinstance.py:1397} INFO - Executing <Task(BashOperator): Leer_Datos_Respuesta_Nasa> on 2023-01-01 01:14:00+00:00
[2023-01-24 02:42:44,085] {standard_task_runner.py:52} INFO - Started process 1431 to run task
[2023-01-24 02:42:44,102] {standard_task_runner.py:79} INFO - Running: ['***', 'tasks', 'run', 'Respuesta_Nasa', 'Leer_Datos_Respuesta_Nasa', 'scheduled__2023-01-01T01:14:00+00:00', '--job-id', '220', '--raw', '--subdir', 'DAGS_FOLDER/00-ETL_spaceX.py', '--cfg-path', '/tmp/tmpx1emnu71', '--error-file', '/tmp/tmpsd6t_q69']
[2023-01-24 02:42:44,105] {standard_task_runner.py:80} INFO - Job 220: Subtask Leer_Datos_Respuesta_Nasa
[2023-01-24 02:42:44,533] {task_command.py:371} INFO - Running <TaskInstance: Respuesta_Nasa.Leer_Datos_Respuesta_Nasa scheduled__2023-01-01T01:14:00+00:00 [running]> on host fd9891b969b0
[2023-01-24 02:42:44,837] {taskinstance.py:1591} INFO - Exporting the following env vars:
AIRFLOW_CTX_DAG_OWNER=me
AIRFLOW_CTX_DAG_ID=Respuesta_Nasa
AIRFLOW_CTX_TASK_ID=Leer_Datos_Respuesta_Nasa
AIRFLOW_CTX_EXECUTION_DATE=2023-01-01T01:14:00+00:00
AIRFLOW_CTX_TRY_NUMBER=1
AIRFLOW_CTX_DAG_RUN_ID=scheduled__2023-01-01T01:14:00+00:00
[2023-01-24 02:42:44,839] {subprocess.py:62} INFO - Tmp dir root location: 
 /tmp
[2023-01-24 02:42:44,843] {subprocess.py:74} INFO - Running command: ['bash', '-c', 'ls /tmp && head /tmp/response_20230101.txt']
[2023-01-24 02:42:44,866] {subprocess.py:85} INFO - Output:
[2023-01-24 02:42:44,894] {subprocess.py:92} INFO - ***tmpn8dn121q
[2023-01-24 02:42:44,894] {subprocess.py:92} INFO - ***tmpozqztl1s
[2023-01-24 02:42:44,894] {subprocess.py:92} INFO - pymp-igsi0xnb
[2023-01-24 02:42:44,895] {subprocess.py:92} INFO - response_20230101.txt
[2023-01-24 02:42:44,895] {subprocess.py:92} INFO - spacex_20230101.json
[2023-01-24 02:42:44,895] {subprocess.py:92} INFO - tmp2gofyf17
[2023-01-24 02:42:44,895] {subprocess.py:92} INFO - tmp5bihe90n
[2023-01-24 02:42:44,895] {subprocess.py:92} INFO - tmp_quaf_w0
[2023-01-24 02:42:44,896] {subprocess.py:92} INFO - tmpjniwyp_m
[2023-01-24 02:42:44,896] {subprocess.py:92} INFO - tmpjvlokve5
[2023-01-24 02:42:44,896] {subprocess.py:92} INFO - tmpjvr141a1
[2023-01-24 02:42:44,896] {subprocess.py:92} INFO - tmpk5fw3sdl
[2023-01-24 02:42:44,897] {subprocess.py:92} INFO - tmpnvc2r2ky
[2023-01-24 02:42:44,897] {subprocess.py:92} INFO - tmpsd6t_q69
[2023-01-24 02:42:44,897] {subprocess.py:92} INFO - tmpvaamuo2m
[2023-01-24 02:42:44,911] {subprocess.py:92} INFO - Confirmación de la NASA, pueden proceder
[2023-01-24 02:42:44,911] {subprocess.py:96} INFO - Command exited with return code 0
[2023-01-24 02:42:45,047] {taskinstance.py:1420} INFO - Marking task as SUCCESS. dag_id=Respuesta_Nasa, task_id=Leer_Datos_Respuesta_Nasa, execution_date=20230101T011400, start_date=20230124T024243, end_date=20230124T024245
[2023-01-24 02:42:45,138] {local_task_job.py:156} INFO - Task exited with return code 0
[2023-01-24 02:42:45,271] {local_task_job.py:273} INFO - 1 downstream tasks scheduled from follow-on schedule check
