[2023-01-24 02:42:47,413] {taskinstance.py:1179} INFO - Dependencies all met for <TaskInstance: Respuesta_Nasa.Obtener_Datos_SPACEX scheduled__2023-01-01T01:13:00+00:00 [queued]>
[2023-01-24 02:42:47,475] {taskinstance.py:1179} INFO - Dependencies all met for <TaskInstance: Respuesta_Nasa.Obtener_Datos_SPACEX scheduled__2023-01-01T01:13:00+00:00 [queued]>
[2023-01-24 02:42:47,475] {taskinstance.py:1376} INFO - 
--------------------------------------------------------------------------------
[2023-01-24 02:42:47,475] {taskinstance.py:1377} INFO - Starting attempt 1 of 2
[2023-01-24 02:42:47,475] {taskinstance.py:1378} INFO - 
--------------------------------------------------------------------------------
[2023-01-24 02:42:47,544] {taskinstance.py:1397} INFO - Executing <Task(BashOperator): Obtener_Datos_SPACEX> on 2023-01-01 01:13:00+00:00
[2023-01-24 02:42:47,555] {standard_task_runner.py:52} INFO - Started process 1510 to run task
[2023-01-24 02:42:47,572] {standard_task_runner.py:79} INFO - Running: ['***', 'tasks', 'run', 'Respuesta_Nasa', 'Obtener_Datos_SPACEX', 'scheduled__2023-01-01T01:13:00+00:00', '--job-id', '238', '--raw', '--subdir', 'DAGS_FOLDER/00-ETL_spaceX.py', '--cfg-path', '/tmp/tmpcs9mqq8a', '--error-file', '/tmp/tmprjnikdtr']
[2023-01-24 02:42:47,578] {standard_task_runner.py:80} INFO - Job 238: Subtask Obtener_Datos_SPACEX
[2023-01-24 02:42:47,859] {task_command.py:371} INFO - Running <TaskInstance: Respuesta_Nasa.Obtener_Datos_SPACEX scheduled__2023-01-01T01:13:00+00:00 [running]> on host fd9891b969b0
[2023-01-24 02:42:48,116] {taskinstance.py:1591} INFO - Exporting the following env vars:
AIRFLOW_CTX_DAG_OWNER=me
AIRFLOW_CTX_DAG_ID=Respuesta_Nasa
AIRFLOW_CTX_TASK_ID=Obtener_Datos_SPACEX
AIRFLOW_CTX_EXECUTION_DATE=2023-01-01T01:13:00+00:00
AIRFLOW_CTX_TRY_NUMBER=1
AIRFLOW_CTX_DAG_RUN_ID=scheduled__2023-01-01T01:13:00+00:00
[2023-01-24 02:42:48,118] {subprocess.py:62} INFO - Tmp dir root location: 
 /tmp
[2023-01-24 02:42:48,121] {subprocess.py:74} INFO - Running command: ['bash', '-c', 'curl https://api.spacexdata.com/v4/launches/past > /tmp/spacex_20230101.json']
[2023-01-24 02:42:48,145] {subprocess.py:85} INFO - Output:
[2023-01-24 02:42:48,172] {subprocess.py:92} INFO -   % Total    % Received % Xferd  Average Speed   Time    Time     Time  Current
[2023-01-24 02:42:48,174] {subprocess.py:92} INFO -                                  Dload  Upload   Total   Spent    Left  Speed
[2023-01-24 02:42:48,872] {subprocess.py:92} INFO -   0     0    0     0    0     0      0      0 --:--:-- --:--:-- --:--:--     0100  114k    0  114k    0     0   251k      0 --:--:-- --:--:-- --:--:--  251k100  406k    0  406k    0     0   580k      0 --:--:-- --:--:-- --:--:--  580k
[2023-01-24 02:42:48,875] {subprocess.py:96} INFO - Command exited with return code 0
[2023-01-24 02:42:48,923] {taskinstance.py:1420} INFO - Marking task as SUCCESS. dag_id=Respuesta_Nasa, task_id=Obtener_Datos_SPACEX, execution_date=20230101T011300, start_date=20230124T024247, end_date=20230124T024248
[2023-01-24 02:42:48,958] {local_task_job.py:156} INFO - Task exited with return code 0
[2023-01-24 02:42:49,017] {local_task_job.py:273} INFO - 0 downstream tasks scheduled from follow-on schedule check
