[2023-01-24 02:42:12,064] {taskinstance.py:1179} INFO - Dependencies all met for <TaskInstance: Respuesta_Nasa.Leer_Datos_Respuesta_Nasa scheduled__2023-01-01T00:58:00+00:00 [queued]>
[2023-01-24 02:42:12,097] {taskinstance.py:1179} INFO - Dependencies all met for <TaskInstance: Respuesta_Nasa.Leer_Datos_Respuesta_Nasa scheduled__2023-01-01T00:58:00+00:00 [queued]>
[2023-01-24 02:42:12,097] {taskinstance.py:1376} INFO - 
--------------------------------------------------------------------------------
[2023-01-24 02:42:12,098] {taskinstance.py:1377} INFO - Starting attempt 1 of 2
[2023-01-24 02:42:12,098] {taskinstance.py:1378} INFO - 
--------------------------------------------------------------------------------
[2023-01-24 02:42:12,161] {taskinstance.py:1397} INFO - Executing <Task(BashOperator): Leer_Datos_Respuesta_Nasa> on 2023-01-01 00:58:00+00:00
[2023-01-24 02:42:12,168] {standard_task_runner.py:52} INFO - Started process 1165 to run task
[2023-01-24 02:42:12,181] {standard_task_runner.py:79} INFO - Running: ['***', 'tasks', 'run', 'Respuesta_Nasa', 'Leer_Datos_Respuesta_Nasa', 'scheduled__2023-01-01T00:58:00+00:00', '--job-id', '176', '--raw', '--subdir', 'DAGS_FOLDER/00-ETL_spaceX.py', '--cfg-path', '/tmp/tmpg2ebuhuh', '--error-file', '/tmp/tmpnra29g10']
[2023-01-24 02:42:12,183] {standard_task_runner.py:80} INFO - Job 176: Subtask Leer_Datos_Respuesta_Nasa
[2023-01-24 02:42:12,511] {task_command.py:371} INFO - Running <TaskInstance: Respuesta_Nasa.Leer_Datos_Respuesta_Nasa scheduled__2023-01-01T00:58:00+00:00 [running]> on host fd9891b969b0
[2023-01-24 02:42:12,965] {taskinstance.py:1591} INFO - Exporting the following env vars:
AIRFLOW_CTX_DAG_OWNER=me
AIRFLOW_CTX_DAG_ID=Respuesta_Nasa
AIRFLOW_CTX_TASK_ID=Leer_Datos_Respuesta_Nasa
AIRFLOW_CTX_EXECUTION_DATE=2023-01-01T00:58:00+00:00
AIRFLOW_CTX_TRY_NUMBER=1
AIRFLOW_CTX_DAG_RUN_ID=scheduled__2023-01-01T00:58:00+00:00
[2023-01-24 02:42:12,970] {subprocess.py:62} INFO - Tmp dir root location: 
 /tmp
[2023-01-24 02:42:12,971] {subprocess.py:74} INFO - Running command: ['bash', '-c', 'ls /tmp && head /tmp/response_20230101.txt']
[2023-01-24 02:42:13,054] {subprocess.py:85} INFO - Output:
[2023-01-24 02:42:13,129] {subprocess.py:92} INFO - ***tmp67n3p65q
[2023-01-24 02:42:13,129] {subprocess.py:92} INFO - ***tmp7uzqxpz1
[2023-01-24 02:42:13,129] {subprocess.py:92} INFO - pymp-igsi0xnb
[2023-01-24 02:42:13,129] {subprocess.py:92} INFO - response_20230101.txt
[2023-01-24 02:42:13,129] {subprocess.py:92} INFO - spacex_20230101.json
[2023-01-24 02:42:13,129] {subprocess.py:92} INFO - tmp43a0afuj
[2023-01-24 02:42:13,129] {subprocess.py:92} INFO - tmpdyqfvbi5
[2023-01-24 02:42:13,130] {subprocess.py:92} INFO - tmpgdzygxtf
[2023-01-24 02:42:13,130] {subprocess.py:92} INFO - tmph_21bd_m
[2023-01-24 02:42:13,130] {subprocess.py:92} INFO - tmpj2c5ks6r
[2023-01-24 02:42:13,130] {subprocess.py:92} INFO - tmpnra29g10
[2023-01-24 02:42:13,130] {subprocess.py:92} INFO - tmpnvc2r2ky
[2023-01-24 02:42:13,130] {subprocess.py:92} INFO - tmpqfhnca7z
[2023-01-24 02:42:13,130] {subprocess.py:92} INFO - tmpyvuy4flk
[2023-01-24 02:42:13,130] {subprocess.py:92} INFO - tmpzdeh5iia
[2023-01-24 02:42:13,150] {subprocess.py:92} INFO - Confirmación de la NASA, pueden proceder
[2023-01-24 02:42:13,151] {subprocess.py:96} INFO - Command exited with return code 0
[2023-01-24 02:42:13,253] {taskinstance.py:1420} INFO - Marking task as SUCCESS. dag_id=Respuesta_Nasa, task_id=Leer_Datos_Respuesta_Nasa, execution_date=20230101T005800, start_date=20230124T024212, end_date=20230124T024213
[2023-01-24 02:42:13,366] {local_task_job.py:156} INFO - Task exited with return code 0
[2023-01-24 02:42:13,525] {local_task_job.py:273} INFO - 1 downstream tasks scheduled from follow-on schedule check
