[2023-01-24 02:40:28,734] {taskinstance.py:1179} INFO - Dependencies all met for <TaskInstance: Respuesta_Nasa.Leer_Datos_Respuesta_Nasa scheduled__2023-01-01T00:10:00+00:00 [queued]>
[2023-01-24 02:40:28,760] {taskinstance.py:1179} INFO - Dependencies all met for <TaskInstance: Respuesta_Nasa.Leer_Datos_Respuesta_Nasa scheduled__2023-01-01T00:10:00+00:00 [queued]>
[2023-01-24 02:40:28,761] {taskinstance.py:1376} INFO - 
--------------------------------------------------------------------------------
[2023-01-24 02:40:28,761] {taskinstance.py:1377} INFO - Starting attempt 1 of 2
[2023-01-24 02:40:28,761] {taskinstance.py:1378} INFO - 
--------------------------------------------------------------------------------
[2023-01-24 02:40:28,789] {taskinstance.py:1397} INFO - Executing <Task(BashOperator): Leer_Datos_Respuesta_Nasa> on 2023-01-01 00:10:00+00:00
[2023-01-24 02:40:28,796] {standard_task_runner.py:52} INFO - Started process 308 to run task
[2023-01-24 02:40:28,802] {standard_task_runner.py:79} INFO - Running: ['***', 'tasks', 'run', 'Respuesta_Nasa', 'Leer_Datos_Respuesta_Nasa', 'scheduled__2023-01-01T00:10:00+00:00', '--job-id', '29', '--raw', '--subdir', 'DAGS_FOLDER/00-ETL_spaceX.py', '--cfg-path', '/tmp/tmpjua51z3o', '--error-file', '/tmp/tmpnrwnjifr']
[2023-01-24 02:40:28,803] {standard_task_runner.py:80} INFO - Job 29: Subtask Leer_Datos_Respuesta_Nasa
[2023-01-24 02:40:29,037] {task_command.py:371} INFO - Running <TaskInstance: Respuesta_Nasa.Leer_Datos_Respuesta_Nasa scheduled__2023-01-01T00:10:00+00:00 [running]> on host fd9891b969b0
[2023-01-24 02:40:29,554] {taskinstance.py:1591} INFO - Exporting the following env vars:
AIRFLOW_CTX_DAG_OWNER=me
AIRFLOW_CTX_DAG_ID=Respuesta_Nasa
AIRFLOW_CTX_TASK_ID=Leer_Datos_Respuesta_Nasa
AIRFLOW_CTX_EXECUTION_DATE=2023-01-01T00:10:00+00:00
AIRFLOW_CTX_TRY_NUMBER=1
AIRFLOW_CTX_DAG_RUN_ID=scheduled__2023-01-01T00:10:00+00:00
[2023-01-24 02:40:29,555] {subprocess.py:62} INFO - Tmp dir root location: 
 /tmp
[2023-01-24 02:40:29,556] {subprocess.py:74} INFO - Running command: ['bash', '-c', 'ls /tmp && head /tmp/response_20230101.txt']
[2023-01-24 02:40:29,579] {subprocess.py:85} INFO - Output:
[2023-01-24 02:40:29,589] {subprocess.py:92} INFO - ***tmpmpoly1ri
[2023-01-24 02:40:29,589] {subprocess.py:92} INFO - pymp-igsi0xnb
[2023-01-24 02:40:29,589] {subprocess.py:92} INFO - response_20230101.txt
[2023-01-24 02:40:29,589] {subprocess.py:92} INFO - tmp4z9doh30
[2023-01-24 02:40:29,589] {subprocess.py:92} INFO - tmpnrwnjifr
[2023-01-24 02:40:29,589] {subprocess.py:92} INFO - tmpnvc2r2ky
[2023-01-24 02:40:29,590] {subprocess.py:92} INFO - tmpsjwro1vc
[2023-01-24 02:40:29,590] {subprocess.py:92} INFO - tmpw6i4i2ye
[2023-01-24 02:40:29,590] {subprocess.py:92} INFO - tmpzz63842l
[2023-01-24 02:40:29,606] {subprocess.py:92} INFO - Confirmación de la NASA, pueden proceder
[2023-01-24 02:40:29,608] {subprocess.py:96} INFO - Command exited with return code 0
[2023-01-24 02:40:29,761] {taskinstance.py:1420} INFO - Marking task as SUCCESS. dag_id=Respuesta_Nasa, task_id=Leer_Datos_Respuesta_Nasa, execution_date=20230101T001000, start_date=20230124T024028, end_date=20230124T024029
[2023-01-24 02:40:29,858] {local_task_job.py:156} INFO - Task exited with return code 0
[2023-01-24 02:40:30,059] {local_task_job.py:273} INFO - 1 downstream tasks scheduled from follow-on schedule check
