[2023-01-26 16:41:44,955] {taskinstance.py:1179} INFO - Dependencies all met for <TaskInstance: Respuesta_Nasa.send_email_notification scheduled__2023-01-02T00:00:00+00:00 [queued]>
[2023-01-26 16:41:44,969] {taskinstance.py:1179} INFO - Dependencies all met for <TaskInstance: Respuesta_Nasa.send_email_notification scheduled__2023-01-02T00:00:00+00:00 [queued]>
[2023-01-26 16:41:44,969] {taskinstance.py:1376} INFO - 
--------------------------------------------------------------------------------
[2023-01-26 16:41:44,969] {taskinstance.py:1377} INFO - Starting attempt 6 of 6
[2023-01-26 16:41:44,969] {taskinstance.py:1378} INFO - 
--------------------------------------------------------------------------------
[2023-01-26 16:41:44,987] {taskinstance.py:1397} INFO - Executing <Task(EmailOperator): send_email_notification> on 2023-01-02 00:00:00+00:00
[2023-01-26 16:41:44,993] {standard_task_runner.py:52} INFO - Started process 464 to run task
[2023-01-26 16:41:44,998] {standard_task_runner.py:79} INFO - Running: ['***', 'tasks', 'run', 'Respuesta_Nasa', 'send_email_notification', 'scheduled__2023-01-02T00:00:00+00:00', '--job-id', '561', '--raw', '--subdir', 'DAGS_FOLDER/00-ETL_spaceX.py', '--cfg-path', '/tmp/tmprhl4zpl9', '--error-file', '/tmp/tmphazsev5e']
[2023-01-26 16:41:45,003] {standard_task_runner.py:80} INFO - Job 561: Subtask send_email_notification
[2023-01-26 16:41:45,087] {task_command.py:371} INFO - Running <TaskInstance: Respuesta_Nasa.send_email_notification scheduled__2023-01-02T00:00:00+00:00 [running]> on host 1e10284898e4
[2023-01-26 16:41:45,170] {taskinstance.py:1591} INFO - Exporting the following env vars:
AIRFLOW_CTX_DAG_OWNER=me
AIRFLOW_CTX_DAG_ID=Respuesta_Nasa
AIRFLOW_CTX_TASK_ID=send_email_notification
AIRFLOW_CTX_EXECUTION_DATE=2023-01-02T00:00:00+00:00
AIRFLOW_CTX_TRY_NUMBER=6
AIRFLOW_CTX_DAG_RUN_ID=scheduled__2023-01-02T00:00:00+00:00
[2023-01-26 16:41:45,183] {warnings.py:110} WARNING - /home/***/.local/lib/python3.7/site-packages/***/utils/email.py:119: PendingDeprecationWarning: Fetching SMTP credentials from configuration variables will be deprecated in a future release. Please set credentials using a connection instead.
  send_mime_email(e_from=mail_from, e_to=recipients, mime_msg=msg, conn_id=conn_id, dryrun=dryrun)

[2023-01-26 16:41:45,183] {email.py:228} INFO - Email alerting: attempt 1
[2023-01-26 16:41:46,189] {taskinstance.py:1909} ERROR - Task failed with exception
Traceback (most recent call last):
  File "/home/airflow/.local/lib/python3.7/site-packages/airflow/operators/email.py", line 85, in execute
    custom_headers=self.custom_headers,
  File "/home/airflow/.local/lib/python3.7/site-packages/airflow/utils/email.py", line 71, in send_email
    **kwargs,
  File "/home/airflow/.local/lib/python3.7/site-packages/airflow/utils/email.py", line 119, in send_email_smtp
    send_mime_email(e_from=mail_from, e_to=recipients, mime_msg=msg, conn_id=conn_id, dryrun=dryrun)
  File "/home/airflow/.local/lib/python3.7/site-packages/airflow/utils/email.py", line 239, in send_mime_email
    smtp_conn.login(smtp_user, smtp_password)
  File "/usr/local/lib/python3.7/smtplib.py", line 735, in login
    raise last_exception
  File "/usr/local/lib/python3.7/smtplib.py", line 726, in login
    initial_response_ok=initial_response_ok)
  File "/usr/local/lib/python3.7/smtplib.py", line 647, in auth
    raise SMTPAuthenticationError(code, resp)
smtplib.SMTPAuthenticationError: (534, b'5.7.9 Application-specific password required. Learn more at\n5.7.9  https://support.google.com/mail/?p=InvalidSecondFactor i21-20020a05620a145500b007090bb886a2sm1143531qkl.118 - gsmtp')
[2023-01-26 16:41:46,200] {taskinstance.py:1420} INFO - Marking task as FAILED. dag_id=Respuesta_Nasa, task_id=send_email_notification, execution_date=20230102T000000, start_date=20230126T164144, end_date=20230126T164146
[2023-01-26 16:41:46,221] {standard_task_runner.py:97} ERROR - Failed to execute job 561 for task send_email_notification ((534, b'5.7.9 Application-specific password required. Learn more at\n5.7.9  https://support.google.com/mail/?p=InvalidSecondFactor i21-20020a05620a145500b007090bb886a2sm1143531qkl.118 - gsmtp'); 464)
[2023-01-26 16:41:46,253] {local_task_job.py:156} INFO - Task exited with return code 1
[2023-01-26 16:41:46,295] {local_task_job.py:273} INFO - 0 downstream tasks scheduled from follow-on schedule check
