[2023-01-24 02:41:00,704] {taskinstance.py:1179} INFO - Dependencies all met for <TaskInstance: Respuesta_Nasa.Leer_Datos_Respuesta_Nasa scheduled__2023-01-01T00:17:00+00:00 [queued]>
[2023-01-24 02:41:00,723] {taskinstance.py:1179} INFO - Dependencies all met for <TaskInstance: Respuesta_Nasa.Leer_Datos_Respuesta_Nasa scheduled__2023-01-01T00:17:00+00:00 [queued]>
[2023-01-24 02:41:00,723] {taskinstance.py:1376} INFO - 
--------------------------------------------------------------------------------
[2023-01-24 02:41:00,723] {taskinstance.py:1377} INFO - Starting attempt 1 of 2
[2023-01-24 02:41:00,724] {taskinstance.py:1378} INFO - 
--------------------------------------------------------------------------------
[2023-01-24 02:41:00,798] {taskinstance.py:1397} INFO - Executing <Task(BashOperator): Leer_Datos_Respuesta_Nasa> on 2023-01-01 00:17:00+00:00
[2023-01-24 02:41:00,804] {standard_task_runner.py:52} INFO - Started process 538 to run task
[2023-01-24 02:41:00,811] {standard_task_runner.py:79} INFO - Running: ['***', 'tasks', 'run', 'Respuesta_Nasa', 'Leer_Datos_Respuesta_Nasa', 'scheduled__2023-01-01T00:17:00+00:00', '--job-id', '68', '--raw', '--subdir', 'DAGS_FOLDER/00-ETL_spaceX.py', '--cfg-path', '/tmp/tmpy4ny_b9m', '--error-file', '/tmp/tmpq0__4_qn']
[2023-01-24 02:41:00,813] {standard_task_runner.py:80} INFO - Job 68: Subtask Leer_Datos_Respuesta_Nasa
[2023-01-24 02:41:01,131] {task_command.py:371} INFO - Running <TaskInstance: Respuesta_Nasa.Leer_Datos_Respuesta_Nasa scheduled__2023-01-01T00:17:00+00:00 [running]> on host fd9891b969b0
[2023-01-24 02:41:01,452] {taskinstance.py:1591} INFO - Exporting the following env vars:
AIRFLOW_CTX_DAG_OWNER=me
AIRFLOW_CTX_DAG_ID=Respuesta_Nasa
AIRFLOW_CTX_TASK_ID=Leer_Datos_Respuesta_Nasa
AIRFLOW_CTX_EXECUTION_DATE=2023-01-01T00:17:00+00:00
AIRFLOW_CTX_TRY_NUMBER=1
AIRFLOW_CTX_DAG_RUN_ID=scheduled__2023-01-01T00:17:00+00:00
[2023-01-24 02:41:01,454] {subprocess.py:62} INFO - Tmp dir root location: 
 /tmp
[2023-01-24 02:41:01,457] {subprocess.py:74} INFO - Running command: ['bash', '-c', 'ls /tmp && head /tmp/response_20230101.txt']
[2023-01-24 02:41:01,476] {subprocess.py:85} INFO - Output:
[2023-01-24 02:41:01,492] {subprocess.py:92} INFO - ***tmp11iig7kn
[2023-01-24 02:41:01,492] {subprocess.py:92} INFO - ***tmphcqkd4w3
[2023-01-24 02:41:01,493] {subprocess.py:92} INFO - pymp-igsi0xnb
[2023-01-24 02:41:01,493] {subprocess.py:92} INFO - response_20230101.txt
[2023-01-24 02:41:01,493] {subprocess.py:92} INFO - spacex_20230101.json
[2023-01-24 02:41:01,493] {subprocess.py:92} INFO - tmp3d7l3sa9
[2023-01-24 02:41:01,493] {subprocess.py:92} INFO - tmp_4wr3trt
[2023-01-24 02:41:01,493] {subprocess.py:92} INFO - tmpfp57a6d1
[2023-01-24 02:41:01,493] {subprocess.py:92} INFO - tmpfwvmqypm
[2023-01-24 02:41:01,493] {subprocess.py:92} INFO - tmpk44my_n6
[2023-01-24 02:41:01,493] {subprocess.py:92} INFO - tmpluavvl5d
[2023-01-24 02:41:01,494] {subprocess.py:92} INFO - tmpnvc2r2ky
[2023-01-24 02:41:01,494] {subprocess.py:92} INFO - tmpq0__4_qn
[2023-01-24 02:41:01,496] {subprocess.py:92} INFO - Confirmación de la NASA, pueden proceder
[2023-01-24 02:41:01,497] {subprocess.py:96} INFO - Command exited with return code 0
[2023-01-24 02:41:01,861] {taskinstance.py:1420} INFO - Marking task as SUCCESS. dag_id=Respuesta_Nasa, task_id=Leer_Datos_Respuesta_Nasa, execution_date=20230101T001700, start_date=20230124T024100, end_date=20230124T024101
[2023-01-24 02:41:01,948] {local_task_job.py:156} INFO - Task exited with return code 0
[2023-01-24 02:41:02,096] {local_task_job.py:273} INFO - 1 downstream tasks scheduled from follow-on schedule check
