[2023-01-24 02:41:04,407] {taskinstance.py:1179} INFO - Dependencies all met for <TaskInstance: Respuesta_Nasa.Obtener_Datos_SPACEX scheduled__2023-01-01T00:18:00+00:00 [queued]>
[2023-01-24 02:41:04,435] {taskinstance.py:1179} INFO - Dependencies all met for <TaskInstance: Respuesta_Nasa.Obtener_Datos_SPACEX scheduled__2023-01-01T00:18:00+00:00 [queued]>
[2023-01-24 02:41:04,435] {taskinstance.py:1376} INFO - 
--------------------------------------------------------------------------------
[2023-01-24 02:41:04,436] {taskinstance.py:1377} INFO - Starting attempt 1 of 2
[2023-01-24 02:41:04,436] {taskinstance.py:1378} INFO - 
--------------------------------------------------------------------------------
[2023-01-24 02:41:04,499] {taskinstance.py:1397} INFO - Executing <Task(BashOperator): Obtener_Datos_SPACEX> on 2023-01-01 00:18:00+00:00
[2023-01-24 02:41:04,512] {standard_task_runner.py:52} INFO - Started process 626 to run task
[2023-01-24 02:41:04,530] {standard_task_runner.py:79} INFO - Running: ['***', 'tasks', 'run', 'Respuesta_Nasa', 'Obtener_Datos_SPACEX', 'scheduled__2023-01-01T00:18:00+00:00', '--job-id', '86', '--raw', '--subdir', 'DAGS_FOLDER/00-ETL_spaceX.py', '--cfg-path', '/tmp/tmp2__czpkm', '--error-file', '/tmp/tmp6mydeqsv']
[2023-01-24 02:41:04,532] {standard_task_runner.py:80} INFO - Job 86: Subtask Obtener_Datos_SPACEX
[2023-01-24 02:41:04,830] {task_command.py:371} INFO - Running <TaskInstance: Respuesta_Nasa.Obtener_Datos_SPACEX scheduled__2023-01-01T00:18:00+00:00 [running]> on host fd9891b969b0
[2023-01-24 02:41:05,154] {taskinstance.py:1591} INFO - Exporting the following env vars:
AIRFLOW_CTX_DAG_OWNER=me
AIRFLOW_CTX_DAG_ID=Respuesta_Nasa
AIRFLOW_CTX_TASK_ID=Obtener_Datos_SPACEX
AIRFLOW_CTX_EXECUTION_DATE=2023-01-01T00:18:00+00:00
AIRFLOW_CTX_TRY_NUMBER=1
AIRFLOW_CTX_DAG_RUN_ID=scheduled__2023-01-01T00:18:00+00:00
[2023-01-24 02:41:05,156] {subprocess.py:62} INFO - Tmp dir root location: 
 /tmp
[2023-01-24 02:41:05,156] {subprocess.py:74} INFO - Running command: ['bash', '-c', 'curl https://api.spacexdata.com/v4/launches/past > /tmp/spacex_20230101.json']
[2023-01-24 02:41:05,185] {subprocess.py:85} INFO - Output:
[2023-01-24 02:41:05,234] {subprocess.py:92} INFO -   % Total    % Received % Xferd  Average Speed   Time    Time     Time  Current
[2023-01-24 02:41:05,234] {subprocess.py:92} INFO -                                  Dload  Upload   Total   Spent    Left  Speed
[2023-01-24 02:41:06,575] {subprocess.py:92} INFO -   0     0    0     0    0     0      0      0 --:--:-- --:--:-- --:--:--     0  0     0    0     0    0     0      0      0 --:--:-- --:--:-- --:--:--     0100  406k    0  406k    0     0   303k      0 --:--:--  0:00:01 --:--:--  303k
[2023-01-24 02:41:06,579] {subprocess.py:96} INFO - Command exited with return code 0
[2023-01-24 02:41:06,644] {taskinstance.py:1420} INFO - Marking task as SUCCESS. dag_id=Respuesta_Nasa, task_id=Obtener_Datos_SPACEX, execution_date=20230101T001800, start_date=20230124T024104, end_date=20230124T024106
[2023-01-24 02:41:06,689] {local_task_job.py:156} INFO - Task exited with return code 0
[2023-01-24 02:41:06,771] {local_task_job.py:273} INFO - 0 downstream tasks scheduled from follow-on schedule check
