[2023-01-24 02:43:51,988] {taskinstance.py:1179} INFO - Dependencies all met for <TaskInstance: Respuesta_Nasa.Leer_Datos_Respuesta_Nasa scheduled__2023-01-01T01:43:00+00:00 [queued]>
[2023-01-24 02:43:52,031] {taskinstance.py:1179} INFO - Dependencies all met for <TaskInstance: Respuesta_Nasa.Leer_Datos_Respuesta_Nasa scheduled__2023-01-01T01:43:00+00:00 [queued]>
[2023-01-24 02:43:52,031] {taskinstance.py:1376} INFO - 
--------------------------------------------------------------------------------
[2023-01-24 02:43:52,031] {taskinstance.py:1377} INFO - Starting attempt 1 of 2
[2023-01-24 02:43:52,031] {taskinstance.py:1378} INFO - 
--------------------------------------------------------------------------------
[2023-01-24 02:43:52,102] {taskinstance.py:1397} INFO - Executing <Task(BashOperator): Leer_Datos_Respuesta_Nasa> on 2023-01-01 01:43:00+00:00
[2023-01-24 02:43:52,165] {standard_task_runner.py:52} INFO - Started process 1951 to run task
[2023-01-24 02:43:52,222] {standard_task_runner.py:79} INFO - Running: ['***', 'tasks', 'run', 'Respuesta_Nasa', 'Leer_Datos_Respuesta_Nasa', 'scheduled__2023-01-01T01:43:00+00:00', '--job-id', '312', '--raw', '--subdir', 'DAGS_FOLDER/00-ETL_spaceX.py', '--cfg-path', '/tmp/tmpch64c6d2', '--error-file', '/tmp/tmpykm3ssh5']
[2023-01-24 02:43:52,224] {standard_task_runner.py:80} INFO - Job 312: Subtask Leer_Datos_Respuesta_Nasa
[2023-01-24 02:43:52,509] {task_command.py:371} INFO - Running <TaskInstance: Respuesta_Nasa.Leer_Datos_Respuesta_Nasa scheduled__2023-01-01T01:43:00+00:00 [running]> on host fd9891b969b0
[2023-01-24 02:43:52,898] {taskinstance.py:1591} INFO - Exporting the following env vars:
AIRFLOW_CTX_DAG_OWNER=me
AIRFLOW_CTX_DAG_ID=Respuesta_Nasa
AIRFLOW_CTX_TASK_ID=Leer_Datos_Respuesta_Nasa
AIRFLOW_CTX_EXECUTION_DATE=2023-01-01T01:43:00+00:00
AIRFLOW_CTX_TRY_NUMBER=1
AIRFLOW_CTX_DAG_RUN_ID=scheduled__2023-01-01T01:43:00+00:00
[2023-01-24 02:43:52,901] {subprocess.py:62} INFO - Tmp dir root location: 
 /tmp
[2023-01-24 02:43:52,903] {subprocess.py:74} INFO - Running command: ['bash', '-c', 'ls /tmp && head /tmp/response_20230101.txt']
[2023-01-24 02:43:52,961] {subprocess.py:85} INFO - Output:
[2023-01-24 02:43:53,009] {subprocess.py:92} INFO - ***tmpid0ptow4
[2023-01-24 02:43:53,009] {subprocess.py:92} INFO - pymp-igsi0xnb
[2023-01-24 02:43:53,009] {subprocess.py:92} INFO - response_20230101.txt
[2023-01-24 02:43:53,009] {subprocess.py:92} INFO - spacex_20230101.json
[2023-01-24 02:43:53,009] {subprocess.py:92} INFO - tmpe5vozym4
[2023-01-24 02:43:53,009] {subprocess.py:92} INFO - tmpgytgt5b7
[2023-01-24 02:43:53,009] {subprocess.py:92} INFO - tmpna2othfy
[2023-01-24 02:43:53,010] {subprocess.py:92} INFO - tmpnvc2r2ky
[2023-01-24 02:43:53,010] {subprocess.py:92} INFO - tmpvhz8iqz3
[2023-01-24 02:43:53,010] {subprocess.py:92} INFO - tmpwcu7l17a
[2023-01-24 02:43:53,010] {subprocess.py:92} INFO - tmpxn34wr5k
[2023-01-24 02:43:53,010] {subprocess.py:92} INFO - tmpykm3ssh5
[2023-01-24 02:43:53,017] {subprocess.py:92} INFO - Confirmación de la NASA, pueden proceder
[2023-01-24 02:43:53,018] {subprocess.py:96} INFO - Command exited with return code 0
[2023-01-24 02:43:53,137] {taskinstance.py:1420} INFO - Marking task as SUCCESS. dag_id=Respuesta_Nasa, task_id=Leer_Datos_Respuesta_Nasa, execution_date=20230101T014300, start_date=20230124T024351, end_date=20230124T024353
[2023-01-24 02:43:53,260] {local_task_job.py:156} INFO - Task exited with return code 0
[2023-01-24 02:43:53,440] {local_task_job.py:273} INFO - 1 downstream tasks scheduled from follow-on schedule check
