[2023-01-27T16:51:23.577+0000] {taskinstance.py:1165} INFO - Dependencies all met for <TaskInstance: Respuesta_Nasa.branch scheduled__2023-01-02T00:00:00+00:00 [queued]>
[2023-01-27T16:51:23.596+0000] {taskinstance.py:1165} INFO - Dependencies all met for <TaskInstance: Respuesta_Nasa.branch scheduled__2023-01-02T00:00:00+00:00 [queued]>
[2023-01-27T16:51:23.597+0000] {taskinstance.py:1362} INFO - 
--------------------------------------------------------------------------------
[2023-01-27T16:51:23.597+0000] {taskinstance.py:1363} INFO - Starting attempt 1 of 3
[2023-01-27T16:51:23.597+0000] {taskinstance.py:1364} INFO - 
--------------------------------------------------------------------------------
[2023-01-27T16:51:23.619+0000] {taskinstance.py:1383} INFO - Executing <Task(BranchPythonOperator): branch> on 2023-01-02 00:00:00+00:00
[2023-01-27T16:51:23.626+0000] {standard_task_runner.py:55} INFO - Started process 4561 to run task
[2023-01-27T16:51:23.632+0000] {standard_task_runner.py:82} INFO - Running: ['***', 'tasks', 'run', 'Respuesta_Nasa', 'branch', 'scheduled__2023-01-02T00:00:00+00:00', '--job-id', '749', '--raw', '--subdir', 'DAGS_FOLDER/00-ETL_spaceX.py', '--cfg-path', '/tmp/tmpgwyriuc_']
[2023-01-27T16:51:23.635+0000] {standard_task_runner.py:83} INFO - Job 749: Subtask branch
[2023-01-27T16:51:23.715+0000] {task_command.py:376} INFO - Running <TaskInstance: Respuesta_Nasa.branch scheduled__2023-01-02T00:00:00+00:00 [running]> on host 3ceae0e2b238
[2023-01-27T16:51:23.788+0000] {taskinstance.py:1592} INFO - Exporting the following env vars:
AIRFLOW_CTX_DAG_EMAIL=frandak2@gmail.com
AIRFLOW_CTX_DAG_OWNER=***
AIRFLOW_CTX_DAG_ID=Respuesta_Nasa
AIRFLOW_CTX_TASK_ID=branch
AIRFLOW_CTX_EXECUTION_DATE=2023-01-02T00:00:00+00:00
AIRFLOW_CTX_TRY_NUMBER=1
AIRFLOW_CTX_DAG_RUN_ID=scheduled__2023-01-02T00:00:00+00:00
[2023-01-27T16:51:23.789+0000] {python.py:177} INFO - Done. Returned value was: send_email_notification
[2023-01-27T16:51:23.790+0000] {skipmixin.py:155} INFO - Following branch send_email_notification
[2023-01-27T16:51:23.813+0000] {taskinstance.py:1406} INFO - Marking task as SUCCESS. dag_id=Respuesta_Nasa, task_id=branch, execution_date=20230102T000000, start_date=20230127T165123, end_date=20230127T165123
[2023-01-27T16:51:23.842+0000] {local_task_job.py:159} INFO - Task exited with return code 0
[2023-01-27T16:51:23.862+0000] {taskinstance.py:2623} INFO - 0 downstream tasks scheduled from follow-on schedule check
