[2023-01-24 02:40:06,628] {taskinstance.py:1179} INFO - Dependencies all met for <TaskInstance: Respuesta_Nasa.Respuesta_Confirmacion_NASA scheduled__2023-01-01T00:11:00+00:00 [queued]>
[2023-01-24 02:40:06,646] {taskinstance.py:1179} INFO - Dependencies all met for <TaskInstance: Respuesta_Nasa.Respuesta_Confirmacion_NASA scheduled__2023-01-01T00:11:00+00:00 [queued]>
[2023-01-24 02:40:06,646] {taskinstance.py:1376} INFO - 
--------------------------------------------------------------------------------
[2023-01-24 02:40:06,646] {taskinstance.py:1377} INFO - Starting attempt 1 of 2
[2023-01-24 02:40:06,646] {taskinstance.py:1378} INFO - 
--------------------------------------------------------------------------------
[2023-01-24 02:40:06,668] {taskinstance.py:1397} INFO - Executing <Task(BashOperator): Respuesta_Confirmacion_NASA> on 2023-01-01 00:11:00+00:00
[2023-01-24 02:40:06,676] {standard_task_runner.py:52} INFO - Started process 199 to run task
[2023-01-24 02:40:06,685] {standard_task_runner.py:79} INFO - Running: ['***', 'tasks', 'run', 'Respuesta_Nasa', 'Respuesta_Confirmacion_NASA', 'scheduled__2023-01-01T00:11:00+00:00', '--job-id', '14', '--raw', '--subdir', 'DAGS_FOLDER/00-ETL_spaceX.py', '--cfg-path', '/tmp/tmpre_8t6qe', '--error-file', '/tmp/tmpy3wh_1uc']
[2023-01-24 02:40:06,689] {standard_task_runner.py:80} INFO - Job 14: Subtask Respuesta_Confirmacion_NASA
[2023-01-24 02:40:06,791] {task_command.py:371} INFO - Running <TaskInstance: Respuesta_Nasa.Respuesta_Confirmacion_NASA scheduled__2023-01-01T00:11:00+00:00 [running]> on host fd9891b969b0
[2023-01-24 02:40:06,907] {taskinstance.py:1591} INFO - Exporting the following env vars:
AIRFLOW_CTX_DAG_OWNER=me
AIRFLOW_CTX_DAG_ID=Respuesta_Nasa
AIRFLOW_CTX_TASK_ID=Respuesta_Confirmacion_NASA
AIRFLOW_CTX_EXECUTION_DATE=2023-01-01T00:11:00+00:00
AIRFLOW_CTX_TRY_NUMBER=1
AIRFLOW_CTX_DAG_RUN_ID=scheduled__2023-01-01T00:11:00+00:00
[2023-01-24 02:40:06,909] {subprocess.py:62} INFO - Tmp dir root location: 
 /tmp
[2023-01-24 02:40:06,909] {subprocess.py:74} INFO - Running command: ['bash', '-c', 'sleep 20 && echo "Confirmación de la NASA, pueden proceder" > /tmp/response_20230101.txt']
[2023-01-24 02:40:06,923] {subprocess.py:85} INFO - Output:
[2023-01-24 02:40:26,949] {subprocess.py:96} INFO - Command exited with return code 0
[2023-01-24 02:40:27,080] {taskinstance.py:1420} INFO - Marking task as SUCCESS. dag_id=Respuesta_Nasa, task_id=Respuesta_Confirmacion_NASA, execution_date=20230101T001100, start_date=20230124T024006, end_date=20230124T024027
[2023-01-24 02:40:27,141] {local_task_job.py:156} INFO - Task exited with return code 0
[2023-01-24 02:40:27,523] {local_task_job.py:273} INFO - 0 downstream tasks scheduled from follow-on schedule check
