[2023-01-24 02:41:34,946] {taskinstance.py:1179} INFO - Dependencies all met for <TaskInstance: Respuesta_Nasa.Leer_Datos_Respuesta_Nasa scheduled__2023-01-01T00:39:00+00:00 [queued]>
[2023-01-24 02:41:34,973] {taskinstance.py:1179} INFO - Dependencies all met for <TaskInstance: Respuesta_Nasa.Leer_Datos_Respuesta_Nasa scheduled__2023-01-01T00:39:00+00:00 [queued]>
[2023-01-24 02:41:34,974] {taskinstance.py:1376} INFO - 
--------------------------------------------------------------------------------
[2023-01-24 02:41:34,974] {taskinstance.py:1377} INFO - Starting attempt 1 of 2
[2023-01-24 02:41:34,974] {taskinstance.py:1378} INFO - 
--------------------------------------------------------------------------------
[2023-01-24 02:41:35,030] {taskinstance.py:1397} INFO - Executing <Task(BashOperator): Leer_Datos_Respuesta_Nasa> on 2023-01-01 00:39:00+00:00
[2023-01-24 02:41:35,071] {standard_task_runner.py:52} INFO - Started process 843 to run task
[2023-01-24 02:41:35,092] {standard_task_runner.py:79} INFO - Running: ['***', 'tasks', 'run', 'Respuesta_Nasa', 'Leer_Datos_Respuesta_Nasa', 'scheduled__2023-01-01T00:39:00+00:00', '--job-id', '122', '--raw', '--subdir', 'DAGS_FOLDER/00-ETL_spaceX.py', '--cfg-path', '/tmp/tmpg91bosop', '--error-file', '/tmp/tmpz0s5x6mk']
[2023-01-24 02:41:35,108] {standard_task_runner.py:80} INFO - Job 122: Subtask Leer_Datos_Respuesta_Nasa
[2023-01-24 02:41:35,461] {task_command.py:371} INFO - Running <TaskInstance: Respuesta_Nasa.Leer_Datos_Respuesta_Nasa scheduled__2023-01-01T00:39:00+00:00 [running]> on host fd9891b969b0
[2023-01-24 02:41:36,061] {taskinstance.py:1591} INFO - Exporting the following env vars:
AIRFLOW_CTX_DAG_OWNER=me
AIRFLOW_CTX_DAG_ID=Respuesta_Nasa
AIRFLOW_CTX_TASK_ID=Leer_Datos_Respuesta_Nasa
AIRFLOW_CTX_EXECUTION_DATE=2023-01-01T00:39:00+00:00
AIRFLOW_CTX_TRY_NUMBER=1
AIRFLOW_CTX_DAG_RUN_ID=scheduled__2023-01-01T00:39:00+00:00
[2023-01-24 02:41:36,062] {subprocess.py:62} INFO - Tmp dir root location: 
 /tmp
[2023-01-24 02:41:36,063] {subprocess.py:74} INFO - Running command: ['bash', '-c', 'ls /tmp && head /tmp/response_20230101.txt']
[2023-01-24 02:41:36,150] {subprocess.py:85} INFO - Output:
[2023-01-24 02:41:36,182] {subprocess.py:92} INFO - ***tmpoti_idck
[2023-01-24 02:41:36,183] {subprocess.py:92} INFO - pymp-igsi0xnb
[2023-01-24 02:41:36,183] {subprocess.py:92} INFO - response_20230101.txt
[2023-01-24 02:41:36,183] {subprocess.py:92} INFO - spacex_20230101.json
[2023-01-24 02:41:36,183] {subprocess.py:92} INFO - tmp7f89u1nm
[2023-01-24 02:41:36,183] {subprocess.py:92} INFO - tmpnvc2r2ky
[2023-01-24 02:41:36,183] {subprocess.py:92} INFO - tmpqmce4zl4
[2023-01-24 02:41:36,183] {subprocess.py:92} INFO - tmpz0s5x6mk
[2023-01-24 02:41:36,186] {subprocess.py:92} INFO - Confirmación de la NASA, pueden proceder
[2023-01-24 02:41:36,186] {subprocess.py:96} INFO - Command exited with return code 0
[2023-01-24 02:41:36,322] {taskinstance.py:1420} INFO - Marking task as SUCCESS. dag_id=Respuesta_Nasa, task_id=Leer_Datos_Respuesta_Nasa, execution_date=20230101T003900, start_date=20230124T024134, end_date=20230124T024136
[2023-01-24 02:41:36,425] {local_task_job.py:156} INFO - Task exited with return code 0
[2023-01-24 02:41:36,619] {local_task_job.py:273} INFO - 1 downstream tasks scheduled from follow-on schedule check
