[2023-01-24 02:42:44,933] {taskinstance.py:1179} INFO - Dependencies all met for <TaskInstance: Respuesta_Nasa.Leer_Datos_Respuesta_Nasa scheduled__2023-01-01T01:17:00+00:00 [queued]>
[2023-01-24 02:42:44,960] {taskinstance.py:1179} INFO - Dependencies all met for <TaskInstance: Respuesta_Nasa.Leer_Datos_Respuesta_Nasa scheduled__2023-01-01T01:17:00+00:00 [queued]>
[2023-01-24 02:42:44,965] {taskinstance.py:1376} INFO - 
--------------------------------------------------------------------------------
[2023-01-24 02:42:44,965] {taskinstance.py:1377} INFO - Starting attempt 1 of 2
[2023-01-24 02:42:44,965] {taskinstance.py:1378} INFO - 
--------------------------------------------------------------------------------
[2023-01-24 02:42:45,027] {taskinstance.py:1397} INFO - Executing <Task(BashOperator): Leer_Datos_Respuesta_Nasa> on 2023-01-01 01:17:00+00:00
[2023-01-24 02:42:45,039] {standard_task_runner.py:52} INFO - Started process 1440 to run task
[2023-01-24 02:42:45,058] {standard_task_runner.py:79} INFO - Running: ['***', 'tasks', 'run', 'Respuesta_Nasa', 'Leer_Datos_Respuesta_Nasa', 'scheduled__2023-01-01T01:17:00+00:00', '--job-id', '224', '--raw', '--subdir', 'DAGS_FOLDER/00-ETL_spaceX.py', '--cfg-path', '/tmp/tmpjvlokve5', '--error-file', '/tmp/tmp_quaf_w0']
[2023-01-24 02:42:45,064] {standard_task_runner.py:80} INFO - Job 224: Subtask Leer_Datos_Respuesta_Nasa
[2023-01-24 02:42:45,465] {task_command.py:371} INFO - Running <TaskInstance: Respuesta_Nasa.Leer_Datos_Respuesta_Nasa scheduled__2023-01-01T01:17:00+00:00 [running]> on host fd9891b969b0
[2023-01-24 02:42:45,809] {taskinstance.py:1591} INFO - Exporting the following env vars:
AIRFLOW_CTX_DAG_OWNER=me
AIRFLOW_CTX_DAG_ID=Respuesta_Nasa
AIRFLOW_CTX_TASK_ID=Leer_Datos_Respuesta_Nasa
AIRFLOW_CTX_EXECUTION_DATE=2023-01-01T01:17:00+00:00
AIRFLOW_CTX_TRY_NUMBER=1
AIRFLOW_CTX_DAG_RUN_ID=scheduled__2023-01-01T01:17:00+00:00
[2023-01-24 02:42:45,812] {subprocess.py:62} INFO - Tmp dir root location: 
 /tmp
[2023-01-24 02:42:45,813] {subprocess.py:74} INFO - Running command: ['bash', '-c', 'ls /tmp && head /tmp/response_20230101.txt']
[2023-01-24 02:42:45,852] {subprocess.py:85} INFO - Output:
[2023-01-24 02:42:45,882] {subprocess.py:92} INFO - ***tmp57o_27ul
[2023-01-24 02:42:45,882] {subprocess.py:92} INFO - ***tmpcp_cd9u3
[2023-01-24 02:42:45,882] {subprocess.py:92} INFO - ***tmpt5bwpt7i
[2023-01-24 02:42:45,882] {subprocess.py:92} INFO - ***tmpwwsiiy_o
[2023-01-24 02:42:45,882] {subprocess.py:92} INFO - pymp-igsi0xnb
[2023-01-24 02:42:45,883] {subprocess.py:92} INFO - response_20230101.txt
[2023-01-24 02:42:45,883] {subprocess.py:92} INFO - spacex_20230101.json
[2023-01-24 02:42:45,883] {subprocess.py:92} INFO - tmp2gofyf17
[2023-01-24 02:42:45,883] {subprocess.py:92} INFO - tmp_quaf_w0
[2023-01-24 02:42:45,883] {subprocess.py:92} INFO - tmpeyj0vmxa
[2023-01-24 02:42:45,883] {subprocess.py:92} INFO - tmpgvgt48oj
[2023-01-24 02:42:45,883] {subprocess.py:92} INFO - tmpjvr141a1
[2023-01-24 02:42:45,883] {subprocess.py:92} INFO - tmplxi0y3jm
[2023-01-24 02:42:45,884] {subprocess.py:92} INFO - tmpnvc2r2ky
[2023-01-24 02:42:45,884] {subprocess.py:92} INFO - tmpo5sf5i7e
[2023-01-24 02:42:45,884] {subprocess.py:92} INFO - tmpqovrsavj
[2023-01-24 02:42:45,884] {subprocess.py:92} INFO - tmpxqudo0u_
[2023-01-24 02:42:45,887] {subprocess.py:92} INFO - Confirmación de la NASA, pueden proceder
[2023-01-24 02:42:45,887] {subprocess.py:96} INFO - Command exited with return code 0
[2023-01-24 02:42:46,013] {taskinstance.py:1420} INFO - Marking task as SUCCESS. dag_id=Respuesta_Nasa, task_id=Leer_Datos_Respuesta_Nasa, execution_date=20230101T011700, start_date=20230124T024244, end_date=20230124T024246
[2023-01-24 02:42:46,057] {local_task_job.py:156} INFO - Task exited with return code 0
[2023-01-24 02:42:46,203] {local_task_job.py:273} INFO - 1 downstream tasks scheduled from follow-on schedule check
