[2023-01-25 23:21:45,310] {taskinstance.py:1179} INFO - Dependencies all met for <TaskInstance: Respuesta_Nasa.generate_platzi_data scheduled__2023-01-02T00:00:00+00:00 [queued]>
[2023-01-25 23:21:45,330] {taskinstance.py:1179} INFO - Dependencies all met for <TaskInstance: Respuesta_Nasa.generate_platzi_data scheduled__2023-01-02T00:00:00+00:00 [queued]>
[2023-01-25 23:21:45,330] {taskinstance.py:1376} INFO - 
--------------------------------------------------------------------------------
[2023-01-25 23:21:45,330] {taskinstance.py:1377} INFO - Starting attempt 4 of 6
[2023-01-25 23:21:45,330] {taskinstance.py:1378} INFO - 
--------------------------------------------------------------------------------
[2023-01-25 23:21:45,352] {taskinstance.py:1397} INFO - Executing <Task(GeneratesatelliteDataOperator): generate_platzi_data> on 2023-01-02 00:00:00+00:00
[2023-01-25 23:21:45,359] {standard_task_runner.py:52} INFO - Started process 3876 to run task
[2023-01-25 23:21:45,363] {standard_task_runner.py:79} INFO - Running: ['***', 'tasks', 'run', 'Respuesta_Nasa', 'generate_platzi_data', 'scheduled__2023-01-02T00:00:00+00:00', '--job-id', '488', '--raw', '--subdir', 'DAGS_FOLDER/00-ETL_spaceX.py', '--cfg-path', '/tmp/tmpuzl9xx6s', '--error-file', '/tmp/tmp7kjefj_j']
[2023-01-25 23:21:45,364] {standard_task_runner.py:80} INFO - Job 488: Subtask generate_platzi_data
[2023-01-25 23:21:45,463] {task_command.py:371} INFO - Running <TaskInstance: Respuesta_Nasa.generate_platzi_data scheduled__2023-01-02T00:00:00+00:00 [running]> on host fd9891b969b0
[2023-01-25 23:21:45,582] {taskinstance.py:1591} INFO - Exporting the following env vars:
AIRFLOW_CTX_DAG_OWNER=me
AIRFLOW_CTX_DAG_ID=Respuesta_Nasa
AIRFLOW_CTX_TASK_ID=generate_platzi_data
AIRFLOW_CTX_EXECUTION_DATE=2023-01-02T00:00:00+00:00
AIRFLOW_CTX_TRY_NUMBER=4
AIRFLOW_CTX_DAG_RUN_ID=scheduled__2023-01-02T00:00:00+00:00
[2023-01-25 23:21:45,583] {logging_mixin.py:115} INFO - La fecha lógica es: 20230102
[2023-01-25 23:21:45,590] {logging_mixin.py:115} INFO - archivo creado en: /tmp/platzi_data_20230102.csv
[2023-01-25 23:21:45,608] {taskinstance.py:1420} INFO - Marking task as SUCCESS. dag_id=Respuesta_Nasa, task_id=generate_platzi_data, execution_date=20230102T000000, start_date=20230125T232145, end_date=20230125T232145
[2023-01-25 23:21:45,655] {local_task_job.py:156} INFO - Task exited with return code 0
[2023-01-25 23:21:45,717] {local_task_job.py:273} INFO - 1 downstream tasks scheduled from follow-on schedule check
