[2023-01-26 17:53:31,748] {taskinstance.py:1179} INFO - Dependencies all met for <TaskInstance: Respuesta_Nasa.generate_platzi_data scheduled__2023-01-02T00:00:00+00:00 [queued]>
[2023-01-26 17:53:31,763] {taskinstance.py:1179} INFO - Dependencies all met for <TaskInstance: Respuesta_Nasa.generate_platzi_data scheduled__2023-01-02T00:00:00+00:00 [queued]>
[2023-01-26 17:53:31,763] {taskinstance.py:1376} INFO - 
--------------------------------------------------------------------------------
[2023-01-26 17:53:31,763] {taskinstance.py:1377} INFO - Starting attempt 9 of 11
[2023-01-26 17:53:31,763] {taskinstance.py:1378} INFO - 
--------------------------------------------------------------------------------
[2023-01-26 17:53:31,779] {taskinstance.py:1397} INFO - Executing <Task(GeneratesatelliteDataOperator): generate_platzi_data> on 2023-01-02 00:00:00+00:00
[2023-01-26 17:53:31,783] {standard_task_runner.py:52} INFO - Started process 176 to run task
[2023-01-26 17:53:31,786] {standard_task_runner.py:79} INFO - Running: ['***', 'tasks', 'run', 'Respuesta_Nasa', 'generate_platzi_data', 'scheduled__2023-01-02T00:00:00+00:00', '--job-id', '635', '--raw', '--subdir', 'DAGS_FOLDER/00-ETL_spaceX.py', '--cfg-path', '/tmp/tmpno_z695m', '--error-file', '/tmp/tmpwedc43lb']
[2023-01-26 17:53:31,787] {standard_task_runner.py:80} INFO - Job 635: Subtask generate_platzi_data
[2023-01-26 17:53:31,853] {task_command.py:371} INFO - Running <TaskInstance: Respuesta_Nasa.generate_platzi_data scheduled__2023-01-02T00:00:00+00:00 [running]> on host da6de88268cf
[2023-01-26 17:53:31,929] {taskinstance.py:1591} INFO - Exporting the following env vars:
AIRFLOW_CTX_DAG_OWNER=***
AIRFLOW_CTX_DAG_ID=Respuesta_Nasa
AIRFLOW_CTX_TASK_ID=generate_platzi_data
AIRFLOW_CTX_EXECUTION_DATE=2023-01-02T00:00:00+00:00
AIRFLOW_CTX_TRY_NUMBER=9
AIRFLOW_CTX_DAG_RUN_ID=scheduled__2023-01-02T00:00:00+00:00
[2023-01-26 17:53:31,930] {logging_mixin.py:115} INFO - La fecha lógica es: 20230102
[2023-01-26 17:53:31,935] {logging_mixin.py:115} INFO - archivo creado en: /tmp/platzi_data_20230102.csv
[2023-01-26 17:53:31,948] {taskinstance.py:1420} INFO - Marking task as SUCCESS. dag_id=Respuesta_Nasa, task_id=generate_platzi_data, execution_date=20230102T000000, start_date=20230126T175331, end_date=20230126T175331
[2023-01-26 17:53:31,998] {local_task_job.py:156} INFO - Task exited with return code 0
[2023-01-26 17:53:32,122] {local_task_job.py:273} INFO - 1 downstream tasks scheduled from follow-on schedule check
