[2023-01-24 02:41:00,720] {taskinstance.py:1179} INFO - Dependencies all met for <TaskInstance: Respuesta_Nasa.Leer_Datos_Respuesta_Nasa scheduled__2023-01-01T00:21:00+00:00 [queued]>
[2023-01-24 02:41:00,737] {taskinstance.py:1179} INFO - Dependencies all met for <TaskInstance: Respuesta_Nasa.Leer_Datos_Respuesta_Nasa scheduled__2023-01-01T00:21:00+00:00 [queued]>
[2023-01-24 02:41:00,737] {taskinstance.py:1376} INFO - 
--------------------------------------------------------------------------------
[2023-01-24 02:41:00,737] {taskinstance.py:1377} INFO - Starting attempt 1 of 2
[2023-01-24 02:41:00,738] {taskinstance.py:1378} INFO - 
--------------------------------------------------------------------------------
[2023-01-24 02:41:00,805] {taskinstance.py:1397} INFO - Executing <Task(BashOperator): Leer_Datos_Respuesta_Nasa> on 2023-01-01 00:21:00+00:00
[2023-01-24 02:41:00,815] {standard_task_runner.py:52} INFO - Started process 541 to run task
[2023-01-24 02:41:00,819] {standard_task_runner.py:79} INFO - Running: ['***', 'tasks', 'run', 'Respuesta_Nasa', 'Leer_Datos_Respuesta_Nasa', 'scheduled__2023-01-01T00:21:00+00:00', '--job-id', '73', '--raw', '--subdir', 'DAGS_FOLDER/00-ETL_spaceX.py', '--cfg-path', '/tmp/tmpd5831z63', '--error-file', '/tmp/tmpluavvl5d']
[2023-01-24 02:41:00,821] {standard_task_runner.py:80} INFO - Job 73: Subtask Leer_Datos_Respuesta_Nasa
[2023-01-24 02:41:01,265] {task_command.py:371} INFO - Running <TaskInstance: Respuesta_Nasa.Leer_Datos_Respuesta_Nasa scheduled__2023-01-01T00:21:00+00:00 [running]> on host fd9891b969b0
[2023-01-24 02:41:01,507] {taskinstance.py:1591} INFO - Exporting the following env vars:
AIRFLOW_CTX_DAG_OWNER=me
AIRFLOW_CTX_DAG_ID=Respuesta_Nasa
AIRFLOW_CTX_TASK_ID=Leer_Datos_Respuesta_Nasa
AIRFLOW_CTX_EXECUTION_DATE=2023-01-01T00:21:00+00:00
AIRFLOW_CTX_TRY_NUMBER=1
AIRFLOW_CTX_DAG_RUN_ID=scheduled__2023-01-01T00:21:00+00:00
[2023-01-24 02:41:01,512] {subprocess.py:62} INFO - Tmp dir root location: 
 /tmp
[2023-01-24 02:41:01,513] {subprocess.py:74} INFO - Running command: ['bash', '-c', 'ls /tmp && head /tmp/response_20230101.txt']
[2023-01-24 02:41:01,569] {subprocess.py:85} INFO - Output:
[2023-01-24 02:41:01,597] {subprocess.py:92} INFO - ***tmp39x25wl4
[2023-01-24 02:41:01,597] {subprocess.py:92} INFO - ***tmp7wiaip0n
[2023-01-24 02:41:01,597] {subprocess.py:92} INFO - ***tmpn_mxv3jq
[2023-01-24 02:41:01,597] {subprocess.py:92} INFO - ***tmpo0rfvi3g
[2023-01-24 02:41:01,597] {subprocess.py:92} INFO - pymp-igsi0xnb
[2023-01-24 02:41:01,598] {subprocess.py:92} INFO - response_20230101.txt
[2023-01-24 02:41:01,598] {subprocess.py:92} INFO - spacex_20230101.json
[2023-01-24 02:41:01,598] {subprocess.py:92} INFO - tmp3d7l3sa9
[2023-01-24 02:41:01,598] {subprocess.py:92} INFO - tmp_4wr3trt
[2023-01-24 02:41:01,598] {subprocess.py:92} INFO - tmpfp57a6d1
[2023-01-24 02:41:01,598] {subprocess.py:92} INFO - tmpfwvmqypm
[2023-01-24 02:41:01,598] {subprocess.py:92} INFO - tmpk44my_n6
[2023-01-24 02:41:01,598] {subprocess.py:92} INFO - tmpluavvl5d
[2023-01-24 02:41:01,598] {subprocess.py:92} INFO - tmpnvc2r2ky
[2023-01-24 02:41:01,598] {subprocess.py:92} INFO - tmpq0__4_qn
[2023-01-24 02:41:01,611] {subprocess.py:92} INFO - Confirmación de la NASA, pueden proceder
[2023-01-24 02:41:01,611] {subprocess.py:96} INFO - Command exited with return code 0
[2023-01-24 02:41:01,864] {taskinstance.py:1420} INFO - Marking task as SUCCESS. dag_id=Respuesta_Nasa, task_id=Leer_Datos_Respuesta_Nasa, execution_date=20230101T002100, start_date=20230124T024100, end_date=20230124T024101
[2023-01-24 02:41:01,934] {local_task_job.py:156} INFO - Task exited with return code 0
[2023-01-24 02:41:02,086] {local_task_job.py:273} INFO - 1 downstream tasks scheduled from follow-on schedule check
