[2023-01-24 02:41:35,403] {taskinstance.py:1179} INFO - Dependencies all met for <TaskInstance: Respuesta_Nasa.Leer_Datos_Respuesta_Nasa scheduled__2023-01-01T00:41:00+00:00 [queued]>
[2023-01-24 02:41:35,421] {taskinstance.py:1179} INFO - Dependencies all met for <TaskInstance: Respuesta_Nasa.Leer_Datos_Respuesta_Nasa scheduled__2023-01-01T00:41:00+00:00 [queued]>
[2023-01-24 02:41:35,422] {taskinstance.py:1376} INFO - 
--------------------------------------------------------------------------------
[2023-01-24 02:41:35,422] {taskinstance.py:1377} INFO - Starting attempt 1 of 2
[2023-01-24 02:41:35,422] {taskinstance.py:1378} INFO - 
--------------------------------------------------------------------------------
[2023-01-24 02:41:35,451] {taskinstance.py:1397} INFO - Executing <Task(BashOperator): Leer_Datos_Respuesta_Nasa> on 2023-01-01 00:41:00+00:00
[2023-01-24 02:41:35,460] {standard_task_runner.py:52} INFO - Started process 852 to run task
[2023-01-24 02:41:35,473] {standard_task_runner.py:79} INFO - Running: ['***', 'tasks', 'run', 'Respuesta_Nasa', 'Leer_Datos_Respuesta_Nasa', 'scheduled__2023-01-01T00:41:00+00:00', '--job-id', '124', '--raw', '--subdir', 'DAGS_FOLDER/00-ETL_spaceX.py', '--cfg-path', '/tmp/tmppvvfzn_k', '--error-file', '/tmp/tmpqmce4zl4']
[2023-01-24 02:41:35,475] {standard_task_runner.py:80} INFO - Job 124: Subtask Leer_Datos_Respuesta_Nasa
[2023-01-24 02:41:35,901] {task_command.py:371} INFO - Running <TaskInstance: Respuesta_Nasa.Leer_Datos_Respuesta_Nasa scheduled__2023-01-01T00:41:00+00:00 [running]> on host fd9891b969b0
[2023-01-24 02:41:36,295] {taskinstance.py:1591} INFO - Exporting the following env vars:
AIRFLOW_CTX_DAG_OWNER=me
AIRFLOW_CTX_DAG_ID=Respuesta_Nasa
AIRFLOW_CTX_TASK_ID=Leer_Datos_Respuesta_Nasa
AIRFLOW_CTX_EXECUTION_DATE=2023-01-01T00:41:00+00:00
AIRFLOW_CTX_TRY_NUMBER=1
AIRFLOW_CTX_DAG_RUN_ID=scheduled__2023-01-01T00:41:00+00:00
[2023-01-24 02:41:36,315] {subprocess.py:62} INFO - Tmp dir root location: 
 /tmp
[2023-01-24 02:41:36,316] {subprocess.py:74} INFO - Running command: ['bash', '-c', 'ls /tmp && head /tmp/response_20230101.txt']
[2023-01-24 02:41:36,400] {subprocess.py:85} INFO - Output:
[2023-01-24 02:41:36,436] {subprocess.py:92} INFO - ***tmpi5wh2yrb
[2023-01-24 02:41:36,437] {subprocess.py:92} INFO - ***tmpug1r41dm
[2023-01-24 02:41:36,437] {subprocess.py:92} INFO - pymp-igsi0xnb
[2023-01-24 02:41:36,437] {subprocess.py:92} INFO - response_20230101.txt
[2023-01-24 02:41:36,438] {subprocess.py:92} INFO - spacex_20230101.json
[2023-01-24 02:41:36,439] {subprocess.py:92} INFO - tmp192iyzm6
[2023-01-24 02:41:36,439] {subprocess.py:92} INFO - tmp7f89u1nm
[2023-01-24 02:41:36,439] {subprocess.py:92} INFO - tmpbw5ht0fp
[2023-01-24 02:41:36,439] {subprocess.py:92} INFO - tmpm5crsm1z
[2023-01-24 02:41:36,439] {subprocess.py:92} INFO - tmpnvc2r2ky
[2023-01-24 02:41:36,439] {subprocess.py:92} INFO - tmpqmce4zl4
[2023-01-24 02:41:36,439] {subprocess.py:92} INFO - tmpz0s5x6mk
[2023-01-24 02:41:36,454] {subprocess.py:92} INFO - Confirmación de la NASA, pueden proceder
[2023-01-24 02:41:36,454] {subprocess.py:96} INFO - Command exited with return code 0
[2023-01-24 02:41:36,563] {taskinstance.py:1420} INFO - Marking task as SUCCESS. dag_id=Respuesta_Nasa, task_id=Leer_Datos_Respuesta_Nasa, execution_date=20230101T004100, start_date=20230124T024135, end_date=20230124T024136
[2023-01-24 02:41:36,633] {local_task_job.py:156} INFO - Task exited with return code 0
[2023-01-24 02:41:36,862] {local_task_job.py:273} INFO - 1 downstream tasks scheduled from follow-on schedule check
