[2023-01-24 02:42:41,531] {taskinstance.py:1179} INFO - Dependencies all met for <TaskInstance: Respuesta_Nasa.Leer_Datos_Respuesta_Nasa scheduled__2023-01-01T01:08:00+00:00 [queued]>
[2023-01-24 02:42:41,548] {taskinstance.py:1179} INFO - Dependencies all met for <TaskInstance: Respuesta_Nasa.Leer_Datos_Respuesta_Nasa scheduled__2023-01-01T01:08:00+00:00 [queued]>
[2023-01-24 02:42:41,548] {taskinstance.py:1376} INFO - 
--------------------------------------------------------------------------------
[2023-01-24 02:42:41,549] {taskinstance.py:1377} INFO - Starting attempt 1 of 2
[2023-01-24 02:42:41,549] {taskinstance.py:1378} INFO - 
--------------------------------------------------------------------------------
[2023-01-24 02:42:41,591] {taskinstance.py:1397} INFO - Executing <Task(BashOperator): Leer_Datos_Respuesta_Nasa> on 2023-01-01 01:08:00+00:00
[2023-01-24 02:42:41,615] {standard_task_runner.py:79} INFO - Running: ['***', 'tasks', 'run', 'Respuesta_Nasa', 'Leer_Datos_Respuesta_Nasa', 'scheduled__2023-01-01T01:08:00+00:00', '--job-id', '211', '--raw', '--subdir', 'DAGS_FOLDER/00-ETL_spaceX.py', '--cfg-path', '/tmp/tmpr67ywv6y', '--error-file', '/tmp/tmpfaj8_n9h']
[2023-01-24 02:42:41,617] {standard_task_runner.py:80} INFO - Job 211: Subtask Leer_Datos_Respuesta_Nasa
[2023-01-24 02:42:41,598] {standard_task_runner.py:52} INFO - Started process 1372 to run task
[2023-01-24 02:42:41,815] {task_command.py:371} INFO - Running <TaskInstance: Respuesta_Nasa.Leer_Datos_Respuesta_Nasa scheduled__2023-01-01T01:08:00+00:00 [running]> on host fd9891b969b0
[2023-01-24 02:42:42,102] {taskinstance.py:1591} INFO - Exporting the following env vars:
AIRFLOW_CTX_DAG_OWNER=me
AIRFLOW_CTX_DAG_ID=Respuesta_Nasa
AIRFLOW_CTX_TASK_ID=Leer_Datos_Respuesta_Nasa
AIRFLOW_CTX_EXECUTION_DATE=2023-01-01T01:08:00+00:00
AIRFLOW_CTX_TRY_NUMBER=1
AIRFLOW_CTX_DAG_RUN_ID=scheduled__2023-01-01T01:08:00+00:00
[2023-01-24 02:42:42,104] {subprocess.py:62} INFO - Tmp dir root location: 
 /tmp
[2023-01-24 02:42:42,105] {subprocess.py:74} INFO - Running command: ['bash', '-c', 'ls /tmp && head /tmp/response_20230101.txt']
[2023-01-24 02:42:42,127] {subprocess.py:85} INFO - Output:
[2023-01-24 02:42:42,146] {subprocess.py:92} INFO - ***tmp3dyzii78
[2023-01-24 02:42:42,146] {subprocess.py:92} INFO - ***tmp3os5qr8n
[2023-01-24 02:42:42,147] {subprocess.py:92} INFO - ***tmp5t06hxi8
[2023-01-24 02:42:42,161] {subprocess.py:92} INFO - ***tmpeoetevns
[2023-01-24 02:42:42,161] {subprocess.py:92} INFO - ***tmpha5xm_nd
[2023-01-24 02:42:42,162] {subprocess.py:92} INFO - pymp-igsi0xnb
[2023-01-24 02:42:42,162] {subprocess.py:92} INFO - response_20230101.txt
[2023-01-24 02:42:42,162] {subprocess.py:92} INFO - spacex_20230101.json
[2023-01-24 02:42:42,162] {subprocess.py:92} INFO - tmp6md4antl
[2023-01-24 02:42:42,162] {subprocess.py:92} INFO - tmp7j9qkb9e
[2023-01-24 02:42:42,162] {subprocess.py:92} INFO - tmpb_ntsd4n
[2023-01-24 02:42:42,163] {subprocess.py:92} INFO - tmpfaj8_n9h
[2023-01-24 02:42:42,163] {subprocess.py:92} INFO - tmpgvbjz_tp
[2023-01-24 02:42:42,163] {subprocess.py:92} INFO - tmphtwa29ds
[2023-01-24 02:42:42,163] {subprocess.py:92} INFO - tmpnvc2r2ky
[2023-01-24 02:42:42,163] {subprocess.py:92} INFO - tmpow4nrjan
[2023-01-24 02:42:42,163] {subprocess.py:92} INFO - tmpqvd7l8um
[2023-01-24 02:42:42,163] {subprocess.py:92} INFO - tmpsuw1fkcz
[2023-01-24 02:42:42,163] {subprocess.py:92} INFO - tmptjn5yrio
[2023-01-24 02:42:42,164] {subprocess.py:92} INFO - tmpvico2r73
[2023-01-24 02:42:42,164] {subprocess.py:92} INFO - Confirmación de la NASA, pueden proceder
[2023-01-24 02:42:42,164] {subprocess.py:96} INFO - Command exited with return code 0
[2023-01-24 02:42:42,418] {taskinstance.py:1420} INFO - Marking task as SUCCESS. dag_id=Respuesta_Nasa, task_id=Leer_Datos_Respuesta_Nasa, execution_date=20230101T010800, start_date=20230124T024241, end_date=20230124T024242
[2023-01-24 02:42:42,492] {local_task_job.py:156} INFO - Task exited with return code 0
[2023-01-24 02:42:42,725] {local_task_job.py:273} INFO - 1 downstream tasks scheduled from follow-on schedule check
