[2023-01-24 02:44:30,077] {taskinstance.py:1179} INFO - Dependencies all met for <TaskInstance: Respuesta_Nasa.Obtener_Datos_SPACEX scheduled__2023-01-01T01:55:00+00:00 [queued]>
[2023-01-24 02:44:30,139] {taskinstance.py:1179} INFO - Dependencies all met for <TaskInstance: Respuesta_Nasa.Obtener_Datos_SPACEX scheduled__2023-01-01T01:55:00+00:00 [queued]>
[2023-01-24 02:44:30,140] {taskinstance.py:1376} INFO - 
--------------------------------------------------------------------------------
[2023-01-24 02:44:30,141] {taskinstance.py:1377} INFO - Starting attempt 1 of 2
[2023-01-24 02:44:30,141] {taskinstance.py:1378} INFO - 
--------------------------------------------------------------------------------
[2023-01-24 02:44:30,205] {taskinstance.py:1397} INFO - Executing <Task(BashOperator): Obtener_Datos_SPACEX> on 2023-01-01 01:55:00+00:00
[2023-01-24 02:44:30,234] {standard_task_runner.py:52} INFO - Started process 2299 to run task
[2023-01-24 02:44:30,255] {standard_task_runner.py:79} INFO - Running: ['***', 'tasks', 'run', 'Respuesta_Nasa', 'Obtener_Datos_SPACEX', 'scheduled__2023-01-01T01:55:00+00:00', '--job-id', '374', '--raw', '--subdir', 'DAGS_FOLDER/00-ETL_spaceX.py', '--cfg-path', '/tmp/tmpnmsfnqmr', '--error-file', '/tmp/tmp_6qpq8nj']
[2023-01-24 02:44:30,269] {standard_task_runner.py:80} INFO - Job 374: Subtask Obtener_Datos_SPACEX
[2023-01-24 02:44:30,609] {task_command.py:371} INFO - Running <TaskInstance: Respuesta_Nasa.Obtener_Datos_SPACEX scheduled__2023-01-01T01:55:00+00:00 [running]> on host fd9891b969b0
[2023-01-24 02:44:30,977] {taskinstance.py:1591} INFO - Exporting the following env vars:
AIRFLOW_CTX_DAG_OWNER=me
AIRFLOW_CTX_DAG_ID=Respuesta_Nasa
AIRFLOW_CTX_TASK_ID=Obtener_Datos_SPACEX
AIRFLOW_CTX_EXECUTION_DATE=2023-01-01T01:55:00+00:00
AIRFLOW_CTX_TRY_NUMBER=1
AIRFLOW_CTX_DAG_RUN_ID=scheduled__2023-01-01T01:55:00+00:00
[2023-01-24 02:44:30,979] {subprocess.py:62} INFO - Tmp dir root location: 
 /tmp
[2023-01-24 02:44:30,984] {subprocess.py:74} INFO - Running command: ['bash', '-c', 'curl https://api.spacexdata.com/v4/launches/past > /tmp/spacex_20230101.json']
[2023-01-24 02:44:31,011] {subprocess.py:85} INFO - Output:
[2023-01-24 02:44:31,038] {subprocess.py:92} INFO -   % Total    % Received % Xferd  Average Speed   Time    Time     Time  Current
[2023-01-24 02:44:31,038] {subprocess.py:92} INFO -                                  Dload  Upload   Total   Spent    Left  Speed
[2023-01-24 02:44:32,156] {subprocess.py:92} INFO -   0     0    0     0    0     0      0      0 --:--:-- --:--:-- --:--:--     0100 15389    0 15389    0     0  24982      0 --:--:-- --:--:-- --:--:-- 24941100  406k    0  406k    0     0   363k      0 --:--:--  0:00:01 --:--:--  363k
[2023-01-24 02:44:32,160] {subprocess.py:96} INFO - Command exited with return code 0
[2023-01-24 02:44:32,244] {taskinstance.py:1420} INFO - Marking task as SUCCESS. dag_id=Respuesta_Nasa, task_id=Obtener_Datos_SPACEX, execution_date=20230101T015500, start_date=20230124T024430, end_date=20230124T024432
[2023-01-24 02:44:32,360] {local_task_job.py:156} INFO - Task exited with return code 0
[2023-01-24 02:44:32,606] {local_task_job.py:273} INFO - 0 downstream tasks scheduled from follow-on schedule check
