[2023-01-24 02:40:26,630] {taskinstance.py:1179} INFO - Dependencies all met for <TaskInstance: Respuesta_Nasa.Leer_Datos_Respuesta_Nasa scheduled__2023-01-01T00:02:00+00:00 [queued]>
[2023-01-24 02:40:26,645] {taskinstance.py:1179} INFO - Dependencies all met for <TaskInstance: Respuesta_Nasa.Leer_Datos_Respuesta_Nasa scheduled__2023-01-01T00:02:00+00:00 [queued]>
[2023-01-24 02:40:26,645] {taskinstance.py:1376} INFO - 
--------------------------------------------------------------------------------
[2023-01-24 02:40:26,646] {taskinstance.py:1377} INFO - Starting attempt 1 of 2
[2023-01-24 02:40:26,646] {taskinstance.py:1378} INFO - 
--------------------------------------------------------------------------------
[2023-01-24 02:40:26,678] {taskinstance.py:1397} INFO - Executing <Task(BashOperator): Leer_Datos_Respuesta_Nasa> on 2023-01-01 00:02:00+00:00
[2023-01-24 02:40:26,692] {standard_task_runner.py:52} INFO - Started process 250 to run task
[2023-01-24 02:40:26,697] {standard_task_runner.py:79} INFO - Running: ['***', 'tasks', 'run', 'Respuesta_Nasa', 'Leer_Datos_Respuesta_Nasa', 'scheduled__2023-01-01T00:02:00+00:00', '--job-id', '21', '--raw', '--subdir', 'DAGS_FOLDER/00-ETL_spaceX.py', '--cfg-path', '/tmp/tmp2shuacrp', '--error-file', '/tmp/tmp1t71j8t6']
[2023-01-24 02:40:26,702] {standard_task_runner.py:80} INFO - Job 21: Subtask Leer_Datos_Respuesta_Nasa
[2023-01-24 02:40:26,962] {task_command.py:371} INFO - Running <TaskInstance: Respuesta_Nasa.Leer_Datos_Respuesta_Nasa scheduled__2023-01-01T00:02:00+00:00 [running]> on host fd9891b969b0
[2023-01-24 02:40:27,290] {taskinstance.py:1591} INFO - Exporting the following env vars:
AIRFLOW_CTX_DAG_OWNER=me
AIRFLOW_CTX_DAG_ID=Respuesta_Nasa
AIRFLOW_CTX_TASK_ID=Leer_Datos_Respuesta_Nasa
AIRFLOW_CTX_EXECUTION_DATE=2023-01-01T00:02:00+00:00
AIRFLOW_CTX_TRY_NUMBER=1
AIRFLOW_CTX_DAG_RUN_ID=scheduled__2023-01-01T00:02:00+00:00
[2023-01-24 02:40:27,292] {subprocess.py:62} INFO - Tmp dir root location: 
 /tmp
[2023-01-24 02:40:27,292] {subprocess.py:74} INFO - Running command: ['bash', '-c', 'ls /tmp && head /tmp/response_20230101.txt']
[2023-01-24 02:40:27,329] {subprocess.py:85} INFO - Output:
[2023-01-24 02:40:27,353] {subprocess.py:92} INFO - ***tmp3kaddlzr
[2023-01-24 02:40:27,353] {subprocess.py:92} INFO - ***tmp6lvzmc_5
[2023-01-24 02:40:27,353] {subprocess.py:92} INFO - ***tmpkp46w37v
[2023-01-24 02:40:27,354] {subprocess.py:92} INFO - ***tmpo4rnxdp6
[2023-01-24 02:40:27,354] {subprocess.py:92} INFO - ***tmpoqquwowb
[2023-01-24 02:40:27,354] {subprocess.py:92} INFO - ***tmpq2tpuidf
[2023-01-24 02:40:27,354] {subprocess.py:92} INFO - pymp-igsi0xnb
[2023-01-24 02:40:27,354] {subprocess.py:92} INFO - response_20230101.txt
[2023-01-24 02:40:27,355] {subprocess.py:92} INFO - tmp15pyrnnp
[2023-01-24 02:40:27,355] {subprocess.py:92} INFO - tmp1t71j8t6
[2023-01-24 02:40:27,355] {subprocess.py:92} INFO - tmp7k7wl8m4
[2023-01-24 02:40:27,355] {subprocess.py:92} INFO - tmp8pgdd814
[2023-01-24 02:40:27,355] {subprocess.py:92} INFO - tmpel_1ueq2
[2023-01-24 02:40:27,355] {subprocess.py:92} INFO - tmpf8opdc6p
[2023-01-24 02:40:27,355] {subprocess.py:92} INFO - tmpm8eolpb7
[2023-01-24 02:40:27,356] {subprocess.py:92} INFO - tmpnvc2r2ky
[2023-01-24 02:40:27,356] {subprocess.py:92} INFO - tmppp5ufl9_
[2023-01-24 02:40:27,356] {subprocess.py:92} INFO - tmppzz9jaj2
[2023-01-24 02:40:27,356] {subprocess.py:92} INFO - tmpqo5bxr47
[2023-01-24 02:40:27,356] {subprocess.py:92} INFO - tmpuv1mkuoy
[2023-01-24 02:40:27,356] {subprocess.py:92} INFO - tmpy3wh_1uc
[2023-01-24 02:40:27,359] {subprocess.py:92} INFO - Confirmación de la NASA, pueden proceder
[2023-01-24 02:40:27,360] {subprocess.py:96} INFO - Command exited with return code 0
[2023-01-24 02:40:27,458] {taskinstance.py:1420} INFO - Marking task as SUCCESS. dag_id=Respuesta_Nasa, task_id=Leer_Datos_Respuesta_Nasa, execution_date=20230101T000200, start_date=20230124T024026, end_date=20230124T024027
[2023-01-24 02:40:27,525] {local_task_job.py:156} INFO - Task exited with return code 0
[2023-01-24 02:40:27,793] {local_task_job.py:273} INFO - 1 downstream tasks scheduled from follow-on schedule check
