[2023-01-24 02:44:31,843] {taskinstance.py:1179} INFO - Dependencies all met for <TaskInstance: Respuesta_Nasa.Obtener_Datos_SPACEX scheduled__2023-01-01T02:01:00+00:00 [queued]>
[2023-01-24 02:44:31,865] {taskinstance.py:1179} INFO - Dependencies all met for <TaskInstance: Respuesta_Nasa.Obtener_Datos_SPACEX scheduled__2023-01-01T02:01:00+00:00 [queued]>
[2023-01-24 02:44:31,865] {taskinstance.py:1376} INFO - 
--------------------------------------------------------------------------------
[2023-01-24 02:44:31,866] {taskinstance.py:1377} INFO - Starting attempt 1 of 2
[2023-01-24 02:44:31,866] {taskinstance.py:1378} INFO - 
--------------------------------------------------------------------------------
[2023-01-24 02:44:31,919] {taskinstance.py:1397} INFO - Executing <Task(BashOperator): Obtener_Datos_SPACEX> on 2023-01-01 02:01:00+00:00
[2023-01-24 02:44:31,930] {standard_task_runner.py:52} INFO - Started process 2342 to run task
[2023-01-24 02:44:31,945] {standard_task_runner.py:79} INFO - Running: ['***', 'tasks', 'run', 'Respuesta_Nasa', 'Obtener_Datos_SPACEX', 'scheduled__2023-01-01T02:01:00+00:00', '--job-id', '381', '--raw', '--subdir', 'DAGS_FOLDER/00-ETL_spaceX.py', '--cfg-path', '/tmp/tmp3dpo24se', '--error-file', '/tmp/tmp60wv2a6t']
[2023-01-24 02:44:31,950] {standard_task_runner.py:80} INFO - Job 381: Subtask Obtener_Datos_SPACEX
[2023-01-24 02:44:32,242] {task_command.py:371} INFO - Running <TaskInstance: Respuesta_Nasa.Obtener_Datos_SPACEX scheduled__2023-01-01T02:01:00+00:00 [running]> on host fd9891b969b0
[2023-01-24 02:44:32,559] {taskinstance.py:1591} INFO - Exporting the following env vars:
AIRFLOW_CTX_DAG_OWNER=me
AIRFLOW_CTX_DAG_ID=Respuesta_Nasa
AIRFLOW_CTX_TASK_ID=Obtener_Datos_SPACEX
AIRFLOW_CTX_EXECUTION_DATE=2023-01-01T02:01:00+00:00
AIRFLOW_CTX_TRY_NUMBER=1
AIRFLOW_CTX_DAG_RUN_ID=scheduled__2023-01-01T02:01:00+00:00
[2023-01-24 02:44:32,561] {subprocess.py:62} INFO - Tmp dir root location: 
 /tmp
[2023-01-24 02:44:32,565] {subprocess.py:74} INFO - Running command: ['bash', '-c', 'curl https://api.spacexdata.com/v4/launches/past > /tmp/spacex_20230101.json']
[2023-01-24 02:44:32,583] {subprocess.py:85} INFO - Output:
[2023-01-24 02:44:32,613] {subprocess.py:92} INFO -   % Total    % Received % Xferd  Average Speed   Time    Time     Time  Current
[2023-01-24 02:44:32,614] {subprocess.py:92} INFO -                                  Dload  Upload   Total   Spent    Left  Speed
[2023-01-24 02:44:33,560] {subprocess.py:92} INFO -   0     0    0     0    0     0      0      0 --:--:-- --:--:-- --:--:--     0  0     0    0     0    0     0      0      0 --:--:-- --:--:-- --:--:--     0100  406k    0  406k    0     0   428k      0 --:--:-- --:--:-- --:--:--  428k
[2023-01-24 02:44:33,564] {subprocess.py:96} INFO - Command exited with return code 0
[2023-01-24 02:44:33,603] {taskinstance.py:1420} INFO - Marking task as SUCCESS. dag_id=Respuesta_Nasa, task_id=Obtener_Datos_SPACEX, execution_date=20230101T020100, start_date=20230124T024431, end_date=20230124T024433
[2023-01-24 02:44:33,672] {local_task_job.py:156} INFO - Task exited with return code 0
[2023-01-24 02:44:33,720] {local_task_job.py:273} INFO - 0 downstream tasks scheduled from follow-on schedule check
