[2023-01-24 02:43:16,007] {taskinstance.py:1179} INFO - Dependencies all met for <TaskInstance: Respuesta_Nasa.Leer_Datos_Respuesta_Nasa scheduled__2023-01-01T01:20:00+00:00 [queued]>
[2023-01-24 02:43:16,019] {taskinstance.py:1179} INFO - Dependencies all met for <TaskInstance: Respuesta_Nasa.Leer_Datos_Respuesta_Nasa scheduled__2023-01-01T01:20:00+00:00 [queued]>
[2023-01-24 02:43:16,020] {taskinstance.py:1376} INFO - 
--------------------------------------------------------------------------------
[2023-01-24 02:43:16,020] {taskinstance.py:1377} INFO - Starting attempt 1 of 2
[2023-01-24 02:43:16,020] {taskinstance.py:1378} INFO - 
--------------------------------------------------------------------------------
[2023-01-24 02:43:16,109] {taskinstance.py:1397} INFO - Executing <Task(BashOperator): Leer_Datos_Respuesta_Nasa> on 2023-01-01 01:20:00+00:00
[2023-01-24 02:43:16,116] {standard_task_runner.py:52} INFO - Started process 1639 to run task
[2023-01-24 02:43:16,126] {standard_task_runner.py:79} INFO - Running: ['***', 'tasks', 'run', 'Respuesta_Nasa', 'Leer_Datos_Respuesta_Nasa', 'scheduled__2023-01-01T01:20:00+00:00', '--job-id', '260', '--raw', '--subdir', 'DAGS_FOLDER/00-ETL_spaceX.py', '--cfg-path', '/tmp/tmpiey7krtb', '--error-file', '/tmp/tmp1rhhgake']
[2023-01-24 02:43:16,128] {standard_task_runner.py:80} INFO - Job 260: Subtask Leer_Datos_Respuesta_Nasa
[2023-01-24 02:43:16,251] {task_command.py:371} INFO - Running <TaskInstance: Respuesta_Nasa.Leer_Datos_Respuesta_Nasa scheduled__2023-01-01T01:20:00+00:00 [running]> on host fd9891b969b0
[2023-01-24 02:43:16,373] {taskinstance.py:1591} INFO - Exporting the following env vars:
AIRFLOW_CTX_DAG_OWNER=me
AIRFLOW_CTX_DAG_ID=Respuesta_Nasa
AIRFLOW_CTX_TASK_ID=Leer_Datos_Respuesta_Nasa
AIRFLOW_CTX_EXECUTION_DATE=2023-01-01T01:20:00+00:00
AIRFLOW_CTX_TRY_NUMBER=1
AIRFLOW_CTX_DAG_RUN_ID=scheduled__2023-01-01T01:20:00+00:00
[2023-01-24 02:43:16,375] {subprocess.py:62} INFO - Tmp dir root location: 
 /tmp
[2023-01-24 02:43:16,376] {subprocess.py:74} INFO - Running command: ['bash', '-c', 'ls /tmp && head /tmp/response_20230101.txt']
[2023-01-24 02:43:16,388] {subprocess.py:85} INFO - Output:
[2023-01-24 02:43:16,392] {subprocess.py:92} INFO - ***tmp2aw9daa5
[2023-01-24 02:43:16,392] {subprocess.py:92} INFO - ***tmp3nsmzwk1
[2023-01-24 02:43:16,392] {subprocess.py:92} INFO - ***tmp43xj3zjm
[2023-01-24 02:43:16,392] {subprocess.py:92} INFO - ***tmp80svek5n
[2023-01-24 02:43:16,392] {subprocess.py:92} INFO - ***tmp_a5zj0so
[2023-01-24 02:43:16,392] {subprocess.py:92} INFO - ***tmp_w2f6s73
[2023-01-24 02:43:16,392] {subprocess.py:92} INFO - ***tmpc1ke85zl
[2023-01-24 02:43:16,393] {subprocess.py:92} INFO - ***tmpd2p6lr32
[2023-01-24 02:43:16,393] {subprocess.py:92} INFO - ***tmpm2p9whm3
[2023-01-24 02:43:16,393] {subprocess.py:92} INFO - ***tmpmbmhbogd
[2023-01-24 02:43:16,393] {subprocess.py:92} INFO - ***tmpua1i0fkl
[2023-01-24 02:43:16,393] {subprocess.py:92} INFO - ***tmpxo_v7qup
[2023-01-24 02:43:16,393] {subprocess.py:92} INFO - ***tmpz3q6run3
[2023-01-24 02:43:16,393] {subprocess.py:92} INFO - pymp-igsi0xnb
[2023-01-24 02:43:16,393] {subprocess.py:92} INFO - response_20230101.txt
[2023-01-24 02:43:16,393] {subprocess.py:92} INFO - spacex_20230101.json
[2023-01-24 02:43:16,394] {subprocess.py:92} INFO - tmp0vff_rcn
[2023-01-24 02:43:16,394] {subprocess.py:92} INFO - tmp1rhhgake
[2023-01-24 02:43:16,394] {subprocess.py:92} INFO - tmp3wjufusz
[2023-01-24 02:43:16,394] {subprocess.py:92} INFO - tmpdw61v138
[2023-01-24 02:43:16,394] {subprocess.py:92} INFO - tmpg0rggbcr
[2023-01-24 02:43:16,394] {subprocess.py:92} INFO - tmphg5k59k_
[2023-01-24 02:43:16,394] {subprocess.py:92} INFO - tmphh8row06
[2023-01-24 02:43:16,394] {subprocess.py:92} INFO - tmpinycs6yv
[2023-01-24 02:43:16,395] {subprocess.py:92} INFO - tmpm6f9eqjg
[2023-01-24 02:43:16,395] {subprocess.py:92} INFO - tmpnvc2r2ky
[2023-01-24 02:43:16,395] {subprocess.py:92} INFO - tmpphoqdnxp
[2023-01-24 02:43:16,395] {subprocess.py:92} INFO - tmpulx2dpb2
[2023-01-24 02:43:16,395] {subprocess.py:92} INFO - tmpv9if5f0a
[2023-01-24 02:43:16,395] {subprocess.py:92} INFO - tmpxt_x3ssz
[2023-01-24 02:43:16,395] {subprocess.py:92} INFO - Confirmación de la NASA, pueden proceder
[2023-01-24 02:43:16,396] {subprocess.py:96} INFO - Command exited with return code 0
[2023-01-24 02:43:16,438] {taskinstance.py:1420} INFO - Marking task as SUCCESS. dag_id=Respuesta_Nasa, task_id=Leer_Datos_Respuesta_Nasa, execution_date=20230101T012000, start_date=20230124T024316, end_date=20230124T024316
[2023-01-24 02:43:16,493] {local_task_job.py:156} INFO - Task exited with return code 0
[2023-01-24 02:43:16,547] {local_task_job.py:273} INFO - 1 downstream tasks scheduled from follow-on schedule check
