[2023-01-24 02:40:27,948] {taskinstance.py:1179} INFO - Dependencies all met for <TaskInstance: Respuesta_Nasa.Leer_Datos_Respuesta_Nasa scheduled__2023-01-01T00:08:00+00:00 [queued]>
[2023-01-24 02:40:27,968] {taskinstance.py:1179} INFO - Dependencies all met for <TaskInstance: Respuesta_Nasa.Leer_Datos_Respuesta_Nasa scheduled__2023-01-01T00:08:00+00:00 [queued]>
[2023-01-24 02:40:27,968] {taskinstance.py:1376} INFO - 
--------------------------------------------------------------------------------
[2023-01-24 02:40:27,968] {taskinstance.py:1377} INFO - Starting attempt 1 of 2
[2023-01-24 02:40:27,968] {taskinstance.py:1378} INFO - 
--------------------------------------------------------------------------------
[2023-01-24 02:40:27,996] {taskinstance.py:1397} INFO - Executing <Task(BashOperator): Leer_Datos_Respuesta_Nasa> on 2023-01-01 00:08:00+00:00
[2023-01-24 02:40:28,003] {standard_task_runner.py:52} INFO - Started process 280 to run task
[2023-01-24 02:40:28,007] {standard_task_runner.py:79} INFO - Running: ['***', 'tasks', 'run', 'Respuesta_Nasa', 'Leer_Datos_Respuesta_Nasa', 'scheduled__2023-01-01T00:08:00+00:00', '--job-id', '26', '--raw', '--subdir', 'DAGS_FOLDER/00-ETL_spaceX.py', '--cfg-path', '/tmp/tmp858dctgd', '--error-file', '/tmp/tmp24uacua8']
[2023-01-24 02:40:28,009] {standard_task_runner.py:80} INFO - Job 26: Subtask Leer_Datos_Respuesta_Nasa
[2023-01-24 02:40:28,086] {task_command.py:371} INFO - Running <TaskInstance: Respuesta_Nasa.Leer_Datos_Respuesta_Nasa scheduled__2023-01-01T00:08:00+00:00 [running]> on host fd9891b969b0
[2023-01-24 02:40:28,197] {taskinstance.py:1591} INFO - Exporting the following env vars:
AIRFLOW_CTX_DAG_OWNER=me
AIRFLOW_CTX_DAG_ID=Respuesta_Nasa
AIRFLOW_CTX_TASK_ID=Leer_Datos_Respuesta_Nasa
AIRFLOW_CTX_EXECUTION_DATE=2023-01-01T00:08:00+00:00
AIRFLOW_CTX_TRY_NUMBER=1
AIRFLOW_CTX_DAG_RUN_ID=scheduled__2023-01-01T00:08:00+00:00
[2023-01-24 02:40:28,204] {subprocess.py:62} INFO - Tmp dir root location: 
 /tmp
[2023-01-24 02:40:28,205] {subprocess.py:74} INFO - Running command: ['bash', '-c', 'ls /tmp && head /tmp/response_20230101.txt']
[2023-01-24 02:40:28,229] {subprocess.py:85} INFO - Output:
[2023-01-24 02:40:28,234] {subprocess.py:92} INFO - ***tmp5wmpvmtv
[2023-01-24 02:40:28,234] {subprocess.py:92} INFO - pymp-igsi0xnb
[2023-01-24 02:40:28,234] {subprocess.py:92} INFO - response_20230101.txt
[2023-01-24 02:40:28,234] {subprocess.py:92} INFO - tmp24uacua8
[2023-01-24 02:40:28,234] {subprocess.py:92} INFO - tmp2mommtaw
[2023-01-24 02:40:28,234] {subprocess.py:92} INFO - tmp3c9imtvr
[2023-01-24 02:40:28,234] {subprocess.py:92} INFO - tmp8pgdd814
[2023-01-24 02:40:28,235] {subprocess.py:92} INFO - tmp9qxlbfl2
[2023-01-24 02:40:28,235] {subprocess.py:92} INFO - tmpnvc2r2ky
[2023-01-24 02:40:28,235] {subprocess.py:92} INFO - tmpqlcfoan1
[2023-01-24 02:40:28,242] {subprocess.py:92} INFO - Confirmación de la NASA, pueden proceder
[2023-01-24 02:40:28,242] {subprocess.py:96} INFO - Command exited with return code 0
[2023-01-24 02:40:28,299] {taskinstance.py:1420} INFO - Marking task as SUCCESS. dag_id=Respuesta_Nasa, task_id=Leer_Datos_Respuesta_Nasa, execution_date=20230101T000800, start_date=20230124T024027, end_date=20230124T024028
[2023-01-24 02:40:28,423] {local_task_job.py:156} INFO - Task exited with return code 0
[2023-01-24 02:40:28,569] {local_task_job.py:273} INFO - 1 downstream tasks scheduled from follow-on schedule check
