[2023-01-24 02:44:24,308] {taskinstance.py:1179} INFO - Dependencies all met for <TaskInstance: Respuesta_Nasa.Leer_Datos_Respuesta_Nasa scheduled__2023-01-01T01:53:00+00:00 [queued]>
[2023-01-24 02:44:24,320] {taskinstance.py:1179} INFO - Dependencies all met for <TaskInstance: Respuesta_Nasa.Leer_Datos_Respuesta_Nasa scheduled__2023-01-01T01:53:00+00:00 [queued]>
[2023-01-24 02:44:24,320] {taskinstance.py:1376} INFO - 
--------------------------------------------------------------------------------
[2023-01-24 02:44:24,320] {taskinstance.py:1377} INFO - Starting attempt 1 of 2
[2023-01-24 02:44:24,320] {taskinstance.py:1378} INFO - 
--------------------------------------------------------------------------------
[2023-01-24 02:44:24,336] {taskinstance.py:1397} INFO - Executing <Task(BashOperator): Leer_Datos_Respuesta_Nasa> on 2023-01-01 01:53:00+00:00
[2023-01-24 02:44:24,341] {standard_task_runner.py:52} INFO - Started process 2208 to run task
[2023-01-24 02:44:24,344] {standard_task_runner.py:79} INFO - Running: ['***', 'tasks', 'run', 'Respuesta_Nasa', 'Leer_Datos_Respuesta_Nasa', 'scheduled__2023-01-01T01:53:00+00:00', '--job-id', '356', '--raw', '--subdir', 'DAGS_FOLDER/00-ETL_spaceX.py', '--cfg-path', '/tmp/tmpvi6r78q4', '--error-file', '/tmp/tmp1mlnouc7']
[2023-01-24 02:44:24,346] {standard_task_runner.py:80} INFO - Job 356: Subtask Leer_Datos_Respuesta_Nasa
[2023-01-24 02:44:24,431] {task_command.py:371} INFO - Running <TaskInstance: Respuesta_Nasa.Leer_Datos_Respuesta_Nasa scheduled__2023-01-01T01:53:00+00:00 [running]> on host fd9891b969b0
[2023-01-24 02:44:24,529] {taskinstance.py:1591} INFO - Exporting the following env vars:
AIRFLOW_CTX_DAG_OWNER=me
AIRFLOW_CTX_DAG_ID=Respuesta_Nasa
AIRFLOW_CTX_TASK_ID=Leer_Datos_Respuesta_Nasa
AIRFLOW_CTX_EXECUTION_DATE=2023-01-01T01:53:00+00:00
AIRFLOW_CTX_TRY_NUMBER=1
AIRFLOW_CTX_DAG_RUN_ID=scheduled__2023-01-01T01:53:00+00:00
[2023-01-24 02:44:24,531] {subprocess.py:62} INFO - Tmp dir root location: 
 /tmp
[2023-01-24 02:44:24,531] {subprocess.py:74} INFO - Running command: ['bash', '-c', 'ls /tmp && head /tmp/response_20230101.txt']
[2023-01-24 02:44:24,544] {subprocess.py:85} INFO - Output:
[2023-01-24 02:44:24,549] {subprocess.py:92} INFO - ***tmp2kc7mnkk
[2023-01-24 02:44:24,549] {subprocess.py:92} INFO - ***tmp36ckh7s4
[2023-01-24 02:44:24,549] {subprocess.py:92} INFO - ***tmp5a5273_i
[2023-01-24 02:44:24,549] {subprocess.py:92} INFO - ***tmp5w91u3u2
[2023-01-24 02:44:24,549] {subprocess.py:92} INFO - ***tmp_bqsd2pa
[2023-01-24 02:44:24,549] {subprocess.py:92} INFO - ***tmpbqsnyrdz
[2023-01-24 02:44:24,550] {subprocess.py:92} INFO - ***tmpjeyf7fbc
[2023-01-24 02:44:24,550] {subprocess.py:92} INFO - ***tmpn5akf89x
[2023-01-24 02:44:24,550] {subprocess.py:92} INFO - ***tmpo4suwbu1
[2023-01-24 02:44:24,550] {subprocess.py:92} INFO - ***tmpogocbpnn
[2023-01-24 02:44:24,550] {subprocess.py:92} INFO - ***tmps_6zbgw4
[2023-01-24 02:44:24,550] {subprocess.py:92} INFO - pymp-igsi0xnb
[2023-01-24 02:44:24,550] {subprocess.py:92} INFO - response_20230101.txt
[2023-01-24 02:44:24,551] {subprocess.py:92} INFO - spacex_20230101.json
[2023-01-24 02:44:24,551] {subprocess.py:92} INFO - tmp1mlnouc7
[2023-01-24 02:44:24,551] {subprocess.py:92} INFO - tmp6_umcmt7
[2023-01-24 02:44:24,551] {subprocess.py:92} INFO - tmpdtj_c5cs
[2023-01-24 02:44:24,551] {subprocess.py:92} INFO - tmpinj6vkvy
[2023-01-24 02:44:24,551] {subprocess.py:92} INFO - tmpk1sxt519
[2023-01-24 02:44:24,551] {subprocess.py:92} INFO - tmpnvc2r2ky
[2023-01-24 02:44:24,551] {subprocess.py:92} INFO - tmps_b3so3d
[2023-01-24 02:44:24,551] {subprocess.py:92} INFO - tmpu5g_vto0
[2023-01-24 02:44:24,551] {subprocess.py:92} INFO - tmpv4_t299o
[2023-01-24 02:44:24,552] {subprocess.py:92} INFO - tmpvv1ih8mf
[2023-01-24 02:44:24,552] {subprocess.py:92} INFO - tmpwzzha3us
[2023-01-24 02:44:24,552] {subprocess.py:92} INFO - tmpyajh3ipa
[2023-01-24 02:44:24,552] {subprocess.py:92} INFO - Confirmación de la NASA, pueden proceder
[2023-01-24 02:44:24,552] {subprocess.py:96} INFO - Command exited with return code 0
[2023-01-24 02:44:24,596] {taskinstance.py:1420} INFO - Marking task as SUCCESS. dag_id=Respuesta_Nasa, task_id=Leer_Datos_Respuesta_Nasa, execution_date=20230101T015300, start_date=20230124T024424, end_date=20230124T024424
[2023-01-24 02:44:24,636] {local_task_job.py:156} INFO - Task exited with return code 0
[2023-01-24 02:44:24,677] {local_task_job.py:273} INFO - 1 downstream tasks scheduled from follow-on schedule check
