[2023-01-24 02:43:57,700] {taskinstance.py:1179} INFO - Dependencies all met for <TaskInstance: Respuesta_Nasa.Obtener_Datos_SPACEX scheduled__2023-01-01T01:48:00+00:00 [queued]>
[2023-01-24 02:43:57,720] {taskinstance.py:1179} INFO - Dependencies all met for <TaskInstance: Respuesta_Nasa.Obtener_Datos_SPACEX scheduled__2023-01-01T01:48:00+00:00 [queued]>
[2023-01-24 02:43:57,720] {taskinstance.py:1376} INFO - 
--------------------------------------------------------------------------------
[2023-01-24 02:43:57,720] {taskinstance.py:1377} INFO - Starting attempt 1 of 2
[2023-01-24 02:43:57,721] {taskinstance.py:1378} INFO - 
--------------------------------------------------------------------------------
[2023-01-24 02:43:57,749] {taskinstance.py:1397} INFO - Executing <Task(BashOperator): Obtener_Datos_SPACEX> on 2023-01-01 01:48:00+00:00
[2023-01-24 02:43:57,758] {standard_task_runner.py:52} INFO - Started process 2081 to run task
[2023-01-24 02:43:57,764] {standard_task_runner.py:79} INFO - Running: ['***', 'tasks', 'run', 'Respuesta_Nasa', 'Obtener_Datos_SPACEX', 'scheduled__2023-01-01T01:48:00+00:00', '--job-id', '338', '--raw', '--subdir', 'DAGS_FOLDER/00-ETL_spaceX.py', '--cfg-path', '/tmp/tmp99zrueuk', '--error-file', '/tmp/tmpohrlsyug']
[2023-01-24 02:43:57,768] {standard_task_runner.py:80} INFO - Job 338: Subtask Obtener_Datos_SPACEX
[2023-01-24 02:43:57,913] {task_command.py:371} INFO - Running <TaskInstance: Respuesta_Nasa.Obtener_Datos_SPACEX scheduled__2023-01-01T01:48:00+00:00 [running]> on host fd9891b969b0
[2023-01-24 02:43:58,056] {taskinstance.py:1591} INFO - Exporting the following env vars:
AIRFLOW_CTX_DAG_OWNER=me
AIRFLOW_CTX_DAG_ID=Respuesta_Nasa
AIRFLOW_CTX_TASK_ID=Obtener_Datos_SPACEX
AIRFLOW_CTX_EXECUTION_DATE=2023-01-01T01:48:00+00:00
AIRFLOW_CTX_TRY_NUMBER=1
AIRFLOW_CTX_DAG_RUN_ID=scheduled__2023-01-01T01:48:00+00:00
[2023-01-24 02:43:58,058] {subprocess.py:62} INFO - Tmp dir root location: 
 /tmp
[2023-01-24 02:43:58,058] {subprocess.py:74} INFO - Running command: ['bash', '-c', 'curl https://api.spacexdata.com/v4/launches/past > /tmp/spacex_20230101.json']
[2023-01-24 02:43:58,070] {subprocess.py:85} INFO - Output:
[2023-01-24 02:43:58,080] {subprocess.py:92} INFO -   % Total    % Received % Xferd  Average Speed   Time    Time     Time  Current
[2023-01-24 02:43:58,080] {subprocess.py:92} INFO -                                  Dload  Upload   Total   Spent    Left  Speed
[2023-01-24 02:44:00,122] {subprocess.py:92} INFO -   0     0    0     0    0     0      0      0 --:--:-- --:--:-- --:--:--     0100 74419    0 74419    0     0  91762      0 --:--:-- --:--:-- --:--:-- 91649100  392k    0  392k    0     0   192k      0 --:--:--  0:00:02 --:--:--  192k100  406k    0  406k    0     0   199k      0 --:--:--  0:00:02 --:--:--  199k
[2023-01-24 02:44:00,125] {subprocess.py:96} INFO - Command exited with return code 0
[2023-01-24 02:44:00,160] {taskinstance.py:1420} INFO - Marking task as SUCCESS. dag_id=Respuesta_Nasa, task_id=Obtener_Datos_SPACEX, execution_date=20230101T014800, start_date=20230124T024357, end_date=20230124T024400
[2023-01-24 02:44:00,204] {local_task_job.py:156} INFO - Task exited with return code 0
[2023-01-24 02:44:00,239] {local_task_job.py:273} INFO - 0 downstream tasks scheduled from follow-on schedule check
