[2023-01-24 02:40:31,236] {taskinstance.py:1179} INFO - Dependencies all met for <TaskInstance: Respuesta_Nasa.Leer_Datos_Respuesta_Nasa scheduled__2023-01-01T00:15:00+00:00 [queued]>
[2023-01-24 02:40:31,256] {taskinstance.py:1179} INFO - Dependencies all met for <TaskInstance: Respuesta_Nasa.Leer_Datos_Respuesta_Nasa scheduled__2023-01-01T00:15:00+00:00 [queued]>
[2023-01-24 02:40:31,256] {taskinstance.py:1376} INFO - 
--------------------------------------------------------------------------------
[2023-01-24 02:40:31,257] {taskinstance.py:1377} INFO - Starting attempt 1 of 2
[2023-01-24 02:40:31,257] {taskinstance.py:1378} INFO - 
--------------------------------------------------------------------------------
[2023-01-24 02:40:31,293] {taskinstance.py:1397} INFO - Executing <Task(BashOperator): Leer_Datos_Respuesta_Nasa> on 2023-01-01 00:15:00+00:00
[2023-01-24 02:40:31,305] {standard_task_runner.py:52} INFO - Started process 366 to run task
[2023-01-24 02:40:31,309] {standard_task_runner.py:79} INFO - Running: ['***', 'tasks', 'run', 'Respuesta_Nasa', 'Leer_Datos_Respuesta_Nasa', 'scheduled__2023-01-01T00:15:00+00:00', '--job-id', '42', '--raw', '--subdir', 'DAGS_FOLDER/00-ETL_spaceX.py', '--cfg-path', '/tmp/tmpjytulsb_', '--error-file', '/tmp/tmp9uyfixxe']
[2023-01-24 02:40:31,326] {standard_task_runner.py:80} INFO - Job 42: Subtask Leer_Datos_Respuesta_Nasa
[2023-01-24 02:40:31,558] {task_command.py:371} INFO - Running <TaskInstance: Respuesta_Nasa.Leer_Datos_Respuesta_Nasa scheduled__2023-01-01T00:15:00+00:00 [running]> on host fd9891b969b0
[2023-01-24 02:40:31,824] {taskinstance.py:1591} INFO - Exporting the following env vars:
AIRFLOW_CTX_DAG_OWNER=me
AIRFLOW_CTX_DAG_ID=Respuesta_Nasa
AIRFLOW_CTX_TASK_ID=Leer_Datos_Respuesta_Nasa
AIRFLOW_CTX_EXECUTION_DATE=2023-01-01T00:15:00+00:00
AIRFLOW_CTX_TRY_NUMBER=1
AIRFLOW_CTX_DAG_RUN_ID=scheduled__2023-01-01T00:15:00+00:00
[2023-01-24 02:40:31,828] {subprocess.py:62} INFO - Tmp dir root location: 
 /tmp
[2023-01-24 02:40:31,829] {subprocess.py:74} INFO - Running command: ['bash', '-c', 'ls /tmp && head /tmp/response_20230101.txt']
[2023-01-24 02:40:31,862] {subprocess.py:85} INFO - Output:
[2023-01-24 02:40:31,869] {subprocess.py:92} INFO - ***tmp3f1d4frr
[2023-01-24 02:40:31,869] {subprocess.py:92} INFO - ***tmp5if15hpg
[2023-01-24 02:40:31,869] {subprocess.py:92} INFO - ***tmpcktn545t
[2023-01-24 02:40:31,869] {subprocess.py:92} INFO - ***tmpd7bohxrn
[2023-01-24 02:40:31,870] {subprocess.py:92} INFO - ***tmpghi825_k
[2023-01-24 02:40:31,870] {subprocess.py:92} INFO - ***tmpiu5u_a8y
[2023-01-24 02:40:31,870] {subprocess.py:92} INFO - ***tmppzr5kdj8
[2023-01-24 02:40:31,870] {subprocess.py:92} INFO - ***tmpqeu__y87
[2023-01-24 02:40:31,870] {subprocess.py:92} INFO - ***tmpqg5p8zhg
[2023-01-24 02:40:31,871] {subprocess.py:92} INFO - ***tmpwfqocro7
[2023-01-24 02:40:31,871] {subprocess.py:92} INFO - ***tmpyxwcggsh
[2023-01-24 02:40:31,872] {subprocess.py:92} INFO - pymp-igsi0xnb
[2023-01-24 02:40:31,873] {subprocess.py:92} INFO - response_20230101.txt
[2023-01-24 02:40:31,873] {subprocess.py:92} INFO - spacex_20230101.json
[2023-01-24 02:40:31,873] {subprocess.py:92} INFO - tmp89vc3o14
[2023-01-24 02:40:31,873] {subprocess.py:92} INFO - tmp9uyfixxe
[2023-01-24 02:40:31,875] {subprocess.py:92} INFO - tmp_qaxk8xn
[2023-01-24 02:40:31,876] {subprocess.py:92} INFO - tmpa5g1f_kg
[2023-01-24 02:40:31,876] {subprocess.py:92} INFO - tmpa6de1tl4
[2023-01-24 02:40:31,876] {subprocess.py:92} INFO - tmpdo1skn5m
[2023-01-24 02:40:31,876] {subprocess.py:92} INFO - tmpdx6b9_mi
[2023-01-24 02:40:31,876] {subprocess.py:92} INFO - tmpfvzybsfo
[2023-01-24 02:40:31,877] {subprocess.py:92} INFO - tmpfxm14hw7
[2023-01-24 02:40:31,886] {subprocess.py:92} INFO - tmph0g376x8
[2023-01-24 02:40:31,887] {subprocess.py:92} INFO - tmphkm963yz
[2023-01-24 02:40:31,887] {subprocess.py:92} INFO - tmpnvc2r2ky
[2023-01-24 02:40:31,888] {subprocess.py:92} INFO - tmpp6m9mj4p
[2023-01-24 02:40:31,888] {subprocess.py:92} INFO - tmpsjwro1vc
[2023-01-24 02:40:31,888] {subprocess.py:92} INFO - tmpv4l17xn8
[2023-01-24 02:40:31,888] {subprocess.py:92} INFO - tmpybuops_j
[2023-01-24 02:40:31,890] {subprocess.py:92} INFO - Confirmación de la NASA, pueden proceder
[2023-01-24 02:40:31,892] {subprocess.py:96} INFO - Command exited with return code 0
[2023-01-24 02:40:32,010] {taskinstance.py:1420} INFO - Marking task as SUCCESS. dag_id=Respuesta_Nasa, task_id=Leer_Datos_Respuesta_Nasa, execution_date=20230101T001500, start_date=20230124T024031, end_date=20230124T024032
[2023-01-24 02:40:32,077] {local_task_job.py:156} INFO - Task exited with return code 0
[2023-01-24 02:40:32,180] {local_task_job.py:273} INFO - 1 downstream tasks scheduled from follow-on schedule check
