[2023-01-24 02:42:12,464] {taskinstance.py:1179} INFO - Dependencies all met for <TaskInstance: Respuesta_Nasa.Leer_Datos_Respuesta_Nasa scheduled__2023-01-01T00:57:00+00:00 [queued]>
[2023-01-24 02:42:12,562] {taskinstance.py:1179} INFO - Dependencies all met for <TaskInstance: Respuesta_Nasa.Leer_Datos_Respuesta_Nasa scheduled__2023-01-01T00:57:00+00:00 [queued]>
[2023-01-24 02:42:12,562] {taskinstance.py:1376} INFO - 
--------------------------------------------------------------------------------
[2023-01-24 02:42:12,562] {taskinstance.py:1377} INFO - Starting attempt 1 of 2
[2023-01-24 02:42:12,562] {taskinstance.py:1378} INFO - 
--------------------------------------------------------------------------------
[2023-01-24 02:42:12,677] {taskinstance.py:1397} INFO - Executing <Task(BashOperator): Leer_Datos_Respuesta_Nasa> on 2023-01-01 00:57:00+00:00
[2023-01-24 02:42:12,685] {standard_task_runner.py:52} INFO - Started process 1169 to run task
[2023-01-24 02:42:12,706] {standard_task_runner.py:79} INFO - Running: ['***', 'tasks', 'run', 'Respuesta_Nasa', 'Leer_Datos_Respuesta_Nasa', 'scheduled__2023-01-01T00:57:00+00:00', '--job-id', '179', '--raw', '--subdir', 'DAGS_FOLDER/00-ETL_spaceX.py', '--cfg-path', '/tmp/tmpz13c_vp9', '--error-file', '/tmp/tmpj2c5ks6r']
[2023-01-24 02:42:12,709] {standard_task_runner.py:80} INFO - Job 179: Subtask Leer_Datos_Respuesta_Nasa
[2023-01-24 02:42:13,180] {task_command.py:371} INFO - Running <TaskInstance: Respuesta_Nasa.Leer_Datos_Respuesta_Nasa scheduled__2023-01-01T00:57:00+00:00 [running]> on host fd9891b969b0
[2023-01-24 02:42:13,501] {taskinstance.py:1591} INFO - Exporting the following env vars:
AIRFLOW_CTX_DAG_OWNER=me
AIRFLOW_CTX_DAG_ID=Respuesta_Nasa
AIRFLOW_CTX_TASK_ID=Leer_Datos_Respuesta_Nasa
AIRFLOW_CTX_EXECUTION_DATE=2023-01-01T00:57:00+00:00
AIRFLOW_CTX_TRY_NUMBER=1
AIRFLOW_CTX_DAG_RUN_ID=scheduled__2023-01-01T00:57:00+00:00
[2023-01-24 02:42:13,502] {subprocess.py:62} INFO - Tmp dir root location: 
 /tmp
[2023-01-24 02:42:13,503] {subprocess.py:74} INFO - Running command: ['bash', '-c', 'ls /tmp && head /tmp/response_20230101.txt']
[2023-01-24 02:42:13,550] {subprocess.py:85} INFO - Output:
[2023-01-24 02:42:13,574] {subprocess.py:92} INFO - ***tmp2mh12xwm
[2023-01-24 02:42:13,574] {subprocess.py:92} INFO - ***tmp67n3p65q
[2023-01-24 02:42:13,574] {subprocess.py:92} INFO - ***tmpcli0mwlc
[2023-01-24 02:42:13,575] {subprocess.py:92} INFO - pymp-igsi0xnb
[2023-01-24 02:42:13,575] {subprocess.py:92} INFO - response_20230101.txt
[2023-01-24 02:42:13,575] {subprocess.py:92} INFO - spacex_20230101.json
[2023-01-24 02:42:13,575] {subprocess.py:92} INFO - tmp43a0afuj
[2023-01-24 02:42:13,575] {subprocess.py:92} INFO - tmpdyqfvbi5
[2023-01-24 02:42:13,575] {subprocess.py:92} INFO - tmph_21bd_m
[2023-01-24 02:42:13,575] {subprocess.py:92} INFO - tmpj2c5ks6r
[2023-01-24 02:42:13,576] {subprocess.py:92} INFO - tmpjgyirf_0
[2023-01-24 02:42:13,576] {subprocess.py:92} INFO - tmpmvab17x5
[2023-01-24 02:42:13,576] {subprocess.py:92} INFO - tmpnvc2r2ky
[2023-01-24 02:42:13,576] {subprocess.py:92} INFO - tmpszs6ubw2
[2023-01-24 02:42:13,576] {subprocess.py:92} INFO - tmpzdeh5iia
[2023-01-24 02:42:13,582] {subprocess.py:92} INFO - Confirmación de la NASA, pueden proceder
[2023-01-24 02:42:13,582] {subprocess.py:96} INFO - Command exited with return code 0
[2023-01-24 02:42:13,691] {taskinstance.py:1420} INFO - Marking task as SUCCESS. dag_id=Respuesta_Nasa, task_id=Leer_Datos_Respuesta_Nasa, execution_date=20230101T005700, start_date=20230124T024212, end_date=20230124T024213
[2023-01-24 02:42:13,775] {local_task_job.py:156} INFO - Task exited with return code 0
[2023-01-24 02:42:13,907] {local_task_job.py:273} INFO - 1 downstream tasks scheduled from follow-on schedule check
