[2023-01-26 18:08:23,484] {taskinstance.py:1179} INFO - Dependencies all met for <TaskInstance: Respuesta_Nasa.print_data scheduled__2023-01-02T00:00:00+00:00 [queued]>
[2023-01-26 18:08:23,500] {taskinstance.py:1179} INFO - Dependencies all met for <TaskInstance: Respuesta_Nasa.print_data scheduled__2023-01-02T00:00:00+00:00 [queued]>
[2023-01-26 18:08:23,500] {taskinstance.py:1376} INFO - 
--------------------------------------------------------------------------------
[2023-01-26 18:08:23,500] {taskinstance.py:1377} INFO - Starting attempt 2 of 4
[2023-01-26 18:08:23,501] {taskinstance.py:1378} INFO - 
--------------------------------------------------------------------------------
[2023-01-26 18:08:23,516] {taskinstance.py:1397} INFO - Executing <Task(BashOperator): print_data> on 2023-01-02 00:00:00+00:00
[2023-01-26 18:08:23,522] {standard_task_runner.py:52} INFO - Started process 967 to run task
[2023-01-26 18:08:23,525] {standard_task_runner.py:79} INFO - Running: ['***', 'tasks', 'run', 'Respuesta_Nasa', 'print_data', 'scheduled__2023-01-02T00:00:00+00:00', '--job-id', '662', '--raw', '--subdir', 'DAGS_FOLDER/00-ETL_spaceX.py', '--cfg-path', '/tmp/tmpdkg2sg03', '--error-file', '/tmp/tmprsrv21qd']
[2023-01-26 18:08:23,526] {standard_task_runner.py:80} INFO - Job 662: Subtask print_data
[2023-01-26 18:08:23,592] {task_command.py:371} INFO - Running <TaskInstance: Respuesta_Nasa.print_data scheduled__2023-01-02T00:00:00+00:00 [running]> on host da6de88268cf
[2023-01-26 18:08:23,693] {taskinstance.py:1591} INFO - Exporting the following env vars:
AIRFLOW_CTX_DAG_EMAIL=frandak2@gmail.com
AIRFLOW_CTX_DAG_OWNER=***
AIRFLOW_CTX_DAG_ID=Respuesta_Nasa
AIRFLOW_CTX_TASK_ID=print_data
AIRFLOW_CTX_EXECUTION_DATE=2023-01-02T00:00:00+00:00
AIRFLOW_CTX_TRY_NUMBER=2
AIRFLOW_CTX_DAG_RUN_ID=scheduled__2023-01-02T00:00:00+00:00
[2023-01-26 18:08:23,695] {subprocess.py:62} INFO - Tmp dir root location: 
 /tmp
[2023-01-26 18:08:23,696] {subprocess.py:74} INFO - Running command: ['bash', '-c', 'echo None']
[2023-01-26 18:08:23,705] {subprocess.py:85} INFO - Output:
[2023-01-26 18:08:23,707] {subprocess.py:92} INFO - None
[2023-01-26 18:08:23,707] {subprocess.py:96} INFO - Command exited with return code 0
[2023-01-26 18:08:23,737] {taskinstance.py:1420} INFO - Marking task as SUCCESS. dag_id=Respuesta_Nasa, task_id=print_data, execution_date=20230102T000000, start_date=20230126T180823, end_date=20230126T180823
[2023-01-26 18:08:23,778] {local_task_job.py:156} INFO - Task exited with return code 0
[2023-01-26 18:08:23,823] {local_task_job.py:273} INFO - 0 downstream tasks scheduled from follow-on schedule check
