[2023-01-24 02:44:05,855] {taskinstance.py:1179} INFO - Dependencies all met for <TaskInstance: Respuesta_Nasa.Respuesta_Confirmacion_NASA scheduled__2023-01-01T02:03:00+00:00 [queued]>
[2023-01-24 02:44:05,866] {taskinstance.py:1179} INFO - Dependencies all met for <TaskInstance: Respuesta_Nasa.Respuesta_Confirmacion_NASA scheduled__2023-01-01T02:03:00+00:00 [queued]>
[2023-01-24 02:44:05,866] {taskinstance.py:1376} INFO - 
--------------------------------------------------------------------------------
[2023-01-24 02:44:05,866] {taskinstance.py:1377} INFO - Starting attempt 1 of 2
[2023-01-24 02:44:05,867] {taskinstance.py:1378} INFO - 
--------------------------------------------------------------------------------
[2023-01-24 02:44:05,891] {taskinstance.py:1397} INFO - Executing <Task(BashOperator): Respuesta_Confirmacion_NASA> on 2023-01-01 02:03:00+00:00
[2023-01-24 02:44:05,897] {standard_task_runner.py:52} INFO - Started process 2163 to run task
[2023-01-24 02:44:05,902] {standard_task_runner.py:79} INFO - Running: ['***', 'tasks', 'run', 'Respuesta_Nasa', 'Respuesta_Confirmacion_NASA', 'scheduled__2023-01-01T02:03:00+00:00', '--job-id', '350', '--raw', '--subdir', 'DAGS_FOLDER/00-ETL_spaceX.py', '--cfg-path', '/tmp/tmp8jnp9cw7', '--error-file', '/tmp/tmpv4_t299o']
[2023-01-24 02:44:05,903] {standard_task_runner.py:80} INFO - Job 350: Subtask Respuesta_Confirmacion_NASA
[2023-01-24 02:44:05,990] {task_command.py:371} INFO - Running <TaskInstance: Respuesta_Nasa.Respuesta_Confirmacion_NASA scheduled__2023-01-01T02:03:00+00:00 [running]> on host fd9891b969b0
[2023-01-24 02:44:06,089] {taskinstance.py:1591} INFO - Exporting the following env vars:
AIRFLOW_CTX_DAG_OWNER=me
AIRFLOW_CTX_DAG_ID=Respuesta_Nasa
AIRFLOW_CTX_TASK_ID=Respuesta_Confirmacion_NASA
AIRFLOW_CTX_EXECUTION_DATE=2023-01-01T02:03:00+00:00
AIRFLOW_CTX_TRY_NUMBER=1
AIRFLOW_CTX_DAG_RUN_ID=scheduled__2023-01-01T02:03:00+00:00
[2023-01-24 02:44:06,091] {subprocess.py:62} INFO - Tmp dir root location: 
 /tmp
[2023-01-24 02:44:06,091] {subprocess.py:74} INFO - Running command: ['bash', '-c', 'sleep 20 && echo "Confirmación de la NASA, pueden proceder" > /tmp/response_20230101.txt']
[2023-01-24 02:44:06,105] {subprocess.py:85} INFO - Output:
[2023-01-24 02:44:26,117] {subprocess.py:96} INFO - Command exited with return code 0
[2023-01-24 02:44:26,220] {taskinstance.py:1420} INFO - Marking task as SUCCESS. dag_id=Respuesta_Nasa, task_id=Respuesta_Confirmacion_NASA, execution_date=20230101T020300, start_date=20230124T024405, end_date=20230124T024426
[2023-01-24 02:44:26,285] {local_task_job.py:156} INFO - Task exited with return code 0
[2023-01-24 02:44:26,456] {local_task_job.py:273} INFO - 1 downstream tasks scheduled from follow-on schedule check
