[2023-01-27T15:18:14.977+0000] {taskinstance.py:1165} INFO - Dependencies all met for <TaskInstance: Respuesta_Nasa.print_data scheduled__2023-01-01T00:00:00+00:00 [queued]>
[2023-01-27T15:18:14.991+0000] {taskinstance.py:1165} INFO - Dependencies all met for <TaskInstance: Respuesta_Nasa.print_data scheduled__2023-01-01T00:00:00+00:00 [queued]>
[2023-01-27T15:18:14.992+0000] {taskinstance.py:1362} INFO - 
--------------------------------------------------------------------------------
[2023-01-27T15:18:14.992+0000] {taskinstance.py:1363} INFO - Starting attempt 3 of 5
[2023-01-27T15:18:14.992+0000] {taskinstance.py:1364} INFO - 
--------------------------------------------------------------------------------
[2023-01-27T15:18:15.008+0000] {taskinstance.py:1383} INFO - Executing <Task(BashOperator): print_data> on 2023-01-01 00:00:00+00:00
[2023-01-27T15:18:15.015+0000] {standard_task_runner.py:55} INFO - Started process 182 to run task
[2023-01-27T15:18:15.020+0000] {standard_task_runner.py:82} INFO - Running: ['***', 'tasks', 'run', 'Respuesta_Nasa', 'print_data', 'scheduled__2023-01-01T00:00:00+00:00', '--job-id', '728', '--raw', '--subdir', 'DAGS_FOLDER/00-ETL_spaceX.py', '--cfg-path', '/tmp/tmpgul8qz0o']
[2023-01-27T15:18:15.022+0000] {standard_task_runner.py:83} INFO - Job 728: Subtask print_data
[2023-01-27T15:18:15.155+0000] {task_command.py:376} INFO - Running <TaskInstance: Respuesta_Nasa.print_data scheduled__2023-01-01T00:00:00+00:00 [running]> on host 3ceae0e2b238
[2023-01-27T15:18:15.242+0000] {taskinstance.py:1592} INFO - Exporting the following env vars:
AIRFLOW_CTX_DAG_EMAIL=frandak2@gmail.com
AIRFLOW_CTX_DAG_OWNER=***
AIRFLOW_CTX_DAG_ID=Respuesta_Nasa
AIRFLOW_CTX_TASK_ID=print_data
AIRFLOW_CTX_EXECUTION_DATE=2023-01-01T00:00:00+00:00
AIRFLOW_CTX_TRY_NUMBER=3
AIRFLOW_CTX_DAG_RUN_ID=scheduled__2023-01-01T00:00:00+00:00
[2023-01-27T15:18:15.244+0000] {subprocess.py:63} INFO - Tmp dir root location: 
 /tmp
[2023-01-27T15:18:15.245+0000] {subprocess.py:75} INFO - Running command: ['/bin/bash', '-c', 'echo None']
[2023-01-27T15:18:15.257+0000] {subprocess.py:86} INFO - Output:
[2023-01-27T15:18:15.258+0000] {subprocess.py:93} INFO - None
[2023-01-27T15:18:15.259+0000] {subprocess.py:97} INFO - Command exited with return code 0
[2023-01-27T15:18:15.286+0000] {taskinstance.py:1406} INFO - Marking task as SUCCESS. dag_id=Respuesta_Nasa, task_id=print_data, execution_date=20230101T000000, start_date=20230127T151814, end_date=20230127T151815
[2023-01-27T15:18:15.312+0000] {local_task_job.py:159} INFO - Task exited with return code 0
[2023-01-27T15:18:15.339+0000] {taskinstance.py:2623} INFO - 1 downstream tasks scheduled from follow-on schedule check
