[2023-01-26 18:08:02,780] {taskinstance.py:1179} INFO - Dependencies all met for <TaskInstance: Respuesta_Nasa.print_data scheduled__2023-01-01T00:00:00+00:00 [queued]>
[2023-01-26 18:08:02,792] {taskinstance.py:1179} INFO - Dependencies all met for <TaskInstance: Respuesta_Nasa.print_data scheduled__2023-01-01T00:00:00+00:00 [queued]>
[2023-01-26 18:08:02,793] {taskinstance.py:1376} INFO - 
--------------------------------------------------------------------------------
[2023-01-26 18:08:02,793] {taskinstance.py:1377} INFO - Starting attempt 1 of 3
[2023-01-26 18:08:02,793] {taskinstance.py:1378} INFO - 
--------------------------------------------------------------------------------
[2023-01-26 18:08:02,809] {taskinstance.py:1397} INFO - Executing <Task(BashOperator): print_data> on 2023-01-01 00:00:00+00:00
[2023-01-26 18:08:02,815] {standard_task_runner.py:52} INFO - Started process 915 to run task
[2023-01-26 18:08:02,818] {standard_task_runner.py:79} INFO - Running: ['***', 'tasks', 'run', 'Respuesta_Nasa', 'print_data', 'scheduled__2023-01-01T00:00:00+00:00', '--job-id', '654', '--raw', '--subdir', 'DAGS_FOLDER/00-ETL_spaceX.py', '--cfg-path', '/tmp/tmpc4p33ebv', '--error-file', '/tmp/tmpgd_fcisb']
[2023-01-26 18:08:02,819] {standard_task_runner.py:80} INFO - Job 654: Subtask print_data
[2023-01-26 18:08:02,886] {task_command.py:371} INFO - Running <TaskInstance: Respuesta_Nasa.print_data scheduled__2023-01-01T00:00:00+00:00 [running]> on host da6de88268cf
[2023-01-26 18:08:02,977] {taskinstance.py:1591} INFO - Exporting the following env vars:
AIRFLOW_CTX_DAG_EMAIL=frandak2@gmail.com
AIRFLOW_CTX_DAG_OWNER=***
AIRFLOW_CTX_DAG_ID=Respuesta_Nasa
AIRFLOW_CTX_TASK_ID=print_data
AIRFLOW_CTX_EXECUTION_DATE=2023-01-01T00:00:00+00:00
AIRFLOW_CTX_TRY_NUMBER=1
AIRFLOW_CTX_DAG_RUN_ID=scheduled__2023-01-01T00:00:00+00:00
[2023-01-26 18:08:02,979] {subprocess.py:62} INFO - Tmp dir root location: 
 /tmp
[2023-01-26 18:08:02,979] {subprocess.py:74} INFO - Running command: ['bash', '-c', 'echo None']
[2023-01-26 18:08:02,990] {subprocess.py:85} INFO - Output:
[2023-01-26 18:08:02,992] {subprocess.py:92} INFO - None
[2023-01-26 18:08:02,992] {subprocess.py:96} INFO - Command exited with return code 0
[2023-01-26 18:08:03,023] {taskinstance.py:1420} INFO - Marking task as SUCCESS. dag_id=Respuesta_Nasa, task_id=print_data, execution_date=20230101T000000, start_date=20230126T180802, end_date=20230126T180803
[2023-01-26 18:08:03,070] {local_task_job.py:156} INFO - Task exited with return code 0
[2023-01-26 18:08:03,109] {local_task_job.py:273} INFO - 1 downstream tasks scheduled from follow-on schedule check
