[2023-01-26T18:22:55.731+0000] {taskinstance.py:1165} INFO - Dependencies all met for <TaskInstance: Respuesta_Nasa.generate_platzi_data scheduled__2023-01-03T00:00:00+00:00 [queued]>
[2023-01-26T18:22:55.747+0000] {taskinstance.py:1165} INFO - Dependencies all met for <TaskInstance: Respuesta_Nasa.generate_platzi_data scheduled__2023-01-03T00:00:00+00:00 [queued]>
[2023-01-26T18:22:55.747+0000] {taskinstance.py:1362} INFO - 
--------------------------------------------------------------------------------
[2023-01-26T18:22:55.748+0000] {taskinstance.py:1363} INFO - Starting attempt 11 of 13
[2023-01-26T18:22:55.748+0000] {taskinstance.py:1364} INFO - 
--------------------------------------------------------------------------------
[2023-01-26T18:22:55.766+0000] {taskinstance.py:1383} INFO - Executing <Task(GeneratesatelliteDataOperator): generate_platzi_data> on 2023-01-03 00:00:00+00:00
[2023-01-26T18:22:55.772+0000] {standard_task_runner.py:55} INFO - Started process 427 to run task
[2023-01-26T18:22:55.776+0000] {standard_task_runner.py:82} INFO - Running: ['***', 'tasks', 'run', 'Respuesta_Nasa', 'generate_platzi_data', 'scheduled__2023-01-03T00:00:00+00:00', '--job-id', '702', '--raw', '--subdir', 'DAGS_FOLDER/00-ETL_spaceX.py', '--cfg-path', '/tmp/tmpzomaq3pk']
[2023-01-26T18:22:55.778+0000] {standard_task_runner.py:83} INFO - Job 702: Subtask generate_platzi_data
[2023-01-26T18:22:55.865+0000] {task_command.py:376} INFO - Running <TaskInstance: Respuesta_Nasa.generate_platzi_data scheduled__2023-01-03T00:00:00+00:00 [running]> on host 3b3ab7bab1a5
[2023-01-26T18:22:55.981+0000] {taskinstance.py:1592} INFO - Exporting the following env vars:
AIRFLOW_CTX_DAG_EMAIL=frandak2@gmail.com
AIRFLOW_CTX_DAG_OWNER=***
AIRFLOW_CTX_DAG_ID=Respuesta_Nasa
AIRFLOW_CTX_TASK_ID=generate_platzi_data
AIRFLOW_CTX_EXECUTION_DATE=2023-01-03T00:00:00+00:00
AIRFLOW_CTX_TRY_NUMBER=11
AIRFLOW_CTX_DAG_RUN_ID=scheduled__2023-01-03T00:00:00+00:00
[2023-01-26T18:22:55.982+0000] {logging_mixin.py:137} INFO - La fecha lógica es: 20230103
[2023-01-26T18:22:55.987+0000] {logging_mixin.py:137} INFO - archivo creado en: /tmp/platzi_data_20230103.csv
[2023-01-26T18:22:55.997+0000] {taskinstance.py:1406} INFO - Marking task as SUCCESS. dag_id=Respuesta_Nasa, task_id=generate_platzi_data, execution_date=20230103T000000, start_date=20230126T182255, end_date=20230126T182255
[2023-01-26T18:22:56.027+0000] {local_task_job.py:159} INFO - Task exited with return code 0
[2023-01-26T18:22:56.066+0000] {taskinstance.py:2623} INFO - 1 downstream tasks scheduled from follow-on schedule check
