[2023-01-25 23:21:45,328] {taskinstance.py:1179} INFO - Dependencies all met for <TaskInstance: Respuesta_Nasa.generate_platzi_data scheduled__2023-01-03T00:00:00+00:00 [queued]>
[2023-01-25 23:21:45,344] {taskinstance.py:1179} INFO - Dependencies all met for <TaskInstance: Respuesta_Nasa.generate_platzi_data scheduled__2023-01-03T00:00:00+00:00 [queued]>
[2023-01-25 23:21:45,344] {taskinstance.py:1376} INFO - 
--------------------------------------------------------------------------------
[2023-01-25 23:21:45,345] {taskinstance.py:1377} INFO - Starting attempt 4 of 6
[2023-01-25 23:21:45,345] {taskinstance.py:1378} INFO - 
--------------------------------------------------------------------------------
[2023-01-25 23:21:45,374] {taskinstance.py:1397} INFO - Executing <Task(GeneratesatelliteDataOperator): generate_platzi_data> on 2023-01-03 00:00:00+00:00
[2023-01-25 23:21:45,382] {standard_task_runner.py:52} INFO - Started process 3877 to run task
[2023-01-25 23:21:45,385] {standard_task_runner.py:79} INFO - Running: ['***', 'tasks', 'run', 'Respuesta_Nasa', 'generate_platzi_data', 'scheduled__2023-01-03T00:00:00+00:00', '--job-id', '490', '--raw', '--subdir', 'DAGS_FOLDER/00-ETL_spaceX.py', '--cfg-path', '/tmp/tmp59hn3wvf', '--error-file', '/tmp/tmph1qtpn3h']
[2023-01-25 23:21:45,386] {standard_task_runner.py:80} INFO - Job 490: Subtask generate_platzi_data
[2023-01-25 23:21:45,488] {task_command.py:371} INFO - Running <TaskInstance: Respuesta_Nasa.generate_platzi_data scheduled__2023-01-03T00:00:00+00:00 [running]> on host fd9891b969b0
[2023-01-25 23:21:45,599] {taskinstance.py:1591} INFO - Exporting the following env vars:
AIRFLOW_CTX_DAG_OWNER=me
AIRFLOW_CTX_DAG_ID=Respuesta_Nasa
AIRFLOW_CTX_TASK_ID=generate_platzi_data
AIRFLOW_CTX_EXECUTION_DATE=2023-01-03T00:00:00+00:00
AIRFLOW_CTX_TRY_NUMBER=4
AIRFLOW_CTX_DAG_RUN_ID=scheduled__2023-01-03T00:00:00+00:00
[2023-01-25 23:21:45,600] {logging_mixin.py:115} INFO - La fecha lógica es: 20230103
[2023-01-25 23:21:45,605] {logging_mixin.py:115} INFO - archivo creado en: /tmp/platzi_data_20230103.csv
[2023-01-25 23:21:45,622] {taskinstance.py:1420} INFO - Marking task as SUCCESS. dag_id=Respuesta_Nasa, task_id=generate_platzi_data, execution_date=20230103T000000, start_date=20230125T232145, end_date=20230125T232145
[2023-01-25 23:21:45,678] {local_task_job.py:156} INFO - Task exited with return code 0
[2023-01-25 23:21:45,741] {local_task_job.py:273} INFO - 1 downstream tasks scheduled from follow-on schedule check
