[2023-01-26 17:53:53,744] {taskinstance.py:1179} INFO - Dependencies all met for <TaskInstance: Respuesta_Nasa.generate_platzi_data scheduled__2023-01-03T00:00:00+00:00 [queued]>
[2023-01-26 17:53:53,760] {taskinstance.py:1179} INFO - Dependencies all met for <TaskInstance: Respuesta_Nasa.generate_platzi_data scheduled__2023-01-03T00:00:00+00:00 [queued]>
[2023-01-26 17:53:53,760] {taskinstance.py:1376} INFO - 
--------------------------------------------------------------------------------
[2023-01-26 17:53:53,760] {taskinstance.py:1377} INFO - Starting attempt 9 of 11
[2023-01-26 17:53:53,760] {taskinstance.py:1378} INFO - 
--------------------------------------------------------------------------------
[2023-01-26 17:53:53,774] {taskinstance.py:1397} INFO - Executing <Task(GeneratesatelliteDataOperator): generate_platzi_data> on 2023-01-03 00:00:00+00:00
[2023-01-26 17:53:53,779] {standard_task_runner.py:52} INFO - Started process 216 to run task
[2023-01-26 17:53:53,782] {standard_task_runner.py:79} INFO - Running: ['***', 'tasks', 'run', 'Respuesta_Nasa', 'generate_platzi_data', 'scheduled__2023-01-03T00:00:00+00:00', '--job-id', '640', '--raw', '--subdir', 'DAGS_FOLDER/00-ETL_spaceX.py', '--cfg-path', '/tmp/tmppzh9xyz4', '--error-file', '/tmp/tmp0jmar7iv']
[2023-01-26 17:53:53,783] {standard_task_runner.py:80} INFO - Job 640: Subtask generate_platzi_data
[2023-01-26 17:53:53,854] {task_command.py:371} INFO - Running <TaskInstance: Respuesta_Nasa.generate_platzi_data scheduled__2023-01-03T00:00:00+00:00 [running]> on host da6de88268cf
[2023-01-26 17:53:53,936] {taskinstance.py:1591} INFO - Exporting the following env vars:
AIRFLOW_CTX_DAG_OWNER=***
AIRFLOW_CTX_DAG_ID=Respuesta_Nasa
AIRFLOW_CTX_TASK_ID=generate_platzi_data
AIRFLOW_CTX_EXECUTION_DATE=2023-01-03T00:00:00+00:00
AIRFLOW_CTX_TRY_NUMBER=9
AIRFLOW_CTX_DAG_RUN_ID=scheduled__2023-01-03T00:00:00+00:00
[2023-01-26 17:53:53,937] {logging_mixin.py:115} INFO - La fecha lógica es: 20230103
[2023-01-26 17:53:53,942] {logging_mixin.py:115} INFO - archivo creado en: /tmp/platzi_data_20230103.csv
[2023-01-26 17:53:53,956] {taskinstance.py:1420} INFO - Marking task as SUCCESS. dag_id=Respuesta_Nasa, task_id=generate_platzi_data, execution_date=20230103T000000, start_date=20230126T175353, end_date=20230126T175353
[2023-01-26 17:53:53,994] {local_task_job.py:156} INFO - Task exited with return code 0
[2023-01-26 17:53:54,047] {local_task_job.py:273} INFO - 1 downstream tasks scheduled from follow-on schedule check
