[2023-01-27T15:18:55.812+0000] {taskinstance.py:1165} INFO - Dependencies all met for <TaskInstance: Respuesta_Nasa.generate_platzi_data scheduled__2023-01-03T00:00:00+00:00 [queued]>
[2023-01-27T15:18:55.836+0000] {taskinstance.py:1165} INFO - Dependencies all met for <TaskInstance: Respuesta_Nasa.generate_platzi_data scheduled__2023-01-03T00:00:00+00:00 [queued]>
[2023-01-27T15:18:55.836+0000] {taskinstance.py:1362} INFO - 
--------------------------------------------------------------------------------
[2023-01-27T15:18:55.837+0000] {taskinstance.py:1363} INFO - Starting attempt 12 of 14
[2023-01-27T15:18:55.837+0000] {taskinstance.py:1364} INFO - 
--------------------------------------------------------------------------------
[2023-01-27T15:18:55.868+0000] {taskinstance.py:1383} INFO - Executing <Task(GeneratesatelliteDataOperator): generate_platzi_data> on 2023-01-03 00:00:00+00:00
[2023-01-27T15:18:55.876+0000] {standard_task_runner.py:55} INFO - Started process 270 to run task
[2023-01-27T15:18:55.882+0000] {standard_task_runner.py:82} INFO - Running: ['***', 'tasks', 'run', 'Respuesta_Nasa', 'generate_platzi_data', 'scheduled__2023-01-03T00:00:00+00:00', '--job-id', '740', '--raw', '--subdir', 'DAGS_FOLDER/00-ETL_spaceX.py', '--cfg-path', '/tmp/tmpv7rghuka']
[2023-01-27T15:18:55.884+0000] {standard_task_runner.py:83} INFO - Job 740: Subtask generate_platzi_data
[2023-01-27T15:18:55.968+0000] {task_command.py:376} INFO - Running <TaskInstance: Respuesta_Nasa.generate_platzi_data scheduled__2023-01-03T00:00:00+00:00 [running]> on host 3ceae0e2b238
[2023-01-27T15:18:56.050+0000] {taskinstance.py:1592} INFO - Exporting the following env vars:
AIRFLOW_CTX_DAG_EMAIL=frandak2@gmail.com
AIRFLOW_CTX_DAG_OWNER=***
AIRFLOW_CTX_DAG_ID=Respuesta_Nasa
AIRFLOW_CTX_TASK_ID=generate_platzi_data
AIRFLOW_CTX_EXECUTION_DATE=2023-01-03T00:00:00+00:00
AIRFLOW_CTX_TRY_NUMBER=12
AIRFLOW_CTX_DAG_RUN_ID=scheduled__2023-01-03T00:00:00+00:00
[2023-01-27T15:18:56.051+0000] {logging_mixin.py:137} INFO - La fecha lógica es: 20230103
[2023-01-27T15:18:56.057+0000] {logging_mixin.py:137} INFO - archivo creado en: /tmp/platzi_data_20230103.csv
[2023-01-27T15:18:56.068+0000] {taskinstance.py:1406} INFO - Marking task as SUCCESS. dag_id=Respuesta_Nasa, task_id=generate_platzi_data, execution_date=20230103T000000, start_date=20230127T151855, end_date=20230127T151856
[2023-01-27T15:18:56.093+0000] {local_task_job.py:159} INFO - Task exited with return code 0
[2023-01-27T15:18:56.135+0000] {taskinstance.py:2623} INFO - 1 downstream tasks scheduled from follow-on schedule check
