[2023-01-24 03:41:52,062] {taskinstance.py:1179} INFO - Dependencies all met for <TaskInstance: Respuesta_Nasa.generate_platzi_data scheduled__2023-01-03T00:00:00+00:00 [queued]>
[2023-01-24 03:41:52,078] {taskinstance.py:1179} INFO - Dependencies all met for <TaskInstance: Respuesta_Nasa.generate_platzi_data scheduled__2023-01-03T00:00:00+00:00 [queued]>
[2023-01-24 03:41:52,079] {taskinstance.py:1376} INFO - 
--------------------------------------------------------------------------------
[2023-01-24 03:41:52,079] {taskinstance.py:1377} INFO - Starting attempt 2 of 4
[2023-01-24 03:41:52,079] {taskinstance.py:1378} INFO - 
--------------------------------------------------------------------------------
[2023-01-24 03:41:52,099] {taskinstance.py:1397} INFO - Executing <Task(GeneratesatelliteDataOperator): generate_platzi_data> on 2023-01-03 00:00:00+00:00
[2023-01-24 03:41:52,105] {standard_task_runner.py:52} INFO - Started process 2660 to run task
[2023-01-24 03:41:52,110] {standard_task_runner.py:79} INFO - Running: ['***', 'tasks', 'run', 'Respuesta_Nasa', 'generate_platzi_data', 'scheduled__2023-01-03T00:00:00+00:00', '--job-id', '448', '--raw', '--subdir', 'DAGS_FOLDER/00-ETL_spaceX.py', '--cfg-path', '/tmp/tmp6_bur6ja', '--error-file', '/tmp/tmphqf_ks9_']
[2023-01-24 03:41:52,112] {standard_task_runner.py:80} INFO - Job 448: Subtask generate_platzi_data
[2023-01-24 03:41:52,196] {task_command.py:371} INFO - Running <TaskInstance: Respuesta_Nasa.generate_platzi_data scheduled__2023-01-03T00:00:00+00:00 [running]> on host fd9891b969b0
[2023-01-24 03:41:52,284] {taskinstance.py:1591} INFO - Exporting the following env vars:
AIRFLOW_CTX_DAG_OWNER=me
AIRFLOW_CTX_DAG_ID=Respuesta_Nasa
AIRFLOW_CTX_TASK_ID=generate_platzi_data
AIRFLOW_CTX_EXECUTION_DATE=2023-01-03T00:00:00+00:00
AIRFLOW_CTX_TRY_NUMBER=2
AIRFLOW_CTX_DAG_RUN_ID=scheduled__2023-01-03T00:00:00+00:00
[2023-01-24 03:41:52,308] {taskinstance.py:1420} INFO - Marking task as SUCCESS. dag_id=Respuesta_Nasa, task_id=generate_platzi_data, execution_date=20230103T000000, start_date=20230124T034152, end_date=20230124T034152
[2023-01-24 03:41:52,361] {local_task_job.py:156} INFO - Task exited with return code 0
[2023-01-24 03:41:52,419] {local_task_job.py:273} INFO - 1 downstream tasks scheduled from follow-on schedule check
