[2023-01-24 03:37:54,356] {taskinstance.py:1179} INFO - Dependencies all met for <TaskInstance: Respuesta_Nasa.Leer_Datos_Respuesta_Nasa scheduled__2023-01-03T00:00:00+00:00 [queued]>
[2023-01-24 03:37:54,371] {taskinstance.py:1179} INFO - Dependencies all met for <TaskInstance: Respuesta_Nasa.Leer_Datos_Respuesta_Nasa scheduled__2023-01-03T00:00:00+00:00 [queued]>
[2023-01-24 03:37:54,371] {taskinstance.py:1376} INFO - 
--------------------------------------------------------------------------------
[2023-01-24 03:37:54,371] {taskinstance.py:1377} INFO - Starting attempt 1 of 3
[2023-01-24 03:37:54,372] {taskinstance.py:1378} INFO - 
--------------------------------------------------------------------------------
[2023-01-24 03:37:54,394] {taskinstance.py:1397} INFO - Executing <Task(BashOperator): Leer_Datos_Respuesta_Nasa> on 2023-01-03 00:00:00+00:00
[2023-01-24 03:37:54,400] {standard_task_runner.py:52} INFO - Started process 2334 to run task
[2023-01-24 03:37:54,403] {standard_task_runner.py:79} INFO - Running: ['***', 'tasks', 'run', 'Respuesta_Nasa', 'Leer_Datos_Respuesta_Nasa', 'scheduled__2023-01-03T00:00:00+00:00', '--job-id', '417', '--raw', '--subdir', 'DAGS_FOLDER/00-ETL_spaceX.py', '--cfg-path', '/tmp/tmpke_aquvz', '--error-file', '/tmp/tmp_2h4aul3']
[2023-01-24 03:37:54,404] {standard_task_runner.py:80} INFO - Job 417: Subtask Leer_Datos_Respuesta_Nasa
[2023-01-24 03:37:54,487] {task_command.py:371} INFO - Running <TaskInstance: Respuesta_Nasa.Leer_Datos_Respuesta_Nasa scheduled__2023-01-03T00:00:00+00:00 [running]> on host fd9891b969b0
[2023-01-24 03:37:54,574] {taskinstance.py:1591} INFO - Exporting the following env vars:
AIRFLOW_CTX_DAG_OWNER=me
AIRFLOW_CTX_DAG_ID=Respuesta_Nasa
AIRFLOW_CTX_TASK_ID=Leer_Datos_Respuesta_Nasa
AIRFLOW_CTX_EXECUTION_DATE=2023-01-03T00:00:00+00:00
AIRFLOW_CTX_TRY_NUMBER=1
AIRFLOW_CTX_DAG_RUN_ID=scheduled__2023-01-03T00:00:00+00:00
[2023-01-24 03:37:54,576] {subprocess.py:62} INFO - Tmp dir root location: 
 /tmp
[2023-01-24 03:37:54,576] {subprocess.py:74} INFO - Running command: ['bash', '-c', 'ls /tmp && head /tmp/response_20230103.txt']
[2023-01-24 03:37:54,590] {subprocess.py:85} INFO - Output:
[2023-01-24 03:37:54,593] {subprocess.py:92} INFO - ***tmpaqc5k8zp
[2023-01-24 03:37:54,594] {subprocess.py:92} INFO - ***tmphlsv_339
[2023-01-24 03:37:54,594] {subprocess.py:92} INFO - ***tmphpy5sfts
[2023-01-24 03:37:54,594] {subprocess.py:92} INFO - pymp-_z20wx4h
[2023-01-24 03:37:54,594] {subprocess.py:92} INFO - pymp-igsi0xnb
[2023-01-24 03:37:54,594] {subprocess.py:92} INFO - response_20230101.txt
[2023-01-24 03:37:54,595] {subprocess.py:92} INFO - response_20230102.txt
[2023-01-24 03:37:54,595] {subprocess.py:92} INFO - response_20230103.txt
[2023-01-24 03:37:54,595] {subprocess.py:92} INFO - spacex_20230101.json
[2023-01-24 03:37:54,595] {subprocess.py:92} INFO - tmp40c9682r
[2023-01-24 03:37:54,595] {subprocess.py:92} INFO - tmp_2h4aul3
[2023-01-24 03:37:54,595] {subprocess.py:92} INFO - tmpfcvay23s
[2023-01-24 03:37:54,595] {subprocess.py:92} INFO - tmpnvc2r2ky
[2023-01-24 03:37:54,595] {subprocess.py:92} INFO - Confirmación de la NASA, pueden proceder
[2023-01-24 03:37:54,596] {subprocess.py:96} INFO - Command exited with return code 0
[2023-01-24 03:37:54,628] {taskinstance.py:1420} INFO - Marking task as SUCCESS. dag_id=Respuesta_Nasa, task_id=Leer_Datos_Respuesta_Nasa, execution_date=20230103T000000, start_date=20230124T033754, end_date=20230124T033754
[2023-01-24 03:37:54,655] {local_task_job.py:156} INFO - Task exited with return code 0
[2023-01-24 03:37:54,716] {local_task_job.py:273} INFO - 1 downstream tasks scheduled from follow-on schedule check
