[2023-01-27T15:18:51.936+0000] {taskinstance.py:1165} INFO - Dependencies all met for <TaskInstance: Respuesta_Nasa.Leer_Datos_Respuesta_Nasa scheduled__2023-01-03T00:00:00+00:00 [queued]>
[2023-01-27T15:18:51.951+0000] {taskinstance.py:1165} INFO - Dependencies all met for <TaskInstance: Respuesta_Nasa.Leer_Datos_Respuesta_Nasa scheduled__2023-01-03T00:00:00+00:00 [queued]>
[2023-01-27T15:18:51.951+0000] {taskinstance.py:1362} INFO - 
--------------------------------------------------------------------------------
[2023-01-27T15:18:51.951+0000] {taskinstance.py:1363} INFO - Starting attempt 12 of 14
[2023-01-27T15:18:51.951+0000] {taskinstance.py:1364} INFO - 
--------------------------------------------------------------------------------
[2023-01-27T15:18:51.964+0000] {taskinstance.py:1383} INFO - Executing <Task(BashOperator): Leer_Datos_Respuesta_Nasa> on 2023-01-03 00:00:00+00:00
[2023-01-27T15:18:51.970+0000] {standard_task_runner.py:55} INFO - Started process 250 to run task
[2023-01-27T15:18:51.974+0000] {standard_task_runner.py:82} INFO - Running: ['***', 'tasks', 'run', 'Respuesta_Nasa', 'Leer_Datos_Respuesta_Nasa', 'scheduled__2023-01-03T00:00:00+00:00', '--job-id', '738', '--raw', '--subdir', 'DAGS_FOLDER/00-ETL_spaceX.py', '--cfg-path', '/tmp/tmpp6m007od']
[2023-01-27T15:18:51.976+0000] {standard_task_runner.py:83} INFO - Job 738: Subtask Leer_Datos_Respuesta_Nasa
[2023-01-27T15:18:52.042+0000] {task_command.py:376} INFO - Running <TaskInstance: Respuesta_Nasa.Leer_Datos_Respuesta_Nasa scheduled__2023-01-03T00:00:00+00:00 [running]> on host 3ceae0e2b238
[2023-01-27T15:18:52.113+0000] {taskinstance.py:1592} INFO - Exporting the following env vars:
AIRFLOW_CTX_DAG_EMAIL=frandak2@gmail.com
AIRFLOW_CTX_DAG_OWNER=***
AIRFLOW_CTX_DAG_ID=Respuesta_Nasa
AIRFLOW_CTX_TASK_ID=Leer_Datos_Respuesta_Nasa
AIRFLOW_CTX_EXECUTION_DATE=2023-01-03T00:00:00+00:00
AIRFLOW_CTX_TRY_NUMBER=12
AIRFLOW_CTX_DAG_RUN_ID=scheduled__2023-01-03T00:00:00+00:00
[2023-01-27T15:18:52.115+0000] {subprocess.py:63} INFO - Tmp dir root location: 
 /tmp
[2023-01-27T15:18:52.115+0000] {subprocess.py:75} INFO - Running command: ['/bin/bash', '-c', 'ls /tmp && head /tmp/response_20230103.txt']
[2023-01-27T15:18:52.126+0000] {subprocess.py:86} INFO - Output:
[2023-01-27T15:18:52.130+0000] {subprocess.py:93} INFO - ***tmp5ijftbzi
[2023-01-27T15:18:52.130+0000] {subprocess.py:93} INFO - platzi_data_20230101.csv
[2023-01-27T15:18:52.130+0000] {subprocess.py:93} INFO - platzi_data_20230102.csv
[2023-01-27T15:18:52.130+0000] {subprocess.py:93} INFO - pymp-rez_za4b
[2023-01-27T15:18:52.130+0000] {subprocess.py:93} INFO - response_20230101.txt
[2023-01-27T15:18:52.130+0000] {subprocess.py:93} INFO - response_20230102.txt
[2023-01-27T15:18:52.131+0000] {subprocess.py:93} INFO - response_20230103.txt
[2023-01-27T15:18:52.131+0000] {subprocess.py:93} INFO - spacex_20230101.json
[2023-01-27T15:18:52.131+0000] {subprocess.py:93} INFO - spacex_20230102.json
[2023-01-27T15:18:52.131+0000] {subprocess.py:93} INFO - tmp5fy1spe0
[2023-01-27T15:18:52.131+0000] {subprocess.py:93} INFO - Confirmación de la NASA, pueden proceder
[2023-01-27T15:18:52.131+0000] {subprocess.py:97} INFO - Command exited with return code 0
[2023-01-27T15:18:52.156+0000] {taskinstance.py:1406} INFO - Marking task as SUCCESS. dag_id=Respuesta_Nasa, task_id=Leer_Datos_Respuesta_Nasa, execution_date=20230103T000000, start_date=20230127T151851, end_date=20230127T151852
[2023-01-27T15:18:52.185+0000] {local_task_job.py:159} INFO - Task exited with return code 0
[2023-01-27T15:18:52.232+0000] {taskinstance.py:2623} INFO - 1 downstream tasks scheduled from follow-on schedule check
