[2023-01-26 16:48:23,200] {taskinstance.py:1179} INFO - Dependencies all met for <TaskInstance: Respuesta_Nasa.Leer_Datos_Respuesta_Nasa scheduled__2023-01-03T00:00:00+00:00 [queued]>
[2023-01-26 16:48:23,214] {taskinstance.py:1179} INFO - Dependencies all met for <TaskInstance: Respuesta_Nasa.Leer_Datos_Respuesta_Nasa scheduled__2023-01-03T00:00:00+00:00 [queued]>
[2023-01-26 16:48:23,214] {taskinstance.py:1376} INFO - 
--------------------------------------------------------------------------------
[2023-01-26 16:48:23,215] {taskinstance.py:1377} INFO - Starting attempt 7 of 9
[2023-01-26 16:48:23,215] {taskinstance.py:1378} INFO - 
--------------------------------------------------------------------------------
[2023-01-26 16:48:23,232] {taskinstance.py:1397} INFO - Executing <Task(BashOperator): Leer_Datos_Respuesta_Nasa> on 2023-01-03 00:00:00+00:00
[2023-01-26 16:48:23,237] {standard_task_runner.py:52} INFO - Started process 168 to run task
[2023-01-26 16:48:23,242] {standard_task_runner.py:79} INFO - Running: ['***', 'tasks', 'run', 'Respuesta_Nasa', 'Leer_Datos_Respuesta_Nasa', 'scheduled__2023-01-03T00:00:00+00:00', '--job-id', '573', '--raw', '--subdir', 'DAGS_FOLDER/00-ETL_spaceX.py', '--cfg-path', '/tmp/tmpgr7zd35u', '--error-file', '/tmp/tmpvk5navh6']
[2023-01-26 16:48:23,243] {standard_task_runner.py:80} INFO - Job 573: Subtask Leer_Datos_Respuesta_Nasa
[2023-01-26 16:48:23,316] {task_command.py:371} INFO - Running <TaskInstance: Respuesta_Nasa.Leer_Datos_Respuesta_Nasa scheduled__2023-01-03T00:00:00+00:00 [running]> on host 1dac8e18bdf5
[2023-01-26 16:48:23,424] {taskinstance.py:1591} INFO - Exporting the following env vars:
AIRFLOW_CTX_DAG_OWNER=me
AIRFLOW_CTX_DAG_ID=Respuesta_Nasa
AIRFLOW_CTX_TASK_ID=Leer_Datos_Respuesta_Nasa
AIRFLOW_CTX_EXECUTION_DATE=2023-01-03T00:00:00+00:00
AIRFLOW_CTX_TRY_NUMBER=7
AIRFLOW_CTX_DAG_RUN_ID=scheduled__2023-01-03T00:00:00+00:00
[2023-01-26 16:48:23,426] {subprocess.py:62} INFO - Tmp dir root location: 
 /tmp
[2023-01-26 16:48:23,426] {subprocess.py:74} INFO - Running command: ['bash', '-c', 'ls /tmp && head /tmp/response_20230103.txt']
[2023-01-26 16:48:23,438] {subprocess.py:85} INFO - Output:
[2023-01-26 16:48:23,442] {subprocess.py:92} INFO - ***tmp7jo1lw6v
[2023-01-26 16:48:23,443] {subprocess.py:92} INFO - pymp-cesmfe3z
[2023-01-26 16:48:23,443] {subprocess.py:92} INFO - response_20230101.txt
[2023-01-26 16:48:23,443] {subprocess.py:92} INFO - response_20230102.txt
[2023-01-26 16:48:23,443] {subprocess.py:92} INFO - response_20230103.txt
[2023-01-26 16:48:23,443] {subprocess.py:92} INFO - tmpfz50np97
[2023-01-26 16:48:23,443] {subprocess.py:92} INFO - tmphgxzeuwl
[2023-01-26 16:48:23,444] {subprocess.py:92} INFO - tmpnvc2r2ky
[2023-01-26 16:48:23,444] {subprocess.py:92} INFO - tmpvk5navh6
[2023-01-26 16:48:23,444] {subprocess.py:92} INFO - Confirmación de la NASA, pueden proceder
[2023-01-26 16:48:23,445] {subprocess.py:96} INFO - Command exited with return code 0
[2023-01-26 16:48:23,491] {taskinstance.py:1420} INFO - Marking task as SUCCESS. dag_id=Respuesta_Nasa, task_id=Leer_Datos_Respuesta_Nasa, execution_date=20230103T000000, start_date=20230126T164823, end_date=20230126T164823
[2023-01-26 16:48:23,532] {local_task_job.py:156} INFO - Task exited with return code 0
[2023-01-26 16:48:23,635] {local_task_job.py:273} INFO - 1 downstream tasks scheduled from follow-on schedule check
