[2023-01-26 17:53:49,963] {taskinstance.py:1179} INFO - Dependencies all met for <TaskInstance: Respuesta_Nasa.Leer_Datos_Respuesta_Nasa scheduled__2023-01-03T00:00:00+00:00 [queued]>
[2023-01-26 17:53:49,981] {taskinstance.py:1179} INFO - Dependencies all met for <TaskInstance: Respuesta_Nasa.Leer_Datos_Respuesta_Nasa scheduled__2023-01-03T00:00:00+00:00 [queued]>
[2023-01-26 17:53:49,981] {taskinstance.py:1376} INFO - 
--------------------------------------------------------------------------------
[2023-01-26 17:53:49,981] {taskinstance.py:1377} INFO - Starting attempt 9 of 11
[2023-01-26 17:53:49,982] {taskinstance.py:1378} INFO - 
--------------------------------------------------------------------------------
[2023-01-26 17:53:49,999] {taskinstance.py:1397} INFO - Executing <Task(BashOperator): Leer_Datos_Respuesta_Nasa> on 2023-01-03 00:00:00+00:00
[2023-01-26 17:53:50,005] {standard_task_runner.py:52} INFO - Started process 205 to run task
[2023-01-26 17:53:50,009] {standard_task_runner.py:79} INFO - Running: ['***', 'tasks', 'run', 'Respuesta_Nasa', 'Leer_Datos_Respuesta_Nasa', 'scheduled__2023-01-03T00:00:00+00:00', '--job-id', '638', '--raw', '--subdir', 'DAGS_FOLDER/00-ETL_spaceX.py', '--cfg-path', '/tmp/tmp62t5oo5w', '--error-file', '/tmp/tmp7pef2sqe']
[2023-01-26 17:53:50,010] {standard_task_runner.py:80} INFO - Job 638: Subtask Leer_Datos_Respuesta_Nasa
[2023-01-26 17:53:50,086] {task_command.py:371} INFO - Running <TaskInstance: Respuesta_Nasa.Leer_Datos_Respuesta_Nasa scheduled__2023-01-03T00:00:00+00:00 [running]> on host da6de88268cf
[2023-01-26 17:53:50,172] {taskinstance.py:1591} INFO - Exporting the following env vars:
AIRFLOW_CTX_DAG_OWNER=***
AIRFLOW_CTX_DAG_ID=Respuesta_Nasa
AIRFLOW_CTX_TASK_ID=Leer_Datos_Respuesta_Nasa
AIRFLOW_CTX_EXECUTION_DATE=2023-01-03T00:00:00+00:00
AIRFLOW_CTX_TRY_NUMBER=9
AIRFLOW_CTX_DAG_RUN_ID=scheduled__2023-01-03T00:00:00+00:00
[2023-01-26 17:53:50,173] {subprocess.py:62} INFO - Tmp dir root location: 
 /tmp
[2023-01-26 17:53:50,174] {subprocess.py:74} INFO - Running command: ['bash', '-c', 'ls /tmp && head /tmp/response_20230103.txt']
[2023-01-26 17:53:50,185] {subprocess.py:85} INFO - Output:
[2023-01-26 17:53:50,188] {subprocess.py:92} INFO - ***tmp_xrl1j95
[2023-01-26 17:53:50,189] {subprocess.py:92} INFO - platzi_data_20230101.csv
[2023-01-26 17:53:50,189] {subprocess.py:92} INFO - platzi_data_20230102.csv
[2023-01-26 17:53:50,189] {subprocess.py:92} INFO - pymp-ysubsmu7
[2023-01-26 17:53:50,189] {subprocess.py:92} INFO - response_20230101.txt
[2023-01-26 17:53:50,189] {subprocess.py:92} INFO - response_20230102.txt
[2023-01-26 17:53:50,189] {subprocess.py:92} INFO - response_20230103.txt
[2023-01-26 17:53:50,189] {subprocess.py:92} INFO - spacex_20230101.json
[2023-01-26 17:53:50,189] {subprocess.py:92} INFO - spacex_20230102.json
[2023-01-26 17:53:50,190] {subprocess.py:92} INFO - tmp7pef2sqe
[2023-01-26 17:53:50,190] {subprocess.py:92} INFO - tmpnvc2r2ky
[2023-01-26 17:53:50,191] {subprocess.py:92} INFO - Confirmación de la NASA, pueden proceder
[2023-01-26 17:53:50,191] {subprocess.py:96} INFO - Command exited with return code 0
[2023-01-26 17:53:50,224] {taskinstance.py:1420} INFO - Marking task as SUCCESS. dag_id=Respuesta_Nasa, task_id=Leer_Datos_Respuesta_Nasa, execution_date=20230103T000000, start_date=20230126T175349, end_date=20230126T175350
[2023-01-26 17:53:50,261] {local_task_job.py:156} INFO - Task exited with return code 0
[2023-01-26 17:53:50,338] {local_task_job.py:273} INFO - 1 downstream tasks scheduled from follow-on schedule check
