[2023-01-26T18:22:51.557+0000] {taskinstance.py:1165} INFO - Dependencies all met for <TaskInstance: Respuesta_Nasa.Leer_Datos_Respuesta_Nasa scheduled__2023-01-03T00:00:00+00:00 [queued]>
[2023-01-26T18:22:51.575+0000] {taskinstance.py:1165} INFO - Dependencies all met for <TaskInstance: Respuesta_Nasa.Leer_Datos_Respuesta_Nasa scheduled__2023-01-03T00:00:00+00:00 [queued]>
[2023-01-26T18:22:51.576+0000] {taskinstance.py:1362} INFO - 
--------------------------------------------------------------------------------
[2023-01-26T18:22:51.576+0000] {taskinstance.py:1363} INFO - Starting attempt 11 of 13
[2023-01-26T18:22:51.576+0000] {taskinstance.py:1364} INFO - 
--------------------------------------------------------------------------------
[2023-01-26T18:22:51.594+0000] {taskinstance.py:1383} INFO - Executing <Task(BashOperator): Leer_Datos_Respuesta_Nasa> on 2023-01-03 00:00:00+00:00
[2023-01-26T18:22:51.600+0000] {standard_task_runner.py:55} INFO - Started process 414 to run task
[2023-01-26T18:22:51.604+0000] {standard_task_runner.py:82} INFO - Running: ['***', 'tasks', 'run', 'Respuesta_Nasa', 'Leer_Datos_Respuesta_Nasa', 'scheduled__2023-01-03T00:00:00+00:00', '--job-id', '700', '--raw', '--subdir', 'DAGS_FOLDER/00-ETL_spaceX.py', '--cfg-path', '/tmp/tmpny4wpuny']
[2023-01-26T18:22:51.606+0000] {standard_task_runner.py:83} INFO - Job 700: Subtask Leer_Datos_Respuesta_Nasa
[2023-01-26T18:22:51.674+0000] {task_command.py:376} INFO - Running <TaskInstance: Respuesta_Nasa.Leer_Datos_Respuesta_Nasa scheduled__2023-01-03T00:00:00+00:00 [running]> on host 3b3ab7bab1a5
[2023-01-26T18:22:51.752+0000] {taskinstance.py:1592} INFO - Exporting the following env vars:
AIRFLOW_CTX_DAG_EMAIL=frandak2@gmail.com
AIRFLOW_CTX_DAG_OWNER=***
AIRFLOW_CTX_DAG_ID=Respuesta_Nasa
AIRFLOW_CTX_TASK_ID=Leer_Datos_Respuesta_Nasa
AIRFLOW_CTX_EXECUTION_DATE=2023-01-03T00:00:00+00:00
AIRFLOW_CTX_TRY_NUMBER=11
AIRFLOW_CTX_DAG_RUN_ID=scheduled__2023-01-03T00:00:00+00:00
[2023-01-26T18:22:51.754+0000] {subprocess.py:63} INFO - Tmp dir root location: 
 /tmp
[2023-01-26T18:22:51.754+0000] {subprocess.py:75} INFO - Running command: ['/bin/bash', '-c', 'ls /tmp && head /tmp/response_20230103.txt']
[2023-01-26T18:22:51.767+0000] {subprocess.py:86} INFO - Output:
[2023-01-26T18:22:51.771+0000] {subprocess.py:93} INFO - ***tmps4da6av2
[2023-01-26T18:22:51.771+0000] {subprocess.py:93} INFO - platzi_data_20230101.csv
[2023-01-26T18:22:51.771+0000] {subprocess.py:93} INFO - platzi_data_20230102.csv
[2023-01-26T18:22:51.771+0000] {subprocess.py:93} INFO - pymp-70u_3ce8
[2023-01-26T18:22:51.772+0000] {subprocess.py:93} INFO - response_20230101.txt
[2023-01-26T18:22:51.772+0000] {subprocess.py:93} INFO - response_20230102.txt
[2023-01-26T18:22:51.772+0000] {subprocess.py:93} INFO - response_20230103.txt
[2023-01-26T18:22:51.772+0000] {subprocess.py:93} INFO - spacex_20230101.json
[2023-01-26T18:22:51.772+0000] {subprocess.py:93} INFO - spacex_20230102.json
[2023-01-26T18:22:51.773+0000] {subprocess.py:93} INFO - tmp5fy1spe0
[2023-01-26T18:22:51.773+0000] {subprocess.py:93} INFO - Confirmación de la NASA, pueden proceder
[2023-01-26T18:22:51.773+0000] {subprocess.py:97} INFO - Command exited with return code 0
[2023-01-26T18:22:51.801+0000] {taskinstance.py:1406} INFO - Marking task as SUCCESS. dag_id=Respuesta_Nasa, task_id=Leer_Datos_Respuesta_Nasa, execution_date=20230103T000000, start_date=20230126T182251, end_date=20230126T182251
[2023-01-26T18:22:51.856+0000] {local_task_job.py:159} INFO - Task exited with return code 0
[2023-01-26T18:22:51.910+0000] {taskinstance.py:2623} INFO - 1 downstream tasks scheduled from follow-on schedule check
