[2023-01-26T18:22:49.807+0000] {taskinstance.py:1165} INFO - Dependencies all met for <TaskInstance: Respuesta_Nasa.Esperando_el_fichero scheduled__2023-01-03T00:00:00+00:00 [queued]>
[2023-01-26T18:22:49.823+0000] {taskinstance.py:1165} INFO - Dependencies all met for <TaskInstance: Respuesta_Nasa.Esperando_el_fichero scheduled__2023-01-03T00:00:00+00:00 [queued]>
[2023-01-26T18:22:49.823+0000] {taskinstance.py:1362} INFO - 
--------------------------------------------------------------------------------
[2023-01-26T18:22:49.823+0000] {taskinstance.py:1363} INFO - Starting attempt 11 of 13
[2023-01-26T18:22:49.823+0000] {taskinstance.py:1364} INFO - 
--------------------------------------------------------------------------------
[2023-01-26T18:22:49.839+0000] {taskinstance.py:1383} INFO - Executing <Task(FileSensor): Esperando_el_fichero> on 2023-01-03 00:00:00+00:00
[2023-01-26T18:22:49.845+0000] {standard_task_runner.py:55} INFO - Started process 404 to run task
[2023-01-26T18:22:49.849+0000] {standard_task_runner.py:82} INFO - Running: ['***', 'tasks', 'run', 'Respuesta_Nasa', 'Esperando_el_fichero', 'scheduled__2023-01-03T00:00:00+00:00', '--job-id', '699', '--raw', '--subdir', 'DAGS_FOLDER/00-ETL_spaceX.py', '--cfg-path', '/tmp/tmpk3xxq78n']
[2023-01-26T18:22:49.851+0000] {standard_task_runner.py:83} INFO - Job 699: Subtask Esperando_el_fichero
[2023-01-26T18:22:49.913+0000] {task_command.py:376} INFO - Running <TaskInstance: Respuesta_Nasa.Esperando_el_fichero scheduled__2023-01-03T00:00:00+00:00 [running]> on host 3b3ab7bab1a5
[2023-01-26T18:22:49.981+0000] {taskinstance.py:1592} INFO - Exporting the following env vars:
AIRFLOW_CTX_DAG_EMAIL=frandak2@gmail.com
AIRFLOW_CTX_DAG_OWNER=***
AIRFLOW_CTX_DAG_ID=Respuesta_Nasa
AIRFLOW_CTX_TASK_ID=Esperando_el_fichero
AIRFLOW_CTX_EXECUTION_DATE=2023-01-03T00:00:00+00:00
AIRFLOW_CTX_TRY_NUMBER=11
AIRFLOW_CTX_DAG_RUN_ID=scheduled__2023-01-03T00:00:00+00:00
[2023-01-26T18:22:49.991+0000] {base.py:71} INFO - Using connection ID 'fs_default' for task execution.
[2023-01-26T18:22:49.991+0000] {filesystem.py:58} INFO - Poking for file /tmp/response_20230103.txt
[2023-01-26T18:22:49.991+0000] {filesystem.py:63} INFO - Found File /tmp/response_20230103.txt last modified: 20230126182248
[2023-01-26T18:22:49.992+0000] {base.py:213} INFO - Success criteria met. Exiting.
[2023-01-26T18:22:50.001+0000] {taskinstance.py:1406} INFO - Marking task as SUCCESS. dag_id=Respuesta_Nasa, task_id=Esperando_el_fichero, execution_date=20230103T000000, start_date=20230126T182249, end_date=20230126T182250
[2023-01-26T18:22:50.020+0000] {local_task_job.py:159} INFO - Task exited with return code 0
[2023-01-26T18:22:50.077+0000] {taskinstance.py:2623} INFO - 1 downstream tasks scheduled from follow-on schedule check
