[2023-01-27T15:18:50.669+0000] {taskinstance.py:1165} INFO - Dependencies all met for <TaskInstance: Respuesta_Nasa.Esperando_el_fichero scheduled__2023-01-03T00:00:00+00:00 [queued]>
[2023-01-27T15:18:50.695+0000] {taskinstance.py:1165} INFO - Dependencies all met for <TaskInstance: Respuesta_Nasa.Esperando_el_fichero scheduled__2023-01-03T00:00:00+00:00 [queued]>
[2023-01-27T15:18:50.695+0000] {taskinstance.py:1362} INFO - 
--------------------------------------------------------------------------------
[2023-01-27T15:18:50.695+0000] {taskinstance.py:1363} INFO - Starting attempt 12 of 14
[2023-01-27T15:18:50.696+0000] {taskinstance.py:1364} INFO - 
--------------------------------------------------------------------------------
[2023-01-27T15:18:50.711+0000] {taskinstance.py:1383} INFO - Executing <Task(FileSensor): Esperando_el_fichero> on 2023-01-03 00:00:00+00:00
[2023-01-27T15:18:50.736+0000] {standard_task_runner.py:55} INFO - Started process 247 to run task
[2023-01-27T15:18:50.741+0000] {standard_task_runner.py:82} INFO - Running: ['***', 'tasks', 'run', 'Respuesta_Nasa', 'Esperando_el_fichero', 'scheduled__2023-01-03T00:00:00+00:00', '--job-id', '737', '--raw', '--subdir', 'DAGS_FOLDER/00-ETL_spaceX.py', '--cfg-path', '/tmp/tmpx0r13wg1']
[2023-01-27T15:18:50.743+0000] {standard_task_runner.py:83} INFO - Job 737: Subtask Esperando_el_fichero
[2023-01-27T15:18:50.824+0000] {task_command.py:376} INFO - Running <TaskInstance: Respuesta_Nasa.Esperando_el_fichero scheduled__2023-01-03T00:00:00+00:00 [running]> on host 3ceae0e2b238
[2023-01-27T15:18:50.897+0000] {taskinstance.py:1592} INFO - Exporting the following env vars:
AIRFLOW_CTX_DAG_EMAIL=frandak2@gmail.com
AIRFLOW_CTX_DAG_OWNER=***
AIRFLOW_CTX_DAG_ID=Respuesta_Nasa
AIRFLOW_CTX_TASK_ID=Esperando_el_fichero
AIRFLOW_CTX_EXECUTION_DATE=2023-01-03T00:00:00+00:00
AIRFLOW_CTX_TRY_NUMBER=12
AIRFLOW_CTX_DAG_RUN_ID=scheduled__2023-01-03T00:00:00+00:00
[2023-01-27T15:18:50.907+0000] {base.py:71} INFO - Using connection ID 'fs_default' for task execution.
[2023-01-27T15:18:50.908+0000] {filesystem.py:58} INFO - Poking for file /tmp/response_20230103.txt
[2023-01-27T15:18:50.908+0000] {filesystem.py:63} INFO - Found File /tmp/response_20230103.txt last modified: 20230127151848
[2023-01-27T15:18:50.908+0000] {base.py:213} INFO - Success criteria met. Exiting.
[2023-01-27T15:18:50.918+0000] {taskinstance.py:1406} INFO - Marking task as SUCCESS. dag_id=Respuesta_Nasa, task_id=Esperando_el_fichero, execution_date=20230103T000000, start_date=20230127T151850, end_date=20230127T151850
[2023-01-27T15:18:50.951+0000] {local_task_job.py:159} INFO - Task exited with return code 0
[2023-01-27T15:18:51.012+0000] {taskinstance.py:2623} INFO - 1 downstream tasks scheduled from follow-on schedule check
