[2023-01-24 02:41:48,248] {taskinstance.py:1179} INFO - Dependencies all met for <TaskInstance: Respuesta_Nasa.Respuesta_Confirmacion_NASA scheduled__2023-01-01T00:55:00+00:00 [queued]>
[2023-01-24 02:41:48,267] {taskinstance.py:1179} INFO - Dependencies all met for <TaskInstance: Respuesta_Nasa.Respuesta_Confirmacion_NASA scheduled__2023-01-01T00:55:00+00:00 [queued]>
[2023-01-24 02:41:48,268] {taskinstance.py:1376} INFO - 
--------------------------------------------------------------------------------
[2023-01-24 02:41:48,268] {taskinstance.py:1377} INFO - Starting attempt 1 of 2
[2023-01-24 02:41:48,268] {taskinstance.py:1378} INFO - 
--------------------------------------------------------------------------------
[2023-01-24 02:41:48,298] {taskinstance.py:1397} INFO - Executing <Task(BashOperator): Respuesta_Confirmacion_NASA> on 2023-01-01 00:55:00+00:00
[2023-01-24 02:41:48,305] {standard_task_runner.py:52} INFO - Started process 1018 to run task
[2023-01-24 02:41:48,309] {standard_task_runner.py:79} INFO - Running: ['***', 'tasks', 'run', 'Respuesta_Nasa', 'Respuesta_Confirmacion_NASA', 'scheduled__2023-01-01T00:55:00+00:00', '--job-id', '154', '--raw', '--subdir', 'DAGS_FOLDER/00-ETL_spaceX.py', '--cfg-path', '/tmp/tmpe_fmo3x4', '--error-file', '/tmp/tmp9mdfm2pi']
[2023-01-24 02:41:48,311] {standard_task_runner.py:80} INFO - Job 154: Subtask Respuesta_Confirmacion_NASA
[2023-01-24 02:41:48,433] {task_command.py:371} INFO - Running <TaskInstance: Respuesta_Nasa.Respuesta_Confirmacion_NASA scheduled__2023-01-01T00:55:00+00:00 [running]> on host fd9891b969b0
[2023-01-24 02:41:48,563] {taskinstance.py:1591} INFO - Exporting the following env vars:
AIRFLOW_CTX_DAG_OWNER=me
AIRFLOW_CTX_DAG_ID=Respuesta_Nasa
AIRFLOW_CTX_TASK_ID=Respuesta_Confirmacion_NASA
AIRFLOW_CTX_EXECUTION_DATE=2023-01-01T00:55:00+00:00
AIRFLOW_CTX_TRY_NUMBER=1
AIRFLOW_CTX_DAG_RUN_ID=scheduled__2023-01-01T00:55:00+00:00
[2023-01-24 02:41:48,565] {subprocess.py:62} INFO - Tmp dir root location: 
 /tmp
[2023-01-24 02:41:48,565] {subprocess.py:74} INFO - Running command: ['bash', '-c', 'sleep 20 && echo "Confirmación de la NASA, pueden proceder" > /tmp/response_20230101.txt']
[2023-01-24 02:41:48,581] {subprocess.py:85} INFO - Output:
[2023-01-24 02:42:08,585] {subprocess.py:96} INFO - Command exited with return code 0
[2023-01-24 02:42:08,643] {taskinstance.py:1420} INFO - Marking task as SUCCESS. dag_id=Respuesta_Nasa, task_id=Respuesta_Confirmacion_NASA, execution_date=20230101T005500, start_date=20230124T024148, end_date=20230124T024208
[2023-01-24 02:42:08,689] {local_task_job.py:156} INFO - Task exited with return code 0
[2023-01-24 02:42:08,988] {local_task_job.py:273} INFO - 0 downstream tasks scheduled from follow-on schedule check
