[2023-01-24 02:43:50,225] {taskinstance.py:1179} INFO - Dependencies all met for <TaskInstance: Respuesta_Nasa.Leer_Datos_Respuesta_Nasa scheduled__2023-01-01T01:36:00+00:00 [queued]>
[2023-01-24 02:43:50,242] {taskinstance.py:1179} INFO - Dependencies all met for <TaskInstance: Respuesta_Nasa.Leer_Datos_Respuesta_Nasa scheduled__2023-01-01T01:36:00+00:00 [queued]>
[2023-01-24 02:43:50,243] {taskinstance.py:1376} INFO - 
--------------------------------------------------------------------------------
[2023-01-24 02:43:50,243] {taskinstance.py:1377} INFO - Starting attempt 1 of 2
[2023-01-24 02:43:50,243] {taskinstance.py:1378} INFO - 
--------------------------------------------------------------------------------
[2023-01-24 02:43:50,278] {taskinstance.py:1397} INFO - Executing <Task(BashOperator): Leer_Datos_Respuesta_Nasa> on 2023-01-01 01:36:00+00:00
[2023-01-24 02:43:50,293] {standard_task_runner.py:52} INFO - Started process 1924 to run task
[2023-01-24 02:43:50,302] {standard_task_runner.py:79} INFO - Running: ['***', 'tasks', 'run', 'Respuesta_Nasa', 'Leer_Datos_Respuesta_Nasa', 'scheduled__2023-01-01T01:36:00+00:00', '--job-id', '307', '--raw', '--subdir', 'DAGS_FOLDER/00-ETL_spaceX.py', '--cfg-path', '/tmp/tmpwpmuma6o', '--error-file', '/tmp/tmpht3j4uxh']
[2023-01-24 02:43:50,305] {standard_task_runner.py:80} INFO - Job 307: Subtask Leer_Datos_Respuesta_Nasa
[2023-01-24 02:43:50,652] {task_command.py:371} INFO - Running <TaskInstance: Respuesta_Nasa.Leer_Datos_Respuesta_Nasa scheduled__2023-01-01T01:36:00+00:00 [running]> on host fd9891b969b0
[2023-01-24 02:43:51,305] {taskinstance.py:1591} INFO - Exporting the following env vars:
AIRFLOW_CTX_DAG_OWNER=me
AIRFLOW_CTX_DAG_ID=Respuesta_Nasa
AIRFLOW_CTX_TASK_ID=Leer_Datos_Respuesta_Nasa
AIRFLOW_CTX_EXECUTION_DATE=2023-01-01T01:36:00+00:00
AIRFLOW_CTX_TRY_NUMBER=1
AIRFLOW_CTX_DAG_RUN_ID=scheduled__2023-01-01T01:36:00+00:00
[2023-01-24 02:43:51,306] {subprocess.py:62} INFO - Tmp dir root location: 
 /tmp
[2023-01-24 02:43:51,307] {subprocess.py:74} INFO - Running command: ['bash', '-c', 'ls /tmp && head /tmp/response_20230101.txt']
[2023-01-24 02:43:51,354] {subprocess.py:85} INFO - Output:
[2023-01-24 02:43:51,392] {subprocess.py:92} INFO - ***tmpis13s94k
[2023-01-24 02:43:51,393] {subprocess.py:92} INFO - ***tmpsj8dp1c0
[2023-01-24 02:43:51,393] {subprocess.py:92} INFO - ***tmpv61i__d8
[2023-01-24 02:43:51,393] {subprocess.py:92} INFO - pymp-igsi0xnb
[2023-01-24 02:43:51,393] {subprocess.py:92} INFO - response_20230101.txt
[2023-01-24 02:43:51,393] {subprocess.py:92} INFO - spacex_20230101.json
[2023-01-24 02:43:51,393] {subprocess.py:92} INFO - tmp8abq1csq
[2023-01-24 02:43:51,393] {subprocess.py:92} INFO - tmpht3j4uxh
[2023-01-24 02:43:51,394] {subprocess.py:92} INFO - tmpjn_2ysw_
[2023-01-24 02:43:51,394] {subprocess.py:92} INFO - tmpkhnhnqsv
[2023-01-24 02:43:51,394] {subprocess.py:92} INFO - tmpnvc2r2ky
[2023-01-24 02:43:51,394] {subprocess.py:92} INFO - tmpt2bne_g5
[2023-01-24 02:43:51,394] {subprocess.py:92} INFO - tmpvrsjr7np
[2023-01-24 02:43:51,394] {subprocess.py:92} INFO - tmpwrv9ldzl
[2023-01-24 02:43:51,394] {subprocess.py:92} INFO - tmpxrlayy7h
[2023-01-24 02:43:51,395] {subprocess.py:92} INFO - Confirmación de la NASA, pueden proceder
[2023-01-24 02:43:51,395] {subprocess.py:96} INFO - Command exited with return code 0
[2023-01-24 02:43:51,504] {taskinstance.py:1420} INFO - Marking task as SUCCESS. dag_id=Respuesta_Nasa, task_id=Leer_Datos_Respuesta_Nasa, execution_date=20230101T013600, start_date=20230124T024350, end_date=20230124T024351
[2023-01-24 02:43:51,561] {local_task_job.py:156} INFO - Task exited with return code 0
[2023-01-24 02:43:51,760] {local_task_job.py:273} INFO - 1 downstream tasks scheduled from follow-on schedule check
