[2023-01-24 02:40:26,633] {taskinstance.py:1179} INFO - Dependencies all met for <TaskInstance: Respuesta_Nasa.Leer_Datos_Respuesta_Nasa scheduled__2023-01-01T00:04:00+00:00 [queued]>
[2023-01-24 02:40:26,652] {taskinstance.py:1179} INFO - Dependencies all met for <TaskInstance: Respuesta_Nasa.Leer_Datos_Respuesta_Nasa scheduled__2023-01-01T00:04:00+00:00 [queued]>
[2023-01-24 02:40:26,652] {taskinstance.py:1376} INFO - 
--------------------------------------------------------------------------------
[2023-01-24 02:40:26,652] {taskinstance.py:1377} INFO - Starting attempt 1 of 2
[2023-01-24 02:40:26,652] {taskinstance.py:1378} INFO - 
--------------------------------------------------------------------------------
[2023-01-24 02:40:26,702] {taskinstance.py:1397} INFO - Executing <Task(BashOperator): Leer_Datos_Respuesta_Nasa> on 2023-01-01 00:04:00+00:00
[2023-01-24 02:40:26,723] {standard_task_runner.py:79} INFO - Running: ['***', 'tasks', 'run', 'Respuesta_Nasa', 'Leer_Datos_Respuesta_Nasa', 'scheduled__2023-01-01T00:04:00+00:00', '--job-id', '23', '--raw', '--subdir', 'DAGS_FOLDER/00-ETL_spaceX.py', '--cfg-path', '/tmp/tmpx3mmirtf', '--error-file', '/tmp/tmpel_1ueq2']
[2023-01-24 02:40:26,725] {standard_task_runner.py:80} INFO - Job 23: Subtask Leer_Datos_Respuesta_Nasa
[2023-01-24 02:40:26,728] {standard_task_runner.py:52} INFO - Started process 254 to run task
[2023-01-24 02:40:27,091] {task_command.py:371} INFO - Running <TaskInstance: Respuesta_Nasa.Leer_Datos_Respuesta_Nasa scheduled__2023-01-01T00:04:00+00:00 [running]> on host fd9891b969b0
[2023-01-24 02:40:27,348] {taskinstance.py:1591} INFO - Exporting the following env vars:
AIRFLOW_CTX_DAG_OWNER=me
AIRFLOW_CTX_DAG_ID=Respuesta_Nasa
AIRFLOW_CTX_TASK_ID=Leer_Datos_Respuesta_Nasa
AIRFLOW_CTX_EXECUTION_DATE=2023-01-01T00:04:00+00:00
AIRFLOW_CTX_TRY_NUMBER=1
AIRFLOW_CTX_DAG_RUN_ID=scheduled__2023-01-01T00:04:00+00:00
[2023-01-24 02:40:27,350] {subprocess.py:62} INFO - Tmp dir root location: 
 /tmp
[2023-01-24 02:40:27,351] {subprocess.py:74} INFO - Running command: ['bash', '-c', 'ls /tmp && head /tmp/response_20230101.txt']
[2023-01-24 02:40:27,368] {subprocess.py:85} INFO - Output:
[2023-01-24 02:40:27,376] {subprocess.py:92} INFO - ***tmp3kaddlzr
[2023-01-24 02:40:27,377] {subprocess.py:92} INFO - ***tmpoqquwowb
[2023-01-24 02:40:27,377] {subprocess.py:92} INFO - ***tmpq2tpuidf
[2023-01-24 02:40:27,377] {subprocess.py:92} INFO - pymp-igsi0xnb
[2023-01-24 02:40:27,377] {subprocess.py:92} INFO - response_20230101.txt
[2023-01-24 02:40:27,377] {subprocess.py:92} INFO - tmp15pyrnnp
[2023-01-24 02:40:27,377] {subprocess.py:92} INFO - tmp1t71j8t6
[2023-01-24 02:40:27,378] {subprocess.py:92} INFO - tmp7k7wl8m4
[2023-01-24 02:40:27,378] {subprocess.py:92} INFO - tmp8pgdd814
[2023-01-24 02:40:27,378] {subprocess.py:92} INFO - tmpel_1ueq2
[2023-01-24 02:40:27,378] {subprocess.py:92} INFO - tmpf8opdc6p
[2023-01-24 02:40:27,378] {subprocess.py:92} INFO - tmpm8eolpb7
[2023-01-24 02:40:27,378] {subprocess.py:92} INFO - tmpnvc2r2ky
[2023-01-24 02:40:27,379] {subprocess.py:92} INFO - tmppp5ufl9_
[2023-01-24 02:40:27,379] {subprocess.py:92} INFO - tmppzz9jaj2
[2023-01-24 02:40:27,379] {subprocess.py:92} INFO - tmpqo5bxr47
[2023-01-24 02:40:27,379] {subprocess.py:92} INFO - tmpuv1mkuoy
[2023-01-24 02:40:27,379] {subprocess.py:92} INFO - tmpy3wh_1uc
[2023-01-24 02:40:27,385] {subprocess.py:92} INFO - Confirmación de la NASA, pueden proceder
[2023-01-24 02:40:27,386] {subprocess.py:96} INFO - Command exited with return code 0
[2023-01-24 02:40:27,495] {taskinstance.py:1420} INFO - Marking task as SUCCESS. dag_id=Respuesta_Nasa, task_id=Leer_Datos_Respuesta_Nasa, execution_date=20230101T000400, start_date=20230124T024026, end_date=20230124T024027
[2023-01-24 02:40:27,569] {local_task_job.py:156} INFO - Task exited with return code 0
[2023-01-24 02:40:27,756] {local_task_job.py:273} INFO - 1 downstream tasks scheduled from follow-on schedule check
