[2023-01-26 17:53:12,428] {taskinstance.py:1179} INFO - Dependencies all met for <TaskInstance: Respuesta_Nasa.Leer_Datos_Respuesta_Satelite scheduled__2023-01-01T00:00:00+00:00 [queued]>
[2023-01-26 17:53:12,452] {taskinstance.py:1179} INFO - Dependencies all met for <TaskInstance: Respuesta_Nasa.Leer_Datos_Respuesta_Satelite scheduled__2023-01-01T00:00:00+00:00 [queued]>
[2023-01-26 17:53:12,452] {taskinstance.py:1376} INFO - 
--------------------------------------------------------------------------------
[2023-01-26 17:53:12,452] {taskinstance.py:1377} INFO - Starting attempt 12 of 14
[2023-01-26 17:53:12,452] {taskinstance.py:1378} INFO - 
--------------------------------------------------------------------------------
[2023-01-26 17:53:12,470] {taskinstance.py:1397} INFO - Executing <Task(BashOperator): Leer_Datos_Respuesta_Satelite> on 2023-01-01 00:00:00+00:00
[2023-01-26 17:53:12,524] {standard_task_runner.py:52} INFO - Started process 131 to run task
[2023-01-26 17:53:12,529] {standard_task_runner.py:79} INFO - Running: ['***', 'tasks', 'run', 'Respuesta_Nasa', 'Leer_Datos_Respuesta_Satelite', 'scheduled__2023-01-01T00:00:00+00:00', '--job-id', '629', '--raw', '--subdir', 'DAGS_FOLDER/00-ETL_spaceX.py', '--cfg-path', '/tmp/tmp5xeybel9', '--error-file', '/tmp/tmp7t5v79fs']
[2023-01-26 17:53:12,531] {standard_task_runner.py:80} INFO - Job 629: Subtask Leer_Datos_Respuesta_Satelite
[2023-01-26 17:53:12,632] {task_command.py:371} INFO - Running <TaskInstance: Respuesta_Nasa.Leer_Datos_Respuesta_Satelite scheduled__2023-01-01T00:00:00+00:00 [running]> on host da6de88268cf
[2023-01-26 17:53:12,725] {taskinstance.py:1591} INFO - Exporting the following env vars:
AIRFLOW_CTX_DAG_OWNER=***
AIRFLOW_CTX_DAG_ID=Respuesta_Nasa
AIRFLOW_CTX_TASK_ID=Leer_Datos_Respuesta_Satelite
AIRFLOW_CTX_EXECUTION_DATE=2023-01-01T00:00:00+00:00
AIRFLOW_CTX_TRY_NUMBER=12
AIRFLOW_CTX_DAG_RUN_ID=scheduled__2023-01-01T00:00:00+00:00
[2023-01-26 17:53:12,727] {subprocess.py:62} INFO - Tmp dir root location: 
 /tmp
[2023-01-26 17:53:12,727] {subprocess.py:74} INFO - Running command: ['bash', '-c', 'ls /tmp && head /tmp/platzi_data_20230101.csv']
[2023-01-26 17:53:12,738] {subprocess.py:85} INFO - Output:
[2023-01-26 17:53:12,742] {subprocess.py:92} INFO - ***tmp5ytm60fd
[2023-01-26 17:53:12,742] {subprocess.py:92} INFO - ***tmpl1z72_vr
[2023-01-26 17:53:12,742] {subprocess.py:92} INFO - platzi_data_20230101.csv
[2023-01-26 17:53:12,742] {subprocess.py:92} INFO - pymp-ysubsmu7
[2023-01-26 17:53:12,743] {subprocess.py:92} INFO - response_20230101.txt
[2023-01-26 17:53:12,743] {subprocess.py:92} INFO - spacex_20230101.json
[2023-01-26 17:53:12,743] {subprocess.py:92} INFO - tmp7t5v79fs
[2023-01-26 17:53:12,743] {subprocess.py:92} INFO - tmpnvc2r2ky
[2023-01-26 17:53:12,743] {subprocess.py:92} INFO - tmpr9m_kfo1
[2023-01-26 17:53:12,744] {subprocess.py:92} INFO - ,student,timestamp
[2023-01-26 17:53:12,744] {subprocess.py:92} INFO - 0,Maria Cruz,20230101
[2023-01-26 17:53:12,744] {subprocess.py:92} INFO - 1,Daniel Crema,20230101
[2023-01-26 17:53:12,744] {subprocess.py:92} INFO - 2,Elon Musk,20230101
[2023-01-26 17:53:12,744] {subprocess.py:92} INFO - 3,Karol Castrejon,20230101
[2023-01-26 17:53:12,744] {subprocess.py:92} INFO - 4,Freddy Vega,20230101
[2023-01-26 17:53:12,745] {subprocess.py:96} INFO - Command exited with return code 0
[2023-01-26 17:53:12,783] {taskinstance.py:1420} INFO - Marking task as SUCCESS. dag_id=Respuesta_Nasa, task_id=Leer_Datos_Respuesta_Satelite, execution_date=20230101T000000, start_date=20230126T175312, end_date=20230126T175312
[2023-01-26 17:53:12,821] {local_task_job.py:156} INFO - Task exited with return code 0
[2023-01-26 17:53:12,866] {local_task_job.py:273} INFO - 1 downstream tasks scheduled from follow-on schedule check
