[2023-01-26 16:39:38,922] {taskinstance.py:1179} INFO - Dependencies all met for <TaskInstance: Respuesta_Nasa.Leer_Datos_Respuesta_Satelite scheduled__2023-01-01T00:00:00+00:00 [queued]>
[2023-01-26 16:39:38,934] {taskinstance.py:1179} INFO - Dependencies all met for <TaskInstance: Respuesta_Nasa.Leer_Datos_Respuesta_Satelite scheduled__2023-01-01T00:00:00+00:00 [queued]>
[2023-01-26 16:39:38,934] {taskinstance.py:1376} INFO - 
--------------------------------------------------------------------------------
[2023-01-26 16:39:38,934] {taskinstance.py:1377} INFO - Starting attempt 9 of 11
[2023-01-26 16:39:38,934] {taskinstance.py:1378} INFO - 
--------------------------------------------------------------------------------
[2023-01-26 16:39:38,951] {taskinstance.py:1397} INFO - Executing <Task(BashOperator): Leer_Datos_Respuesta_Satelite> on 2023-01-01 00:00:00+00:00
[2023-01-26 16:39:38,956] {standard_task_runner.py:52} INFO - Started process 330 to run task
[2023-01-26 16:39:38,960] {standard_task_runner.py:79} INFO - Running: ['***', 'tasks', 'run', 'Respuesta_Nasa', 'Leer_Datos_Respuesta_Satelite', 'scheduled__2023-01-01T00:00:00+00:00', '--job-id', '552', '--raw', '--subdir', 'DAGS_FOLDER/00-ETL_spaceX.py', '--cfg-path', '/tmp/tmp9_rjt85x', '--error-file', '/tmp/tmp182j4r2t']
[2023-01-26 16:39:38,961] {standard_task_runner.py:80} INFO - Job 552: Subtask Leer_Datos_Respuesta_Satelite
[2023-01-26 16:39:39,035] {task_command.py:371} INFO - Running <TaskInstance: Respuesta_Nasa.Leer_Datos_Respuesta_Satelite scheduled__2023-01-01T00:00:00+00:00 [running]> on host 1e10284898e4
[2023-01-26 16:39:39,119] {taskinstance.py:1591} INFO - Exporting the following env vars:
AIRFLOW_CTX_DAG_OWNER=me
AIRFLOW_CTX_DAG_ID=Respuesta_Nasa
AIRFLOW_CTX_TASK_ID=Leer_Datos_Respuesta_Satelite
AIRFLOW_CTX_EXECUTION_DATE=2023-01-01T00:00:00+00:00
AIRFLOW_CTX_TRY_NUMBER=9
AIRFLOW_CTX_DAG_RUN_ID=scheduled__2023-01-01T00:00:00+00:00
[2023-01-26 16:39:39,120] {subprocess.py:62} INFO - Tmp dir root location: 
 /tmp
[2023-01-26 16:39:39,121] {subprocess.py:74} INFO - Running command: ['bash', '-c', 'ls /tmp && head /tmp/platzi_data_20230101.csv']
[2023-01-26 16:39:39,134] {subprocess.py:85} INFO - Output:
[2023-01-26 16:39:39,137] {subprocess.py:92} INFO - ***tmpoyzh9j4n
[2023-01-26 16:39:39,138] {subprocess.py:92} INFO - ***tmps13gw69g
[2023-01-26 16:39:39,138] {subprocess.py:92} INFO - platzi_data_20230101.csv
[2023-01-26 16:39:39,138] {subprocess.py:92} INFO - platzi_data_20230102.csv
[2023-01-26 16:39:39,138] {subprocess.py:92} INFO - platzi_data_20230103.csv
[2023-01-26 16:39:39,138] {subprocess.py:92} INFO - pymp-a0rn_v15
[2023-01-26 16:39:39,138] {subprocess.py:92} INFO - response_20230101.txt
[2023-01-26 16:39:39,138] {subprocess.py:92} INFO - response_20230102.txt
[2023-01-26 16:39:39,138] {subprocess.py:92} INFO - response_20230103.txt
[2023-01-26 16:39:39,139] {subprocess.py:92} INFO - spacex_20230101.json
[2023-01-26 16:39:39,139] {subprocess.py:92} INFO - spacex_20230102.json
[2023-01-26 16:39:39,139] {subprocess.py:92} INFO - spacex_20230103.json
[2023-01-26 16:39:39,139] {subprocess.py:92} INFO - tmp182j4r2t
[2023-01-26 16:39:39,139] {subprocess.py:92} INFO - tmp9s_1cgs2
[2023-01-26 16:39:39,139] {subprocess.py:92} INFO - tmpeczc9hx0
[2023-01-26 16:39:39,139] {subprocess.py:92} INFO - tmpnvc2r2ky
[2023-01-26 16:39:39,139] {subprocess.py:92} INFO - ,student,timestamp
[2023-01-26 16:39:39,139] {subprocess.py:92} INFO - 0,Maria Cruz,20230101
[2023-01-26 16:39:39,139] {subprocess.py:92} INFO - 1,Daniel Crema,20230101
[2023-01-26 16:39:39,139] {subprocess.py:92} INFO - 2,Elon Musk,20230101
[2023-01-26 16:39:39,139] {subprocess.py:92} INFO - 3,Karol Castrejon,20230101
[2023-01-26 16:39:39,140] {subprocess.py:92} INFO - 4,Freddy Vega,20230101
[2023-01-26 16:39:39,140] {subprocess.py:96} INFO - Command exited with return code 0
[2023-01-26 16:39:39,174] {taskinstance.py:1420} INFO - Marking task as SUCCESS. dag_id=Respuesta_Nasa, task_id=Leer_Datos_Respuesta_Satelite, execution_date=20230101T000000, start_date=20230126T163938, end_date=20230126T163939
[2023-01-26 16:39:39,210] {local_task_job.py:156} INFO - Task exited with return code 0
[2023-01-26 16:39:39,326] {local_task_job.py:273} INFO - 0 downstream tasks scheduled from follow-on schedule check
