[2023-01-25 23:21:46,679] {taskinstance.py:1179} INFO - Dependencies all met for <TaskInstance: Respuesta_Nasa.Leer_Datos_Respuesta_Satelite scheduled__2023-01-01T00:00:00+00:00 [queued]>
[2023-01-25 23:21:46,692] {taskinstance.py:1179} INFO - Dependencies all met for <TaskInstance: Respuesta_Nasa.Leer_Datos_Respuesta_Satelite scheduled__2023-01-01T00:00:00+00:00 [queued]>
[2023-01-25 23:21:46,692] {taskinstance.py:1376} INFO - 
--------------------------------------------------------------------------------
[2023-01-25 23:21:46,692] {taskinstance.py:1377} INFO - Starting attempt 7 of 9
[2023-01-25 23:21:46,693] {taskinstance.py:1378} INFO - 
--------------------------------------------------------------------------------
[2023-01-25 23:21:46,712] {taskinstance.py:1397} INFO - Executing <Task(BashOperator): Leer_Datos_Respuesta_Satelite> on 2023-01-01 00:00:00+00:00
[2023-01-25 23:21:46,719] {standard_task_runner.py:52} INFO - Started process 3886 to run task
[2023-01-25 23:21:46,722] {standard_task_runner.py:79} INFO - Running: ['***', 'tasks', 'run', 'Respuesta_Nasa', 'Leer_Datos_Respuesta_Satelite', 'scheduled__2023-01-01T00:00:00+00:00', '--job-id', '493', '--raw', '--subdir', 'DAGS_FOLDER/00-ETL_spaceX.py', '--cfg-path', '/tmp/tmpy5ovp018', '--error-file', '/tmp/tmpmcn3gvt6']
[2023-01-25 23:21:46,723] {standard_task_runner.py:80} INFO - Job 493: Subtask Leer_Datos_Respuesta_Satelite
[2023-01-25 23:21:46,793] {task_command.py:371} INFO - Running <TaskInstance: Respuesta_Nasa.Leer_Datos_Respuesta_Satelite scheduled__2023-01-01T00:00:00+00:00 [running]> on host fd9891b969b0
[2023-01-25 23:21:46,876] {taskinstance.py:1591} INFO - Exporting the following env vars:
AIRFLOW_CTX_DAG_OWNER=me
AIRFLOW_CTX_DAG_ID=Respuesta_Nasa
AIRFLOW_CTX_TASK_ID=Leer_Datos_Respuesta_Satelite
AIRFLOW_CTX_EXECUTION_DATE=2023-01-01T00:00:00+00:00
AIRFLOW_CTX_TRY_NUMBER=7
AIRFLOW_CTX_DAG_RUN_ID=scheduled__2023-01-01T00:00:00+00:00
[2023-01-25 23:21:46,877] {subprocess.py:62} INFO - Tmp dir root location: 
 /tmp
[2023-01-25 23:21:46,877] {subprocess.py:74} INFO - Running command: ['bash', '-c', 'ls /tmp && head /tmp/platzi_data_20230101.csv']
[2023-01-25 23:21:46,890] {subprocess.py:85} INFO - Output:
[2023-01-25 23:21:46,894] {subprocess.py:92} INFO - ***tmp1u0c4cv9
[2023-01-25 23:21:46,895] {subprocess.py:92} INFO - ***tmp4zcd1r26
[2023-01-25 23:21:46,895] {subprocess.py:92} INFO - platzi_data_20210101.csv
[2023-01-25 23:21:46,895] {subprocess.py:92} INFO - platzi_data_20230101.csv
[2023-01-25 23:21:46,895] {subprocess.py:92} INFO - platzi_data_20230102.csv
[2023-01-25 23:21:46,895] {subprocess.py:92} INFO - platzi_data_20230103.csv
[2023-01-25 23:21:46,895] {subprocess.py:92} INFO - platzi_data_{{ds_nodash}}.csv
[2023-01-25 23:21:46,896] {subprocess.py:92} INFO - pymp-183zsj8a
[2023-01-25 23:21:46,896] {subprocess.py:92} INFO - pymp-_z20wx4h
[2023-01-25 23:21:46,896] {subprocess.py:92} INFO - pymp-igsi0xnb
[2023-01-25 23:21:46,896] {subprocess.py:92} INFO - response_20230101.txt
[2023-01-25 23:21:46,896] {subprocess.py:92} INFO - response_20230102.txt
[2023-01-25 23:21:46,896] {subprocess.py:92} INFO - response_20230103.txt
[2023-01-25 23:21:46,896] {subprocess.py:92} INFO - spacex_20230101.json
[2023-01-25 23:21:46,896] {subprocess.py:92} INFO - spacex_20230102.json
[2023-01-25 23:21:46,896] {subprocess.py:92} INFO - spacex_20230103.json
[2023-01-25 23:21:46,896] {subprocess.py:92} INFO - tmp5otux9pw
[2023-01-25 23:21:46,896] {subprocess.py:92} INFO - tmpmcn3gvt6
[2023-01-25 23:21:46,897] {subprocess.py:92} INFO - tmpnvc2r2ky
[2023-01-25 23:21:46,897] {subprocess.py:92} INFO - tmpr1guxccf
[2023-01-25 23:21:46,897] {subprocess.py:92} INFO - ,student,timestamp
[2023-01-25 23:21:46,897] {subprocess.py:92} INFO - 0,Maria Cruz,20230101
[2023-01-25 23:21:46,897] {subprocess.py:92} INFO - 1,Daniel Crema,20230101
[2023-01-25 23:21:46,897] {subprocess.py:92} INFO - 2,Elon Musk,20230101
[2023-01-25 23:21:46,897] {subprocess.py:92} INFO - 3,Karol Castrejon,20230101
[2023-01-25 23:21:46,897] {subprocess.py:92} INFO - 4,Freddy Vega,20230101
[2023-01-25 23:21:46,898] {subprocess.py:96} INFO - Command exited with return code 0
[2023-01-25 23:21:46,938] {taskinstance.py:1420} INFO - Marking task as SUCCESS. dag_id=Respuesta_Nasa, task_id=Leer_Datos_Respuesta_Satelite, execution_date=20230101T000000, start_date=20230125T232146, end_date=20230125T232146
[2023-01-25 23:21:46,974] {local_task_job.py:156} INFO - Task exited with return code 0
[2023-01-25 23:21:47,015] {local_task_job.py:273} INFO - 1 downstream tasks scheduled from follow-on schedule check
