[2023-01-26 18:08:01,421] {taskinstance.py:1179} INFO - Dependencies all met for <TaskInstance: Respuesta_Nasa.Leer_Datos_Respuesta_Satelite scheduled__2023-01-01T00:00:00+00:00 [queued]>
[2023-01-26 18:08:01,435] {taskinstance.py:1179} INFO - Dependencies all met for <TaskInstance: Respuesta_Nasa.Leer_Datos_Respuesta_Satelite scheduled__2023-01-01T00:00:00+00:00 [queued]>
[2023-01-26 18:08:01,435] {taskinstance.py:1376} INFO - 
--------------------------------------------------------------------------------
[2023-01-26 18:08:01,435] {taskinstance.py:1377} INFO - Starting attempt 13 of 15
[2023-01-26 18:08:01,435] {taskinstance.py:1378} INFO - 
--------------------------------------------------------------------------------
[2023-01-26 18:08:01,450] {taskinstance.py:1397} INFO - Executing <Task(BashOperator): Leer_Datos_Respuesta_Satelite> on 2023-01-01 00:00:00+00:00
[2023-01-26 18:08:01,456] {standard_task_runner.py:52} INFO - Started process 910 to run task
[2023-01-26 18:08:01,459] {standard_task_runner.py:79} INFO - Running: ['***', 'tasks', 'run', 'Respuesta_Nasa', 'Leer_Datos_Respuesta_Satelite', 'scheduled__2023-01-01T00:00:00+00:00', '--job-id', '653', '--raw', '--subdir', 'DAGS_FOLDER/00-ETL_spaceX.py', '--cfg-path', '/tmp/tmpfxn1tl4_', '--error-file', '/tmp/tmp854vxdnu']
[2023-01-26 18:08:01,460] {standard_task_runner.py:80} INFO - Job 653: Subtask Leer_Datos_Respuesta_Satelite
[2023-01-26 18:08:01,527] {task_command.py:371} INFO - Running <TaskInstance: Respuesta_Nasa.Leer_Datos_Respuesta_Satelite scheduled__2023-01-01T00:00:00+00:00 [running]> on host da6de88268cf
[2023-01-26 18:08:01,607] {taskinstance.py:1591} INFO - Exporting the following env vars:
AIRFLOW_CTX_DAG_EMAIL=frandak2@gmail.com
AIRFLOW_CTX_DAG_OWNER=***
AIRFLOW_CTX_DAG_ID=Respuesta_Nasa
AIRFLOW_CTX_TASK_ID=Leer_Datos_Respuesta_Satelite
AIRFLOW_CTX_EXECUTION_DATE=2023-01-01T00:00:00+00:00
AIRFLOW_CTX_TRY_NUMBER=13
AIRFLOW_CTX_DAG_RUN_ID=scheduled__2023-01-01T00:00:00+00:00
[2023-01-26 18:08:01,608] {subprocess.py:62} INFO - Tmp dir root location: 
 /tmp
[2023-01-26 18:08:01,609] {subprocess.py:74} INFO - Running command: ['bash', '-c', 'ls /tmp && head /tmp/platzi_data_20230101.csv']
[2023-01-26 18:08:01,619] {subprocess.py:85} INFO - Output:
[2023-01-26 18:08:01,622] {subprocess.py:92} INFO - ***tmplvf197mg
[2023-01-26 18:08:01,622] {subprocess.py:92} INFO - ***tmpx8vzjhxh
[2023-01-26 18:08:01,622] {subprocess.py:92} INFO - platzi_data_20230101.csv
[2023-01-26 18:08:01,623] {subprocess.py:92} INFO - platzi_data_20230102.csv
[2023-01-26 18:08:01,623] {subprocess.py:92} INFO - platzi_data_20230103.csv
[2023-01-26 18:08:01,623] {subprocess.py:92} INFO - pymp-ysubsmu7
[2023-01-26 18:08:01,623] {subprocess.py:92} INFO - response_20230101.txt
[2023-01-26 18:08:01,623] {subprocess.py:92} INFO - response_20230102.txt
[2023-01-26 18:08:01,623] {subprocess.py:92} INFO - response_20230103.txt
[2023-01-26 18:08:01,623] {subprocess.py:92} INFO - spacex_20230101.json
[2023-01-26 18:08:01,623] {subprocess.py:92} INFO - spacex_20230102.json
[2023-01-26 18:08:01,623] {subprocess.py:92} INFO - spacex_20230103.json
[2023-01-26 18:08:01,624] {subprocess.py:92} INFO - tmp7_l3c04x
[2023-01-26 18:08:01,624] {subprocess.py:92} INFO - tmp854vxdnu
[2023-01-26 18:08:01,624] {subprocess.py:92} INFO - tmp9i27p4m0
[2023-01-26 18:08:01,624] {subprocess.py:92} INFO - tmpmoze8fie
[2023-01-26 18:08:01,624] {subprocess.py:92} INFO - tmpnvc2r2ky
[2023-01-26 18:08:01,624] {subprocess.py:92} INFO - ,student,timestamp
[2023-01-26 18:08:01,624] {subprocess.py:92} INFO - 0,Maria Cruz,20230101
[2023-01-26 18:08:01,624] {subprocess.py:92} INFO - 1,Daniel Crema,20230101
[2023-01-26 18:08:01,624] {subprocess.py:92} INFO - 2,Elon Musk,20230101
[2023-01-26 18:08:01,624] {subprocess.py:92} INFO - 3,Karol Castrejon,20230101
[2023-01-26 18:08:01,624] {subprocess.py:92} INFO - 4,Freddy Vega,20230101
[2023-01-26 18:08:01,625] {subprocess.py:96} INFO - Command exited with return code 0
[2023-01-26 18:08:01,656] {taskinstance.py:1420} INFO - Marking task as SUCCESS. dag_id=Respuesta_Nasa, task_id=Leer_Datos_Respuesta_Satelite, execution_date=20230101T000000, start_date=20230126T180801, end_date=20230126T180801
[2023-01-26 18:08:01,710] {local_task_job.py:156} INFO - Task exited with return code 0
[2023-01-26 18:08:01,779] {local_task_job.py:273} INFO - 1 downstream tasks scheduled from follow-on schedule check
