[2023-01-26T18:22:13.805+0000] {taskinstance.py:1165} INFO - Dependencies all met for <TaskInstance: Respuesta_Nasa.Leer_Datos_Respuesta_Satelite scheduled__2023-01-01T00:00:00+00:00 [queued]>
[2023-01-26T18:22:13.818+0000] {taskinstance.py:1165} INFO - Dependencies all met for <TaskInstance: Respuesta_Nasa.Leer_Datos_Respuesta_Satelite scheduled__2023-01-01T00:00:00+00:00 [queued]>
[2023-01-26T18:22:13.818+0000] {taskinstance.py:1362} INFO - 
--------------------------------------------------------------------------------
[2023-01-26T18:22:13.819+0000] {taskinstance.py:1363} INFO - Starting attempt 14 of 16
[2023-01-26T18:22:13.819+0000] {taskinstance.py:1364} INFO - 
--------------------------------------------------------------------------------
[2023-01-26T18:22:13.833+0000] {taskinstance.py:1383} INFO - Executing <Task(BashOperator): Leer_Datos_Respuesta_Satelite> on 2023-01-01 00:00:00+00:00
[2023-01-26T18:22:13.839+0000] {standard_task_runner.py:55} INFO - Started process 335 to run task
[2023-01-26T18:22:13.842+0000] {standard_task_runner.py:82} INFO - Running: ['***', 'tasks', 'run', 'Respuesta_Nasa', 'Leer_Datos_Respuesta_Satelite', 'scheduled__2023-01-01T00:00:00+00:00', '--job-id', '689', '--raw', '--subdir', 'DAGS_FOLDER/00-ETL_spaceX.py', '--cfg-path', '/tmp/tmpb9kzruqm']
[2023-01-26T18:22:13.844+0000] {standard_task_runner.py:83} INFO - Job 689: Subtask Leer_Datos_Respuesta_Satelite
[2023-01-26T18:22:13.907+0000] {task_command.py:376} INFO - Running <TaskInstance: Respuesta_Nasa.Leer_Datos_Respuesta_Satelite scheduled__2023-01-01T00:00:00+00:00 [running]> on host 3b3ab7bab1a5
[2023-01-26T18:22:13.976+0000] {taskinstance.py:1592} INFO - Exporting the following env vars:
AIRFLOW_CTX_DAG_EMAIL=frandak2@gmail.com
AIRFLOW_CTX_DAG_OWNER=***
AIRFLOW_CTX_DAG_ID=Respuesta_Nasa
AIRFLOW_CTX_TASK_ID=Leer_Datos_Respuesta_Satelite
AIRFLOW_CTX_EXECUTION_DATE=2023-01-01T00:00:00+00:00
AIRFLOW_CTX_TRY_NUMBER=14
AIRFLOW_CTX_DAG_RUN_ID=scheduled__2023-01-01T00:00:00+00:00
[2023-01-26T18:22:13.977+0000] {subprocess.py:63} INFO - Tmp dir root location: 
 /tmp
[2023-01-26T18:22:13.978+0000] {subprocess.py:75} INFO - Running command: ['/bin/bash', '-c', 'ls /tmp && head /tmp/platzi_data_20230101.csv']
[2023-01-26T18:22:13.989+0000] {subprocess.py:86} INFO - Output:
[2023-01-26T18:22:13.991+0000] {subprocess.py:93} INFO - ***tmpludvd9i4
[2023-01-26T18:22:13.992+0000] {subprocess.py:93} INFO - ***tmpn8sp_17w
[2023-01-26T18:22:13.992+0000] {subprocess.py:93} INFO - platzi_data_20230101.csv
[2023-01-26T18:22:13.992+0000] {subprocess.py:93} INFO - pymp-70u_3ce8
[2023-01-26T18:22:13.992+0000] {subprocess.py:93} INFO - response_20230101.txt
[2023-01-26T18:22:13.992+0000] {subprocess.py:93} INFO - spacex_20230101.json
[2023-01-26T18:22:13.992+0000] {subprocess.py:93} INFO - tmp5fy1spe0
[2023-01-26T18:22:13.993+0000] {subprocess.py:93} INFO - ,student,timestamp
[2023-01-26T18:22:13.993+0000] {subprocess.py:93} INFO - 0,Maria Cruz,20230101
[2023-01-26T18:22:13.993+0000] {subprocess.py:93} INFO - 1,Daniel Crema,20230101
[2023-01-26T18:22:13.993+0000] {subprocess.py:93} INFO - 2,Elon Musk,20230101
[2023-01-26T18:22:13.993+0000] {subprocess.py:93} INFO - 3,Karol Castrejon,20230101
[2023-01-26T18:22:13.993+0000] {subprocess.py:93} INFO - 4,Freddy Vega,20230101
[2023-01-26T18:22:13.994+0000] {subprocess.py:97} INFO - Command exited with return code 0
[2023-01-26T18:22:14.019+0000] {taskinstance.py:1406} INFO - Marking task as SUCCESS. dag_id=Respuesta_Nasa, task_id=Leer_Datos_Respuesta_Satelite, execution_date=20230101T000000, start_date=20230126T182213, end_date=20230126T182214
[2023-01-26T18:22:14.054+0000] {local_task_job.py:159} INFO - Task exited with return code 0
[2023-01-26T18:22:14.085+0000] {taskinstance.py:2623} INFO - 1 downstream tasks scheduled from follow-on schedule check
