[2023-01-27T15:18:13.254+0000] {taskinstance.py:1165} INFO - Dependencies all met for <TaskInstance: Respuesta_Nasa.Leer_Datos_Respuesta_Satelite scheduled__2023-01-01T00:00:00+00:00 [queued]>
[2023-01-27T15:18:13.269+0000] {taskinstance.py:1165} INFO - Dependencies all met for <TaskInstance: Respuesta_Nasa.Leer_Datos_Respuesta_Satelite scheduled__2023-01-01T00:00:00+00:00 [queued]>
[2023-01-27T15:18:13.269+0000] {taskinstance.py:1362} INFO - 
--------------------------------------------------------------------------------
[2023-01-27T15:18:13.270+0000] {taskinstance.py:1363} INFO - Starting attempt 15 of 17
[2023-01-27T15:18:13.270+0000] {taskinstance.py:1364} INFO - 
--------------------------------------------------------------------------------
[2023-01-27T15:18:13.286+0000] {taskinstance.py:1383} INFO - Executing <Task(BashOperator): Leer_Datos_Respuesta_Satelite> on 2023-01-01 00:00:00+00:00
[2023-01-27T15:18:13.291+0000] {standard_task_runner.py:55} INFO - Started process 177 to run task
[2023-01-27T15:18:13.295+0000] {standard_task_runner.py:82} INFO - Running: ['***', 'tasks', 'run', 'Respuesta_Nasa', 'Leer_Datos_Respuesta_Satelite', 'scheduled__2023-01-01T00:00:00+00:00', '--job-id', '727', '--raw', '--subdir', 'DAGS_FOLDER/00-ETL_spaceX.py', '--cfg-path', '/tmp/tmp4dltvozk']
[2023-01-27T15:18:13.297+0000] {standard_task_runner.py:83} INFO - Job 727: Subtask Leer_Datos_Respuesta_Satelite
[2023-01-27T15:18:13.374+0000] {task_command.py:376} INFO - Running <TaskInstance: Respuesta_Nasa.Leer_Datos_Respuesta_Satelite scheduled__2023-01-01T00:00:00+00:00 [running]> on host 3ceae0e2b238
[2023-01-27T15:18:13.444+0000] {taskinstance.py:1592} INFO - Exporting the following env vars:
AIRFLOW_CTX_DAG_EMAIL=frandak2@gmail.com
AIRFLOW_CTX_DAG_OWNER=***
AIRFLOW_CTX_DAG_ID=Respuesta_Nasa
AIRFLOW_CTX_TASK_ID=Leer_Datos_Respuesta_Satelite
AIRFLOW_CTX_EXECUTION_DATE=2023-01-01T00:00:00+00:00
AIRFLOW_CTX_TRY_NUMBER=15
AIRFLOW_CTX_DAG_RUN_ID=scheduled__2023-01-01T00:00:00+00:00
[2023-01-27T15:18:13.446+0000] {subprocess.py:63} INFO - Tmp dir root location: 
 /tmp
[2023-01-27T15:18:13.446+0000] {subprocess.py:75} INFO - Running command: ['/bin/bash', '-c', 'ls /tmp && head /tmp/platzi_data_20230101.csv']
[2023-01-27T15:18:13.457+0000] {subprocess.py:86} INFO - Output:
[2023-01-27T15:18:13.460+0000] {subprocess.py:93} INFO - ***tmpq0os4arf
[2023-01-27T15:18:13.461+0000] {subprocess.py:93} INFO - ***tmpv6tm2zd6
[2023-01-27T15:18:13.461+0000] {subprocess.py:93} INFO - platzi_data_20230101.csv
[2023-01-27T15:18:13.461+0000] {subprocess.py:93} INFO - pymp-rez_za4b
[2023-01-27T15:18:13.461+0000] {subprocess.py:93} INFO - response_20230101.txt
[2023-01-27T15:18:13.461+0000] {subprocess.py:93} INFO - spacex_20230101.json
[2023-01-27T15:18:13.461+0000] {subprocess.py:93} INFO - tmp5fy1spe0
[2023-01-27T15:18:13.462+0000] {subprocess.py:93} INFO - ,student,timestamp
[2023-01-27T15:18:13.462+0000] {subprocess.py:93} INFO - 0,Maria Cruz,20230101
[2023-01-27T15:18:13.462+0000] {subprocess.py:93} INFO - 1,Daniel Crema,20230101
[2023-01-27T15:18:13.462+0000] {subprocess.py:93} INFO - 2,Elon Musk,20230101
[2023-01-27T15:18:13.463+0000] {subprocess.py:93} INFO - 3,Karol Castrejon,20230101
[2023-01-27T15:18:13.463+0000] {subprocess.py:93} INFO - 4,Freddy Vega,20230101
[2023-01-27T15:18:13.463+0000] {subprocess.py:97} INFO - Command exited with return code 0
[2023-01-27T15:18:13.489+0000] {taskinstance.py:1406} INFO - Marking task as SUCCESS. dag_id=Respuesta_Nasa, task_id=Leer_Datos_Respuesta_Satelite, execution_date=20230101T000000, start_date=20230127T151813, end_date=20230127T151813
[2023-01-27T15:18:13.506+0000] {local_task_job.py:159} INFO - Task exited with return code 0
[2023-01-27T15:18:13.541+0000] {taskinstance.py:2623} INFO - 1 downstream tasks scheduled from follow-on schedule check
