[2023-01-24 02:41:48,600] {taskinstance.py:1179} INFO - Dependencies all met for <TaskInstance: Respuesta_Nasa.Respuesta_Confirmacion_NASA scheduled__2023-01-01T00:56:00+00:00 [queued]>
[2023-01-24 02:41:48,619] {taskinstance.py:1179} INFO - Dependencies all met for <TaskInstance: Respuesta_Nasa.Respuesta_Confirmacion_NASA scheduled__2023-01-01T00:56:00+00:00 [queued]>
[2023-01-24 02:41:48,619] {taskinstance.py:1376} INFO - 
--------------------------------------------------------------------------------
[2023-01-24 02:41:48,619] {taskinstance.py:1377} INFO - Starting attempt 1 of 2
[2023-01-24 02:41:48,619] {taskinstance.py:1378} INFO - 
--------------------------------------------------------------------------------
[2023-01-24 02:41:48,649] {taskinstance.py:1397} INFO - Executing <Task(BashOperator): Respuesta_Confirmacion_NASA> on 2023-01-01 00:56:00+00:00
[2023-01-24 02:41:48,654] {standard_task_runner.py:52} INFO - Started process 1023 to run task
[2023-01-24 02:41:48,658] {standard_task_runner.py:79} INFO - Running: ['***', 'tasks', 'run', 'Respuesta_Nasa', 'Respuesta_Confirmacion_NASA', 'scheduled__2023-01-01T00:56:00+00:00', '--job-id', '155', '--raw', '--subdir', 'DAGS_FOLDER/00-ETL_spaceX.py', '--cfg-path', '/tmp/tmpl8rwq7hg', '--error-file', '/tmp/tmpjwzmuhz3']
[2023-01-24 02:41:48,660] {standard_task_runner.py:80} INFO - Job 155: Subtask Respuesta_Confirmacion_NASA
[2023-01-24 02:41:48,769] {task_command.py:371} INFO - Running <TaskInstance: Respuesta_Nasa.Respuesta_Confirmacion_NASA scheduled__2023-01-01T00:56:00+00:00 [running]> on host fd9891b969b0
[2023-01-24 02:41:48,900] {taskinstance.py:1591} INFO - Exporting the following env vars:
AIRFLOW_CTX_DAG_OWNER=me
AIRFLOW_CTX_DAG_ID=Respuesta_Nasa
AIRFLOW_CTX_TASK_ID=Respuesta_Confirmacion_NASA
AIRFLOW_CTX_EXECUTION_DATE=2023-01-01T00:56:00+00:00
AIRFLOW_CTX_TRY_NUMBER=1
AIRFLOW_CTX_DAG_RUN_ID=scheduled__2023-01-01T00:56:00+00:00
[2023-01-24 02:41:48,902] {subprocess.py:62} INFO - Tmp dir root location: 
 /tmp
[2023-01-24 02:41:48,903] {subprocess.py:74} INFO - Running command: ['bash', '-c', 'sleep 20 && echo "Confirmación de la NASA, pueden proceder" > /tmp/response_20230101.txt']
[2023-01-24 02:41:48,917] {subprocess.py:85} INFO - Output:
[2023-01-24 02:42:08,936] {subprocess.py:96} INFO - Command exited with return code 0
[2023-01-24 02:42:09,001] {taskinstance.py:1420} INFO - Marking task as SUCCESS. dag_id=Respuesta_Nasa, task_id=Respuesta_Confirmacion_NASA, execution_date=20230101T005600, start_date=20230124T024148, end_date=20230124T024209
[2023-01-24 02:42:09,068] {local_task_job.py:156} INFO - Task exited with return code 0
[2023-01-24 02:42:09,184] {local_task_job.py:273} INFO - 1 downstream tasks scheduled from follow-on schedule check
