[2023-01-25 23:15:11,510] {taskinstance.py:1179} INFO - Dependencies all met for <TaskInstance: Respuesta_Nasa.Esperando_el_fichero scheduled__2023-01-02T00:00:00+00:00 [queued]>
[2023-01-25 23:15:11,522] {taskinstance.py:1179} INFO - Dependencies all met for <TaskInstance: Respuesta_Nasa.Esperando_el_fichero scheduled__2023-01-02T00:00:00+00:00 [queued]>
[2023-01-25 23:15:11,522] {taskinstance.py:1376} INFO - 
--------------------------------------------------------------------------------
[2023-01-25 23:15:11,522] {taskinstance.py:1377} INFO - Starting attempt 3 of 5
[2023-01-25 23:15:11,522] {taskinstance.py:1378} INFO - 
--------------------------------------------------------------------------------
[2023-01-25 23:15:11,537] {taskinstance.py:1397} INFO - Executing <Task(FileSensor): Esperando_el_fichero> on 2023-01-02 00:00:00+00:00
[2023-01-25 23:15:11,542] {standard_task_runner.py:52} INFO - Started process 3470 to run task
[2023-01-25 23:15:11,546] {standard_task_runner.py:79} INFO - Running: ['***', 'tasks', 'run', 'Respuesta_Nasa', 'Esperando_el_fichero', 'scheduled__2023-01-02T00:00:00+00:00', '--job-id', '464', '--raw', '--subdir', 'DAGS_FOLDER/00-ETL_spaceX.py', '--cfg-path', '/tmp/tmp8qobveid', '--error-file', '/tmp/tmpaqaq2a1e']
[2023-01-25 23:15:11,547] {standard_task_runner.py:80} INFO - Job 464: Subtask Esperando_el_fichero
[2023-01-25 23:15:11,615] {task_command.py:371} INFO - Running <TaskInstance: Respuesta_Nasa.Esperando_el_fichero scheduled__2023-01-02T00:00:00+00:00 [running]> on host fd9891b969b0
[2023-01-25 23:15:11,691] {taskinstance.py:1591} INFO - Exporting the following env vars:
AIRFLOW_CTX_DAG_OWNER=me
AIRFLOW_CTX_DAG_ID=Respuesta_Nasa
AIRFLOW_CTX_TASK_ID=Esperando_el_fichero
AIRFLOW_CTX_EXECUTION_DATE=2023-01-02T00:00:00+00:00
AIRFLOW_CTX_TRY_NUMBER=3
AIRFLOW_CTX_DAG_RUN_ID=scheduled__2023-01-02T00:00:00+00:00
[2023-01-25 23:15:11,701] {base.py:68} INFO - Using connection ID 'fs_default' for task execution.
[2023-01-25 23:15:11,701] {filesystem.py:58} INFO - Poking for file /tmp/response_20230102.txt
[2023-01-25 23:15:11,701] {filesystem.py:63} INFO - Found File /tmp/response_20230102.txt last modified: 20230125231510
[2023-01-25 23:15:11,701] {base.py:301} INFO - Success criteria met. Exiting.
[2023-01-25 23:15:11,715] {taskinstance.py:1420} INFO - Marking task as SUCCESS. dag_id=Respuesta_Nasa, task_id=Esperando_el_fichero, execution_date=20230102T000000, start_date=20230125T231511, end_date=20230125T231511
[2023-01-25 23:15:11,758] {local_task_job.py:156} INFO - Task exited with return code 0
[2023-01-25 23:15:11,817] {local_task_job.py:273} INFO - 1 downstream tasks scheduled from follow-on schedule check
