[2023-01-25 23:21:38,928] {taskinstance.py:1179} INFO - Dependencies all met for <TaskInstance: Respuesta_Nasa.Esperando_el_fichero scheduled__2023-01-02T00:00:00+00:00 [queued]>
[2023-01-25 23:21:38,942] {taskinstance.py:1179} INFO - Dependencies all met for <TaskInstance: Respuesta_Nasa.Esperando_el_fichero scheduled__2023-01-02T00:00:00+00:00 [queued]>
[2023-01-25 23:21:38,942] {taskinstance.py:1376} INFO - 
--------------------------------------------------------------------------------
[2023-01-25 23:21:38,942] {taskinstance.py:1377} INFO - Starting attempt 4 of 6
[2023-01-25 23:21:38,942] {taskinstance.py:1378} INFO - 
--------------------------------------------------------------------------------
[2023-01-25 23:21:38,976] {taskinstance.py:1397} INFO - Executing <Task(FileSensor): Esperando_el_fichero> on 2023-01-02 00:00:00+00:00
[2023-01-25 23:21:38,982] {standard_task_runner.py:52} INFO - Started process 3834 to run task
[2023-01-25 23:21:38,986] {standard_task_runner.py:79} INFO - Running: ['***', 'tasks', 'run', 'Respuesta_Nasa', 'Esperando_el_fichero', 'scheduled__2023-01-02T00:00:00+00:00', '--job-id', '481', '--raw', '--subdir', 'DAGS_FOLDER/00-ETL_spaceX.py', '--cfg-path', '/tmp/tmp5zkn8zq9', '--error-file', '/tmp/tmp891lbkh2']
[2023-01-25 23:21:38,988] {standard_task_runner.py:80} INFO - Job 481: Subtask Esperando_el_fichero
[2023-01-25 23:21:39,124] {task_command.py:371} INFO - Running <TaskInstance: Respuesta_Nasa.Esperando_el_fichero scheduled__2023-01-02T00:00:00+00:00 [running]> on host fd9891b969b0
[2023-01-25 23:21:39,243] {taskinstance.py:1591} INFO - Exporting the following env vars:
AIRFLOW_CTX_DAG_OWNER=me
AIRFLOW_CTX_DAG_ID=Respuesta_Nasa
AIRFLOW_CTX_TASK_ID=Esperando_el_fichero
AIRFLOW_CTX_EXECUTION_DATE=2023-01-02T00:00:00+00:00
AIRFLOW_CTX_TRY_NUMBER=4
AIRFLOW_CTX_DAG_RUN_ID=scheduled__2023-01-02T00:00:00+00:00
[2023-01-25 23:21:39,262] {base.py:68} INFO - Using connection ID 'fs_default' for task execution.
[2023-01-25 23:21:39,263] {filesystem.py:58} INFO - Poking for file /tmp/response_20230102.txt
[2023-01-25 23:21:39,263] {filesystem.py:63} INFO - Found File /tmp/response_20230102.txt last modified: 20230125232138
[2023-01-25 23:21:39,263] {base.py:301} INFO - Success criteria met. Exiting.
[2023-01-25 23:21:39,284] {taskinstance.py:1420} INFO - Marking task as SUCCESS. dag_id=Respuesta_Nasa, task_id=Esperando_el_fichero, execution_date=20230102T000000, start_date=20230125T232138, end_date=20230125T232139
[2023-01-25 23:21:39,320] {local_task_job.py:156} INFO - Task exited with return code 0
[2023-01-25 23:21:39,420] {local_task_job.py:273} INFO - 1 downstream tasks scheduled from follow-on schedule check
