[2023-01-24 02:41:38,319] {taskinstance.py:1179} INFO - Dependencies all met for <TaskInstance: Respuesta_Nasa.Leer_Datos_Respuesta_Nasa scheduled__2023-01-01T00:46:00+00:00 [queued]>
[2023-01-24 02:41:38,380] {taskinstance.py:1179} INFO - Dependencies all met for <TaskInstance: Respuesta_Nasa.Leer_Datos_Respuesta_Nasa scheduled__2023-01-01T00:46:00+00:00 [queued]>
[2023-01-24 02:41:38,380] {taskinstance.py:1376} INFO - 
--------------------------------------------------------------------------------
[2023-01-24 02:41:38,381] {taskinstance.py:1377} INFO - Starting attempt 1 of 2
[2023-01-24 02:41:38,381] {taskinstance.py:1378} INFO - 
--------------------------------------------------------------------------------
[2023-01-24 02:41:38,457] {taskinstance.py:1397} INFO - Executing <Task(BashOperator): Leer_Datos_Respuesta_Nasa> on 2023-01-01 00:46:00+00:00
[2023-01-24 02:41:38,490] {standard_task_runner.py:52} INFO - Started process 915 to run task
[2023-01-24 02:41:38,508] {standard_task_runner.py:79} INFO - Running: ['***', 'tasks', 'run', 'Respuesta_Nasa', 'Leer_Datos_Respuesta_Nasa', 'scheduled__2023-01-01T00:46:00+00:00', '--job-id', '136', '--raw', '--subdir', 'DAGS_FOLDER/00-ETL_spaceX.py', '--cfg-path', '/tmp/tmpfm6bm79u', '--error-file', '/tmp/tmp4xwdpr6e']
[2023-01-24 02:41:38,511] {standard_task_runner.py:80} INFO - Job 136: Subtask Leer_Datos_Respuesta_Nasa
[2023-01-24 02:41:38,715] {task_command.py:371} INFO - Running <TaskInstance: Respuesta_Nasa.Leer_Datos_Respuesta_Nasa scheduled__2023-01-01T00:46:00+00:00 [running]> on host fd9891b969b0
[2023-01-24 02:41:39,058] {taskinstance.py:1591} INFO - Exporting the following env vars:
AIRFLOW_CTX_DAG_OWNER=me
AIRFLOW_CTX_DAG_ID=Respuesta_Nasa
AIRFLOW_CTX_TASK_ID=Leer_Datos_Respuesta_Nasa
AIRFLOW_CTX_EXECUTION_DATE=2023-01-01T00:46:00+00:00
AIRFLOW_CTX_TRY_NUMBER=1
AIRFLOW_CTX_DAG_RUN_ID=scheduled__2023-01-01T00:46:00+00:00
[2023-01-24 02:41:39,088] {subprocess.py:62} INFO - Tmp dir root location: 
 /tmp
[2023-01-24 02:41:39,088] {subprocess.py:74} INFO - Running command: ['bash', '-c', 'ls /tmp && head /tmp/response_20230101.txt']
[2023-01-24 02:41:39,156] {subprocess.py:85} INFO - Output:
[2023-01-24 02:41:39,159] {subprocess.py:92} INFO - ***tmpge_jkrqo
[2023-01-24 02:41:39,159] {subprocess.py:92} INFO - pymp-igsi0xnb
[2023-01-24 02:41:39,159] {subprocess.py:92} INFO - response_20230101.txt
[2023-01-24 02:41:39,159] {subprocess.py:92} INFO - spacex_20230101.json
[2023-01-24 02:41:39,160] {subprocess.py:92} INFO - tmp2vak7f1v
[2023-01-24 02:41:39,160] {subprocess.py:92} INFO - tmp2vkpxqs3
[2023-01-24 02:41:39,160] {subprocess.py:92} INFO - tmp4xwdpr6e
[2023-01-24 02:41:39,161] {subprocess.py:92} INFO - tmp_6f1i25m
[2023-01-24 02:41:39,161] {subprocess.py:92} INFO - tmpamu6_qfc
[2023-01-24 02:41:39,161] {subprocess.py:92} INFO - tmpbw5ht0fp
[2023-01-24 02:41:39,161] {subprocess.py:92} INFO - tmpc646wu9_
[2023-01-24 02:41:39,161] {subprocess.py:92} INFO - tmpg4atzm6c
[2023-01-24 02:41:39,161] {subprocess.py:92} INFO - tmpg9h3j86t
[2023-01-24 02:41:39,161] {subprocess.py:92} INFO - tmplj8_4zfy
[2023-01-24 02:41:39,162] {subprocess.py:92} INFO - tmpna_neain
[2023-01-24 02:41:39,162] {subprocess.py:92} INFO - tmpnvc2r2ky
[2023-01-24 02:41:39,162] {subprocess.py:92} INFO - tmppdx08635
[2023-01-24 02:41:39,162] {subprocess.py:92} INFO - tmps9qtbemh
[2023-01-24 02:41:39,162] {subprocess.py:92} INFO - tmpsj5of5ey
[2023-01-24 02:41:39,162] {subprocess.py:92} INFO - tmpu6d4z1rg
[2023-01-24 02:41:39,162] {subprocess.py:92} INFO - tmpuepx4h0i
[2023-01-24 02:41:39,166] {subprocess.py:92} INFO - Confirmación de la NASA, pueden proceder
[2023-01-24 02:41:39,166] {subprocess.py:96} INFO - Command exited with return code 0
[2023-01-24 02:41:39,486] {taskinstance.py:1420} INFO - Marking task as SUCCESS. dag_id=Respuesta_Nasa, task_id=Leer_Datos_Respuesta_Nasa, execution_date=20230101T004600, start_date=20230124T024138, end_date=20230124T024139
[2023-01-24 02:41:39,692] {local_task_job.py:156} INFO - Task exited with return code 0
[2023-01-24 02:41:39,862] {local_task_job.py:273} INFO - 1 downstream tasks scheduled from follow-on schedule check
