[2023-01-24 02:41:00,263] {taskinstance.py:1179} INFO - Dependencies all met for <TaskInstance: Respuesta_Nasa.Leer_Datos_Respuesta_Nasa scheduled__2023-01-01T00:16:00+00:00 [queued]>
[2023-01-24 02:41:00,305] {taskinstance.py:1179} INFO - Dependencies all met for <TaskInstance: Respuesta_Nasa.Leer_Datos_Respuesta_Nasa scheduled__2023-01-01T00:16:00+00:00 [queued]>
[2023-01-24 02:41:00,306] {taskinstance.py:1376} INFO - 
--------------------------------------------------------------------------------
[2023-01-24 02:41:00,306] {taskinstance.py:1377} INFO - Starting attempt 1 of 2
[2023-01-24 02:41:00,306] {taskinstance.py:1378} INFO - 
--------------------------------------------------------------------------------
[2023-01-24 02:41:00,358] {taskinstance.py:1397} INFO - Executing <Task(BashOperator): Leer_Datos_Respuesta_Nasa> on 2023-01-01 00:16:00+00:00
[2023-01-24 02:41:00,371] {standard_task_runner.py:52} INFO - Started process 536 to run task
[2023-01-24 02:41:00,388] {standard_task_runner.py:79} INFO - Running: ['***', 'tasks', 'run', 'Respuesta_Nasa', 'Leer_Datos_Respuesta_Nasa', 'scheduled__2023-01-01T00:16:00+00:00', '--job-id', '67', '--raw', '--subdir', 'DAGS_FOLDER/00-ETL_spaceX.py', '--cfg-path', '/tmp/tmpusgug5w5', '--error-file', '/tmp/tmp2dd2o5b4']
[2023-01-24 02:41:00,393] {standard_task_runner.py:80} INFO - Job 67: Subtask Leer_Datos_Respuesta_Nasa
[2023-01-24 02:41:00,622] {task_command.py:371} INFO - Running <TaskInstance: Respuesta_Nasa.Leer_Datos_Respuesta_Nasa scheduled__2023-01-01T00:16:00+00:00 [running]> on host fd9891b969b0
[2023-01-24 02:41:00,825] {taskinstance.py:1591} INFO - Exporting the following env vars:
AIRFLOW_CTX_DAG_OWNER=me
AIRFLOW_CTX_DAG_ID=Respuesta_Nasa
AIRFLOW_CTX_TASK_ID=Leer_Datos_Respuesta_Nasa
AIRFLOW_CTX_EXECUTION_DATE=2023-01-01T00:16:00+00:00
AIRFLOW_CTX_TRY_NUMBER=1
AIRFLOW_CTX_DAG_RUN_ID=scheduled__2023-01-01T00:16:00+00:00
[2023-01-24 02:41:00,826] {subprocess.py:62} INFO - Tmp dir root location: 
 /tmp
[2023-01-24 02:41:00,828] {subprocess.py:74} INFO - Running command: ['bash', '-c', 'ls /tmp && head /tmp/response_20230101.txt']
[2023-01-24 02:41:00,857] {subprocess.py:85} INFO - Output:
[2023-01-24 02:41:00,869] {subprocess.py:92} INFO - ***tmprdtobruv
[2023-01-24 02:41:00,870] {subprocess.py:92} INFO - ***tmpv3rc7fgo
[2023-01-24 02:41:00,872] {subprocess.py:92} INFO - pymp-igsi0xnb
[2023-01-24 02:41:00,874] {subprocess.py:92} INFO - response_20230101.txt
[2023-01-24 02:41:00,875] {subprocess.py:92} INFO - spacex_20230101.json
[2023-01-24 02:41:00,876] {subprocess.py:92} INFO - tmp0c8xiyuq
[2023-01-24 02:41:00,877] {subprocess.py:92} INFO - tmp2dd2o5b4
[2023-01-24 02:41:00,879] {subprocess.py:92} INFO - tmp3d7l3sa9
[2023-01-24 02:41:00,883] {subprocess.py:92} INFO - tmp8c1wrmo3
[2023-01-24 02:41:00,883] {subprocess.py:92} INFO - tmp_1e8r489
[2023-01-24 02:41:00,884] {subprocess.py:92} INFO - tmp_4wr3trt
[2023-01-24 02:41:00,884] {subprocess.py:92} INFO - tmpak15w658
[2023-01-24 02:41:00,886] {subprocess.py:92} INFO - tmpd5831z63
[2023-01-24 02:41:00,887] {subprocess.py:92} INFO - tmpfp57a6d1
[2023-01-24 02:41:00,887] {subprocess.py:92} INFO - tmpfwvmqypm
[2023-01-24 02:41:00,887] {subprocess.py:92} INFO - tmph9ennlfh
[2023-01-24 02:41:00,887] {subprocess.py:92} INFO - tmpk44my_n6
[2023-01-24 02:41:00,887] {subprocess.py:92} INFO - tmpkt4ej5o8
[2023-01-24 02:41:00,887] {subprocess.py:92} INFO - tmpluavvl5d
[2023-01-24 02:41:00,888] {subprocess.py:92} INFO - tmpnvc2r2ky
[2023-01-24 02:41:00,888] {subprocess.py:92} INFO - tmpq0__4_qn
[2023-01-24 02:41:00,888] {subprocess.py:92} INFO - tmpww0pkaar
[2023-01-24 02:41:00,888] {subprocess.py:92} INFO - tmpy4ny_b9m
[2023-01-24 02:41:00,889] {subprocess.py:92} INFO - Confirmación de la NASA, pueden proceder
[2023-01-24 02:41:00,889] {subprocess.py:96} INFO - Command exited with return code 0
[2023-01-24 02:41:01,069] {taskinstance.py:1420} INFO - Marking task as SUCCESS. dag_id=Respuesta_Nasa, task_id=Leer_Datos_Respuesta_Nasa, execution_date=20230101T001600, start_date=20230124T024100, end_date=20230124T024101
[2023-01-24 02:41:01,144] {local_task_job.py:156} INFO - Task exited with return code 0
[2023-01-24 02:41:01,281] {local_task_job.py:273} INFO - 1 downstream tasks scheduled from follow-on schedule check
