[2023-01-24 02:44:33,129] {taskinstance.py:1179} INFO - Dependencies all met for <TaskInstance: Respuesta_Nasa.Obtener_Datos_SPACEX scheduled__2023-01-01T02:05:00+00:00 [queued]>
[2023-01-24 02:44:33,147] {taskinstance.py:1179} INFO - Dependencies all met for <TaskInstance: Respuesta_Nasa.Obtener_Datos_SPACEX scheduled__2023-01-01T02:05:00+00:00 [queued]>
[2023-01-24 02:44:33,147] {taskinstance.py:1376} INFO - 
--------------------------------------------------------------------------------
[2023-01-24 02:44:33,148] {taskinstance.py:1377} INFO - Starting attempt 1 of 2
[2023-01-24 02:44:33,148] {taskinstance.py:1378} INFO - 
--------------------------------------------------------------------------------
[2023-01-24 02:44:33,185] {taskinstance.py:1397} INFO - Executing <Task(BashOperator): Obtener_Datos_SPACEX> on 2023-01-01 02:05:00+00:00
[2023-01-24 02:44:33,196] {standard_task_runner.py:52} INFO - Started process 2361 to run task
[2023-01-24 02:44:33,205] {standard_task_runner.py:79} INFO - Running: ['***', 'tasks', 'run', 'Respuesta_Nasa', 'Obtener_Datos_SPACEX', 'scheduled__2023-01-01T02:05:00+00:00', '--job-id', '383', '--raw', '--subdir', 'DAGS_FOLDER/00-ETL_spaceX.py', '--cfg-path', '/tmp/tmp6w3em62o', '--error-file', '/tmp/tmp22yey2zk']
[2023-01-24 02:44:33,207] {standard_task_runner.py:80} INFO - Job 383: Subtask Obtener_Datos_SPACEX
[2023-01-24 02:44:33,341] {task_command.py:371} INFO - Running <TaskInstance: Respuesta_Nasa.Obtener_Datos_SPACEX scheduled__2023-01-01T02:05:00+00:00 [running]> on host fd9891b969b0
[2023-01-24 02:44:33,495] {taskinstance.py:1591} INFO - Exporting the following env vars:
AIRFLOW_CTX_DAG_OWNER=me
AIRFLOW_CTX_DAG_ID=Respuesta_Nasa
AIRFLOW_CTX_TASK_ID=Obtener_Datos_SPACEX
AIRFLOW_CTX_EXECUTION_DATE=2023-01-01T02:05:00+00:00
AIRFLOW_CTX_TRY_NUMBER=1
AIRFLOW_CTX_DAG_RUN_ID=scheduled__2023-01-01T02:05:00+00:00
[2023-01-24 02:44:33,498] {subprocess.py:62} INFO - Tmp dir root location: 
 /tmp
[2023-01-24 02:44:33,499] {subprocess.py:74} INFO - Running command: ['bash', '-c', 'curl https://api.spacexdata.com/v4/launches/past > /tmp/spacex_20230101.json']
[2023-01-24 02:44:33,517] {subprocess.py:85} INFO - Output:
[2023-01-24 02:44:33,527] {subprocess.py:92} INFO -   % Total    % Received % Xferd  Average Speed   Time    Time     Time  Current
[2023-01-24 02:44:33,527] {subprocess.py:92} INFO -                                  Dload  Upload   Total   Spent    Left  Speed
[2023-01-24 02:44:34,448] {subprocess.py:92} INFO -   0     0    0     0    0     0      0      0 --:--:-- --:--:-- --:--:--     0  0     0    0     0    0     0      0      0 --:--:-- --:--:-- --:--:--     0100  406k    0  406k    0     0   441k      0 --:--:-- --:--:-- --:--:--  441k
[2023-01-24 02:44:34,452] {subprocess.py:96} INFO - Command exited with return code 0
[2023-01-24 02:44:34,508] {taskinstance.py:1420} INFO - Marking task as SUCCESS. dag_id=Respuesta_Nasa, task_id=Obtener_Datos_SPACEX, execution_date=20230101T020500, start_date=20230124T024433, end_date=20230124T024434
[2023-01-24 02:44:34,537] {local_task_job.py:156} INFO - Task exited with return code 0
[2023-01-24 02:44:34,580] {local_task_job.py:273} INFO - 0 downstream tasks scheduled from follow-on schedule check
