[2023-01-26 17:19:59,037] {taskinstance.py:1179} INFO - Dependencies all met for <TaskInstance: Respuesta_Nasa.Respuesta_Confirmacion_NASA scheduled__2023-01-02T00:00:00+00:00 [queued]>
[2023-01-26 17:19:59,053] {taskinstance.py:1179} INFO - Dependencies all met for <TaskInstance: Respuesta_Nasa.Respuesta_Confirmacion_NASA scheduled__2023-01-02T00:00:00+00:00 [queued]>
[2023-01-26 17:19:59,053] {taskinstance.py:1376} INFO - 
--------------------------------------------------------------------------------
[2023-01-26 17:19:59,053] {taskinstance.py:1377} INFO - Starting attempt 8 of 10
[2023-01-26 17:19:59,053] {taskinstance.py:1378} INFO - 
--------------------------------------------------------------------------------
[2023-01-26 17:19:59,073] {taskinstance.py:1397} INFO - Executing <Task(BashOperator): Respuesta_Confirmacion_NASA> on 2023-01-02 00:00:00+00:00
[2023-01-26 17:19:59,079] {standard_task_runner.py:52} INFO - Started process 1045 to run task
[2023-01-26 17:19:59,084] {standard_task_runner.py:79} INFO - Running: ['***', 'tasks', 'run', 'Respuesta_Nasa', 'Respuesta_Confirmacion_NASA', 'scheduled__2023-01-02T00:00:00+00:00', '--job-id', '594', '--raw', '--subdir', 'DAGS_FOLDER/00-ETL_spaceX.py', '--cfg-path', '/tmp/tmpx6vff5zf', '--error-file', '/tmp/tmpwj6aguyn']
[2023-01-26 17:19:59,086] {standard_task_runner.py:80} INFO - Job 594: Subtask Respuesta_Confirmacion_NASA
[2023-01-26 17:19:59,180] {task_command.py:371} INFO - Running <TaskInstance: Respuesta_Nasa.Respuesta_Confirmacion_NASA scheduled__2023-01-02T00:00:00+00:00 [running]> on host afaa1e0ff064
[2023-01-26 17:19:59,269] {taskinstance.py:1591} INFO - Exporting the following env vars:
AIRFLOW_CTX_DAG_EMAIL=davidmontenegro2403@gmail.com
AIRFLOW_CTX_DAG_OWNER=me
AIRFLOW_CTX_DAG_ID=Respuesta_Nasa
AIRFLOW_CTX_TASK_ID=Respuesta_Confirmacion_NASA
AIRFLOW_CTX_EXECUTION_DATE=2023-01-02T00:00:00+00:00
AIRFLOW_CTX_TRY_NUMBER=8
AIRFLOW_CTX_DAG_RUN_ID=scheduled__2023-01-02T00:00:00+00:00
[2023-01-26 17:19:59,270] {subprocess.py:62} INFO - Tmp dir root location: 
 /tmp
[2023-01-26 17:19:59,270] {subprocess.py:74} INFO - Running command: ['bash', '-c', 'sleep 20 && echo "Confirmación de la NASA, pueden proceder" > /tmp/response_20230102.txt']
[2023-01-26 17:19:59,282] {subprocess.py:85} INFO - Output:
[2023-01-26 17:20:19,303] {subprocess.py:96} INFO - Command exited with return code 0
[2023-01-26 17:20:19,355] {taskinstance.py:1420} INFO - Marking task as SUCCESS. dag_id=Respuesta_Nasa, task_id=Respuesta_Confirmacion_NASA, execution_date=20230102T000000, start_date=20230126T171959, end_date=20230126T172019
[2023-01-26 17:20:19,386] {local_task_job.py:156} INFO - Task exited with return code 0
[2023-01-26 17:20:19,421] {dagrun.py:1081} ERROR - Failed to get task '<TaskInstance: Respuesta_Nasa.Notificar_Analistas scheduled__2023-01-02T00:00:00+00:00 [removed]>' for dag 'Respuesta_Nasa'. Marking it as removed.
[2023-01-26 17:20:19,445] {local_task_job.py:273} INFO - 1 downstream tasks scheduled from follow-on schedule check
