[2023-01-27T15:18:07.084+0000] {taskinstance.py:1165} INFO - Dependencies all met for <TaskInstance: Respuesta_Nasa.Respuesta_Confirmacion_NASA scheduled__2023-01-02T00:00:00+00:00 [queued]>
[2023-01-27T15:18:07.099+0000] {taskinstance.py:1165} INFO - Dependencies all met for <TaskInstance: Respuesta_Nasa.Respuesta_Confirmacion_NASA scheduled__2023-01-02T00:00:00+00:00 [queued]>
[2023-01-27T15:18:07.099+0000] {taskinstance.py:1362} INFO - 
--------------------------------------------------------------------------------
[2023-01-27T15:18:07.099+0000] {taskinstance.py:1363} INFO - Starting attempt 12 of 14
[2023-01-27T15:18:07.100+0000] {taskinstance.py:1364} INFO - 
--------------------------------------------------------------------------------
[2023-01-27T15:18:07.120+0000] {taskinstance.py:1383} INFO - Executing <Task(BashOperator): Respuesta_Confirmacion_NASA> on 2023-01-02 00:00:00+00:00
[2023-01-27T15:18:07.126+0000] {standard_task_runner.py:55} INFO - Started process 148 to run task
[2023-01-27T15:18:07.130+0000] {standard_task_runner.py:82} INFO - Running: ['***', 'tasks', 'run', 'Respuesta_Nasa', 'Respuesta_Confirmacion_NASA', 'scheduled__2023-01-02T00:00:00+00:00', '--job-id', '722', '--raw', '--subdir', 'DAGS_FOLDER/00-ETL_spaceX.py', '--cfg-path', '/tmp/tmpo_x66dg4']
[2023-01-27T15:18:07.132+0000] {standard_task_runner.py:83} INFO - Job 722: Subtask Respuesta_Confirmacion_NASA
[2023-01-27T15:18:07.201+0000] {task_command.py:376} INFO - Running <TaskInstance: Respuesta_Nasa.Respuesta_Confirmacion_NASA scheduled__2023-01-02T00:00:00+00:00 [running]> on host 3ceae0e2b238
[2023-01-27T15:18:07.359+0000] {taskinstance.py:1592} INFO - Exporting the following env vars:
AIRFLOW_CTX_DAG_EMAIL=frandak2@gmail.com
AIRFLOW_CTX_DAG_OWNER=***
AIRFLOW_CTX_DAG_ID=Respuesta_Nasa
AIRFLOW_CTX_TASK_ID=Respuesta_Confirmacion_NASA
AIRFLOW_CTX_EXECUTION_DATE=2023-01-02T00:00:00+00:00
AIRFLOW_CTX_TRY_NUMBER=12
AIRFLOW_CTX_DAG_RUN_ID=scheduled__2023-01-02T00:00:00+00:00
[2023-01-27T15:18:07.363+0000] {subprocess.py:63} INFO - Tmp dir root location: 
 /tmp
[2023-01-27T15:18:07.364+0000] {subprocess.py:75} INFO - Running command: ['/bin/bash', '-c', 'sleep 20 && echo "Confirmación de la NASA, pueden proceder" > /tmp/response_20230102.txt']
[2023-01-27T15:18:07.379+0000] {subprocess.py:86} INFO - Output:
[2023-01-27T15:18:27.382+0000] {subprocess.py:97} INFO - Command exited with return code 0
[2023-01-27T15:18:27.413+0000] {taskinstance.py:1406} INFO - Marking task as SUCCESS. dag_id=Respuesta_Nasa, task_id=Respuesta_Confirmacion_NASA, execution_date=20230102T000000, start_date=20230127T151807, end_date=20230127T151827
[2023-01-27T15:18:27.444+0000] {local_task_job.py:159} INFO - Task exited with return code 0
[2023-01-27T15:18:27.508+0000] {taskinstance.py:2623} INFO - 1 downstream tasks scheduled from follow-on schedule check
