[2023-01-26 18:07:54,605] {taskinstance.py:1179} INFO - Dependencies all met for <TaskInstance: Respuesta_Nasa.Respuesta_Confirmacion_NASA scheduled__2023-01-02T00:00:00+00:00 [queued]>
[2023-01-26 18:07:54,632] {taskinstance.py:1179} INFO - Dependencies all met for <TaskInstance: Respuesta_Nasa.Respuesta_Confirmacion_NASA scheduled__2023-01-02T00:00:00+00:00 [queued]>
[2023-01-26 18:07:54,632] {taskinstance.py:1376} INFO - 
--------------------------------------------------------------------------------
[2023-01-26 18:07:54,633] {taskinstance.py:1377} INFO - Starting attempt 10 of 12
[2023-01-26 18:07:54,633] {taskinstance.py:1378} INFO - 
--------------------------------------------------------------------------------
[2023-01-26 18:07:54,659] {taskinstance.py:1397} INFO - Executing <Task(BashOperator): Respuesta_Confirmacion_NASA> on 2023-01-02 00:00:00+00:00
[2023-01-26 18:07:54,671] {standard_task_runner.py:52} INFO - Started process 882 to run task
[2023-01-26 18:07:54,676] {standard_task_runner.py:79} INFO - Running: ['***', 'tasks', 'run', 'Respuesta_Nasa', 'Respuesta_Confirmacion_NASA', 'scheduled__2023-01-02T00:00:00+00:00', '--job-id', '649', '--raw', '--subdir', 'DAGS_FOLDER/00-ETL_spaceX.py', '--cfg-path', '/tmp/tmpv8_nnd2u', '--error-file', '/tmp/tmp7_l3c04x']
[2023-01-26 18:07:54,678] {standard_task_runner.py:80} INFO - Job 649: Subtask Respuesta_Confirmacion_NASA
[2023-01-26 18:07:54,777] {task_command.py:371} INFO - Running <TaskInstance: Respuesta_Nasa.Respuesta_Confirmacion_NASA scheduled__2023-01-02T00:00:00+00:00 [running]> on host da6de88268cf
[2023-01-26 18:07:54,877] {taskinstance.py:1591} INFO - Exporting the following env vars:
AIRFLOW_CTX_DAG_EMAIL=frandak2@gmail.com
AIRFLOW_CTX_DAG_OWNER=***
AIRFLOW_CTX_DAG_ID=Respuesta_Nasa
AIRFLOW_CTX_TASK_ID=Respuesta_Confirmacion_NASA
AIRFLOW_CTX_EXECUTION_DATE=2023-01-02T00:00:00+00:00
AIRFLOW_CTX_TRY_NUMBER=10
AIRFLOW_CTX_DAG_RUN_ID=scheduled__2023-01-02T00:00:00+00:00
[2023-01-26 18:07:54,878] {subprocess.py:62} INFO - Tmp dir root location: 
 /tmp
[2023-01-26 18:07:54,880] {subprocess.py:74} INFO - Running command: ['bash', '-c', 'sleep 20 && echo "Confirmación de la NASA, pueden proceder" > /tmp/response_20230102.txt']
[2023-01-26 18:07:54,892] {subprocess.py:85} INFO - Output:
[2023-01-26 18:08:14,897] {subprocess.py:96} INFO - Command exited with return code 0
[2023-01-26 18:08:15,037] {taskinstance.py:1420} INFO - Marking task as SUCCESS. dag_id=Respuesta_Nasa, task_id=Respuesta_Confirmacion_NASA, execution_date=20230102T000000, start_date=20230126T180754, end_date=20230126T180815
[2023-01-26 18:08:15,057] {local_task_job.py:156} INFO - Task exited with return code 0
[2023-01-26 18:08:15,085] {dagrun.py:1081} ERROR - Failed to get task '<TaskInstance: Respuesta_Nasa.Notificar_Analistas scheduled__2023-01-02T00:00:00+00:00 [removed]>' for dag 'Respuesta_Nasa'. Marking it as removed.
[2023-01-26 18:08:15,123] {local_task_job.py:273} INFO - 1 downstream tasks scheduled from follow-on schedule check
