[2023-01-26T18:22:56.972+0000] {taskinstance.py:1165} INFO - Dependencies all met for <TaskInstance: Respuesta_Nasa.Leer_Datos_Respuesta_Satelite scheduled__2023-01-03T00:00:00+00:00 [queued]>
[2023-01-26T18:22:56.988+0000] {taskinstance.py:1165} INFO - Dependencies all met for <TaskInstance: Respuesta_Nasa.Leer_Datos_Respuesta_Satelite scheduled__2023-01-03T00:00:00+00:00 [queued]>
[2023-01-26T18:22:56.988+0000] {taskinstance.py:1362} INFO - 
--------------------------------------------------------------------------------
[2023-01-26T18:22:56.988+0000] {taskinstance.py:1363} INFO - Starting attempt 14 of 16
[2023-01-26T18:22:56.988+0000] {taskinstance.py:1364} INFO - 
--------------------------------------------------------------------------------
[2023-01-26T18:22:57.001+0000] {taskinstance.py:1383} INFO - Executing <Task(BashOperator): Leer_Datos_Respuesta_Satelite> on 2023-01-03 00:00:00+00:00
[2023-01-26T18:22:57.007+0000] {standard_task_runner.py:55} INFO - Started process 430 to run task
[2023-01-26T18:22:57.010+0000] {standard_task_runner.py:82} INFO - Running: ['***', 'tasks', 'run', 'Respuesta_Nasa', 'Leer_Datos_Respuesta_Satelite', 'scheduled__2023-01-03T00:00:00+00:00', '--job-id', '703', '--raw', '--subdir', 'DAGS_FOLDER/00-ETL_spaceX.py', '--cfg-path', '/tmp/tmp6zis3_6m']
[2023-01-26T18:22:57.012+0000] {standard_task_runner.py:83} INFO - Job 703: Subtask Leer_Datos_Respuesta_Satelite
[2023-01-26T18:22:57.076+0000] {task_command.py:376} INFO - Running <TaskInstance: Respuesta_Nasa.Leer_Datos_Respuesta_Satelite scheduled__2023-01-03T00:00:00+00:00 [running]> on host 3b3ab7bab1a5
[2023-01-26T18:22:57.146+0000] {taskinstance.py:1592} INFO - Exporting the following env vars:
AIRFLOW_CTX_DAG_EMAIL=frandak2@gmail.com
AIRFLOW_CTX_DAG_OWNER=***
AIRFLOW_CTX_DAG_ID=Respuesta_Nasa
AIRFLOW_CTX_TASK_ID=Leer_Datos_Respuesta_Satelite
AIRFLOW_CTX_EXECUTION_DATE=2023-01-03T00:00:00+00:00
AIRFLOW_CTX_TRY_NUMBER=14
AIRFLOW_CTX_DAG_RUN_ID=scheduled__2023-01-03T00:00:00+00:00
[2023-01-26T18:22:57.148+0000] {subprocess.py:63} INFO - Tmp dir root location: 
 /tmp
[2023-01-26T18:22:57.148+0000] {subprocess.py:75} INFO - Running command: ['/bin/bash', '-c', 'ls /tmp && head /tmp/platzi_data_20230103.csv']
[2023-01-26T18:22:57.161+0000] {subprocess.py:86} INFO - Output:
[2023-01-26T18:22:57.164+0000] {subprocess.py:93} INFO - ***tmp7c99ewab
[2023-01-26T18:22:57.164+0000] {subprocess.py:93} INFO - platzi_data_20230101.csv
[2023-01-26T18:22:57.165+0000] {subprocess.py:93} INFO - platzi_data_20230102.csv
[2023-01-26T18:22:57.165+0000] {subprocess.py:93} INFO - platzi_data_20230103.csv
[2023-01-26T18:22:57.165+0000] {subprocess.py:93} INFO - pymp-70u_3ce8
[2023-01-26T18:22:57.165+0000] {subprocess.py:93} INFO - response_20230101.txt
[2023-01-26T18:22:57.165+0000] {subprocess.py:93} INFO - response_20230102.txt
[2023-01-26T18:22:57.165+0000] {subprocess.py:93} INFO - response_20230103.txt
[2023-01-26T18:22:57.165+0000] {subprocess.py:93} INFO - spacex_20230101.json
[2023-01-26T18:22:57.166+0000] {subprocess.py:93} INFO - spacex_20230102.json
[2023-01-26T18:22:57.166+0000] {subprocess.py:93} INFO - spacex_20230103.json
[2023-01-26T18:22:57.166+0000] {subprocess.py:93} INFO - tmp5fy1spe0
[2023-01-26T18:22:57.166+0000] {subprocess.py:93} INFO - ,student,timestamp
[2023-01-26T18:22:57.166+0000] {subprocess.py:93} INFO - 0,Maria Cruz,20230103
[2023-01-26T18:22:57.166+0000] {subprocess.py:93} INFO - 1,Daniel Crema,20230103
[2023-01-26T18:22:57.166+0000] {subprocess.py:93} INFO - 2,Elon Musk,20230103
[2023-01-26T18:22:57.166+0000] {subprocess.py:93} INFO - 3,Karol Castrejon,20230103
[2023-01-26T18:22:57.167+0000] {subprocess.py:93} INFO - 4,Freddy Vega,20230103
[2023-01-26T18:22:57.167+0000] {subprocess.py:97} INFO - Command exited with return code 0
[2023-01-26T18:22:57.192+0000] {taskinstance.py:1406} INFO - Marking task as SUCCESS. dag_id=Respuesta_Nasa, task_id=Leer_Datos_Respuesta_Satelite, execution_date=20230103T000000, start_date=20230126T182256, end_date=20230126T182257
[2023-01-26T18:22:57.222+0000] {local_task_job.py:159} INFO - Task exited with return code 0
[2023-01-26T18:22:57.258+0000] {taskinstance.py:2623} INFO - 1 downstream tasks scheduled from follow-on schedule check
