[2023-01-26 16:39:38,916] {taskinstance.py:1179} INFO - Dependencies all met for <TaskInstance: Respuesta_Nasa.Leer_Datos_Respuesta_Satelite scheduled__2023-01-03T00:00:00+00:00 [queued]>
[2023-01-26 16:39:38,927] {taskinstance.py:1179} INFO - Dependencies all met for <TaskInstance: Respuesta_Nasa.Leer_Datos_Respuesta_Satelite scheduled__2023-01-03T00:00:00+00:00 [queued]>
[2023-01-26 16:39:38,927] {taskinstance.py:1376} INFO - 
--------------------------------------------------------------------------------
[2023-01-26 16:39:38,927] {taskinstance.py:1377} INFO - Starting attempt 9 of 11
[2023-01-26 16:39:38,928] {taskinstance.py:1378} INFO - 
--------------------------------------------------------------------------------
[2023-01-26 16:39:38,942] {taskinstance.py:1397} INFO - Executing <Task(BashOperator): Leer_Datos_Respuesta_Satelite> on 2023-01-03 00:00:00+00:00
[2023-01-26 16:39:38,948] {standard_task_runner.py:52} INFO - Started process 329 to run task
[2023-01-26 16:39:38,951] {standard_task_runner.py:79} INFO - Running: ['***', 'tasks', 'run', 'Respuesta_Nasa', 'Leer_Datos_Respuesta_Satelite', 'scheduled__2023-01-03T00:00:00+00:00', '--job-id', '551', '--raw', '--subdir', 'DAGS_FOLDER/00-ETL_spaceX.py', '--cfg-path', '/tmp/tmpeumkoig7', '--error-file', '/tmp/tmpeczc9hx0']
[2023-01-26 16:39:38,952] {standard_task_runner.py:80} INFO - Job 551: Subtask Leer_Datos_Respuesta_Satelite
[2023-01-26 16:39:39,028] {task_command.py:371} INFO - Running <TaskInstance: Respuesta_Nasa.Leer_Datos_Respuesta_Satelite scheduled__2023-01-03T00:00:00+00:00 [running]> on host 1e10284898e4
[2023-01-26 16:39:39,113] {taskinstance.py:1591} INFO - Exporting the following env vars:
AIRFLOW_CTX_DAG_OWNER=me
AIRFLOW_CTX_DAG_ID=Respuesta_Nasa
AIRFLOW_CTX_TASK_ID=Leer_Datos_Respuesta_Satelite
AIRFLOW_CTX_EXECUTION_DATE=2023-01-03T00:00:00+00:00
AIRFLOW_CTX_TRY_NUMBER=9
AIRFLOW_CTX_DAG_RUN_ID=scheduled__2023-01-03T00:00:00+00:00
[2023-01-26 16:39:39,114] {subprocess.py:62} INFO - Tmp dir root location: 
 /tmp
[2023-01-26 16:39:39,115] {subprocess.py:74} INFO - Running command: ['bash', '-c', 'ls /tmp && head /tmp/platzi_data_20230103.csv']
[2023-01-26 16:39:39,126] {subprocess.py:85} INFO - Output:
[2023-01-26 16:39:39,130] {subprocess.py:92} INFO - ***tmp97_34g3p
[2023-01-26 16:39:39,130] {subprocess.py:92} INFO - ***tmpoyzh9j4n
[2023-01-26 16:39:39,130] {subprocess.py:92} INFO - ***tmps13gw69g
[2023-01-26 16:39:39,130] {subprocess.py:92} INFO - platzi_data_20230101.csv
[2023-01-26 16:39:39,130] {subprocess.py:92} INFO - platzi_data_20230102.csv
[2023-01-26 16:39:39,130] {subprocess.py:92} INFO - platzi_data_20230103.csv
[2023-01-26 16:39:39,131] {subprocess.py:92} INFO - pymp-a0rn_v15
[2023-01-26 16:39:39,131] {subprocess.py:92} INFO - response_20230101.txt
[2023-01-26 16:39:39,131] {subprocess.py:92} INFO - response_20230102.txt
[2023-01-26 16:39:39,131] {subprocess.py:92} INFO - response_20230103.txt
[2023-01-26 16:39:39,131] {subprocess.py:92} INFO - spacex_20230101.json
[2023-01-26 16:39:39,131] {subprocess.py:92} INFO - spacex_20230102.json
[2023-01-26 16:39:39,131] {subprocess.py:92} INFO - spacex_20230103.json
[2023-01-26 16:39:39,131] {subprocess.py:92} INFO - tmp182j4r2t
[2023-01-26 16:39:39,131] {subprocess.py:92} INFO - tmp9s_1cgs2
[2023-01-26 16:39:39,131] {subprocess.py:92} INFO - tmpeczc9hx0
[2023-01-26 16:39:39,132] {subprocess.py:92} INFO - tmpnvc2r2ky
[2023-01-26 16:39:39,132] {subprocess.py:92} INFO - ,student,timestamp
[2023-01-26 16:39:39,132] {subprocess.py:92} INFO - 0,Maria Cruz,20230103
[2023-01-26 16:39:39,132] {subprocess.py:92} INFO - 1,Daniel Crema,20230103
[2023-01-26 16:39:39,132] {subprocess.py:92} INFO - 2,Elon Musk,20230103
[2023-01-26 16:39:39,132] {subprocess.py:92} INFO - 3,Karol Castrejon,20230103
[2023-01-26 16:39:39,132] {subprocess.py:92} INFO - 4,Freddy Vega,20230103
[2023-01-26 16:39:39,132] {subprocess.py:96} INFO - Command exited with return code 0
[2023-01-26 16:39:39,167] {taskinstance.py:1420} INFO - Marking task as SUCCESS. dag_id=Respuesta_Nasa, task_id=Leer_Datos_Respuesta_Satelite, execution_date=20230103T000000, start_date=20230126T163938, end_date=20230126T163939
[2023-01-26 16:39:39,203] {local_task_job.py:156} INFO - Task exited with return code 0
[2023-01-26 16:39:39,326] {local_task_job.py:273} INFO - 0 downstream tasks scheduled from follow-on schedule check
