[2023-01-24 02:42:13,275] {taskinstance.py:1179} INFO - Dependencies all met for <TaskInstance: Respuesta_Nasa.Leer_Datos_Respuesta_Nasa scheduled__2023-01-01T01:01:00+00:00 [queued]>
[2023-01-24 02:42:13,311] {taskinstance.py:1179} INFO - Dependencies all met for <TaskInstance: Respuesta_Nasa.Leer_Datos_Respuesta_Nasa scheduled__2023-01-01T01:01:00+00:00 [queued]>
[2023-01-24 02:42:13,312] {taskinstance.py:1376} INFO - 
--------------------------------------------------------------------------------
[2023-01-24 02:42:13,312] {taskinstance.py:1377} INFO - Starting attempt 1 of 2
[2023-01-24 02:42:13,312] {taskinstance.py:1378} INFO - 
--------------------------------------------------------------------------------
[2023-01-24 02:42:13,361] {taskinstance.py:1397} INFO - Executing <Task(BashOperator): Leer_Datos_Respuesta_Nasa> on 2023-01-01 01:01:00+00:00
[2023-01-24 02:42:13,368] {standard_task_runner.py:52} INFO - Started process 1182 to run task
[2023-01-24 02:42:13,384] {standard_task_runner.py:79} INFO - Running: ['***', 'tasks', 'run', 'Respuesta_Nasa', 'Leer_Datos_Respuesta_Nasa', 'scheduled__2023-01-01T01:01:00+00:00', '--job-id', '180', '--raw', '--subdir', 'DAGS_FOLDER/00-ETL_spaceX.py', '--cfg-path', '/tmp/tmpyvuy4flk', '--error-file', '/tmp/tmp43a0afuj']
[2023-01-24 02:42:13,398] {standard_task_runner.py:80} INFO - Job 180: Subtask Leer_Datos_Respuesta_Nasa
[2023-01-24 02:42:13,703] {task_command.py:371} INFO - Running <TaskInstance: Respuesta_Nasa.Leer_Datos_Respuesta_Nasa scheduled__2023-01-01T01:01:00+00:00 [running]> on host fd9891b969b0
[2023-01-24 02:42:13,970] {taskinstance.py:1591} INFO - Exporting the following env vars:
AIRFLOW_CTX_DAG_OWNER=me
AIRFLOW_CTX_DAG_ID=Respuesta_Nasa
AIRFLOW_CTX_TASK_ID=Leer_Datos_Respuesta_Nasa
AIRFLOW_CTX_EXECUTION_DATE=2023-01-01T01:01:00+00:00
AIRFLOW_CTX_TRY_NUMBER=1
AIRFLOW_CTX_DAG_RUN_ID=scheduled__2023-01-01T01:01:00+00:00
[2023-01-24 02:42:13,971] {subprocess.py:62} INFO - Tmp dir root location: 
 /tmp
[2023-01-24 02:42:13,972] {subprocess.py:74} INFO - Running command: ['bash', '-c', 'ls /tmp && head /tmp/response_20230101.txt']
[2023-01-24 02:42:14,079] {subprocess.py:85} INFO - Output:
[2023-01-24 02:42:14,126] {subprocess.py:92} INFO - ***tmpd11cki4n
[2023-01-24 02:42:14,127] {subprocess.py:92} INFO - ***tmph9uem359
[2023-01-24 02:42:14,127] {subprocess.py:92} INFO - pymp-igsi0xnb
[2023-01-24 02:42:14,127] {subprocess.py:92} INFO - response_20230101.txt
[2023-01-24 02:42:14,127] {subprocess.py:92} INFO - spacex_20230101.json
[2023-01-24 02:42:14,128] {subprocess.py:92} INFO - tmp43a0afuj
[2023-01-24 02:42:14,128] {subprocess.py:92} INFO - tmp7p0w7r2_
[2023-01-24 02:42:14,128] {subprocess.py:92} INFO - tmpdyqfvbi5
[2023-01-24 02:42:14,128] {subprocess.py:92} INFO - tmph_21bd_m
[2023-01-24 02:42:14,128] {subprocess.py:92} INFO - tmpjgyirf_0
[2023-01-24 02:42:14,128] {subprocess.py:92} INFO - tmpmvab17x5
[2023-01-24 02:42:14,128] {subprocess.py:92} INFO - tmpnvc2r2ky
[2023-01-24 02:42:14,129] {subprocess.py:92} INFO - tmpsvi9m1vg
[2023-01-24 02:42:14,129] {subprocess.py:92} INFO - tmpszs6ubw2
[2023-01-24 02:42:14,129] {subprocess.py:92} INFO - tmpzdeh5iia
[2023-01-24 02:42:14,132] {subprocess.py:92} INFO - Confirmación de la NASA, pueden proceder
[2023-01-24 02:42:14,134] {subprocess.py:96} INFO - Command exited with return code 0
[2023-01-24 02:42:14,259] {taskinstance.py:1420} INFO - Marking task as SUCCESS. dag_id=Respuesta_Nasa, task_id=Leer_Datos_Respuesta_Nasa, execution_date=20230101T010100, start_date=20230124T024213, end_date=20230124T024214
[2023-01-24 02:42:14,329] {local_task_job.py:156} INFO - Task exited with return code 0
[2023-01-24 02:42:14,441] {local_task_job.py:273} INFO - 1 downstream tasks scheduled from follow-on schedule check
