[2023-01-24 02:44:26,036] {taskinstance.py:1179} INFO - Dependencies all met for <TaskInstance: Respuesta_Nasa.Leer_Datos_Respuesta_Nasa scheduled__2023-01-01T01:54:00+00:00 [queued]>
[2023-01-24 02:44:26,081] {taskinstance.py:1179} INFO - Dependencies all met for <TaskInstance: Respuesta_Nasa.Leer_Datos_Respuesta_Nasa scheduled__2023-01-01T01:54:00+00:00 [queued]>
[2023-01-24 02:44:26,081] {taskinstance.py:1376} INFO - 
--------------------------------------------------------------------------------
[2023-01-24 02:44:26,082] {taskinstance.py:1377} INFO - Starting attempt 1 of 2
[2023-01-24 02:44:26,082] {taskinstance.py:1378} INFO - 
--------------------------------------------------------------------------------
[2023-01-24 02:44:26,152] {taskinstance.py:1397} INFO - Executing <Task(BashOperator): Leer_Datos_Respuesta_Nasa> on 2023-01-01 01:54:00+00:00
[2023-01-24 02:44:26,161] {standard_task_runner.py:52} INFO - Started process 2230 to run task
[2023-01-24 02:44:26,174] {standard_task_runner.py:79} INFO - Running: ['***', 'tasks', 'run', 'Respuesta_Nasa', 'Leer_Datos_Respuesta_Nasa', 'scheduled__2023-01-01T01:54:00+00:00', '--job-id', '360', '--raw', '--subdir', 'DAGS_FOLDER/00-ETL_spaceX.py', '--cfg-path', '/tmp/tmp6p7zo2d8', '--error-file', '/tmp/tmpbzdrxxg1']
[2023-01-24 02:44:26,180] {standard_task_runner.py:80} INFO - Job 360: Subtask Leer_Datos_Respuesta_Nasa
[2023-01-24 02:44:26,374] {task_command.py:371} INFO - Running <TaskInstance: Respuesta_Nasa.Leer_Datos_Respuesta_Nasa scheduled__2023-01-01T01:54:00+00:00 [running]> on host fd9891b969b0
[2023-01-24 02:44:26,663] {taskinstance.py:1591} INFO - Exporting the following env vars:
AIRFLOW_CTX_DAG_OWNER=me
AIRFLOW_CTX_DAG_ID=Respuesta_Nasa
AIRFLOW_CTX_TASK_ID=Leer_Datos_Respuesta_Nasa
AIRFLOW_CTX_EXECUTION_DATE=2023-01-01T01:54:00+00:00
AIRFLOW_CTX_TRY_NUMBER=1
AIRFLOW_CTX_DAG_RUN_ID=scheduled__2023-01-01T01:54:00+00:00
[2023-01-24 02:44:26,665] {subprocess.py:62} INFO - Tmp dir root location: 
 /tmp
[2023-01-24 02:44:26,666] {subprocess.py:74} INFO - Running command: ['bash', '-c', 'ls /tmp && head /tmp/response_20230101.txt']
[2023-01-24 02:44:26,684] {subprocess.py:85} INFO - Output:
[2023-01-24 02:44:26,693] {subprocess.py:92} INFO - ***tmp5w91u3u2
[2023-01-24 02:44:26,693] {subprocess.py:92} INFO - ***tmplj3sbbw6
[2023-01-24 02:44:26,693] {subprocess.py:92} INFO - ***tmpo4suwbu1
[2023-01-24 02:44:26,693] {subprocess.py:92} INFO - ***tmps_6zbgw4
[2023-01-24 02:44:26,693] {subprocess.py:92} INFO - ***tmpxh6_txqq
[2023-01-24 02:44:26,693] {subprocess.py:92} INFO - pymp-igsi0xnb
[2023-01-24 02:44:26,694] {subprocess.py:92} INFO - response_20230101.txt
[2023-01-24 02:44:26,694] {subprocess.py:92} INFO - spacex_20230101.json
[2023-01-24 02:44:26,694] {subprocess.py:92} INFO - tmp6ck_eegg
[2023-01-24 02:44:26,694] {subprocess.py:92} INFO - tmpbzdrxxg1
[2023-01-24 02:44:26,694] {subprocess.py:92} INFO - tmpcvzk9r9j
[2023-01-24 02:44:26,694] {subprocess.py:92} INFO - tmpk1sxt519
[2023-01-24 02:44:26,694] {subprocess.py:92} INFO - tmple4la5yn
[2023-01-24 02:44:26,694] {subprocess.py:92} INFO - tmpnvc2r2ky
[2023-01-24 02:44:26,694] {subprocess.py:92} INFO - tmpoiit9mki
[2023-01-24 02:44:26,694] {subprocess.py:92} INFO - tmpojs_246g
[2023-01-24 02:44:26,695] {subprocess.py:92} INFO - tmpp4ta_n6p
[2023-01-24 02:44:26,695] {subprocess.py:92} INFO - tmps_b3so3d
[2023-01-24 02:44:26,695] {subprocess.py:92} INFO - tmpwzzha3us
[2023-01-24 02:44:26,695] {subprocess.py:92} INFO - tmpyajh3ipa
[2023-01-24 02:44:26,698] {subprocess.py:92} INFO - Confirmación de la NASA, pueden proceder
[2023-01-24 02:44:26,698] {subprocess.py:96} INFO - Command exited with return code 0
[2023-01-24 02:44:26,814] {taskinstance.py:1420} INFO - Marking task as SUCCESS. dag_id=Respuesta_Nasa, task_id=Leer_Datos_Respuesta_Nasa, execution_date=20230101T015400, start_date=20230124T024426, end_date=20230124T024426
[2023-01-24 02:44:26,879] {local_task_job.py:156} INFO - Task exited with return code 0
[2023-01-24 02:44:26,971] {local_task_job.py:273} INFO - 1 downstream tasks scheduled from follow-on schedule check
