[2023-01-24 02:43:21,876] {taskinstance.py:1179} INFO - Dependencies all met for <TaskInstance: Respuesta_Nasa.Leer_Datos_Respuesta_Nasa scheduled__2023-01-01T01:35:00+00:00 [queued]>
[2023-01-24 02:43:21,895] {taskinstance.py:1179} INFO - Dependencies all met for <TaskInstance: Respuesta_Nasa.Leer_Datos_Respuesta_Nasa scheduled__2023-01-01T01:35:00+00:00 [queued]>
[2023-01-24 02:43:21,895] {taskinstance.py:1376} INFO - 
--------------------------------------------------------------------------------
[2023-01-24 02:43:21,896] {taskinstance.py:1377} INFO - Starting attempt 1 of 2
[2023-01-24 02:43:21,896] {taskinstance.py:1378} INFO - 
--------------------------------------------------------------------------------
[2023-01-24 02:43:21,931] {taskinstance.py:1397} INFO - Executing <Task(BashOperator): Leer_Datos_Respuesta_Nasa> on 2023-01-01 01:35:00+00:00
[2023-01-24 02:43:21,941] {standard_task_runner.py:52} INFO - Started process 1767 to run task
[2023-01-24 02:43:21,945] {standard_task_runner.py:79} INFO - Running: ['***', 'tasks', 'run', 'Respuesta_Nasa', 'Leer_Datos_Respuesta_Nasa', 'scheduled__2023-01-01T01:35:00+00:00', '--job-id', '281', '--raw', '--subdir', 'DAGS_FOLDER/00-ETL_spaceX.py', '--cfg-path', '/tmp/tmp9hlco4fy', '--error-file', '/tmp/tmpqn9gmazi']
[2023-01-24 02:43:21,947] {standard_task_runner.py:80} INFO - Job 281: Subtask Leer_Datos_Respuesta_Nasa
[2023-01-24 02:43:22,136] {task_command.py:371} INFO - Running <TaskInstance: Respuesta_Nasa.Leer_Datos_Respuesta_Nasa scheduled__2023-01-01T01:35:00+00:00 [running]> on host fd9891b969b0
[2023-01-24 02:43:22,394] {taskinstance.py:1591} INFO - Exporting the following env vars:
AIRFLOW_CTX_DAG_OWNER=me
AIRFLOW_CTX_DAG_ID=Respuesta_Nasa
AIRFLOW_CTX_TASK_ID=Leer_Datos_Respuesta_Nasa
AIRFLOW_CTX_EXECUTION_DATE=2023-01-01T01:35:00+00:00
AIRFLOW_CTX_TRY_NUMBER=1
AIRFLOW_CTX_DAG_RUN_ID=scheduled__2023-01-01T01:35:00+00:00
[2023-01-24 02:43:22,396] {subprocess.py:62} INFO - Tmp dir root location: 
 /tmp
[2023-01-24 02:43:22,399] {subprocess.py:74} INFO - Running command: ['bash', '-c', 'ls /tmp && head /tmp/response_20230101.txt']
[2023-01-24 02:43:22,417] {subprocess.py:85} INFO - Output:
[2023-01-24 02:43:22,422] {subprocess.py:92} INFO - ***tmpsk22in8h
[2023-01-24 02:43:22,423] {subprocess.py:92} INFO - ***tmpw47avbms
[2023-01-24 02:43:22,423] {subprocess.py:92} INFO - ***tmpymiszg6b
[2023-01-24 02:43:22,423] {subprocess.py:92} INFO - pymp-igsi0xnb
[2023-01-24 02:43:22,423] {subprocess.py:92} INFO - response_20230101.txt
[2023-01-24 02:43:22,423] {subprocess.py:92} INFO - spacex_20230101.json
[2023-01-24 02:43:22,423] {subprocess.py:92} INFO - tmp_wk_2g7e
[2023-01-24 02:43:22,423] {subprocess.py:92} INFO - tmphg4670pb
[2023-01-24 02:43:22,424] {subprocess.py:92} INFO - tmpnvc2r2ky
[2023-01-24 02:43:22,424] {subprocess.py:92} INFO - tmpqn9gmazi
[2023-01-24 02:43:22,424] {subprocess.py:92} INFO - tmpy5z0kjk2
[2023-01-24 02:43:22,426] {subprocess.py:92} INFO - Confirmación de la NASA, pueden proceder
[2023-01-24 02:43:22,427] {subprocess.py:96} INFO - Command exited with return code 0
[2023-01-24 02:43:22,529] {taskinstance.py:1420} INFO - Marking task as SUCCESS. dag_id=Respuesta_Nasa, task_id=Leer_Datos_Respuesta_Nasa, execution_date=20230101T013500, start_date=20230124T024321, end_date=20230124T024322
[2023-01-24 02:43:22,580] {local_task_job.py:156} INFO - Task exited with return code 0
[2023-01-24 02:43:22,691] {local_task_job.py:273} INFO - 0 downstream tasks scheduled from follow-on schedule check
