[2023-01-24 02:42:55,361] {taskinstance.py:1179} INFO - Dependencies all met for <TaskInstance: Respuesta_Nasa.Respuesta_Confirmacion_NASA scheduled__2023-01-01T01:23:00+00:00 [queued]>
[2023-01-24 02:42:55,380] {taskinstance.py:1179} INFO - Dependencies all met for <TaskInstance: Respuesta_Nasa.Respuesta_Confirmacion_NASA scheduled__2023-01-01T01:23:00+00:00 [queued]>
[2023-01-24 02:42:55,380] {taskinstance.py:1376} INFO - 
--------------------------------------------------------------------------------
[2023-01-24 02:42:55,380] {taskinstance.py:1377} INFO - Starting attempt 1 of 2
[2023-01-24 02:42:55,381] {taskinstance.py:1378} INFO - 
--------------------------------------------------------------------------------
[2023-01-24 02:42:55,409] {taskinstance.py:1397} INFO - Executing <Task(BashOperator): Respuesta_Confirmacion_NASA> on 2023-01-01 01:23:00+00:00
[2023-01-24 02:42:55,415] {standard_task_runner.py:52} INFO - Started process 1559 to run task
[2023-01-24 02:42:55,419] {standard_task_runner.py:79} INFO - Running: ['***', 'tasks', 'run', 'Respuesta_Nasa', 'Respuesta_Confirmacion_NASA', 'scheduled__2023-01-01T01:23:00+00:00', '--job-id', '246', '--raw', '--subdir', 'DAGS_FOLDER/00-ETL_spaceX.py', '--cfg-path', '/tmp/tmpg47hqgep', '--error-file', '/tmp/tmpgd8i2kdg']
[2023-01-24 02:42:55,421] {standard_task_runner.py:80} INFO - Job 246: Subtask Respuesta_Confirmacion_NASA
[2023-01-24 02:42:55,567] {task_command.py:371} INFO - Running <TaskInstance: Respuesta_Nasa.Respuesta_Confirmacion_NASA scheduled__2023-01-01T01:23:00+00:00 [running]> on host fd9891b969b0
[2023-01-24 02:42:55,712] {taskinstance.py:1591} INFO - Exporting the following env vars:
AIRFLOW_CTX_DAG_OWNER=me
AIRFLOW_CTX_DAG_ID=Respuesta_Nasa
AIRFLOW_CTX_TASK_ID=Respuesta_Confirmacion_NASA
AIRFLOW_CTX_EXECUTION_DATE=2023-01-01T01:23:00+00:00
AIRFLOW_CTX_TRY_NUMBER=1
AIRFLOW_CTX_DAG_RUN_ID=scheduled__2023-01-01T01:23:00+00:00
[2023-01-24 02:42:55,714] {subprocess.py:62} INFO - Tmp dir root location: 
 /tmp
[2023-01-24 02:42:55,715] {subprocess.py:74} INFO - Running command: ['bash', '-c', 'sleep 20 && echo "Confirmación de la NASA, pueden proceder" > /tmp/response_20230101.txt']
[2023-01-24 02:42:55,747] {subprocess.py:85} INFO - Output:
[2023-01-24 02:43:15,762] {subprocess.py:96} INFO - Command exited with return code 0
[2023-01-24 02:43:15,804] {taskinstance.py:1420} INFO - Marking task as SUCCESS. dag_id=Respuesta_Nasa, task_id=Respuesta_Confirmacion_NASA, execution_date=20230101T012300, start_date=20230124T024255, end_date=20230124T024315
[2023-01-24 02:43:15,842] {local_task_job.py:156} INFO - Task exited with return code 0
[2023-01-24 02:43:16,021] {local_task_job.py:273} INFO - 0 downstream tasks scheduled from follow-on schedule check
