[2023-01-24 02:43:51,943] {taskinstance.py:1179} INFO - Dependencies all met for <TaskInstance: Respuesta_Nasa.Leer_Datos_Respuesta_Nasa scheduled__2023-01-01T01:41:00+00:00 [queued]>
[2023-01-24 02:43:51,978] {taskinstance.py:1179} INFO - Dependencies all met for <TaskInstance: Respuesta_Nasa.Leer_Datos_Respuesta_Nasa scheduled__2023-01-01T01:41:00+00:00 [queued]>
[2023-01-24 02:43:51,986] {taskinstance.py:1376} INFO - 
--------------------------------------------------------------------------------
[2023-01-24 02:43:51,987] {taskinstance.py:1377} INFO - Starting attempt 1 of 2
[2023-01-24 02:43:51,987] {taskinstance.py:1378} INFO - 
--------------------------------------------------------------------------------
[2023-01-24 02:43:52,061] {taskinstance.py:1397} INFO - Executing <Task(BashOperator): Leer_Datos_Respuesta_Nasa> on 2023-01-01 01:41:00+00:00
[2023-01-24 02:43:52,069] {standard_task_runner.py:52} INFO - Started process 1947 to run task
[2023-01-24 02:43:52,103] {standard_task_runner.py:79} INFO - Running: ['***', 'tasks', 'run', 'Respuesta_Nasa', 'Leer_Datos_Respuesta_Nasa', 'scheduled__2023-01-01T01:41:00+00:00', '--job-id', '311', '--raw', '--subdir', 'DAGS_FOLDER/00-ETL_spaceX.py', '--cfg-path', '/tmp/tmpvykvjoza', '--error-file', '/tmp/tmpwcu7l17a']
[2023-01-24 02:43:52,106] {standard_task_runner.py:80} INFO - Job 311: Subtask Leer_Datos_Respuesta_Nasa
[2023-01-24 02:43:52,431] {task_command.py:371} INFO - Running <TaskInstance: Respuesta_Nasa.Leer_Datos_Respuesta_Nasa scheduled__2023-01-01T01:41:00+00:00 [running]> on host fd9891b969b0
[2023-01-24 02:43:52,777] {taskinstance.py:1591} INFO - Exporting the following env vars:
AIRFLOW_CTX_DAG_OWNER=me
AIRFLOW_CTX_DAG_ID=Respuesta_Nasa
AIRFLOW_CTX_TASK_ID=Leer_Datos_Respuesta_Nasa
AIRFLOW_CTX_EXECUTION_DATE=2023-01-01T01:41:00+00:00
AIRFLOW_CTX_TRY_NUMBER=1
AIRFLOW_CTX_DAG_RUN_ID=scheduled__2023-01-01T01:41:00+00:00
[2023-01-24 02:43:52,789] {subprocess.py:62} INFO - Tmp dir root location: 
 /tmp
[2023-01-24 02:43:52,792] {subprocess.py:74} INFO - Running command: ['bash', '-c', 'ls /tmp && head /tmp/response_20230101.txt']
[2023-01-24 02:43:52,859] {subprocess.py:85} INFO - Output:
[2023-01-24 02:43:52,873] {subprocess.py:92} INFO - ***tmpqpatl4ip
[2023-01-24 02:43:52,873] {subprocess.py:92} INFO - ***tmpr6krzwwj
[2023-01-24 02:43:52,874] {subprocess.py:92} INFO - pymp-igsi0xnb
[2023-01-24 02:43:52,874] {subprocess.py:92} INFO - response_20230101.txt
[2023-01-24 02:43:52,874] {subprocess.py:92} INFO - spacex_20230101.json
[2023-01-24 02:43:52,874] {subprocess.py:92} INFO - tmp0vpp_fkv
[2023-01-24 02:43:52,874] {subprocess.py:92} INFO - tmpe5vozym4
[2023-01-24 02:43:52,874] {subprocess.py:92} INFO - tmpna2othfy
[2023-01-24 02:43:52,874] {subprocess.py:92} INFO - tmpnvc2r2ky
[2023-01-24 02:43:52,874] {subprocess.py:92} INFO - tmpwcu7l17a
[2023-01-24 02:43:52,875] {subprocess.py:92} INFO - tmpxn34wr5k
[2023-01-24 02:43:52,875] {subprocess.py:92} INFO - tmpykm3ssh5
[2023-01-24 02:43:52,877] {subprocess.py:92} INFO - Confirmación de la NASA, pueden proceder
[2023-01-24 02:43:52,878] {subprocess.py:96} INFO - Command exited with return code 0
[2023-01-24 02:43:53,011] {taskinstance.py:1420} INFO - Marking task as SUCCESS. dag_id=Respuesta_Nasa, task_id=Leer_Datos_Respuesta_Nasa, execution_date=20230101T014100, start_date=20230124T024351, end_date=20230124T024353
[2023-01-24 02:43:53,145] {local_task_job.py:156} INFO - Task exited with return code 0
[2023-01-24 02:43:53,345] {local_task_job.py:273} INFO - 1 downstream tasks scheduled from follow-on schedule check
