[2023-01-26 15:58:40,076] {taskinstance.py:1179} INFO - Dependencies all met for <TaskInstance: Respuesta_Nasa.Respuesta_Confirmacion_NASA scheduled__2023-01-01T00:00:00+00:00 [queued]>
[2023-01-26 15:58:40,089] {taskinstance.py:1179} INFO - Dependencies all met for <TaskInstance: Respuesta_Nasa.Respuesta_Confirmacion_NASA scheduled__2023-01-01T00:00:00+00:00 [queued]>
[2023-01-26 15:58:40,089] {taskinstance.py:1376} INFO - 
--------------------------------------------------------------------------------
[2023-01-26 15:58:40,089] {taskinstance.py:1377} INFO - Starting attempt 5 of 7
[2023-01-26 15:58:40,090] {taskinstance.py:1378} INFO - 
--------------------------------------------------------------------------------
[2023-01-26 15:58:40,105] {taskinstance.py:1397} INFO - Executing <Task(BashOperator): Respuesta_Confirmacion_NASA> on 2023-01-01 00:00:00+00:00
[2023-01-26 15:58:40,111] {standard_task_runner.py:52} INFO - Started process 1114 to run task
[2023-01-26 15:58:40,115] {standard_task_runner.py:79} INFO - Running: ['***', 'tasks', 'run', 'Respuesta_Nasa', 'Respuesta_Confirmacion_NASA', 'scheduled__2023-01-01T00:00:00+00:00', '--job-id', '505', '--raw', '--subdir', 'DAGS_FOLDER/00-ETL_spaceX.py', '--cfg-path', '/tmp/tmps6wrtu_o', '--error-file', '/tmp/tmpvyqbcllz']
[2023-01-26 15:58:40,116] {standard_task_runner.py:80} INFO - Job 505: Subtask Respuesta_Confirmacion_NASA
[2023-01-26 15:58:40,186] {task_command.py:371} INFO - Running <TaskInstance: Respuesta_Nasa.Respuesta_Confirmacion_NASA scheduled__2023-01-01T00:00:00+00:00 [running]> on host fd9891b969b0
[2023-01-26 15:58:40,276] {taskinstance.py:1591} INFO - Exporting the following env vars:
AIRFLOW_CTX_DAG_OWNER=me
AIRFLOW_CTX_DAG_ID=Respuesta_Nasa
AIRFLOW_CTX_TASK_ID=Respuesta_Confirmacion_NASA
AIRFLOW_CTX_EXECUTION_DATE=2023-01-01T00:00:00+00:00
AIRFLOW_CTX_TRY_NUMBER=5
AIRFLOW_CTX_DAG_RUN_ID=scheduled__2023-01-01T00:00:00+00:00
[2023-01-26 15:58:40,279] {subprocess.py:62} INFO - Tmp dir root location: 
 /tmp
[2023-01-26 15:58:40,280] {subprocess.py:74} INFO - Running command: ['bash', '-c', 'sleep 20 && echo "Confirmación de la NASA, pueden proceder" > /tmp/response_20230101.txt']
[2023-01-26 15:58:40,292] {subprocess.py:85} INFO - Output:
[2023-01-26 15:59:00,300] {subprocess.py:96} INFO - Command exited with return code 0
[2023-01-26 15:59:00,346] {taskinstance.py:1420} INFO - Marking task as SUCCESS. dag_id=Respuesta_Nasa, task_id=Respuesta_Confirmacion_NASA, execution_date=20230101T000000, start_date=20230126T155840, end_date=20230126T155900
[2023-01-26 15:59:00,381] {local_task_job.py:156} INFO - Task exited with return code 0
[2023-01-26 15:59:00,408] {dagrun.py:1081} ERROR - Failed to get task '<TaskInstance: Respuesta_Nasa.Notificar_Analistas scheduled__2023-01-01T00:00:00+00:00 [removed]>' for dag 'Respuesta_Nasa'. Marking it as removed.
[2023-01-26 15:59:00,429] {local_task_job.py:273} INFO - 1 downstream tasks scheduled from follow-on schedule check
