[2023-01-27T14:35:15.134+0000] {taskinstance.py:1159} INFO - Dependencies not met for <TaskInstance: Respuesta_Nasa.Respuesta_Confirmacion_NASA scheduled__2023-01-01T00:00:00+00:00 [success]>, dependency 'Task Instance State' FAILED: Task is in the 'success' state.
[2023-01-27T14:35:15.136+0000] {local_task_job.py:98} INFO - Task is not able to be run
[2023-01-27T15:17:45.800+0000] {taskinstance.py:1165} INFO - Dependencies all met for <TaskInstance: Respuesta_Nasa.Respuesta_Confirmacion_NASA scheduled__2023-01-01T00:00:00+00:00 [queued]>
[2023-01-27T15:17:45.811+0000] {taskinstance.py:1165} INFO - Dependencies all met for <TaskInstance: Respuesta_Nasa.Respuesta_Confirmacion_NASA scheduled__2023-01-01T00:00:00+00:00 [queued]>
[2023-01-27T15:17:45.811+0000] {taskinstance.py:1362} INFO - 
--------------------------------------------------------------------------------
[2023-01-27T15:17:45.811+0000] {taskinstance.py:1363} INFO - Starting attempt 13 of 15
[2023-01-27T15:17:45.812+0000] {taskinstance.py:1364} INFO - 
--------------------------------------------------------------------------------
[2023-01-27T15:17:45.836+0000] {taskinstance.py:1383} INFO - Executing <Task(BashOperator): Respuesta_Confirmacion_NASA> on 2023-01-01 00:00:00+00:00
[2023-01-27T15:17:45.841+0000] {standard_task_runner.py:55} INFO - Started process 132 to run task
[2023-01-27T15:17:45.845+0000] {standard_task_runner.py:82} INFO - Running: ['***', 'tasks', 'run', 'Respuesta_Nasa', 'Respuesta_Confirmacion_NASA', 'scheduled__2023-01-01T00:00:00+00:00', '--job-id', '721', '--raw', '--subdir', 'DAGS_FOLDER/00-ETL_spaceX.py', '--cfg-path', '/tmp/tmpm8cseibx']
[2023-01-27T15:17:45.847+0000] {standard_task_runner.py:83} INFO - Job 721: Subtask Respuesta_Confirmacion_NASA
[2023-01-27T15:17:45.914+0000] {task_command.py:376} INFO - Running <TaskInstance: Respuesta_Nasa.Respuesta_Confirmacion_NASA scheduled__2023-01-01T00:00:00+00:00 [running]> on host 3ceae0e2b238
[2023-01-27T15:17:45.994+0000] {taskinstance.py:1592} INFO - Exporting the following env vars:
AIRFLOW_CTX_DAG_EMAIL=frandak2@gmail.com
AIRFLOW_CTX_DAG_OWNER=***
AIRFLOW_CTX_DAG_ID=Respuesta_Nasa
AIRFLOW_CTX_TASK_ID=Respuesta_Confirmacion_NASA
AIRFLOW_CTX_EXECUTION_DATE=2023-01-01T00:00:00+00:00
AIRFLOW_CTX_TRY_NUMBER=13
AIRFLOW_CTX_DAG_RUN_ID=scheduled__2023-01-01T00:00:00+00:00
[2023-01-27T15:17:45.996+0000] {subprocess.py:63} INFO - Tmp dir root location: 
 /tmp
[2023-01-27T15:17:45.997+0000] {subprocess.py:75} INFO - Running command: ['/bin/bash', '-c', 'sleep 20 && echo "Confirmación de la NASA, pueden proceder" > /tmp/response_20230101.txt']
[2023-01-27T15:17:46.009+0000] {subprocess.py:86} INFO - Output:
[2023-01-27T15:18:06.016+0000] {subprocess.py:97} INFO - Command exited with return code 0
[2023-01-27T15:18:06.095+0000] {taskinstance.py:1406} INFO - Marking task as SUCCESS. dag_id=Respuesta_Nasa, task_id=Respuesta_Confirmacion_NASA, execution_date=20230101T000000, start_date=20230127T151745, end_date=20230127T151806
[2023-01-27T15:18:06.192+0000] {local_task_job.py:159} INFO - Task exited with return code 0
[2023-01-27T15:18:06.234+0000] {taskinstance.py:2623} INFO - 1 downstream tasks scheduled from follow-on schedule check
