[2023-01-26 17:19:59,048] {taskinstance.py:1179} INFO - Dependencies all met for <TaskInstance: Respuesta_Nasa.Respuesta_Confirmacion_NASA scheduled__2023-01-01T00:00:00+00:00 [queued]>
[2023-01-26 17:19:59,061] {taskinstance.py:1179} INFO - Dependencies all met for <TaskInstance: Respuesta_Nasa.Respuesta_Confirmacion_NASA scheduled__2023-01-01T00:00:00+00:00 [queued]>
[2023-01-26 17:19:59,062] {taskinstance.py:1376} INFO - 
--------------------------------------------------------------------------------
[2023-01-26 17:19:59,062] {taskinstance.py:1377} INFO - Starting attempt 8 of 10
[2023-01-26 17:19:59,062] {taskinstance.py:1378} INFO - 
--------------------------------------------------------------------------------
[2023-01-26 17:19:59,078] {taskinstance.py:1397} INFO - Executing <Task(BashOperator): Respuesta_Confirmacion_NASA> on 2023-01-01 00:00:00+00:00
[2023-01-26 17:19:59,084] {standard_task_runner.py:52} INFO - Started process 1046 to run task
[2023-01-26 17:19:59,088] {standard_task_runner.py:79} INFO - Running: ['***', 'tasks', 'run', 'Respuesta_Nasa', 'Respuesta_Confirmacion_NASA', 'scheduled__2023-01-01T00:00:00+00:00', '--job-id', '596', '--raw', '--subdir', 'DAGS_FOLDER/00-ETL_spaceX.py', '--cfg-path', '/tmp/tmpl71qlzcy', '--error-file', '/tmp/tmpq1s58jhc']
[2023-01-26 17:19:59,090] {standard_task_runner.py:80} INFO - Job 596: Subtask Respuesta_Confirmacion_NASA
[2023-01-26 17:19:59,178] {task_command.py:371} INFO - Running <TaskInstance: Respuesta_Nasa.Respuesta_Confirmacion_NASA scheduled__2023-01-01T00:00:00+00:00 [running]> on host afaa1e0ff064
[2023-01-26 17:19:59,271] {taskinstance.py:1591} INFO - Exporting the following env vars:
AIRFLOW_CTX_DAG_EMAIL=davidmontenegro2403@gmail.com
AIRFLOW_CTX_DAG_OWNER=me
AIRFLOW_CTX_DAG_ID=Respuesta_Nasa
AIRFLOW_CTX_TASK_ID=Respuesta_Confirmacion_NASA
AIRFLOW_CTX_EXECUTION_DATE=2023-01-01T00:00:00+00:00
AIRFLOW_CTX_TRY_NUMBER=8
AIRFLOW_CTX_DAG_RUN_ID=scheduled__2023-01-01T00:00:00+00:00
[2023-01-26 17:19:59,272] {subprocess.py:62} INFO - Tmp dir root location: 
 /tmp
[2023-01-26 17:19:59,272] {subprocess.py:74} INFO - Running command: ['bash', '-c', 'sleep 20 && echo "Confirmación de la NASA, pueden proceder" > /tmp/response_20230101.txt']
[2023-01-26 17:19:59,284] {subprocess.py:85} INFO - Output:
[2023-01-26 17:20:19,303] {subprocess.py:96} INFO - Command exited with return code 0
[2023-01-26 17:20:19,370] {taskinstance.py:1420} INFO - Marking task as SUCCESS. dag_id=Respuesta_Nasa, task_id=Respuesta_Confirmacion_NASA, execution_date=20230101T000000, start_date=20230126T171959, end_date=20230126T172019
[2023-01-26 17:20:19,389] {local_task_job.py:221} WARNING - State of this instance has been externally set to success. Terminating instance.
[2023-01-26 17:20:19,391] {process_utils.py:129} INFO - Sending Signals.SIGTERM to group 1046. PIDs of all processes in the group: [1046]
[2023-01-26 17:20:19,391] {process_utils.py:80} INFO - Sending the signal Signals.SIGTERM to group 1046
[2023-01-26 17:20:19,398] {process_utils.py:75} INFO - Process psutil.Process(pid=1046, status='terminated', exitcode=0, started='17:19:58') (1046) terminated with exit code 0
