[2023-01-24 02:40:04,461] {taskinstance.py:1179} INFO - Dependencies all met for <TaskInstance: Respuesta_Nasa.Respuesta_Confirmacion_NASA scheduled__2023-01-01T00:00:00+00:00 [queued]>
[2023-01-24 02:40:04,489] {taskinstance.py:1179} INFO - Dependencies all met for <TaskInstance: Respuesta_Nasa.Respuesta_Confirmacion_NASA scheduled__2023-01-01T00:00:00+00:00 [queued]>
[2023-01-24 02:40:04,489] {taskinstance.py:1376} INFO - 
--------------------------------------------------------------------------------
[2023-01-24 02:40:04,489] {taskinstance.py:1377} INFO - Starting attempt 1 of 2
[2023-01-24 02:40:04,489] {taskinstance.py:1378} INFO - 
--------------------------------------------------------------------------------
[2023-01-24 02:40:04,525] {taskinstance.py:1397} INFO - Executing <Task(BashOperator): Respuesta_Confirmacion_NASA> on 2023-01-01 00:00:00+00:00
[2023-01-24 02:40:04,551] {standard_task_runner.py:52} INFO - Started process 156 to run task
[2023-01-24 02:40:04,569] {standard_task_runner.py:79} INFO - Running: ['***', 'tasks', 'run', 'Respuesta_Nasa', 'Respuesta_Confirmacion_NASA', 'scheduled__2023-01-01T00:00:00+00:00', '--job-id', '7', '--raw', '--subdir', 'DAGS_FOLDER/00-ETL_spaceX.py', '--cfg-path', '/tmp/tmpww1x9f5n', '--error-file', '/tmp/tmp2bc9roxb']
[2023-01-24 02:40:04,573] {standard_task_runner.py:80} INFO - Job 7: Subtask Respuesta_Confirmacion_NASA
[2023-01-24 02:40:04,748] {task_command.py:371} INFO - Running <TaskInstance: Respuesta_Nasa.Respuesta_Confirmacion_NASA scheduled__2023-01-01T00:00:00+00:00 [running]> on host fd9891b969b0
[2023-01-24 02:40:04,983] {taskinstance.py:1591} INFO - Exporting the following env vars:
AIRFLOW_CTX_DAG_OWNER=me
AIRFLOW_CTX_DAG_ID=Respuesta_Nasa
AIRFLOW_CTX_TASK_ID=Respuesta_Confirmacion_NASA
AIRFLOW_CTX_EXECUTION_DATE=2023-01-01T00:00:00+00:00
AIRFLOW_CTX_TRY_NUMBER=1
AIRFLOW_CTX_DAG_RUN_ID=scheduled__2023-01-01T00:00:00+00:00
[2023-01-24 02:40:04,989] {subprocess.py:62} INFO - Tmp dir root location: 
 /tmp
[2023-01-24 02:40:04,989] {subprocess.py:74} INFO - Running command: ['bash', '-c', 'sleep 20 && echo "Confirmación de la NASA, pueden proceder" > /tmp/response_20230101.txt']
[2023-01-24 02:40:05,009] {subprocess.py:85} INFO - Output:
[2023-01-24 02:40:25,019] {subprocess.py:96} INFO - Command exited with return code 0
[2023-01-24 02:40:25,059] {taskinstance.py:1420} INFO - Marking task as SUCCESS. dag_id=Respuesta_Nasa, task_id=Respuesta_Confirmacion_NASA, execution_date=20230101T000000, start_date=20230124T024004, end_date=20230124T024025
[2023-01-24 02:40:25,094] {local_task_job.py:156} INFO - Task exited with return code 0
[2023-01-24 02:40:25,140] {local_task_job.py:273} INFO - 1 downstream tasks scheduled from follow-on schedule check
[2023-01-24 03:37:31,652] {taskinstance.py:1179} INFO - Dependencies all met for <TaskInstance: Respuesta_Nasa.Respuesta_Confirmacion_NASA scheduled__2023-01-01T00:00:00+00:00 [queued]>
[2023-01-24 03:37:31,664] {taskinstance.py:1179} INFO - Dependencies all met for <TaskInstance: Respuesta_Nasa.Respuesta_Confirmacion_NASA scheduled__2023-01-01T00:00:00+00:00 [queued]>
[2023-01-24 03:37:31,665] {taskinstance.py:1376} INFO - 
--------------------------------------------------------------------------------
[2023-01-24 03:37:31,665] {taskinstance.py:1377} INFO - Starting attempt 1 of 3
[2023-01-24 03:37:31,665] {taskinstance.py:1378} INFO - 
--------------------------------------------------------------------------------
[2023-01-24 03:37:31,686] {taskinstance.py:1397} INFO - Executing <Task(BashOperator): Respuesta_Confirmacion_NASA> on 2023-01-01 00:00:00+00:00
[2023-01-24 03:37:31,691] {standard_task_runner.py:52} INFO - Started process 2292 to run task
[2023-01-24 03:37:31,696] {standard_task_runner.py:79} INFO - Running: ['***', 'tasks', 'run', 'Respuesta_Nasa', 'Respuesta_Confirmacion_NASA', 'scheduled__2023-01-01T00:00:00+00:00', '--job-id', '411', '--raw', '--subdir', 'DAGS_FOLDER/00-ETL_spaceX.py', '--cfg-path', '/tmp/tmpypkbr9ql', '--error-file', '/tmp/tmpwr4602jv']
[2023-01-24 03:37:31,698] {standard_task_runner.py:80} INFO - Job 411: Subtask Respuesta_Confirmacion_NASA
[2023-01-24 03:37:31,787] {task_command.py:371} INFO - Running <TaskInstance: Respuesta_Nasa.Respuesta_Confirmacion_NASA scheduled__2023-01-01T00:00:00+00:00 [running]> on host fd9891b969b0
[2023-01-24 03:37:31,897] {taskinstance.py:1591} INFO - Exporting the following env vars:
AIRFLOW_CTX_DAG_OWNER=me
AIRFLOW_CTX_DAG_ID=Respuesta_Nasa
AIRFLOW_CTX_TASK_ID=Respuesta_Confirmacion_NASA
AIRFLOW_CTX_EXECUTION_DATE=2023-01-01T00:00:00+00:00
AIRFLOW_CTX_TRY_NUMBER=1
AIRFLOW_CTX_DAG_RUN_ID=scheduled__2023-01-01T00:00:00+00:00
[2023-01-24 03:37:31,899] {subprocess.py:62} INFO - Tmp dir root location: 
 /tmp
[2023-01-24 03:37:31,900] {subprocess.py:74} INFO - Running command: ['bash', '-c', 'sleep 20 && echo "Confirmación de la NASA, pueden proceder" > /tmp/response_20230101.txt']
[2023-01-24 03:37:31,915] {subprocess.py:85} INFO - Output:
[2023-01-24 03:37:51,919] {subprocess.py:96} INFO - Command exited with return code 0
[2023-01-24 03:37:51,952] {taskinstance.py:1420} INFO - Marking task as SUCCESS. dag_id=Respuesta_Nasa, task_id=Respuesta_Confirmacion_NASA, execution_date=20230101T000000, start_date=20230124T033731, end_date=20230124T033751
[2023-01-24 03:37:51,980] {local_task_job.py:156} INFO - Task exited with return code 0
[2023-01-24 03:37:52,020] {local_task_job.py:273} INFO - 1 downstream tasks scheduled from follow-on schedule check
