[2023-01-24 02:43:28,009] {taskinstance.py:1179} INFO - Dependencies all met for <TaskInstance: Respuesta_Nasa.Respuesta_Confirmacion_NASA scheduled__2023-01-01T01:37:00+00:00 [queued]>
[2023-01-24 02:43:28,025] {taskinstance.py:1179} INFO - Dependencies all met for <TaskInstance: Respuesta_Nasa.Respuesta_Confirmacion_NASA scheduled__2023-01-01T01:37:00+00:00 [queued]>
[2023-01-24 02:43:28,026] {taskinstance.py:1376} INFO - 
--------------------------------------------------------------------------------
[2023-01-24 02:43:28,026] {taskinstance.py:1377} INFO - Starting attempt 1 of 2
[2023-01-24 02:43:28,026] {taskinstance.py:1378} INFO - 
--------------------------------------------------------------------------------
[2023-01-24 02:43:28,051] {taskinstance.py:1397} INFO - Executing <Task(BashOperator): Respuesta_Confirmacion_NASA> on 2023-01-01 01:37:00+00:00
[2023-01-24 02:43:28,058] {standard_task_runner.py:52} INFO - Started process 1831 to run task
[2023-01-24 02:43:28,062] {standard_task_runner.py:79} INFO - Running: ['***', 'tasks', 'run', 'Respuesta_Nasa', 'Respuesta_Confirmacion_NASA', 'scheduled__2023-01-01T01:37:00+00:00', '--job-id', '292', '--raw', '--subdir', 'DAGS_FOLDER/00-ETL_spaceX.py', '--cfg-path', '/tmp/tmp5xu2p1nh', '--error-file', '/tmp/tmpo0mw9lup']
[2023-01-24 02:43:28,063] {standard_task_runner.py:80} INFO - Job 292: Subtask Respuesta_Confirmacion_NASA
[2023-01-24 02:43:28,152] {task_command.py:371} INFO - Running <TaskInstance: Respuesta_Nasa.Respuesta_Confirmacion_NASA scheduled__2023-01-01T01:37:00+00:00 [running]> on host fd9891b969b0
[2023-01-24 02:43:28,289] {taskinstance.py:1591} INFO - Exporting the following env vars:
AIRFLOW_CTX_DAG_OWNER=me
AIRFLOW_CTX_DAG_ID=Respuesta_Nasa
AIRFLOW_CTX_TASK_ID=Respuesta_Confirmacion_NASA
AIRFLOW_CTX_EXECUTION_DATE=2023-01-01T01:37:00+00:00
AIRFLOW_CTX_TRY_NUMBER=1
AIRFLOW_CTX_DAG_RUN_ID=scheduled__2023-01-01T01:37:00+00:00
[2023-01-24 02:43:28,290] {subprocess.py:62} INFO - Tmp dir root location: 
 /tmp
[2023-01-24 02:43:28,291] {subprocess.py:74} INFO - Running command: ['bash', '-c', 'sleep 20 && echo "Confirmación de la NASA, pueden proceder" > /tmp/response_20230101.txt']
[2023-01-24 02:43:28,307] {subprocess.py:85} INFO - Output:
[2023-01-24 02:43:48,321] {subprocess.py:96} INFO - Command exited with return code 0
[2023-01-24 02:43:48,380] {taskinstance.py:1420} INFO - Marking task as SUCCESS. dag_id=Respuesta_Nasa, task_id=Respuesta_Confirmacion_NASA, execution_date=20230101T013700, start_date=20230124T024328, end_date=20230124T024348
[2023-01-24 02:43:48,438] {local_task_job.py:156} INFO - Task exited with return code 0
[2023-01-24 02:43:48,583] {local_task_job.py:273} INFO - 1 downstream tasks scheduled from follow-on schedule check
