[2023-01-24 02:41:36,585] {taskinstance.py:1179} INFO - Dependencies all met for <TaskInstance: Respuesta_Nasa.Obtener_Datos_SPACEX scheduled__2023-01-01T00:32:00+00:00 [queued]>
[2023-01-24 02:41:36,639] {taskinstance.py:1179} INFO - Dependencies all met for <TaskInstance: Respuesta_Nasa.Obtener_Datos_SPACEX scheduled__2023-01-01T00:32:00+00:00 [queued]>
[2023-01-24 02:41:36,640] {taskinstance.py:1376} INFO - 
--------------------------------------------------------------------------------
[2023-01-24 02:41:36,640] {taskinstance.py:1377} INFO - Starting attempt 1 of 2
[2023-01-24 02:41:36,640] {taskinstance.py:1378} INFO - 
--------------------------------------------------------------------------------
[2023-01-24 02:41:36,711] {taskinstance.py:1397} INFO - Executing <Task(BashOperator): Obtener_Datos_SPACEX> on 2023-01-01 00:32:00+00:00
[2023-01-24 02:41:36,719] {standard_task_runner.py:52} INFO - Started process 870 to run task
[2023-01-24 02:41:36,744] {standard_task_runner.py:79} INFO - Running: ['***', 'tasks', 'run', 'Respuesta_Nasa', 'Obtener_Datos_SPACEX', 'scheduled__2023-01-01T00:32:00+00:00', '--job-id', '127', '--raw', '--subdir', 'DAGS_FOLDER/00-ETL_spaceX.py', '--cfg-path', '/tmp/tmpv5o2tr1f', '--error-file', '/tmp/tmp_6f1i25m']
[2023-01-24 02:41:36,747] {standard_task_runner.py:80} INFO - Job 127: Subtask Obtener_Datos_SPACEX
[2023-01-24 02:41:36,987] {task_command.py:371} INFO - Running <TaskInstance: Respuesta_Nasa.Obtener_Datos_SPACEX scheduled__2023-01-01T00:32:00+00:00 [running]> on host fd9891b969b0
[2023-01-24 02:41:37,375] {taskinstance.py:1591} INFO - Exporting the following env vars:
AIRFLOW_CTX_DAG_OWNER=me
AIRFLOW_CTX_DAG_ID=Respuesta_Nasa
AIRFLOW_CTX_TASK_ID=Obtener_Datos_SPACEX
AIRFLOW_CTX_EXECUTION_DATE=2023-01-01T00:32:00+00:00
AIRFLOW_CTX_TRY_NUMBER=1
AIRFLOW_CTX_DAG_RUN_ID=scheduled__2023-01-01T00:32:00+00:00
[2023-01-24 02:41:37,380] {subprocess.py:62} INFO - Tmp dir root location: 
 /tmp
[2023-01-24 02:41:37,381] {subprocess.py:74} INFO - Running command: ['bash', '-c', 'curl https://api.spacexdata.com/v4/launches/past > /tmp/spacex_20230101.json']
[2023-01-24 02:41:37,409] {subprocess.py:85} INFO - Output:
[2023-01-24 02:41:37,452] {subprocess.py:92} INFO -   % Total    % Received % Xferd  Average Speed   Time    Time     Time  Current
[2023-01-24 02:41:37,453] {subprocess.py:92} INFO -                                  Dload  Upload   Total   Spent    Left  Speed
[2023-01-24 02:41:38,448] {subprocess.py:92} INFO -   0     0    0     0    0     0      0      0 --:--:-- --:--:-- --:--:--     0  0     0    0     0    0     0      0      0 --:--:-- --:--:-- --:--:--     0100  406k    0  406k    0     0   408k      0 --:--:-- --:--:-- --:--:--  408k
[2023-01-24 02:41:38,463] {subprocess.py:96} INFO - Command exited with return code 0
[2023-01-24 02:41:38,847] {taskinstance.py:1420} INFO - Marking task as SUCCESS. dag_id=Respuesta_Nasa, task_id=Obtener_Datos_SPACEX, execution_date=20230101T003200, start_date=20230124T024136, end_date=20230124T024138
[2023-01-24 02:41:38,946] {local_task_job.py:156} INFO - Task exited with return code 0
[2023-01-24 02:41:39,081] {local_task_job.py:273} INFO - 0 downstream tasks scheduled from follow-on schedule check
