[2023-01-24 02:44:06,148] {taskinstance.py:1179} INFO - Dependencies all met for <TaskInstance: Respuesta_Nasa.Respuesta_Confirmacion_NASA scheduled__2023-01-01T02:04:00+00:00 [queued]>
[2023-01-24 02:44:06,163] {taskinstance.py:1179} INFO - Dependencies all met for <TaskInstance: Respuesta_Nasa.Respuesta_Confirmacion_NASA scheduled__2023-01-01T02:04:00+00:00 [queued]>
[2023-01-24 02:44:06,164] {taskinstance.py:1376} INFO - 
--------------------------------------------------------------------------------
[2023-01-24 02:44:06,164] {taskinstance.py:1377} INFO - Starting attempt 1 of 2
[2023-01-24 02:44:06,164] {taskinstance.py:1378} INFO - 
--------------------------------------------------------------------------------
[2023-01-24 02:44:06,190] {taskinstance.py:1397} INFO - Executing <Task(BashOperator): Respuesta_Confirmacion_NASA> on 2023-01-01 02:04:00+00:00
[2023-01-24 02:44:06,197] {standard_task_runner.py:52} INFO - Started process 2168 to run task
[2023-01-24 02:44:06,201] {standard_task_runner.py:79} INFO - Running: ['***', 'tasks', 'run', 'Respuesta_Nasa', 'Respuesta_Confirmacion_NASA', 'scheduled__2023-01-01T02:04:00+00:00', '--job-id', '351', '--raw', '--subdir', 'DAGS_FOLDER/00-ETL_spaceX.py', '--cfg-path', '/tmp/tmpwshhkn3z', '--error-file', '/tmp/tmpyajh3ipa']
[2023-01-24 02:44:06,202] {standard_task_runner.py:80} INFO - Job 351: Subtask Respuesta_Confirmacion_NASA
[2023-01-24 02:44:06,285] {task_command.py:371} INFO - Running <TaskInstance: Respuesta_Nasa.Respuesta_Confirmacion_NASA scheduled__2023-01-01T02:04:00+00:00 [running]> on host fd9891b969b0
[2023-01-24 02:44:06,390] {taskinstance.py:1591} INFO - Exporting the following env vars:
AIRFLOW_CTX_DAG_OWNER=me
AIRFLOW_CTX_DAG_ID=Respuesta_Nasa
AIRFLOW_CTX_TASK_ID=Respuesta_Confirmacion_NASA
AIRFLOW_CTX_EXECUTION_DATE=2023-01-01T02:04:00+00:00
AIRFLOW_CTX_TRY_NUMBER=1
AIRFLOW_CTX_DAG_RUN_ID=scheduled__2023-01-01T02:04:00+00:00
[2023-01-24 02:44:06,391] {subprocess.py:62} INFO - Tmp dir root location: 
 /tmp
[2023-01-24 02:44:06,392] {subprocess.py:74} INFO - Running command: ['bash', '-c', 'sleep 20 && echo "Confirmación de la NASA, pueden proceder" > /tmp/response_20230101.txt']
[2023-01-24 02:44:06,403] {subprocess.py:85} INFO - Output:
[2023-01-24 02:44:26,407] {subprocess.py:96} INFO - Command exited with return code 0
[2023-01-24 02:44:26,734] {taskinstance.py:1420} INFO - Marking task as SUCCESS. dag_id=Respuesta_Nasa, task_id=Respuesta_Confirmacion_NASA, execution_date=20230101T020400, start_date=20230124T024406, end_date=20230124T024426
[2023-01-24 02:44:26,819] {local_task_job.py:156} INFO - Task exited with return code 0
[2023-01-24 02:44:26,950] {local_task_job.py:273} INFO - 1 downstream tasks scheduled from follow-on schedule check
