[2023-01-24 02:41:03,760] {taskinstance.py:1179} INFO - Dependencies all met for <TaskInstance: Respuesta_Nasa.Leer_Datos_Respuesta_Nasa scheduled__2023-01-01T00:30:00+00:00 [queued]>
[2023-01-24 02:41:03,780] {taskinstance.py:1179} INFO - Dependencies all met for <TaskInstance: Respuesta_Nasa.Leer_Datos_Respuesta_Nasa scheduled__2023-01-01T00:30:00+00:00 [queued]>
[2023-01-24 02:41:03,781] {taskinstance.py:1376} INFO - 
--------------------------------------------------------------------------------
[2023-01-24 02:41:03,781] {taskinstance.py:1377} INFO - Starting attempt 1 of 2
[2023-01-24 02:41:03,781] {taskinstance.py:1378} INFO - 
--------------------------------------------------------------------------------
[2023-01-24 02:41:03,821] {taskinstance.py:1397} INFO - Executing <Task(BashOperator): Leer_Datos_Respuesta_Nasa> on 2023-01-01 00:30:00+00:00
[2023-01-24 02:41:03,828] {standard_task_runner.py:52} INFO - Started process 611 to run task
[2023-01-24 02:41:03,845] {standard_task_runner.py:79} INFO - Running: ['***', 'tasks', 'run', 'Respuesta_Nasa', 'Leer_Datos_Respuesta_Nasa', 'scheduled__2023-01-01T00:30:00+00:00', '--job-id', '84', '--raw', '--subdir', 'DAGS_FOLDER/00-ETL_spaceX.py', '--cfg-path', '/tmp/tmpryk9q7nf', '--error-file', '/tmp/tmpfafo1lpo']
[2023-01-24 02:41:03,847] {standard_task_runner.py:80} INFO - Job 84: Subtask Leer_Datos_Respuesta_Nasa
[2023-01-24 02:41:04,145] {task_command.py:371} INFO - Running <TaskInstance: Respuesta_Nasa.Leer_Datos_Respuesta_Nasa scheduled__2023-01-01T00:30:00+00:00 [running]> on host fd9891b969b0
[2023-01-24 02:41:04,422] {taskinstance.py:1591} INFO - Exporting the following env vars:
AIRFLOW_CTX_DAG_OWNER=me
AIRFLOW_CTX_DAG_ID=Respuesta_Nasa
AIRFLOW_CTX_TASK_ID=Leer_Datos_Respuesta_Nasa
AIRFLOW_CTX_EXECUTION_DATE=2023-01-01T00:30:00+00:00
AIRFLOW_CTX_TRY_NUMBER=1
AIRFLOW_CTX_DAG_RUN_ID=scheduled__2023-01-01T00:30:00+00:00
[2023-01-24 02:41:04,424] {subprocess.py:62} INFO - Tmp dir root location: 
 /tmp
[2023-01-24 02:41:04,426] {subprocess.py:74} INFO - Running command: ['bash', '-c', 'ls /tmp && head /tmp/response_20230101.txt']
[2023-01-24 02:41:04,450] {subprocess.py:85} INFO - Output:
[2023-01-24 02:41:04,458] {subprocess.py:92} INFO - ***tmp1mklexqj
[2023-01-24 02:41:04,458] {subprocess.py:92} INFO - ***tmpnkuv3yxy
[2023-01-24 02:41:04,458] {subprocess.py:92} INFO - ***tmptfltize9
[2023-01-24 02:41:04,458] {subprocess.py:92} INFO - pymp-igsi0xnb
[2023-01-24 02:41:04,459] {subprocess.py:92} INFO - response_20230101.txt
[2023-01-24 02:41:04,459] {subprocess.py:92} INFO - spacex_20230101.json
[2023-01-24 02:41:04,459] {subprocess.py:92} INFO - tmp2__czpkm
[2023-01-24 02:41:04,459] {subprocess.py:92} INFO - tmp6mydeqsv
[2023-01-24 02:41:04,459] {subprocess.py:92} INFO - tmpatyo79dp
[2023-01-24 02:41:04,459] {subprocess.py:92} INFO - tmpb9mo05_0
[2023-01-24 02:41:04,459] {subprocess.py:92} INFO - tmpcgitn3sa
[2023-01-24 02:41:04,459] {subprocess.py:92} INFO - tmpcx4edzpl
[2023-01-24 02:41:04,459] {subprocess.py:92} INFO - tmpd7904w56
[2023-01-24 02:41:04,460] {subprocess.py:92} INFO - tmpfafo1lpo
[2023-01-24 02:41:04,460] {subprocess.py:92} INFO - tmpfx60_0wg
[2023-01-24 02:41:04,460] {subprocess.py:92} INFO - tmpgjembwap
[2023-01-24 02:41:04,461] {subprocess.py:92} INFO - tmphnk9urxh
[2023-01-24 02:41:04,461] {subprocess.py:92} INFO - tmpnvc2r2ky
[2023-01-24 02:41:04,461] {subprocess.py:92} INFO - tmppdal1gwd
[2023-01-24 02:41:04,461] {subprocess.py:92} INFO - tmpyt1261cd
[2023-01-24 02:41:04,461] {subprocess.py:92} INFO - tmpzfgksomr
[2023-01-24 02:41:04,461] {subprocess.py:92} INFO - tmpzr_8x_ie
[2023-01-24 02:41:04,464] {subprocess.py:92} INFO - Confirmación de la NASA, pueden proceder
[2023-01-24 02:41:04,464] {subprocess.py:96} INFO - Command exited with return code 0
[2023-01-24 02:41:04,568] {taskinstance.py:1420} INFO - Marking task as SUCCESS. dag_id=Respuesta_Nasa, task_id=Leer_Datos_Respuesta_Nasa, execution_date=20230101T003000, start_date=20230124T024103, end_date=20230124T024104
[2023-01-24 02:41:04,638] {local_task_job.py:156} INFO - Task exited with return code 0
[2023-01-24 02:41:04,820] {local_task_job.py:273} INFO - 1 downstream tasks scheduled from follow-on schedule check
