[2023-01-26 17:20:21,915] {taskinstance.py:1179} INFO - Dependencies all met for <TaskInstance: Respuesta_Nasa.Leer_Datos_Respuesta_Nasa scheduled__2023-01-01T00:00:00+00:00 [queued]>
[2023-01-26 17:20:21,931] {taskinstance.py:1179} INFO - Dependencies all met for <TaskInstance: Respuesta_Nasa.Leer_Datos_Respuesta_Nasa scheduled__2023-01-01T00:00:00+00:00 [queued]>
[2023-01-26 17:20:21,931] {taskinstance.py:1376} INFO - 
--------------------------------------------------------------------------------
[2023-01-26 17:20:21,931] {taskinstance.py:1377} INFO - Starting attempt 8 of 10
[2023-01-26 17:20:21,931] {taskinstance.py:1378} INFO - 
--------------------------------------------------------------------------------
[2023-01-26 17:20:21,948] {taskinstance.py:1397} INFO - Executing <Task(BashOperator): Leer_Datos_Respuesta_Nasa> on 2023-01-01 00:00:00+00:00
[2023-01-26 17:20:21,953] {standard_task_runner.py:52} INFO - Started process 1082 to run task
[2023-01-26 17:20:21,957] {standard_task_runner.py:79} INFO - Running: ['***', 'tasks', 'run', 'Respuesta_Nasa', 'Leer_Datos_Respuesta_Nasa', 'scheduled__2023-01-01T00:00:00+00:00', '--job-id', '602', '--raw', '--subdir', 'DAGS_FOLDER/00-ETL_spaceX.py', '--cfg-path', '/tmp/tmpyyl9zyma', '--error-file', '/tmp/tmpac_2qo7u']
[2023-01-26 17:20:21,958] {standard_task_runner.py:80} INFO - Job 602: Subtask Leer_Datos_Respuesta_Nasa
[2023-01-26 17:20:22,029] {task_command.py:371} INFO - Running <TaskInstance: Respuesta_Nasa.Leer_Datos_Respuesta_Nasa scheduled__2023-01-01T00:00:00+00:00 [running]> on host afaa1e0ff064
[2023-01-26 17:20:22,115] {taskinstance.py:1591} INFO - Exporting the following env vars:
AIRFLOW_CTX_DAG_EMAIL=davidmontenegro2403@gmail.com
AIRFLOW_CTX_DAG_OWNER=me
AIRFLOW_CTX_DAG_ID=Respuesta_Nasa
AIRFLOW_CTX_TASK_ID=Leer_Datos_Respuesta_Nasa
AIRFLOW_CTX_EXECUTION_DATE=2023-01-01T00:00:00+00:00
AIRFLOW_CTX_TRY_NUMBER=8
AIRFLOW_CTX_DAG_RUN_ID=scheduled__2023-01-01T00:00:00+00:00
[2023-01-26 17:20:22,116] {subprocess.py:62} INFO - Tmp dir root location: 
 /tmp
[2023-01-26 17:20:22,117] {subprocess.py:74} INFO - Running command: ['bash', '-c', 'ls /tmp && head /tmp/response_20230101.txt']
[2023-01-26 17:20:22,128] {subprocess.py:85} INFO - Output:
[2023-01-26 17:20:22,131] {subprocess.py:92} INFO - ***tmp0wi3fnvk
[2023-01-26 17:20:22,131] {subprocess.py:92} INFO - pymp-839nzyvl
[2023-01-26 17:20:22,131] {subprocess.py:92} INFO - response_20230101.txt
[2023-01-26 17:20:22,131] {subprocess.py:92} INFO - response_20230102.txt
[2023-01-26 17:20:22,131] {subprocess.py:92} INFO - response_20230103.txt
[2023-01-26 17:20:22,131] {subprocess.py:92} INFO - tmpac_2qo7u
[2023-01-26 17:20:22,132] {subprocess.py:92} INFO - tmph4z5cw96
[2023-01-26 17:20:22,132] {subprocess.py:92} INFO - tmpmlqsfa3t
[2023-01-26 17:20:22,132] {subprocess.py:92} INFO - tmpnvc2r2ky
[2023-01-26 17:20:22,132] {subprocess.py:92} INFO - Confirmación de la NASA, pueden proceder
[2023-01-26 17:20:22,133] {subprocess.py:96} INFO - Command exited with return code 0
[2023-01-26 17:20:22,165] {taskinstance.py:1420} INFO - Marking task as SUCCESS. dag_id=Respuesta_Nasa, task_id=Leer_Datos_Respuesta_Nasa, execution_date=20230101T000000, start_date=20230126T172021, end_date=20230126T172022
[2023-01-26 17:20:22,208] {local_task_job.py:156} INFO - Task exited with return code 0
[2023-01-26 17:20:22,263] {local_task_job.py:273} INFO - 1 downstream tasks scheduled from follow-on schedule check
