[2023-01-24 02:40:26,631] {taskinstance.py:1179} INFO - Dependencies all met for <TaskInstance: Respuesta_Nasa.Leer_Datos_Respuesta_Nasa scheduled__2023-01-01T00:00:00+00:00 [queued]>
[2023-01-24 02:40:26,647] {taskinstance.py:1179} INFO - Dependencies all met for <TaskInstance: Respuesta_Nasa.Leer_Datos_Respuesta_Nasa scheduled__2023-01-01T00:00:00+00:00 [queued]>
[2023-01-24 02:40:26,647] {taskinstance.py:1376} INFO - 
--------------------------------------------------------------------------------
[2023-01-24 02:40:26,648] {taskinstance.py:1377} INFO - Starting attempt 1 of 2
[2023-01-24 02:40:26,648] {taskinstance.py:1378} INFO - 
--------------------------------------------------------------------------------
[2023-01-24 02:40:26,708] {taskinstance.py:1397} INFO - Executing <Task(BashOperator): Leer_Datos_Respuesta_Nasa> on 2023-01-01 00:00:00+00:00
[2023-01-24 02:40:26,718] {standard_task_runner.py:52} INFO - Started process 255 to run task
[2023-01-24 02:40:26,738] {standard_task_runner.py:79} INFO - Running: ['***', 'tasks', 'run', 'Respuesta_Nasa', 'Leer_Datos_Respuesta_Nasa', 'scheduled__2023-01-01T00:00:00+00:00', '--job-id', '19', '--raw', '--subdir', 'DAGS_FOLDER/00-ETL_spaceX.py', '--cfg-path', '/tmp/tmpjytlzvso', '--error-file', '/tmp/tmpqo5bxr47']
[2023-01-24 02:40:26,750] {standard_task_runner.py:80} INFO - Job 19: Subtask Leer_Datos_Respuesta_Nasa
[2023-01-24 02:40:27,083] {task_command.py:371} INFO - Running <TaskInstance: Respuesta_Nasa.Leer_Datos_Respuesta_Nasa scheduled__2023-01-01T00:00:00+00:00 [running]> on host fd9891b969b0
[2023-01-24 02:40:27,287] {taskinstance.py:1591} INFO - Exporting the following env vars:
AIRFLOW_CTX_DAG_OWNER=me
AIRFLOW_CTX_DAG_ID=Respuesta_Nasa
AIRFLOW_CTX_TASK_ID=Leer_Datos_Respuesta_Nasa
AIRFLOW_CTX_EXECUTION_DATE=2023-01-01T00:00:00+00:00
AIRFLOW_CTX_TRY_NUMBER=1
AIRFLOW_CTX_DAG_RUN_ID=scheduled__2023-01-01T00:00:00+00:00
[2023-01-24 02:40:27,288] {subprocess.py:62} INFO - Tmp dir root location: 
 /tmp
[2023-01-24 02:40:27,289] {subprocess.py:74} INFO - Running command: ['bash', '-c', 'ls /tmp && head /tmp/response_20230101.txt']
[2023-01-24 02:40:27,308] {subprocess.py:85} INFO - Output:
[2023-01-24 02:40:27,326] {subprocess.py:92} INFO - ***tmp3kaddlzr
[2023-01-24 02:40:27,326] {subprocess.py:92} INFO - ***tmp6lvzmc_5
[2023-01-24 02:40:27,326] {subprocess.py:92} INFO - ***tmpkp46w37v
[2023-01-24 02:40:27,326] {subprocess.py:92} INFO - ***tmpo4rnxdp6
[2023-01-24 02:40:27,326] {subprocess.py:92} INFO - ***tmpq2tpuidf
[2023-01-24 02:40:27,326] {subprocess.py:92} INFO - ***tmpvk6elr4n
[2023-01-24 02:40:27,327] {subprocess.py:92} INFO - ***tmpztexima_
[2023-01-24 02:40:27,327] {subprocess.py:92} INFO - pymp-igsi0xnb
[2023-01-24 02:40:27,327] {subprocess.py:92} INFO - response_20230101.txt
[2023-01-24 02:40:27,327] {subprocess.py:92} INFO - tmp15pyrnnp
[2023-01-24 02:40:27,327] {subprocess.py:92} INFO - tmp1t71j8t6
[2023-01-24 02:40:27,327] {subprocess.py:92} INFO - tmp7k7wl8m4
[2023-01-24 02:40:27,327] {subprocess.py:92} INFO - tmp8pgdd814
[2023-01-24 02:40:27,327] {subprocess.py:92} INFO - tmpel_1ueq2
[2023-01-24 02:40:27,327] {subprocess.py:92} INFO - tmpf8opdc6p
[2023-01-24 02:40:27,327] {subprocess.py:92} INFO - tmpm8eolpb7
[2023-01-24 02:40:27,327] {subprocess.py:92} INFO - tmpnvc2r2ky
[2023-01-24 02:40:27,327] {subprocess.py:92} INFO - tmppp5ufl9_
[2023-01-24 02:40:27,328] {subprocess.py:92} INFO - tmppzz9jaj2
[2023-01-24 02:40:27,328] {subprocess.py:92} INFO - tmpqo5bxr47
[2023-01-24 02:40:27,328] {subprocess.py:92} INFO - tmpuv1mkuoy
[2023-01-24 02:40:27,328] {subprocess.py:92} INFO - tmpy3wh_1uc
[2023-01-24 02:40:27,353] {subprocess.py:92} INFO - Confirmación de la NASA, pueden proceder
[2023-01-24 02:40:27,353] {subprocess.py:96} INFO - Command exited with return code 0
[2023-01-24 02:40:27,439] {taskinstance.py:1420} INFO - Marking task as SUCCESS. dag_id=Respuesta_Nasa, task_id=Leer_Datos_Respuesta_Nasa, execution_date=20230101T000000, start_date=20230124T024026, end_date=20230124T024027
[2023-01-24 02:40:27,522] {local_task_job.py:156} INFO - Task exited with return code 0
[2023-01-24 02:40:27,715] {local_task_job.py:273} INFO - 1 downstream tasks scheduled from follow-on schedule check
[2023-01-24 03:37:54,363] {taskinstance.py:1179} INFO - Dependencies all met for <TaskInstance: Respuesta_Nasa.Leer_Datos_Respuesta_Nasa scheduled__2023-01-01T00:00:00+00:00 [queued]>
[2023-01-24 03:37:54,379] {taskinstance.py:1179} INFO - Dependencies all met for <TaskInstance: Respuesta_Nasa.Leer_Datos_Respuesta_Nasa scheduled__2023-01-01T00:00:00+00:00 [queued]>
[2023-01-24 03:37:54,380] {taskinstance.py:1376} INFO - 
--------------------------------------------------------------------------------
[2023-01-24 03:37:54,380] {taskinstance.py:1377} INFO - Starting attempt 1 of 3
[2023-01-24 03:37:54,380] {taskinstance.py:1378} INFO - 
--------------------------------------------------------------------------------
[2023-01-24 03:37:54,404] {taskinstance.py:1397} INFO - Executing <Task(BashOperator): Leer_Datos_Respuesta_Nasa> on 2023-01-01 00:00:00+00:00
[2023-01-24 03:37:54,410] {standard_task_runner.py:52} INFO - Started process 2336 to run task
[2023-01-24 03:37:54,414] {standard_task_runner.py:79} INFO - Running: ['***', 'tasks', 'run', 'Respuesta_Nasa', 'Leer_Datos_Respuesta_Nasa', 'scheduled__2023-01-01T00:00:00+00:00', '--job-id', '418', '--raw', '--subdir', 'DAGS_FOLDER/00-ETL_spaceX.py', '--cfg-path', '/tmp/tmp6972oqjj', '--error-file', '/tmp/tmpfcvay23s']
[2023-01-24 03:37:54,415] {standard_task_runner.py:80} INFO - Job 418: Subtask Leer_Datos_Respuesta_Nasa
[2023-01-24 03:37:54,492] {task_command.py:371} INFO - Running <TaskInstance: Respuesta_Nasa.Leer_Datos_Respuesta_Nasa scheduled__2023-01-01T00:00:00+00:00 [running]> on host fd9891b969b0
[2023-01-24 03:37:54,577] {taskinstance.py:1591} INFO - Exporting the following env vars:
AIRFLOW_CTX_DAG_OWNER=me
AIRFLOW_CTX_DAG_ID=Respuesta_Nasa
AIRFLOW_CTX_TASK_ID=Leer_Datos_Respuesta_Nasa
AIRFLOW_CTX_EXECUTION_DATE=2023-01-01T00:00:00+00:00
AIRFLOW_CTX_TRY_NUMBER=1
AIRFLOW_CTX_DAG_RUN_ID=scheduled__2023-01-01T00:00:00+00:00
[2023-01-24 03:37:54,579] {subprocess.py:62} INFO - Tmp dir root location: 
 /tmp
[2023-01-24 03:37:54,579] {subprocess.py:74} INFO - Running command: ['bash', '-c', 'ls /tmp && head /tmp/response_20230101.txt']
[2023-01-24 03:37:54,589] {subprocess.py:85} INFO - Output:
[2023-01-24 03:37:54,592] {subprocess.py:92} INFO - ***tmpaqc5k8zp
[2023-01-24 03:37:54,592] {subprocess.py:92} INFO - ***tmphlsv_339
[2023-01-24 03:37:54,592] {subprocess.py:92} INFO - ***tmphpy5sfts
[2023-01-24 03:37:54,592] {subprocess.py:92} INFO - pymp-_z20wx4h
[2023-01-24 03:37:54,593] {subprocess.py:92} INFO - pymp-igsi0xnb
[2023-01-24 03:37:54,593] {subprocess.py:92} INFO - response_20230101.txt
[2023-01-24 03:37:54,593] {subprocess.py:92} INFO - response_20230102.txt
[2023-01-24 03:37:54,593] {subprocess.py:92} INFO - response_20230103.txt
[2023-01-24 03:37:54,593] {subprocess.py:92} INFO - spacex_20230101.json
[2023-01-24 03:37:54,593] {subprocess.py:92} INFO - tmp40c9682r
[2023-01-24 03:37:54,593] {subprocess.py:92} INFO - tmp_2h4aul3
[2023-01-24 03:37:54,593] {subprocess.py:92} INFO - tmpfcvay23s
[2023-01-24 03:37:54,594] {subprocess.py:92} INFO - tmpnvc2r2ky
[2023-01-24 03:37:54,594] {subprocess.py:92} INFO - Confirmación de la NASA, pueden proceder
[2023-01-24 03:37:54,594] {subprocess.py:96} INFO - Command exited with return code 0
[2023-01-24 03:37:54,627] {taskinstance.py:1420} INFO - Marking task as SUCCESS. dag_id=Respuesta_Nasa, task_id=Leer_Datos_Respuesta_Nasa, execution_date=20230101T000000, start_date=20230124T033754, end_date=20230124T033754
[2023-01-24 03:37:54,665] {local_task_job.py:156} INFO - Task exited with return code 0
[2023-01-24 03:37:54,724] {local_task_job.py:273} INFO - 1 downstream tasks scheduled from follow-on schedule check
