[2023-01-24 03:37:55,692] {taskinstance.py:1179} INFO - Dependencies all met for <TaskInstance: Respuesta_Nasa.Obtener_Datos_SPACEX scheduled__2023-01-03T00:00:00+00:00 [queued]>
[2023-01-24 03:37:55,705] {taskinstance.py:1179} INFO - Dependencies all met for <TaskInstance: Respuesta_Nasa.Obtener_Datos_SPACEX scheduled__2023-01-03T00:00:00+00:00 [queued]>
[2023-01-24 03:37:55,705] {taskinstance.py:1376} INFO - 
--------------------------------------------------------------------------------
[2023-01-24 03:37:55,705] {taskinstance.py:1377} INFO - Starting attempt 1 of 3
[2023-01-24 03:37:55,706] {taskinstance.py:1378} INFO - 
--------------------------------------------------------------------------------
[2023-01-24 03:37:55,725] {taskinstance.py:1397} INFO - Executing <Task(BashOperator): Obtener_Datos_SPACEX> on 2023-01-03 00:00:00+00:00
[2023-01-24 03:37:55,730] {standard_task_runner.py:52} INFO - Started process 2351 to run task
[2023-01-24 03:37:55,734] {standard_task_runner.py:79} INFO - Running: ['***', 'tasks', 'run', 'Respuesta_Nasa', 'Obtener_Datos_SPACEX', 'scheduled__2023-01-03T00:00:00+00:00', '--job-id', '422', '--raw', '--subdir', 'DAGS_FOLDER/00-ETL_spaceX.py', '--cfg-path', '/tmp/tmp_h2hyp0b', '--error-file', '/tmp/tmpxqkwsaab']
[2023-01-24 03:37:55,736] {standard_task_runner.py:80} INFO - Job 422: Subtask Obtener_Datos_SPACEX
[2023-01-24 03:37:55,801] {task_command.py:371} INFO - Running <TaskInstance: Respuesta_Nasa.Obtener_Datos_SPACEX scheduled__2023-01-03T00:00:00+00:00 [running]> on host fd9891b969b0
[2023-01-24 03:37:55,886] {taskinstance.py:1591} INFO - Exporting the following env vars:
AIRFLOW_CTX_DAG_OWNER=me
AIRFLOW_CTX_DAG_ID=Respuesta_Nasa
AIRFLOW_CTX_TASK_ID=Obtener_Datos_SPACEX
AIRFLOW_CTX_EXECUTION_DATE=2023-01-03T00:00:00+00:00
AIRFLOW_CTX_TRY_NUMBER=1
AIRFLOW_CTX_DAG_RUN_ID=scheduled__2023-01-03T00:00:00+00:00
[2023-01-24 03:37:55,887] {subprocess.py:62} INFO - Tmp dir root location: 
 /tmp
[2023-01-24 03:37:55,888] {subprocess.py:74} INFO - Running command: ['bash', '-c', 'curl https://api.spacexdata.com/v4/launches/past > /tmp/spacex_20230103.json']
[2023-01-24 03:37:55,898] {subprocess.py:85} INFO - Output:
[2023-01-24 03:37:55,907] {subprocess.py:92} INFO -   % Total    % Received % Xferd  Average Speed   Time    Time     Time  Current
[2023-01-24 03:37:55,908] {subprocess.py:92} INFO -                                  Dload  Upload   Total   Spent    Left  Speed
[2023-01-24 03:37:56,775] {subprocess.py:92} INFO -   0     0    0     0    0     0      0      0 --:--:-- --:--:-- --:--:--     0100  216k    0  216k    0     0   300k      0 --:--:-- --:--:-- --:--:--  299k100  406k    0  406k    0     0   468k      0 --:--:-- --:--:-- --:--:--  468k
[2023-01-24 03:37:56,779] {subprocess.py:96} INFO - Command exited with return code 0
[2023-01-24 03:37:56,818] {taskinstance.py:1420} INFO - Marking task as SUCCESS. dag_id=Respuesta_Nasa, task_id=Obtener_Datos_SPACEX, execution_date=20230103T000000, start_date=20230124T033755, end_date=20230124T033756
[2023-01-24 03:37:56,868] {local_task_job.py:156} INFO - Task exited with return code 0
[2023-01-24 03:37:56,926] {local_task_job.py:273} INFO - 1 downstream tasks scheduled from follow-on schedule check
