[2023-01-25 23:15:14,433] {taskinstance.py:1179} INFO - Dependencies all met for <TaskInstance: Respuesta_Nasa.Obtener_Datos_SPACEX scheduled__2023-01-03T00:00:00+00:00 [queued]>
[2023-01-25 23:15:14,446] {taskinstance.py:1179} INFO - Dependencies all met for <TaskInstance: Respuesta_Nasa.Obtener_Datos_SPACEX scheduled__2023-01-03T00:00:00+00:00 [queued]>
[2023-01-25 23:15:14,447] {taskinstance.py:1376} INFO - 
--------------------------------------------------------------------------------
[2023-01-25 23:15:14,447] {taskinstance.py:1377} INFO - Starting attempt 3 of 5
[2023-01-25 23:15:14,447] {taskinstance.py:1378} INFO - 
--------------------------------------------------------------------------------
[2023-01-25 23:15:14,467] {taskinstance.py:1397} INFO - Executing <Task(BashOperator): Obtener_Datos_SPACEX> on 2023-01-03 00:00:00+00:00
[2023-01-25 23:15:14,472] {standard_task_runner.py:52} INFO - Started process 3494 to run task
[2023-01-25 23:15:14,476] {standard_task_runner.py:79} INFO - Running: ['***', 'tasks', 'run', 'Respuesta_Nasa', 'Obtener_Datos_SPACEX', 'scheduled__2023-01-03T00:00:00+00:00', '--job-id', '471', '--raw', '--subdir', 'DAGS_FOLDER/00-ETL_spaceX.py', '--cfg-path', '/tmp/tmp9u1ki39x', '--error-file', '/tmp/tmp29usmyuv']
[2023-01-25 23:15:14,478] {standard_task_runner.py:80} INFO - Job 471: Subtask Obtener_Datos_SPACEX
[2023-01-25 23:15:14,555] {task_command.py:371} INFO - Running <TaskInstance: Respuesta_Nasa.Obtener_Datos_SPACEX scheduled__2023-01-03T00:00:00+00:00 [running]> on host fd9891b969b0
[2023-01-25 23:15:14,737] {taskinstance.py:1591} INFO - Exporting the following env vars:
AIRFLOW_CTX_DAG_OWNER=me
AIRFLOW_CTX_DAG_ID=Respuesta_Nasa
AIRFLOW_CTX_TASK_ID=Obtener_Datos_SPACEX
AIRFLOW_CTX_EXECUTION_DATE=2023-01-03T00:00:00+00:00
AIRFLOW_CTX_TRY_NUMBER=3
AIRFLOW_CTX_DAG_RUN_ID=scheduled__2023-01-03T00:00:00+00:00
[2023-01-25 23:15:14,738] {subprocess.py:62} INFO - Tmp dir root location: 
 /tmp
[2023-01-25 23:15:14,739] {subprocess.py:74} INFO - Running command: ['bash', '-c', 'curl https://api.spacexdata.com/v4/launches/past > /tmp/spacex_20230103.json']
[2023-01-25 23:15:14,754] {subprocess.py:85} INFO - Output:
[2023-01-25 23:15:14,767] {subprocess.py:92} INFO -   % Total    % Received % Xferd  Average Speed   Time    Time     Time  Current
[2023-01-25 23:15:14,767] {subprocess.py:92} INFO -                                  Dload  Upload   Total   Spent    Left  Speed
[2023-01-25 23:15:16,070] {subprocess.py:92} INFO -   0     0    0     0    0     0      0      0 --:--:-- --:--:-- --:--:--     0100  4446    0  4446    0     0   6048      0 --:--:-- --:--:-- --:--:--  6040100  406k    0  406k    0     0   312k      0 --:--:--  0:00:01 --:--:--  312k
[2023-01-25 23:15:16,073] {subprocess.py:96} INFO - Command exited with return code 0
[2023-01-25 23:15:16,114] {taskinstance.py:1420} INFO - Marking task as SUCCESS. dag_id=Respuesta_Nasa, task_id=Obtener_Datos_SPACEX, execution_date=20230103T000000, start_date=20230125T231514, end_date=20230125T231516
[2023-01-25 23:15:16,143] {local_task_job.py:156} INFO - Task exited with return code 0
[2023-01-25 23:15:16,185] {local_task_job.py:273} INFO - 1 downstream tasks scheduled from follow-on schedule check
