[2023-01-26T18:22:52.823+0000] {taskinstance.py:1165} INFO - Dependencies all met for <TaskInstance: Respuesta_Nasa.Obtener_Datos_SPACEX scheduled__2023-01-03T00:00:00+00:00 [queued]>
[2023-01-26T18:22:52.841+0000] {taskinstance.py:1165} INFO - Dependencies all met for <TaskInstance: Respuesta_Nasa.Obtener_Datos_SPACEX scheduled__2023-01-03T00:00:00+00:00 [queued]>
[2023-01-26T18:22:52.841+0000] {taskinstance.py:1362} INFO - 
--------------------------------------------------------------------------------
[2023-01-26T18:22:52.841+0000] {taskinstance.py:1363} INFO - Starting attempt 11 of 13
[2023-01-26T18:22:52.841+0000] {taskinstance.py:1364} INFO - 
--------------------------------------------------------------------------------
[2023-01-26T18:22:52.861+0000] {taskinstance.py:1383} INFO - Executing <Task(BashOperator): Obtener_Datos_SPACEX> on 2023-01-03 00:00:00+00:00
[2023-01-26T18:22:52.867+0000] {standard_task_runner.py:55} INFO - Started process 421 to run task
[2023-01-26T18:22:52.870+0000] {standard_task_runner.py:82} INFO - Running: ['***', 'tasks', 'run', 'Respuesta_Nasa', 'Obtener_Datos_SPACEX', 'scheduled__2023-01-03T00:00:00+00:00', '--job-id', '701', '--raw', '--subdir', 'DAGS_FOLDER/00-ETL_spaceX.py', '--cfg-path', '/tmp/tmp8rad12wn']
[2023-01-26T18:22:52.872+0000] {standard_task_runner.py:83} INFO - Job 701: Subtask Obtener_Datos_SPACEX
[2023-01-26T18:22:52.941+0000] {task_command.py:376} INFO - Running <TaskInstance: Respuesta_Nasa.Obtener_Datos_SPACEX scheduled__2023-01-03T00:00:00+00:00 [running]> on host 3b3ab7bab1a5
[2023-01-26T18:22:53.018+0000] {taskinstance.py:1592} INFO - Exporting the following env vars:
AIRFLOW_CTX_DAG_EMAIL=frandak2@gmail.com
AIRFLOW_CTX_DAG_OWNER=***
AIRFLOW_CTX_DAG_ID=Respuesta_Nasa
AIRFLOW_CTX_TASK_ID=Obtener_Datos_SPACEX
AIRFLOW_CTX_EXECUTION_DATE=2023-01-03T00:00:00+00:00
AIRFLOW_CTX_TRY_NUMBER=11
AIRFLOW_CTX_DAG_RUN_ID=scheduled__2023-01-03T00:00:00+00:00
[2023-01-26T18:22:53.020+0000] {subprocess.py:63} INFO - Tmp dir root location: 
 /tmp
[2023-01-26T18:22:53.021+0000] {subprocess.py:75} INFO - Running command: ['/bin/bash', '-c', 'curl https://api.spacexdata.com/v4/launches/past > /tmp/spacex_20230103.json']
[2023-01-26T18:22:53.036+0000] {subprocess.py:86} INFO - Output:
[2023-01-26T18:22:53.047+0000] {subprocess.py:93} INFO -   % Total    % Received % Xferd  Average Speed   Time    Time     Time  Current
[2023-01-26T18:22:53.047+0000] {subprocess.py:93} INFO -                                  Dload  Upload   Total   Spent    Left  Speed
[2023-01-26T18:22:54.300+0000] {subprocess.py:93} INFO -   0     0    0     0    0     0      0      0 --:--:-- --:--:-- --:--:--     0100 52000    0 52000    0     0  61320      0 --:--:-- --:--:-- --:--:-- 61248100  406k    0  406k    0     0   324k      0 --:--:--  0:00:01 --:--:--  324k
[2023-01-26T18:22:54.303+0000] {subprocess.py:97} INFO - Command exited with return code 0
[2023-01-26T18:22:54.332+0000] {taskinstance.py:1406} INFO - Marking task as SUCCESS. dag_id=Respuesta_Nasa, task_id=Obtener_Datos_SPACEX, execution_date=20230103T000000, start_date=20230126T182252, end_date=20230126T182254
[2023-01-26T18:22:54.369+0000] {local_task_job.py:159} INFO - Task exited with return code 0
[2023-01-26T18:22:54.413+0000] {taskinstance.py:2623} INFO - 1 downstream tasks scheduled from follow-on schedule check
