[2023-01-24 03:41:49,523] {taskinstance.py:1179} INFO - Dependencies all met for <TaskInstance: Respuesta_Nasa.Obtener_Datos_SPACEX scheduled__2023-01-03T00:00:00+00:00 [queued]>
[2023-01-24 03:41:49,538] {taskinstance.py:1179} INFO - Dependencies all met for <TaskInstance: Respuesta_Nasa.Obtener_Datos_SPACEX scheduled__2023-01-03T00:00:00+00:00 [queued]>
[2023-01-24 03:41:49,538] {taskinstance.py:1376} INFO - 
--------------------------------------------------------------------------------
[2023-01-24 03:41:49,538] {taskinstance.py:1377} INFO - Starting attempt 2 of 4
[2023-01-24 03:41:49,538] {taskinstance.py:1378} INFO - 
--------------------------------------------------------------------------------
[2023-01-24 03:41:49,557] {taskinstance.py:1397} INFO - Executing <Task(BashOperator): Obtener_Datos_SPACEX> on 2023-01-03 00:00:00+00:00
[2023-01-24 03:41:49,563] {standard_task_runner.py:52} INFO - Started process 2643 to run task
[2023-01-24 03:41:49,567] {standard_task_runner.py:79} INFO - Running: ['***', 'tasks', 'run', 'Respuesta_Nasa', 'Obtener_Datos_SPACEX', 'scheduled__2023-01-03T00:00:00+00:00', '--job-id', '446', '--raw', '--subdir', 'DAGS_FOLDER/00-ETL_spaceX.py', '--cfg-path', '/tmp/tmpxzneyqxs', '--error-file', '/tmp/tmpgdsm68t6']
[2023-01-24 03:41:49,568] {standard_task_runner.py:80} INFO - Job 446: Subtask Obtener_Datos_SPACEX
[2023-01-24 03:41:49,647] {task_command.py:371} INFO - Running <TaskInstance: Respuesta_Nasa.Obtener_Datos_SPACEX scheduled__2023-01-03T00:00:00+00:00 [running]> on host fd9891b969b0
[2023-01-24 03:41:49,766] {taskinstance.py:1591} INFO - Exporting the following env vars:
AIRFLOW_CTX_DAG_OWNER=me
AIRFLOW_CTX_DAG_ID=Respuesta_Nasa
AIRFLOW_CTX_TASK_ID=Obtener_Datos_SPACEX
AIRFLOW_CTX_EXECUTION_DATE=2023-01-03T00:00:00+00:00
AIRFLOW_CTX_TRY_NUMBER=2
AIRFLOW_CTX_DAG_RUN_ID=scheduled__2023-01-03T00:00:00+00:00
[2023-01-24 03:41:49,767] {subprocess.py:62} INFO - Tmp dir root location: 
 /tmp
[2023-01-24 03:41:49,768] {subprocess.py:74} INFO - Running command: ['bash', '-c', 'curl https://api.spacexdata.com/v4/launches/past > /tmp/spacex_20230103.json']
[2023-01-24 03:41:49,778] {subprocess.py:85} INFO - Output:
[2023-01-24 03:41:49,790] {subprocess.py:92} INFO -   % Total    % Received % Xferd  Average Speed   Time    Time     Time  Current
[2023-01-24 03:41:49,790] {subprocess.py:92} INFO -                                  Dload  Upload   Total   Spent    Left  Speed
[2023-01-24 03:41:50,781] {subprocess.py:92} INFO -   0     0    0     0    0     0      0      0 --:--:-- --:--:-- --:--:--     0100  397k    0  397k    0     0   447k      0 --:--:-- --:--:-- --:--:--  446k100  406k    0  406k    0     0   410k      0 --:--:-- --:--:-- --:--:--  410k
[2023-01-24 03:41:50,802] {subprocess.py:96} INFO - Command exited with return code 0
[2023-01-24 03:41:50,851] {taskinstance.py:1420} INFO - Marking task as SUCCESS. dag_id=Respuesta_Nasa, task_id=Obtener_Datos_SPACEX, execution_date=20230103T000000, start_date=20230124T034149, end_date=20230124T034150
[2023-01-24 03:41:50,903] {local_task_job.py:156} INFO - Task exited with return code 0
[2023-01-24 03:41:50,969] {local_task_job.py:273} INFO - 1 downstream tasks scheduled from follow-on schedule check
