[2023-01-26 15:59:04,284] {taskinstance.py:1179} INFO - Dependencies all met for <TaskInstance: Respuesta_Nasa.Obtener_Datos_SPACEX scheduled__2023-01-03T00:00:00+00:00 [queued]>
[2023-01-26 15:59:04,296] {taskinstance.py:1179} INFO - Dependencies all met for <TaskInstance: Respuesta_Nasa.Obtener_Datos_SPACEX scheduled__2023-01-03T00:00:00+00:00 [queued]>
[2023-01-26 15:59:04,296] {taskinstance.py:1376} INFO - 
--------------------------------------------------------------------------------
[2023-01-26 15:59:04,296] {taskinstance.py:1377} INFO - Starting attempt 5 of 7
[2023-01-26 15:59:04,296] {taskinstance.py:1378} INFO - 
--------------------------------------------------------------------------------
[2023-01-26 15:59:04,314] {taskinstance.py:1397} INFO - Executing <Task(BashOperator): Obtener_Datos_SPACEX> on 2023-01-03 00:00:00+00:00
[2023-01-26 15:59:04,319] {standard_task_runner.py:52} INFO - Started process 1172 to run task
[2023-01-26 15:59:04,322] {standard_task_runner.py:79} INFO - Running: ['***', 'tasks', 'run', 'Respuesta_Nasa', 'Obtener_Datos_SPACEX', 'scheduled__2023-01-03T00:00:00+00:00', '--job-id', '515', '--raw', '--subdir', 'DAGS_FOLDER/00-ETL_spaceX.py', '--cfg-path', '/tmp/tmpzf4zgdno', '--error-file', '/tmp/tmpjyviavuq']
[2023-01-26 15:59:04,323] {standard_task_runner.py:80} INFO - Job 515: Subtask Obtener_Datos_SPACEX
[2023-01-26 15:59:04,396] {task_command.py:371} INFO - Running <TaskInstance: Respuesta_Nasa.Obtener_Datos_SPACEX scheduled__2023-01-03T00:00:00+00:00 [running]> on host fd9891b969b0
[2023-01-26 15:59:04,479] {taskinstance.py:1591} INFO - Exporting the following env vars:
AIRFLOW_CTX_DAG_OWNER=me
AIRFLOW_CTX_DAG_ID=Respuesta_Nasa
AIRFLOW_CTX_TASK_ID=Obtener_Datos_SPACEX
AIRFLOW_CTX_EXECUTION_DATE=2023-01-03T00:00:00+00:00
AIRFLOW_CTX_TRY_NUMBER=5
AIRFLOW_CTX_DAG_RUN_ID=scheduled__2023-01-03T00:00:00+00:00
[2023-01-26 15:59:04,480] {subprocess.py:62} INFO - Tmp dir root location: 
 /tmp
[2023-01-26 15:59:04,481] {subprocess.py:74} INFO - Running command: ['bash', '-c', 'curl https://api.spacexdata.com/v4/launches/past > /tmp/spacex_20230103.json']
[2023-01-26 15:59:04,495] {subprocess.py:85} INFO - Output:
[2023-01-26 15:59:04,505] {subprocess.py:92} INFO -   % Total    % Received % Xferd  Average Speed   Time    Time     Time  Current
[2023-01-26 15:59:04,505] {subprocess.py:92} INFO -                                  Dload  Upload   Total   Spent    Left  Speed
[2023-01-26 15:59:05,494] {subprocess.py:92} INFO -   0     0    0     0    0     0      0      0 --:--:-- --:--:-- --:--:--     0  0     0    0     0    0     0      0      0 --:--:-- --:--:-- --:--:--     0100  406k    0  406k    0     0   411k      0 --:--:-- --:--:-- --:--:--  410k
[2023-01-26 15:59:05,498] {subprocess.py:96} INFO - Command exited with return code 0
[2023-01-26 15:59:05,530] {taskinstance.py:1420} INFO - Marking task as SUCCESS. dag_id=Respuesta_Nasa, task_id=Obtener_Datos_SPACEX, execution_date=20230103T000000, start_date=20230126T155904, end_date=20230126T155905
[2023-01-26 15:59:05,577] {local_task_job.py:156} INFO - Task exited with return code 0
[2023-01-26 15:59:05,634] {local_task_job.py:273} INFO - 1 downstream tasks scheduled from follow-on schedule check
