[2023-01-26 18:08:40,658] {taskinstance.py:1179} INFO - Dependencies all met for <TaskInstance: Respuesta_Nasa.Obtener_Datos_SPACEX scheduled__2023-01-03T00:00:00+00:00 [queued]>
[2023-01-26 18:08:40,673] {taskinstance.py:1179} INFO - Dependencies all met for <TaskInstance: Respuesta_Nasa.Obtener_Datos_SPACEX scheduled__2023-01-03T00:00:00+00:00 [queued]>
[2023-01-26 18:08:40,673] {taskinstance.py:1376} INFO - 
--------------------------------------------------------------------------------
[2023-01-26 18:08:40,673] {taskinstance.py:1377} INFO - Starting attempt 10 of 12
[2023-01-26 18:08:40,673] {taskinstance.py:1378} INFO - 
--------------------------------------------------------------------------------
[2023-01-26 18:08:40,688] {taskinstance.py:1397} INFO - Executing <Task(BashOperator): Obtener_Datos_SPACEX> on 2023-01-03 00:00:00+00:00
[2023-01-26 18:08:40,693] {standard_task_runner.py:52} INFO - Started process 988 to run task
[2023-01-26 18:08:40,698] {standard_task_runner.py:79} INFO - Running: ['***', 'tasks', 'run', 'Respuesta_Nasa', 'Obtener_Datos_SPACEX', 'scheduled__2023-01-03T00:00:00+00:00', '--job-id', '665', '--raw', '--subdir', 'DAGS_FOLDER/00-ETL_spaceX.py', '--cfg-path', '/tmp/tmplppzxuww', '--error-file', '/tmp/tmpkknnf5a6']
[2023-01-26 18:08:40,699] {standard_task_runner.py:80} INFO - Job 665: Subtask Obtener_Datos_SPACEX
[2023-01-26 18:08:40,774] {task_command.py:371} INFO - Running <TaskInstance: Respuesta_Nasa.Obtener_Datos_SPACEX scheduled__2023-01-03T00:00:00+00:00 [running]> on host da6de88268cf
[2023-01-26 18:08:40,880] {taskinstance.py:1591} INFO - Exporting the following env vars:
AIRFLOW_CTX_DAG_EMAIL=frandak2@gmail.com
AIRFLOW_CTX_DAG_OWNER=***
AIRFLOW_CTX_DAG_ID=Respuesta_Nasa
AIRFLOW_CTX_TASK_ID=Obtener_Datos_SPACEX
AIRFLOW_CTX_EXECUTION_DATE=2023-01-03T00:00:00+00:00
AIRFLOW_CTX_TRY_NUMBER=10
AIRFLOW_CTX_DAG_RUN_ID=scheduled__2023-01-03T00:00:00+00:00
[2023-01-26 18:08:40,882] {subprocess.py:62} INFO - Tmp dir root location: 
 /tmp
[2023-01-26 18:08:40,883] {subprocess.py:74} INFO - Running command: ['bash', '-c', 'curl https://api.spacexdata.com/v4/launches/past > /tmp/spacex_20230103.json']
[2023-01-26 18:08:40,897] {subprocess.py:85} INFO - Output:
[2023-01-26 18:08:40,907] {subprocess.py:92} INFO -   % Total    % Received % Xferd  Average Speed   Time    Time     Time  Current
[2023-01-26 18:08:40,907] {subprocess.py:92} INFO -                                  Dload  Upload   Total   Spent    Left  Speed
[2023-01-26 18:08:42,131] {subprocess.py:92} INFO -   0     0    0     0    0     0      0      0 --:--:-- --:--:-- --:--:--     0100 90292    0 90292    0     0    99k      0 --:--:-- --:--:-- --:--:--   99k100  406k    0  406k    0     0   332k      0 --:--:--  0:00:01 --:--:--  332k
[2023-01-26 18:08:42,134] {subprocess.py:96} INFO - Command exited with return code 0
[2023-01-26 18:08:42,166] {taskinstance.py:1420} INFO - Marking task as SUCCESS. dag_id=Respuesta_Nasa, task_id=Obtener_Datos_SPACEX, execution_date=20230103T000000, start_date=20230126T180840, end_date=20230126T180842
[2023-01-26 18:08:42,197] {local_task_job.py:156} INFO - Task exited with return code 0
[2023-01-26 18:08:42,270] {local_task_job.py:273} INFO - 1 downstream tasks scheduled from follow-on schedule check
