[2023-01-26 16:39:34,755] {taskinstance.py:1179} INFO - Dependencies all met for <TaskInstance: Respuesta_Nasa.Obtener_Datos_SPACEX scheduled__2023-01-03T00:00:00+00:00 [queued]>
[2023-01-26 16:39:34,769] {taskinstance.py:1179} INFO - Dependencies all met for <TaskInstance: Respuesta_Nasa.Obtener_Datos_SPACEX scheduled__2023-01-03T00:00:00+00:00 [queued]>
[2023-01-26 16:39:34,769] {taskinstance.py:1376} INFO - 
--------------------------------------------------------------------------------
[2023-01-26 16:39:34,769] {taskinstance.py:1377} INFO - Starting attempt 6 of 8
[2023-01-26 16:39:34,769] {taskinstance.py:1378} INFO - 
--------------------------------------------------------------------------------
[2023-01-26 16:39:34,786] {taskinstance.py:1397} INFO - Executing <Task(BashOperator): Obtener_Datos_SPACEX> on 2023-01-03 00:00:00+00:00
[2023-01-26 16:39:34,792] {standard_task_runner.py:52} INFO - Started process 304 to run task
[2023-01-26 16:39:34,796] {standard_task_runner.py:79} INFO - Running: ['***', 'tasks', 'run', 'Respuesta_Nasa', 'Obtener_Datos_SPACEX', 'scheduled__2023-01-03T00:00:00+00:00', '--job-id', '545', '--raw', '--subdir', 'DAGS_FOLDER/00-ETL_spaceX.py', '--cfg-path', '/tmp/tmpfl1ady_f', '--error-file', '/tmp/tmp3xge1oca']
[2023-01-26 16:39:34,797] {standard_task_runner.py:80} INFO - Job 545: Subtask Obtener_Datos_SPACEX
[2023-01-26 16:39:34,869] {task_command.py:371} INFO - Running <TaskInstance: Respuesta_Nasa.Obtener_Datos_SPACEX scheduled__2023-01-03T00:00:00+00:00 [running]> on host 1e10284898e4
[2023-01-26 16:39:34,950] {taskinstance.py:1591} INFO - Exporting the following env vars:
AIRFLOW_CTX_DAG_OWNER=me
AIRFLOW_CTX_DAG_ID=Respuesta_Nasa
AIRFLOW_CTX_TASK_ID=Obtener_Datos_SPACEX
AIRFLOW_CTX_EXECUTION_DATE=2023-01-03T00:00:00+00:00
AIRFLOW_CTX_TRY_NUMBER=6
AIRFLOW_CTX_DAG_RUN_ID=scheduled__2023-01-03T00:00:00+00:00
[2023-01-26 16:39:34,952] {subprocess.py:62} INFO - Tmp dir root location: 
 /tmp
[2023-01-26 16:39:34,952] {subprocess.py:74} INFO - Running command: ['bash', '-c', 'curl https://api.spacexdata.com/v4/launches/past > /tmp/spacex_20230103.json']
[2023-01-26 16:39:34,964] {subprocess.py:85} INFO - Output:
[2023-01-26 16:39:34,974] {subprocess.py:92} INFO -   % Total    % Received % Xferd  Average Speed   Time    Time     Time  Current
[2023-01-26 16:39:34,974] {subprocess.py:92} INFO -                                  Dload  Upload   Total   Spent    Left  Speed
[2023-01-26 16:39:35,938] {subprocess.py:92} INFO -   0     0    0     0    0     0      0      0 --:--:-- --:--:-- --:--:--     0100  264k    0  264k    0     0   322k      0 --:--:-- --:--:-- --:--:--  321k100  406k    0  406k    0     0   422k      0 --:--:-- --:--:-- --:--:--  421k
[2023-01-26 16:39:35,941] {subprocess.py:96} INFO - Command exited with return code 0
[2023-01-26 16:39:35,972] {taskinstance.py:1420} INFO - Marking task as SUCCESS. dag_id=Respuesta_Nasa, task_id=Obtener_Datos_SPACEX, execution_date=20230103T000000, start_date=20230126T163934, end_date=20230126T163935
[2023-01-26 16:39:36,012] {local_task_job.py:156} INFO - Task exited with return code 0
[2023-01-26 16:39:36,058] {local_task_job.py:273} INFO - 1 downstream tasks scheduled from follow-on schedule check
