[2023-01-26 17:53:51,319] {taskinstance.py:1179} INFO - Dependencies all met for <TaskInstance: Respuesta_Nasa.Obtener_Datos_SPACEX scheduled__2023-01-03T00:00:00+00:00 [queued]>
[2023-01-26 17:53:51,335] {taskinstance.py:1179} INFO - Dependencies all met for <TaskInstance: Respuesta_Nasa.Obtener_Datos_SPACEX scheduled__2023-01-03T00:00:00+00:00 [queued]>
[2023-01-26 17:53:51,335] {taskinstance.py:1376} INFO - 
--------------------------------------------------------------------------------
[2023-01-26 17:53:51,335] {taskinstance.py:1377} INFO - Starting attempt 9 of 11
[2023-01-26 17:53:51,335] {taskinstance.py:1378} INFO - 
--------------------------------------------------------------------------------
[2023-01-26 17:53:51,352] {taskinstance.py:1397} INFO - Executing <Task(BashOperator): Obtener_Datos_SPACEX> on 2023-01-03 00:00:00+00:00
[2023-01-26 17:53:51,358] {standard_task_runner.py:52} INFO - Started process 210 to run task
[2023-01-26 17:53:51,361] {standard_task_runner.py:79} INFO - Running: ['***', 'tasks', 'run', 'Respuesta_Nasa', 'Obtener_Datos_SPACEX', 'scheduled__2023-01-03T00:00:00+00:00', '--job-id', '639', '--raw', '--subdir', 'DAGS_FOLDER/00-ETL_spaceX.py', '--cfg-path', '/tmp/tmpok45_l63', '--error-file', '/tmp/tmpj1bi72dw']
[2023-01-26 17:53:51,363] {standard_task_runner.py:80} INFO - Job 639: Subtask Obtener_Datos_SPACEX
[2023-01-26 17:53:51,439] {task_command.py:371} INFO - Running <TaskInstance: Respuesta_Nasa.Obtener_Datos_SPACEX scheduled__2023-01-03T00:00:00+00:00 [running]> on host da6de88268cf
[2023-01-26 17:53:51,519] {taskinstance.py:1591} INFO - Exporting the following env vars:
AIRFLOW_CTX_DAG_OWNER=***
AIRFLOW_CTX_DAG_ID=Respuesta_Nasa
AIRFLOW_CTX_TASK_ID=Obtener_Datos_SPACEX
AIRFLOW_CTX_EXECUTION_DATE=2023-01-03T00:00:00+00:00
AIRFLOW_CTX_TRY_NUMBER=9
AIRFLOW_CTX_DAG_RUN_ID=scheduled__2023-01-03T00:00:00+00:00
[2023-01-26 17:53:51,520] {subprocess.py:62} INFO - Tmp dir root location: 
 /tmp
[2023-01-26 17:53:51,520] {subprocess.py:74} INFO - Running command: ['bash', '-c', 'curl https://api.spacexdata.com/v4/launches/past > /tmp/spacex_20230103.json']
[2023-01-26 17:53:51,531] {subprocess.py:85} INFO - Output:
[2023-01-26 17:53:51,540] {subprocess.py:92} INFO -   % Total    % Received % Xferd  Average Speed   Time    Time     Time  Current
[2023-01-26 17:53:51,540] {subprocess.py:92} INFO -                                  Dload  Upload   Total   Spent    Left  Speed
[2023-01-26 17:53:52,150] {subprocess.py:92} INFO -   0     0    0     0    0     0      0      0 --:--:-- --:--:-- --:--:--     0  0     0    0     0    0     0      0      0 --:--:-- --:--:-- --:--:--     0100  406k    0  406k    0     0   667k      0 --:--:-- --:--:-- --:--:--  666k
[2023-01-26 17:53:52,153] {subprocess.py:96} INFO - Command exited with return code 0
[2023-01-26 17:53:52,183] {taskinstance.py:1420} INFO - Marking task as SUCCESS. dag_id=Respuesta_Nasa, task_id=Obtener_Datos_SPACEX, execution_date=20230103T000000, start_date=20230126T175351, end_date=20230126T175352
[2023-01-26 17:53:52,216] {local_task_job.py:156} INFO - Task exited with return code 0
[2023-01-26 17:53:52,275] {local_task_job.py:273} INFO - 1 downstream tasks scheduled from follow-on schedule check
