[2023-01-24 03:41:48,446] {taskinstance.py:1179} INFO - Dependencies all met for <TaskInstance: Respuesta_Nasa.Leer_Datos_Respuesta_Nasa scheduled__2023-01-02T00:00:00+00:00 [queued]>
[2023-01-24 03:41:48,463] {taskinstance.py:1179} INFO - Dependencies all met for <TaskInstance: Respuesta_Nasa.Leer_Datos_Respuesta_Nasa scheduled__2023-01-02T00:00:00+00:00 [queued]>
[2023-01-24 03:41:48,463] {taskinstance.py:1376} INFO - 
--------------------------------------------------------------------------------
[2023-01-24 03:41:48,464] {taskinstance.py:1377} INFO - Starting attempt 2 of 4
[2023-01-24 03:41:48,464] {taskinstance.py:1378} INFO - 
--------------------------------------------------------------------------------
[2023-01-24 03:41:48,501] {taskinstance.py:1397} INFO - Executing <Task(BashOperator): Leer_Datos_Respuesta_Nasa> on 2023-01-02 00:00:00+00:00
[2023-01-24 03:41:48,508] {standard_task_runner.py:52} INFO - Started process 2627 to run task
[2023-01-24 03:41:48,512] {standard_task_runner.py:79} INFO - Running: ['***', 'tasks', 'run', 'Respuesta_Nasa', 'Leer_Datos_Respuesta_Nasa', 'scheduled__2023-01-02T00:00:00+00:00', '--job-id', '442', '--raw', '--subdir', 'DAGS_FOLDER/00-ETL_spaceX.py', '--cfg-path', '/tmp/tmpyetqfpei', '--error-file', '/tmp/tmpas6qaiwq']
[2023-01-24 03:41:48,514] {standard_task_runner.py:80} INFO - Job 442: Subtask Leer_Datos_Respuesta_Nasa
[2023-01-24 03:41:48,599] {task_command.py:371} INFO - Running <TaskInstance: Respuesta_Nasa.Leer_Datos_Respuesta_Nasa scheduled__2023-01-02T00:00:00+00:00 [running]> on host fd9891b969b0
[2023-01-24 03:41:48,690] {taskinstance.py:1591} INFO - Exporting the following env vars:
AIRFLOW_CTX_DAG_OWNER=me
AIRFLOW_CTX_DAG_ID=Respuesta_Nasa
AIRFLOW_CTX_TASK_ID=Leer_Datos_Respuesta_Nasa
AIRFLOW_CTX_EXECUTION_DATE=2023-01-02T00:00:00+00:00
AIRFLOW_CTX_TRY_NUMBER=2
AIRFLOW_CTX_DAG_RUN_ID=scheduled__2023-01-02T00:00:00+00:00
[2023-01-24 03:41:48,691] {subprocess.py:62} INFO - Tmp dir root location: 
 /tmp
[2023-01-24 03:41:48,692] {subprocess.py:74} INFO - Running command: ['bash', '-c', 'ls /tmp && head /tmp/response_20230102.txt']
[2023-01-24 03:41:48,705] {subprocess.py:85} INFO - Output:
[2023-01-24 03:41:48,709] {subprocess.py:92} INFO - ***tmphzs6mxz9
[2023-01-24 03:41:48,709] {subprocess.py:92} INFO - ***tmpvgupjx_w
[2023-01-24 03:41:48,709] {subprocess.py:92} INFO - platzi_data_20210101.csv
[2023-01-24 03:41:48,710] {subprocess.py:92} INFO - pymp-_z20wx4h
[2023-01-24 03:41:48,710] {subprocess.py:92} INFO - pymp-igsi0xnb
[2023-01-24 03:41:48,710] {subprocess.py:92} INFO - response_20230101.txt
[2023-01-24 03:41:48,710] {subprocess.py:92} INFO - response_20230102.txt
[2023-01-24 03:41:48,710] {subprocess.py:92} INFO - response_20230103.txt
[2023-01-24 03:41:48,711] {subprocess.py:92} INFO - spacex_20230101.json
[2023-01-24 03:41:48,711] {subprocess.py:92} INFO - spacex_20230102.json
[2023-01-24 03:41:48,711] {subprocess.py:92} INFO - spacex_20230103.json
[2023-01-24 03:41:48,711] {subprocess.py:92} INFO - tmpas6qaiwq
[2023-01-24 03:41:48,711] {subprocess.py:92} INFO - tmpigh0d3oi
[2023-01-24 03:41:48,711] {subprocess.py:92} INFO - tmpnvc2r2ky
[2023-01-24 03:41:48,711] {subprocess.py:92} INFO - tmpsb3p0nue
[2023-01-24 03:41:48,712] {subprocess.py:92} INFO - Confirmación de la NASA, pueden proceder
[2023-01-24 03:41:48,712] {subprocess.py:96} INFO - Command exited with return code 0
[2023-01-24 03:41:48,749] {taskinstance.py:1420} INFO - Marking task as SUCCESS. dag_id=Respuesta_Nasa, task_id=Leer_Datos_Respuesta_Nasa, execution_date=20230102T000000, start_date=20230124T034148, end_date=20230124T034148
[2023-01-24 03:41:48,804] {local_task_job.py:156} INFO - Task exited with return code 0
[2023-01-24 03:41:48,873] {local_task_job.py:273} INFO - 1 downstream tasks scheduled from follow-on schedule check
