[2023-01-25 23:21:40,475] {taskinstance.py:1179} INFO - Dependencies all met for <TaskInstance: Respuesta_Nasa.Leer_Datos_Respuesta_Nasa scheduled__2023-01-02T00:00:00+00:00 [queued]>
[2023-01-25 23:21:40,491] {taskinstance.py:1179} INFO - Dependencies all met for <TaskInstance: Respuesta_Nasa.Leer_Datos_Respuesta_Nasa scheduled__2023-01-02T00:00:00+00:00 [queued]>
[2023-01-25 23:21:40,491] {taskinstance.py:1376} INFO - 
--------------------------------------------------------------------------------
[2023-01-25 23:21:40,491] {taskinstance.py:1377} INFO - Starting attempt 4 of 6
[2023-01-25 23:21:40,492] {taskinstance.py:1378} INFO - 
--------------------------------------------------------------------------------
[2023-01-25 23:21:40,513] {taskinstance.py:1397} INFO - Executing <Task(BashOperator): Leer_Datos_Respuesta_Nasa> on 2023-01-02 00:00:00+00:00
[2023-01-25 23:21:40,519] {standard_task_runner.py:52} INFO - Started process 3844 to run task
[2023-01-25 23:21:40,522] {standard_task_runner.py:79} INFO - Running: ['***', 'tasks', 'run', 'Respuesta_Nasa', 'Leer_Datos_Respuesta_Nasa', 'scheduled__2023-01-02T00:00:00+00:00', '--job-id', '484', '--raw', '--subdir', 'DAGS_FOLDER/00-ETL_spaceX.py', '--cfg-path', '/tmp/tmpgn_usguz', '--error-file', '/tmp/tmpw419u16l']
[2023-01-25 23:21:40,524] {standard_task_runner.py:80} INFO - Job 484: Subtask Leer_Datos_Respuesta_Nasa
[2023-01-25 23:21:40,610] {task_command.py:371} INFO - Running <TaskInstance: Respuesta_Nasa.Leer_Datos_Respuesta_Nasa scheduled__2023-01-02T00:00:00+00:00 [running]> on host fd9891b969b0
[2023-01-25 23:21:40,705] {taskinstance.py:1591} INFO - Exporting the following env vars:
AIRFLOW_CTX_DAG_OWNER=me
AIRFLOW_CTX_DAG_ID=Respuesta_Nasa
AIRFLOW_CTX_TASK_ID=Leer_Datos_Respuesta_Nasa
AIRFLOW_CTX_EXECUTION_DATE=2023-01-02T00:00:00+00:00
AIRFLOW_CTX_TRY_NUMBER=4
AIRFLOW_CTX_DAG_RUN_ID=scheduled__2023-01-02T00:00:00+00:00
[2023-01-25 23:21:40,706] {subprocess.py:62} INFO - Tmp dir root location: 
 /tmp
[2023-01-25 23:21:40,707] {subprocess.py:74} INFO - Running command: ['bash', '-c', 'ls /tmp && head /tmp/response_20230102.txt']
[2023-01-25 23:21:40,719] {subprocess.py:85} INFO - Output:
[2023-01-25 23:21:40,723] {subprocess.py:92} INFO - ***tmp3sfhtl3f
[2023-01-25 23:21:40,723] {subprocess.py:92} INFO - platzi_data_20210101.csv
[2023-01-25 23:21:40,723] {subprocess.py:92} INFO - platzi_data_20230101.csv
[2023-01-25 23:21:40,723] {subprocess.py:92} INFO - platzi_data_20230102.csv
[2023-01-25 23:21:40,723] {subprocess.py:92} INFO - platzi_data_20230103.csv
[2023-01-25 23:21:40,723] {subprocess.py:92} INFO - platzi_data_{{ds_nodash}}.csv
[2023-01-25 23:21:40,724] {subprocess.py:92} INFO - pymp-183zsj8a
[2023-01-25 23:21:40,724] {subprocess.py:92} INFO - pymp-_z20wx4h
[2023-01-25 23:21:40,724] {subprocess.py:92} INFO - pymp-igsi0xnb
[2023-01-25 23:21:40,724] {subprocess.py:92} INFO - response_20230101.txt
[2023-01-25 23:21:40,724] {subprocess.py:92} INFO - response_20230102.txt
[2023-01-25 23:21:40,724] {subprocess.py:92} INFO - response_20230103.txt
[2023-01-25 23:21:40,724] {subprocess.py:92} INFO - spacex_20230101.json
[2023-01-25 23:21:40,724] {subprocess.py:92} INFO - spacex_20230102.json
[2023-01-25 23:21:40,724] {subprocess.py:92} INFO - spacex_20230103.json
[2023-01-25 23:21:40,725] {subprocess.py:92} INFO - tmpggivfa24
[2023-01-25 23:21:40,725] {subprocess.py:92} INFO - tmpnvc2r2ky
[2023-01-25 23:21:40,725] {subprocess.py:92} INFO - tmpw419u16l
[2023-01-25 23:21:40,725] {subprocess.py:92} INFO - tmpzc0ue6gq
[2023-01-25 23:21:40,725] {subprocess.py:92} INFO - Confirmación de la NASA, pueden proceder
[2023-01-25 23:21:40,725] {subprocess.py:96} INFO - Command exited with return code 0
[2023-01-25 23:21:40,765] {taskinstance.py:1420} INFO - Marking task as SUCCESS. dag_id=Respuesta_Nasa, task_id=Leer_Datos_Respuesta_Nasa, execution_date=20230102T000000, start_date=20230125T232140, end_date=20230125T232140
[2023-01-25 23:21:40,814] {local_task_job.py:156} INFO - Task exited with return code 0
[2023-01-25 23:21:40,896] {local_task_job.py:273} INFO - 1 downstream tasks scheduled from follow-on schedule check
