[2023-01-26 17:53:27,921] {taskinstance.py:1179} INFO - Dependencies all met for <TaskInstance: Respuesta_Nasa.Leer_Datos_Respuesta_Nasa scheduled__2023-01-02T00:00:00+00:00 [queued]>
[2023-01-26 17:53:27,937] {taskinstance.py:1179} INFO - Dependencies all met for <TaskInstance: Respuesta_Nasa.Leer_Datos_Respuesta_Nasa scheduled__2023-01-02T00:00:00+00:00 [queued]>
[2023-01-26 17:53:27,938] {taskinstance.py:1376} INFO - 
--------------------------------------------------------------------------------
[2023-01-26 17:53:27,938] {taskinstance.py:1377} INFO - Starting attempt 9 of 11
[2023-01-26 17:53:27,938] {taskinstance.py:1378} INFO - 
--------------------------------------------------------------------------------
[2023-01-26 17:53:27,953] {taskinstance.py:1397} INFO - Executing <Task(BashOperator): Leer_Datos_Respuesta_Nasa> on 2023-01-02 00:00:00+00:00
[2023-01-26 17:53:27,959] {standard_task_runner.py:52} INFO - Started process 165 to run task
[2023-01-26 17:53:27,963] {standard_task_runner.py:79} INFO - Running: ['***', 'tasks', 'run', 'Respuesta_Nasa', 'Leer_Datos_Respuesta_Nasa', 'scheduled__2023-01-02T00:00:00+00:00', '--job-id', '633', '--raw', '--subdir', 'DAGS_FOLDER/00-ETL_spaceX.py', '--cfg-path', '/tmp/tmp8dihqcdz', '--error-file', '/tmp/tmpfly01z4f']
[2023-01-26 17:53:27,964] {standard_task_runner.py:80} INFO - Job 633: Subtask Leer_Datos_Respuesta_Nasa
[2023-01-26 17:53:28,061] {task_command.py:371} INFO - Running <TaskInstance: Respuesta_Nasa.Leer_Datos_Respuesta_Nasa scheduled__2023-01-02T00:00:00+00:00 [running]> on host da6de88268cf
[2023-01-26 17:53:28,138] {taskinstance.py:1591} INFO - Exporting the following env vars:
AIRFLOW_CTX_DAG_OWNER=***
AIRFLOW_CTX_DAG_ID=Respuesta_Nasa
AIRFLOW_CTX_TASK_ID=Leer_Datos_Respuesta_Nasa
AIRFLOW_CTX_EXECUTION_DATE=2023-01-02T00:00:00+00:00
AIRFLOW_CTX_TRY_NUMBER=9
AIRFLOW_CTX_DAG_RUN_ID=scheduled__2023-01-02T00:00:00+00:00
[2023-01-26 17:53:28,140] {subprocess.py:62} INFO - Tmp dir root location: 
 /tmp
[2023-01-26 17:53:28,140] {subprocess.py:74} INFO - Running command: ['bash', '-c', 'ls /tmp && head /tmp/response_20230102.txt']
[2023-01-26 17:53:28,151] {subprocess.py:85} INFO - Output:
[2023-01-26 17:53:28,155] {subprocess.py:92} INFO - ***tmp1dvdvx00
[2023-01-26 17:53:28,155] {subprocess.py:92} INFO - ***tmpid4n_643
[2023-01-26 17:53:28,155] {subprocess.py:92} INFO - platzi_data_20230101.csv
[2023-01-26 17:53:28,156] {subprocess.py:92} INFO - pymp-ysubsmu7
[2023-01-26 17:53:28,156] {subprocess.py:92} INFO - response_20230101.txt
[2023-01-26 17:53:28,156] {subprocess.py:92} INFO - response_20230102.txt
[2023-01-26 17:53:28,156] {subprocess.py:92} INFO - spacex_20230101.json
[2023-01-26 17:53:28,156] {subprocess.py:92} INFO - tmpfly01z4f
[2023-01-26 17:53:28,156] {subprocess.py:92} INFO - tmplx322kwe
[2023-01-26 17:53:28,156] {subprocess.py:92} INFO - tmpnvc2r2ky
[2023-01-26 17:53:28,157] {subprocess.py:92} INFO - Confirmación de la NASA, pueden proceder
[2023-01-26 17:53:28,157] {subprocess.py:96} INFO - Command exited with return code 0
[2023-01-26 17:53:28,191] {taskinstance.py:1420} INFO - Marking task as SUCCESS. dag_id=Respuesta_Nasa, task_id=Leer_Datos_Respuesta_Nasa, execution_date=20230102T000000, start_date=20230126T175327, end_date=20230126T175328
[2023-01-26 17:53:28,215] {local_task_job.py:156} INFO - Task exited with return code 0
[2023-01-26 17:53:28,279] {local_task_job.py:273} INFO - 1 downstream tasks scheduled from follow-on schedule check
