[2023-01-26 15:59:03,104] {taskinstance.py:1179} INFO - Dependencies all met for <TaskInstance: Respuesta_Nasa.Leer_Datos_Respuesta_Nasa scheduled__2023-01-02T00:00:00+00:00 [queued]>
[2023-01-26 15:59:03,130] {taskinstance.py:1179} INFO - Dependencies all met for <TaskInstance: Respuesta_Nasa.Leer_Datos_Respuesta_Nasa scheduled__2023-01-02T00:00:00+00:00 [queued]>
[2023-01-26 15:59:03,130] {taskinstance.py:1376} INFO - 
--------------------------------------------------------------------------------
[2023-01-26 15:59:03,130] {taskinstance.py:1377} INFO - Starting attempt 5 of 7
[2023-01-26 15:59:03,130] {taskinstance.py:1378} INFO - 
--------------------------------------------------------------------------------
[2023-01-26 15:59:03,153] {taskinstance.py:1397} INFO - Executing <Task(BashOperator): Leer_Datos_Respuesta_Nasa> on 2023-01-02 00:00:00+00:00
[2023-01-26 15:59:03,160] {standard_task_runner.py:52} INFO - Started process 1158 to run task
[2023-01-26 15:59:03,164] {standard_task_runner.py:79} INFO - Running: ['***', 'tasks', 'run', 'Respuesta_Nasa', 'Leer_Datos_Respuesta_Nasa', 'scheduled__2023-01-02T00:00:00+00:00', '--job-id', '513', '--raw', '--subdir', 'DAGS_FOLDER/00-ETL_spaceX.py', '--cfg-path', '/tmp/tmpas9zq2f5', '--error-file', '/tmp/tmpf08jxwfi']
[2023-01-26 15:59:03,165] {standard_task_runner.py:80} INFO - Job 513: Subtask Leer_Datos_Respuesta_Nasa
[2023-01-26 15:59:03,245] {task_command.py:371} INFO - Running <TaskInstance: Respuesta_Nasa.Leer_Datos_Respuesta_Nasa scheduled__2023-01-02T00:00:00+00:00 [running]> on host fd9891b969b0
[2023-01-26 15:59:03,335] {taskinstance.py:1591} INFO - Exporting the following env vars:
AIRFLOW_CTX_DAG_OWNER=me
AIRFLOW_CTX_DAG_ID=Respuesta_Nasa
AIRFLOW_CTX_TASK_ID=Leer_Datos_Respuesta_Nasa
AIRFLOW_CTX_EXECUTION_DATE=2023-01-02T00:00:00+00:00
AIRFLOW_CTX_TRY_NUMBER=5
AIRFLOW_CTX_DAG_RUN_ID=scheduled__2023-01-02T00:00:00+00:00
[2023-01-26 15:59:03,337] {subprocess.py:62} INFO - Tmp dir root location: 
 /tmp
[2023-01-26 15:59:03,338] {subprocess.py:74} INFO - Running command: ['bash', '-c', 'ls /tmp && head /tmp/response_20230102.txt']
[2023-01-26 15:59:03,351] {subprocess.py:85} INFO - Output:
[2023-01-26 15:59:03,356] {subprocess.py:92} INFO - ***tmp44vhr0uy
[2023-01-26 15:59:03,357] {subprocess.py:92} INFO - platzi_data_20210101.csv
[2023-01-26 15:59:03,357] {subprocess.py:92} INFO - platzi_data_20230101.csv
[2023-01-26 15:59:03,357] {subprocess.py:92} INFO - platzi_data_20230102.csv
[2023-01-26 15:59:03,357] {subprocess.py:92} INFO - platzi_data_20230103.csv
[2023-01-26 15:59:03,357] {subprocess.py:92} INFO - platzi_data_{{ds_nodash}}.csv
[2023-01-26 15:59:03,357] {subprocess.py:92} INFO - pymp-183zsj8a
[2023-01-26 15:59:03,358] {subprocess.py:92} INFO - pymp-_z20wx4h
[2023-01-26 15:59:03,358] {subprocess.py:92} INFO - pymp-igsi0xnb
[2023-01-26 15:59:03,358] {subprocess.py:92} INFO - pymp-w4p836yo
[2023-01-26 15:59:03,358] {subprocess.py:92} INFO - response_20230101.txt
[2023-01-26 15:59:03,358] {subprocess.py:92} INFO - response_20230102.txt
[2023-01-26 15:59:03,358] {subprocess.py:92} INFO - response_20230103.txt
[2023-01-26 15:59:03,358] {subprocess.py:92} INFO - spacex_20230101.json
[2023-01-26 15:59:03,358] {subprocess.py:92} INFO - spacex_20230102.json
[2023-01-26 15:59:03,359] {subprocess.py:92} INFO - spacex_20230103.json
[2023-01-26 15:59:03,359] {subprocess.py:92} INFO - tmpf08jxwfi
[2023-01-26 15:59:03,359] {subprocess.py:92} INFO - tmpnvc2r2ky
[2023-01-26 15:59:03,359] {subprocess.py:92} INFO - tmpqhhk7hje
[2023-01-26 15:59:03,359] {subprocess.py:92} INFO - tmpslpjkyh9
[2023-01-26 15:59:03,359] {subprocess.py:92} INFO - Confirmación de la NASA, pueden proceder
[2023-01-26 15:59:03,360] {subprocess.py:96} INFO - Command exited with return code 0
[2023-01-26 15:59:03,478] {taskinstance.py:1420} INFO - Marking task as SUCCESS. dag_id=Respuesta_Nasa, task_id=Leer_Datos_Respuesta_Nasa, execution_date=20230102T000000, start_date=20230126T155903, end_date=20230126T155903
[2023-01-26 15:59:03,540] {local_task_job.py:156} INFO - Task exited with return code 0
[2023-01-26 15:59:03,639] {local_task_job.py:273} INFO - 1 downstream tasks scheduled from follow-on schedule check
