[2023-01-24 02:41:36,715] {taskinstance.py:1179} INFO - Dependencies all met for <TaskInstance: Respuesta_Nasa.Leer_Datos_Respuesta_Nasa scheduled__2023-01-01T00:43:00+00:00 [queued]>
[2023-01-24 02:41:36,867] {taskinstance.py:1179} INFO - Dependencies all met for <TaskInstance: Respuesta_Nasa.Leer_Datos_Respuesta_Nasa scheduled__2023-01-01T00:43:00+00:00 [queued]>
[2023-01-24 02:41:36,867] {taskinstance.py:1376} INFO - 
--------------------------------------------------------------------------------
[2023-01-24 02:41:36,867] {taskinstance.py:1377} INFO - Starting attempt 1 of 2
[2023-01-24 02:41:36,868] {taskinstance.py:1378} INFO - 
--------------------------------------------------------------------------------
[2023-01-24 02:41:36,951] {taskinstance.py:1397} INFO - Executing <Task(BashOperator): Leer_Datos_Respuesta_Nasa> on 2023-01-01 00:43:00+00:00
[2023-01-24 02:41:36,958] {standard_task_runner.py:52} INFO - Started process 874 to run task
[2023-01-24 02:41:36,978] {standard_task_runner.py:79} INFO - Running: ['***', 'tasks', 'run', 'Respuesta_Nasa', 'Leer_Datos_Respuesta_Nasa', 'scheduled__2023-01-01T00:43:00+00:00', '--job-id', '130', '--raw', '--subdir', 'DAGS_FOLDER/00-ETL_spaceX.py', '--cfg-path', '/tmp/tmpfj8jjnyb', '--error-file', '/tmp/tmp2gqw7fr2']
[2023-01-24 02:41:36,979] {standard_task_runner.py:80} INFO - Job 130: Subtask Leer_Datos_Respuesta_Nasa
[2023-01-24 02:41:37,257] {task_command.py:371} INFO - Running <TaskInstance: Respuesta_Nasa.Leer_Datos_Respuesta_Nasa scheduled__2023-01-01T00:43:00+00:00 [running]> on host fd9891b969b0
[2023-01-24 02:41:37,662] {taskinstance.py:1591} INFO - Exporting the following env vars:
AIRFLOW_CTX_DAG_OWNER=me
AIRFLOW_CTX_DAG_ID=Respuesta_Nasa
AIRFLOW_CTX_TASK_ID=Leer_Datos_Respuesta_Nasa
AIRFLOW_CTX_EXECUTION_DATE=2023-01-01T00:43:00+00:00
AIRFLOW_CTX_TRY_NUMBER=1
AIRFLOW_CTX_DAG_RUN_ID=scheduled__2023-01-01T00:43:00+00:00
[2023-01-24 02:41:37,668] {subprocess.py:62} INFO - Tmp dir root location: 
 /tmp
[2023-01-24 02:41:37,669] {subprocess.py:74} INFO - Running command: ['bash', '-c', 'ls /tmp && head /tmp/response_20230101.txt']
[2023-01-24 02:41:37,776] {subprocess.py:85} INFO - Output:
[2023-01-24 02:41:37,794] {subprocess.py:92} INFO - ***tmp12at9kvp
[2023-01-24 02:41:37,795] {subprocess.py:92} INFO - ***tmpu_e7k8gy
[2023-01-24 02:41:37,795] {subprocess.py:92} INFO - ***tmpwilq4xf2
[2023-01-24 02:41:37,795] {subprocess.py:92} INFO - ***tmpyrmrw47i
[2023-01-24 02:41:37,795] {subprocess.py:92} INFO - pymp-igsi0xnb
[2023-01-24 02:41:37,796] {subprocess.py:92} INFO - response_20230101.txt
[2023-01-24 02:41:37,796] {subprocess.py:92} INFO - spacex_20230101.json
[2023-01-24 02:41:37,796] {subprocess.py:92} INFO - tmp192iyzm6
[2023-01-24 02:41:37,796] {subprocess.py:92} INFO - tmp2gqw7fr2
[2023-01-24 02:41:37,797] {subprocess.py:92} INFO - tmp2vak7f1v
[2023-01-24 02:41:37,797] {subprocess.py:92} INFO - tmp2vkpxqs3
[2023-01-24 02:41:37,797] {subprocess.py:92} INFO - tmp85fncld1
[2023-01-24 02:41:37,797] {subprocess.py:92} INFO - tmp_6f1i25m
[2023-01-24 02:41:37,797] {subprocess.py:92} INFO - tmpamu6_qfc
[2023-01-24 02:41:37,797] {subprocess.py:92} INFO - tmpbw5ht0fp
[2023-01-24 02:41:37,798] {subprocess.py:92} INFO - tmpc646wu9_
[2023-01-24 02:41:37,798] {subprocess.py:92} INFO - tmplk97tn6m
[2023-01-24 02:41:37,798] {subprocess.py:92} INFO - tmpnvc2r2ky
[2023-01-24 02:41:37,808] {subprocess.py:92} INFO - Confirmación de la NASA, pueden proceder
[2023-01-24 02:41:37,812] {subprocess.py:96} INFO - Command exited with return code 0
[2023-01-24 02:41:38,227] {taskinstance.py:1420} INFO - Marking task as SUCCESS. dag_id=Respuesta_Nasa, task_id=Leer_Datos_Respuesta_Nasa, execution_date=20230101T004300, start_date=20230124T024136, end_date=20230124T024138
[2023-01-24 02:41:38,319] {local_task_job.py:156} INFO - Task exited with return code 0
[2023-01-24 02:41:38,447] {local_task_job.py:273} INFO - 1 downstream tasks scheduled from follow-on schedule check
