[2023-01-24 02:40:30,006] {taskinstance.py:1179} INFO - Dependencies all met for <TaskInstance: Respuesta_Nasa.Leer_Datos_Respuesta_Nasa scheduled__2023-01-01T00:14:00+00:00 [queued]>
[2023-01-24 02:40:30,070] {taskinstance.py:1179} INFO - Dependencies all met for <TaskInstance: Respuesta_Nasa.Leer_Datos_Respuesta_Nasa scheduled__2023-01-01T00:14:00+00:00 [queued]>
[2023-01-24 02:40:30,071] {taskinstance.py:1376} INFO - 
--------------------------------------------------------------------------------
[2023-01-24 02:40:30,071] {taskinstance.py:1377} INFO - Starting attempt 1 of 2
[2023-01-24 02:40:30,071] {taskinstance.py:1378} INFO - 
--------------------------------------------------------------------------------
[2023-01-24 02:40:30,167] {taskinstance.py:1397} INFO - Executing <Task(BashOperator): Leer_Datos_Respuesta_Nasa> on 2023-01-01 00:14:00+00:00
[2023-01-24 02:40:30,174] {standard_task_runner.py:52} INFO - Started process 329 to run task
[2023-01-24 02:40:30,202] {standard_task_runner.py:79} INFO - Running: ['***', 'tasks', 'run', 'Respuesta_Nasa', 'Leer_Datos_Respuesta_Nasa', 'scheduled__2023-01-01T00:14:00+00:00', '--job-id', '37', '--raw', '--subdir', 'DAGS_FOLDER/00-ETL_spaceX.py', '--cfg-path', '/tmp/tmpifrpmacm', '--error-file', '/tmp/tmpl3ijsbbn']
[2023-01-24 02:40:30,204] {standard_task_runner.py:80} INFO - Job 37: Subtask Leer_Datos_Respuesta_Nasa
[2023-01-24 02:40:30,508] {task_command.py:371} INFO - Running <TaskInstance: Respuesta_Nasa.Leer_Datos_Respuesta_Nasa scheduled__2023-01-01T00:14:00+00:00 [running]> on host fd9891b969b0
[2023-01-24 02:40:30,734] {taskinstance.py:1591} INFO - Exporting the following env vars:
AIRFLOW_CTX_DAG_OWNER=me
AIRFLOW_CTX_DAG_ID=Respuesta_Nasa
AIRFLOW_CTX_TASK_ID=Leer_Datos_Respuesta_Nasa
AIRFLOW_CTX_EXECUTION_DATE=2023-01-01T00:14:00+00:00
AIRFLOW_CTX_TRY_NUMBER=1
AIRFLOW_CTX_DAG_RUN_ID=scheduled__2023-01-01T00:14:00+00:00
[2023-01-24 02:40:30,736] {subprocess.py:62} INFO - Tmp dir root location: 
 /tmp
[2023-01-24 02:40:30,736] {subprocess.py:74} INFO - Running command: ['bash', '-c', 'ls /tmp && head /tmp/response_20230101.txt']
[2023-01-24 02:40:30,758] {subprocess.py:85} INFO - Output:
[2023-01-24 02:40:30,775] {subprocess.py:92} INFO - ***tmp34w63kc9
[2023-01-24 02:40:30,775] {subprocess.py:92} INFO - ***tmp5if15hpg
[2023-01-24 02:40:30,775] {subprocess.py:92} INFO - ***tmpghi825_k
[2023-01-24 02:40:30,775] {subprocess.py:92} INFO - ***tmppzr5kdj8
[2023-01-24 02:40:30,775] {subprocess.py:92} INFO - ***tmpqeu__y87
[2023-01-24 02:40:30,775] {subprocess.py:92} INFO - ***tmpqg5p8zhg
[2023-01-24 02:40:30,776] {subprocess.py:92} INFO - ***tmpwfqocro7
[2023-01-24 02:40:30,776] {subprocess.py:92} INFO - ***tmpyxwcggsh
[2023-01-24 02:40:30,776] {subprocess.py:92} INFO - pymp-igsi0xnb
[2023-01-24 02:40:30,776] {subprocess.py:92} INFO - response_20230101.txt
[2023-01-24 02:40:30,776] {subprocess.py:92} INFO - spacex_20230101.json
[2023-01-24 02:40:30,776] {subprocess.py:92} INFO - tmp4z9doh30
[2023-01-24 02:40:30,776] {subprocess.py:92} INFO - tmp89vc3o14
[2023-01-24 02:40:30,776] {subprocess.py:92} INFO - tmpfvzybsfo
[2023-01-24 02:40:30,776] {subprocess.py:92} INFO - tmph0g376x8
[2023-01-24 02:40:30,777] {subprocess.py:92} INFO - tmpl3ijsbbn
[2023-01-24 02:40:30,777] {subprocess.py:92} INFO - tmpnvc2r2ky
[2023-01-24 02:40:30,777] {subprocess.py:92} INFO - tmpp6m9mj4p
[2023-01-24 02:40:30,777] {subprocess.py:92} INFO - tmpsjwro1vc
[2023-01-24 02:40:30,777] {subprocess.py:92} INFO - tmpspc87o05
[2023-01-24 02:40:30,777] {subprocess.py:92} INFO - tmpv4l17xn8
[2023-01-24 02:40:30,777] {subprocess.py:92} INFO - tmpybuops_j
[2023-01-24 02:40:30,782] {subprocess.py:92} INFO - Confirmación de la NASA, pueden proceder
[2023-01-24 02:40:30,782] {subprocess.py:96} INFO - Command exited with return code 0
[2023-01-24 02:40:30,859] {taskinstance.py:1420} INFO - Marking task as SUCCESS. dag_id=Respuesta_Nasa, task_id=Leer_Datos_Respuesta_Nasa, execution_date=20230101T001400, start_date=20230124T024030, end_date=20230124T024030
[2023-01-24 02:40:30,955] {local_task_job.py:156} INFO - Task exited with return code 0
[2023-01-24 02:40:31,049] {local_task_job.py:273} INFO - 1 downstream tasks scheduled from follow-on schedule check
