[2023-01-24 02:44:27,632] {taskinstance.py:1179} INFO - Dependencies all met for <TaskInstance: Respuesta_Nasa.Leer_Datos_Respuesta_Nasa scheduled__2023-01-01T02:00:00+00:00 [queued]>
[2023-01-24 02:44:27,664] {taskinstance.py:1179} INFO - Dependencies all met for <TaskInstance: Respuesta_Nasa.Leer_Datos_Respuesta_Nasa scheduled__2023-01-01T02:00:00+00:00 [queued]>
[2023-01-24 02:44:27,664] {taskinstance.py:1376} INFO - 
--------------------------------------------------------------------------------
[2023-01-24 02:44:27,665] {taskinstance.py:1377} INFO - Starting attempt 1 of 2
[2023-01-24 02:44:27,665] {taskinstance.py:1378} INFO - 
--------------------------------------------------------------------------------
[2023-01-24 02:44:27,747] {taskinstance.py:1397} INFO - Executing <Task(BashOperator): Leer_Datos_Respuesta_Nasa> on 2023-01-01 02:00:00+00:00
[2023-01-24 02:44:27,781] {standard_task_runner.py:52} INFO - Started process 2258 to run task
[2023-01-24 02:44:27,821] {standard_task_runner.py:79} INFO - Running: ['***', 'tasks', 'run', 'Respuesta_Nasa', 'Leer_Datos_Respuesta_Nasa', 'scheduled__2023-01-01T02:00:00+00:00', '--job-id', '365', '--raw', '--subdir', 'DAGS_FOLDER/00-ETL_spaceX.py', '--cfg-path', '/tmp/tmpxbnjadzi', '--error-file', '/tmp/tmp9w061w14']
[2023-01-24 02:44:27,824] {standard_task_runner.py:80} INFO - Job 365: Subtask Leer_Datos_Respuesta_Nasa
[2023-01-24 02:44:28,080] {task_command.py:371} INFO - Running <TaskInstance: Respuesta_Nasa.Leer_Datos_Respuesta_Nasa scheduled__2023-01-01T02:00:00+00:00 [running]> on host fd9891b969b0
[2023-01-24 02:44:28,712] {taskinstance.py:1591} INFO - Exporting the following env vars:
AIRFLOW_CTX_DAG_OWNER=me
AIRFLOW_CTX_DAG_ID=Respuesta_Nasa
AIRFLOW_CTX_TASK_ID=Leer_Datos_Respuesta_Nasa
AIRFLOW_CTX_EXECUTION_DATE=2023-01-01T02:00:00+00:00
AIRFLOW_CTX_TRY_NUMBER=1
AIRFLOW_CTX_DAG_RUN_ID=scheduled__2023-01-01T02:00:00+00:00
[2023-01-24 02:44:28,714] {subprocess.py:62} INFO - Tmp dir root location: 
 /tmp
[2023-01-24 02:44:28,715] {subprocess.py:74} INFO - Running command: ['bash', '-c', 'ls /tmp && head /tmp/response_20230101.txt']
[2023-01-24 02:44:28,767] {subprocess.py:85} INFO - Output:
[2023-01-24 02:44:28,794] {subprocess.py:92} INFO - ***tmpfplrk87t
[2023-01-24 02:44:28,794] {subprocess.py:92} INFO - ***tmps1drp1gb
[2023-01-24 02:44:28,794] {subprocess.py:92} INFO - ***tmpv1roiq3j
[2023-01-24 02:44:28,794] {subprocess.py:92} INFO - pymp-igsi0xnb
[2023-01-24 02:44:28,794] {subprocess.py:92} INFO - response_20230101.txt
[2023-01-24 02:44:28,794] {subprocess.py:92} INFO - spacex_20230101.json
[2023-01-24 02:44:28,794] {subprocess.py:92} INFO - tmp2atlyfna
[2023-01-24 02:44:28,795] {subprocess.py:92} INFO - tmp9w061w14
[2023-01-24 02:44:28,795] {subprocess.py:92} INFO - tmph3vcvvxv
[2023-01-24 02:44:28,795] {subprocess.py:92} INFO - tmpi39hkywi
[2023-01-24 02:44:28,795] {subprocess.py:92} INFO - tmpkkrsx_fu
[2023-01-24 02:44:28,795] {subprocess.py:92} INFO - tmpnvc2r2ky
[2023-01-24 02:44:28,800] {subprocess.py:92} INFO - Confirmación de la NASA, pueden proceder
[2023-01-24 02:44:28,800] {subprocess.py:96} INFO - Command exited with return code 0
[2023-01-24 02:44:28,957] {taskinstance.py:1420} INFO - Marking task as SUCCESS. dag_id=Respuesta_Nasa, task_id=Leer_Datos_Respuesta_Nasa, execution_date=20230101T020000, start_date=20230124T024427, end_date=20230124T024428
[2023-01-24 02:44:29,087] {local_task_job.py:156} INFO - Task exited with return code 0
[2023-01-24 02:44:29,457] {local_task_job.py:273} INFO - 0 downstream tasks scheduled from follow-on schedule check
