[2023-01-24 02:41:34,271] {taskinstance.py:1179} INFO - Dependencies all met for <TaskInstance: Respuesta_Nasa.Leer_Datos_Respuesta_Nasa scheduled__2023-01-01T00:38:00+00:00 [queued]>
[2023-01-24 02:41:34,354] {taskinstance.py:1179} INFO - Dependencies all met for <TaskInstance: Respuesta_Nasa.Leer_Datos_Respuesta_Nasa scheduled__2023-01-01T00:38:00+00:00 [queued]>
[2023-01-24 02:41:34,354] {taskinstance.py:1376} INFO - 
--------------------------------------------------------------------------------
[2023-01-24 02:41:34,354] {taskinstance.py:1377} INFO - Starting attempt 1 of 2
[2023-01-24 02:41:34,354] {taskinstance.py:1378} INFO - 
--------------------------------------------------------------------------------
[2023-01-24 02:41:34,386] {taskinstance.py:1397} INFO - Executing <Task(BashOperator): Leer_Datos_Respuesta_Nasa> on 2023-01-01 00:38:00+00:00
[2023-01-24 02:41:34,401] {standard_task_runner.py:52} INFO - Started process 830 to run task
[2023-01-24 02:41:34,415] {standard_task_runner.py:79} INFO - Running: ['***', 'tasks', 'run', 'Respuesta_Nasa', 'Leer_Datos_Respuesta_Nasa', 'scheduled__2023-01-01T00:38:00+00:00', '--job-id', '120', '--raw', '--subdir', 'DAGS_FOLDER/00-ETL_spaceX.py', '--cfg-path', '/tmp/tmpeyq6e80u', '--error-file', '/tmp/tmp8oc4s027']
[2023-01-24 02:41:34,417] {standard_task_runner.py:80} INFO - Job 120: Subtask Leer_Datos_Respuesta_Nasa
[2023-01-24 02:41:34,631] {task_command.py:371} INFO - Running <TaskInstance: Respuesta_Nasa.Leer_Datos_Respuesta_Nasa scheduled__2023-01-01T00:38:00+00:00 [running]> on host fd9891b969b0
[2023-01-24 02:41:34,869] {taskinstance.py:1591} INFO - Exporting the following env vars:
AIRFLOW_CTX_DAG_OWNER=me
AIRFLOW_CTX_DAG_ID=Respuesta_Nasa
AIRFLOW_CTX_TASK_ID=Leer_Datos_Respuesta_Nasa
AIRFLOW_CTX_EXECUTION_DATE=2023-01-01T00:38:00+00:00
AIRFLOW_CTX_TRY_NUMBER=1
AIRFLOW_CTX_DAG_RUN_ID=scheduled__2023-01-01T00:38:00+00:00
[2023-01-24 02:41:34,876] {subprocess.py:62} INFO - Tmp dir root location: 
 /tmp
[2023-01-24 02:41:34,880] {subprocess.py:74} INFO - Running command: ['bash', '-c', 'ls /tmp && head /tmp/response_20230101.txt']
[2023-01-24 02:41:34,899] {subprocess.py:85} INFO - Output:
[2023-01-24 02:41:34,954] {subprocess.py:92} INFO - ***tmppclkdtgw
[2023-01-24 02:41:34,955] {subprocess.py:92} INFO - ***tmpv27j7utg
[2023-01-24 02:41:34,955] {subprocess.py:92} INFO - pymp-igsi0xnb
[2023-01-24 02:41:34,960] {subprocess.py:92} INFO - response_20230101.txt
[2023-01-24 02:41:34,960] {subprocess.py:92} INFO - spacex_20230101.json
[2023-01-24 02:41:34,961] {subprocess.py:92} INFO - tmp2qemfg77
[2023-01-24 02:41:34,962] {subprocess.py:92} INFO - tmp5ahwvu1_
[2023-01-24 02:41:34,962] {subprocess.py:92} INFO - tmp8oc4s027
[2023-01-24 02:41:34,962] {subprocess.py:92} INFO - tmpg91bosop
[2023-01-24 02:41:34,963] {subprocess.py:92} INFO - tmpnvc2r2ky
[2023-01-24 02:41:34,963] {subprocess.py:92} INFO - tmptmfsg41t
[2023-01-24 02:41:34,969] {subprocess.py:92} INFO - tmpz0s5x6mk
[2023-01-24 02:41:35,001] {subprocess.py:92} INFO - Confirmación de la NASA, pueden proceder
[2023-01-24 02:41:35,002] {subprocess.py:96} INFO - Command exited with return code 0
[2023-01-24 02:41:35,301] {taskinstance.py:1420} INFO - Marking task as SUCCESS. dag_id=Respuesta_Nasa, task_id=Leer_Datos_Respuesta_Nasa, execution_date=20230101T003800, start_date=20230124T024134, end_date=20230124T024135
[2023-01-24 02:41:35,413] {local_task_job.py:156} INFO - Task exited with return code 0
[2023-01-24 02:41:35,650] {local_task_job.py:273} INFO - 1 downstream tasks scheduled from follow-on schedule check
