[2023-01-24 02:40:07,297] {taskinstance.py:1179} INFO - Dependencies all met for <TaskInstance: Respuesta_Nasa.Respuesta_Confirmacion_NASA scheduled__2023-01-01T00:14:00+00:00 [queued]>
[2023-01-24 02:40:07,308] {taskinstance.py:1179} INFO - Dependencies all met for <TaskInstance: Respuesta_Nasa.Respuesta_Confirmacion_NASA scheduled__2023-01-01T00:14:00+00:00 [queued]>
[2023-01-24 02:40:07,308] {taskinstance.py:1376} INFO - 
--------------------------------------------------------------------------------
[2023-01-24 02:40:07,308] {taskinstance.py:1377} INFO - Starting attempt 1 of 2
[2023-01-24 02:40:07,308] {taskinstance.py:1378} INFO - 
--------------------------------------------------------------------------------
[2023-01-24 02:40:07,326] {taskinstance.py:1397} INFO - Executing <Task(BashOperator): Respuesta_Confirmacion_NASA> on 2023-01-01 00:14:00+00:00
[2023-01-24 02:40:07,331] {standard_task_runner.py:52} INFO - Started process 212 to run task
[2023-01-24 02:40:07,337] {standard_task_runner.py:79} INFO - Running: ['***', 'tasks', 'run', 'Respuesta_Nasa', 'Respuesta_Confirmacion_NASA', 'scheduled__2023-01-01T00:14:00+00:00', '--job-id', '17', '--raw', '--subdir', 'DAGS_FOLDER/00-ETL_spaceX.py', '--cfg-path', '/tmp/tmp8n5rvw7c', '--error-file', '/tmp/tmpm8eolpb7']
[2023-01-24 02:40:07,338] {standard_task_runner.py:80} INFO - Job 17: Subtask Respuesta_Confirmacion_NASA
[2023-01-24 02:40:07,504] {task_command.py:371} INFO - Running <TaskInstance: Respuesta_Nasa.Respuesta_Confirmacion_NASA scheduled__2023-01-01T00:14:00+00:00 [running]> on host fd9891b969b0
[2023-01-24 02:40:07,623] {taskinstance.py:1591} INFO - Exporting the following env vars:
AIRFLOW_CTX_DAG_OWNER=me
AIRFLOW_CTX_DAG_ID=Respuesta_Nasa
AIRFLOW_CTX_TASK_ID=Respuesta_Confirmacion_NASA
AIRFLOW_CTX_EXECUTION_DATE=2023-01-01T00:14:00+00:00
AIRFLOW_CTX_TRY_NUMBER=1
AIRFLOW_CTX_DAG_RUN_ID=scheduled__2023-01-01T00:14:00+00:00
[2023-01-24 02:40:07,624] {subprocess.py:62} INFO - Tmp dir root location: 
 /tmp
[2023-01-24 02:40:07,624] {subprocess.py:74} INFO - Running command: ['bash', '-c', 'sleep 20 && echo "Confirmación de la NASA, pueden proceder" > /tmp/response_20230101.txt']
[2023-01-24 02:40:07,637] {subprocess.py:85} INFO - Output:
[2023-01-24 02:40:27,643] {subprocess.py:96} INFO - Command exited with return code 0
[2023-01-24 02:40:27,823] {taskinstance.py:1420} INFO - Marking task as SUCCESS. dag_id=Respuesta_Nasa, task_id=Respuesta_Confirmacion_NASA, execution_date=20230101T001400, start_date=20230124T024007, end_date=20230124T024027
[2023-01-24 02:40:27,925] {local_task_job.py:156} INFO - Task exited with return code 0
[2023-01-24 02:40:28,167] {local_task_job.py:273} INFO - 0 downstream tasks scheduled from follow-on schedule check
