[2023-01-24 02:43:52,562] {taskinstance.py:1179} INFO - Dependencies all met for <TaskInstance: Respuesta_Nasa.Leer_Datos_Respuesta_Nasa scheduled__2023-01-01T01:40:00+00:00 [queued]>
[2023-01-24 02:43:52,629] {taskinstance.py:1179} INFO - Dependencies all met for <TaskInstance: Respuesta_Nasa.Leer_Datos_Respuesta_Nasa scheduled__2023-01-01T01:40:00+00:00 [queued]>
[2023-01-24 02:43:52,629] {taskinstance.py:1376} INFO - 
--------------------------------------------------------------------------------
[2023-01-24 02:43:52,630] {taskinstance.py:1377} INFO - Starting attempt 1 of 2
[2023-01-24 02:43:52,630] {taskinstance.py:1378} INFO - 
--------------------------------------------------------------------------------
[2023-01-24 02:43:52,693] {taskinstance.py:1397} INFO - Executing <Task(BashOperator): Leer_Datos_Respuesta_Nasa> on 2023-01-01 01:40:00+00:00
[2023-01-24 02:43:52,705] {standard_task_runner.py:52} INFO - Started process 1954 to run task
[2023-01-24 02:43:52,716] {standard_task_runner.py:79} INFO - Running: ['***', 'tasks', 'run', 'Respuesta_Nasa', 'Leer_Datos_Respuesta_Nasa', 'scheduled__2023-01-01T01:40:00+00:00', '--job-id', '314', '--raw', '--subdir', 'DAGS_FOLDER/00-ETL_spaceX.py', '--cfg-path', '/tmp/tmp9t9fcwkz', '--error-file', '/tmp/tmpxn34wr5k']
[2023-01-24 02:43:52,718] {standard_task_runner.py:80} INFO - Job 314: Subtask Leer_Datos_Respuesta_Nasa
[2023-01-24 02:43:53,186] {task_command.py:371} INFO - Running <TaskInstance: Respuesta_Nasa.Leer_Datos_Respuesta_Nasa scheduled__2023-01-01T01:40:00+00:00 [running]> on host fd9891b969b0
[2023-01-24 02:43:53,478] {taskinstance.py:1591} INFO - Exporting the following env vars:
AIRFLOW_CTX_DAG_OWNER=me
AIRFLOW_CTX_DAG_ID=Respuesta_Nasa
AIRFLOW_CTX_TASK_ID=Leer_Datos_Respuesta_Nasa
AIRFLOW_CTX_EXECUTION_DATE=2023-01-01T01:40:00+00:00
AIRFLOW_CTX_TRY_NUMBER=1
AIRFLOW_CTX_DAG_RUN_ID=scheduled__2023-01-01T01:40:00+00:00
[2023-01-24 02:43:53,480] {subprocess.py:62} INFO - Tmp dir root location: 
 /tmp
[2023-01-24 02:43:53,480] {subprocess.py:74} INFO - Running command: ['bash', '-c', 'ls /tmp && head /tmp/response_20230101.txt']
[2023-01-24 02:43:53,502] {subprocess.py:85} INFO - Output:
[2023-01-24 02:43:53,510] {subprocess.py:92} INFO - ***tmpmjmxdzz_
[2023-01-24 02:43:53,510] {subprocess.py:92} INFO - pymp-igsi0xnb
[2023-01-24 02:43:53,511] {subprocess.py:92} INFO - response_20230101.txt
[2023-01-24 02:43:53,511] {subprocess.py:92} INFO - spacex_20230101.json
[2023-01-24 02:43:53,511] {subprocess.py:92} INFO - tmp__yzi7sy
[2023-01-24 02:43:53,511] {subprocess.py:92} INFO - tmp_b062tex
[2023-01-24 02:43:53,511] {subprocess.py:92} INFO - tmpckx_trig
[2023-01-24 02:43:53,511] {subprocess.py:92} INFO - tmpeyccwc_q
[2023-01-24 02:43:53,511] {subprocess.py:92} INFO - tmpgp6z5u90
[2023-01-24 02:43:53,511] {subprocess.py:92} INFO - tmpgytgt5b7
[2023-01-24 02:43:53,512] {subprocess.py:92} INFO - tmpna2othfy
[2023-01-24 02:43:53,512] {subprocess.py:92} INFO - tmpnvc2r2ky
[2023-01-24 02:43:53,512] {subprocess.py:92} INFO - tmpv72p57pc
[2023-01-24 02:43:53,512] {subprocess.py:92} INFO - tmpxn34wr5k
[2023-01-24 02:43:53,533] {subprocess.py:92} INFO - Confirmación de la NASA, pueden proceder
[2023-01-24 02:43:53,534] {subprocess.py:96} INFO - Command exited with return code 0
[2023-01-24 02:43:53,705] {taskinstance.py:1420} INFO - Marking task as SUCCESS. dag_id=Respuesta_Nasa, task_id=Leer_Datos_Respuesta_Nasa, execution_date=20230101T014000, start_date=20230124T024352, end_date=20230124T024353
[2023-01-24 02:43:53,823] {local_task_job.py:156} INFO - Task exited with return code 0
[2023-01-24 02:43:53,950] {local_task_job.py:273} INFO - 1 downstream tasks scheduled from follow-on schedule check
