[2023-01-24 02:41:33,010] {taskinstance.py:1179} INFO - Dependencies all met for <TaskInstance: Respuesta_Nasa.Leer_Datos_Respuesta_Nasa scheduled__2023-01-01T00:32:00+00:00 [queued]>
[2023-01-24 02:41:33,041] {taskinstance.py:1179} INFO - Dependencies all met for <TaskInstance: Respuesta_Nasa.Leer_Datos_Respuesta_Nasa scheduled__2023-01-01T00:32:00+00:00 [queued]>
[2023-01-24 02:41:33,041] {taskinstance.py:1376} INFO - 
--------------------------------------------------------------------------------
[2023-01-24 02:41:33,042] {taskinstance.py:1377} INFO - Starting attempt 1 of 2
[2023-01-24 02:41:33,042] {taskinstance.py:1378} INFO - 
--------------------------------------------------------------------------------
[2023-01-24 02:41:33,087] {taskinstance.py:1397} INFO - Executing <Task(BashOperator): Leer_Datos_Respuesta_Nasa> on 2023-01-01 00:32:00+00:00
[2023-01-24 02:41:33,095] {standard_task_runner.py:52} INFO - Started process 806 to run task
[2023-01-24 02:41:33,101] {standard_task_runner.py:79} INFO - Running: ['***', 'tasks', 'run', 'Respuesta_Nasa', 'Leer_Datos_Respuesta_Nasa', 'scheduled__2023-01-01T00:32:00+00:00', '--job-id', '115', '--raw', '--subdir', 'DAGS_FOLDER/00-ETL_spaceX.py', '--cfg-path', '/tmp/tmp8vgvgz0m', '--error-file', '/tmp/tmp360o4m8k']
[2023-01-24 02:41:33,103] {standard_task_runner.py:80} INFO - Job 115: Subtask Leer_Datos_Respuesta_Nasa
[2023-01-24 02:41:33,314] {task_command.py:371} INFO - Running <TaskInstance: Respuesta_Nasa.Leer_Datos_Respuesta_Nasa scheduled__2023-01-01T00:32:00+00:00 [running]> on host fd9891b969b0
[2023-01-24 02:41:33,598] {taskinstance.py:1591} INFO - Exporting the following env vars:
AIRFLOW_CTX_DAG_OWNER=me
AIRFLOW_CTX_DAG_ID=Respuesta_Nasa
AIRFLOW_CTX_TASK_ID=Leer_Datos_Respuesta_Nasa
AIRFLOW_CTX_EXECUTION_DATE=2023-01-01T00:32:00+00:00
AIRFLOW_CTX_TRY_NUMBER=1
AIRFLOW_CTX_DAG_RUN_ID=scheduled__2023-01-01T00:32:00+00:00
[2023-01-24 02:41:33,602] {subprocess.py:62} INFO - Tmp dir root location: 
 /tmp
[2023-01-24 02:41:33,603] {subprocess.py:74} INFO - Running command: ['bash', '-c', 'ls /tmp && head /tmp/response_20230101.txt']
[2023-01-24 02:41:33,643] {subprocess.py:85} INFO - Output:
[2023-01-24 02:41:33,653] {subprocess.py:92} INFO - ***tmp3gv_n4j4
[2023-01-24 02:41:33,654] {subprocess.py:92} INFO - ***tmpi28g_fct
[2023-01-24 02:41:33,654] {subprocess.py:92} INFO - ***tmpowk2bcck
[2023-01-24 02:41:33,654] {subprocess.py:92} INFO - ***tmppclkdtgw
[2023-01-24 02:41:33,654] {subprocess.py:92} INFO - ***tmptl8km_h7
[2023-01-24 02:41:33,654] {subprocess.py:92} INFO - ***tmpuw8ecawy
[2023-01-24 02:41:33,654] {subprocess.py:92} INFO - pymp-igsi0xnb
[2023-01-24 02:41:33,654] {subprocess.py:92} INFO - response_20230101.txt
[2023-01-24 02:41:33,655] {subprocess.py:92} INFO - spacex_20230101.json
[2023-01-24 02:41:33,655] {subprocess.py:92} INFO - tmp0ewtfram
[2023-01-24 02:41:33,655] {subprocess.py:92} INFO - tmp2qemfg77
[2023-01-24 02:41:33,655] {subprocess.py:92} INFO - tmp360o4m8k
[2023-01-24 02:41:33,655] {subprocess.py:92} INFO - tmp5ahwvu1_
[2023-01-24 02:41:33,655] {subprocess.py:92} INFO - tmp5pvbp_q7
[2023-01-24 02:41:33,655] {subprocess.py:92} INFO - tmp6ts3lwn2
[2023-01-24 02:41:33,656] {subprocess.py:92} INFO - tmpfy33dy8t
[2023-01-24 02:41:33,656] {subprocess.py:92} INFO - tmpnvc2r2ky
[2023-01-24 02:41:33,656] {subprocess.py:92} INFO - tmpqv90cr5z
[2023-01-24 02:41:33,656] {subprocess.py:92} INFO - tmps1mtzmlg
[2023-01-24 02:41:33,656] {subprocess.py:92} INFO - tmptv67fdft
[2023-01-24 02:41:33,656] {subprocess.py:92} INFO - tmpxwdzqkfa
[2023-01-24 02:41:33,661] {subprocess.py:92} INFO - Confirmación de la NASA, pueden proceder
[2023-01-24 02:41:33,664] {subprocess.py:96} INFO - Command exited with return code 0
[2023-01-24 02:41:33,757] {taskinstance.py:1420} INFO - Marking task as SUCCESS. dag_id=Respuesta_Nasa, task_id=Leer_Datos_Respuesta_Nasa, execution_date=20230101T003200, start_date=20230124T024133, end_date=20230124T024133
[2023-01-24 02:41:33,825] {local_task_job.py:156} INFO - Task exited with return code 0
[2023-01-24 02:41:34,105] {local_task_job.py:273} INFO - 1 downstream tasks scheduled from follow-on schedule check
