[2023-01-24 02:40:28,867] {taskinstance.py:1179} INFO - Dependencies all met for <TaskInstance: Respuesta_Nasa.Leer_Datos_Respuesta_Nasa scheduled__2023-01-01T00:11:00+00:00 [queued]>
[2023-01-24 02:40:28,889] {taskinstance.py:1179} INFO - Dependencies all met for <TaskInstance: Respuesta_Nasa.Leer_Datos_Respuesta_Nasa scheduled__2023-01-01T00:11:00+00:00 [queued]>
[2023-01-24 02:40:28,889] {taskinstance.py:1376} INFO - 
--------------------------------------------------------------------------------
[2023-01-24 02:40:28,889] {taskinstance.py:1377} INFO - Starting attempt 1 of 2
[2023-01-24 02:40:28,889] {taskinstance.py:1378} INFO - 
--------------------------------------------------------------------------------
[2023-01-24 02:40:28,950] {taskinstance.py:1397} INFO - Executing <Task(BashOperator): Leer_Datos_Respuesta_Nasa> on 2023-01-01 00:11:00+00:00
[2023-01-24 02:40:28,966] {standard_task_runner.py:52} INFO - Started process 311 to run task
[2023-01-24 02:40:28,979] {standard_task_runner.py:79} INFO - Running: ['***', 'tasks', 'run', 'Respuesta_Nasa', 'Leer_Datos_Respuesta_Nasa', 'scheduled__2023-01-01T00:11:00+00:00', '--job-id', '30', '--raw', '--subdir', 'DAGS_FOLDER/00-ETL_spaceX.py', '--cfg-path', '/tmp/tmpto_zyh15', '--error-file', '/tmp/tmpzz63842l']
[2023-01-24 02:40:28,992] {standard_task_runner.py:80} INFO - Job 30: Subtask Leer_Datos_Respuesta_Nasa
[2023-01-24 02:40:29,363] {task_command.py:371} INFO - Running <TaskInstance: Respuesta_Nasa.Leer_Datos_Respuesta_Nasa scheduled__2023-01-01T00:11:00+00:00 [running]> on host fd9891b969b0
[2023-01-24 02:40:29,623] {taskinstance.py:1591} INFO - Exporting the following env vars:
AIRFLOW_CTX_DAG_OWNER=me
AIRFLOW_CTX_DAG_ID=Respuesta_Nasa
AIRFLOW_CTX_TASK_ID=Leer_Datos_Respuesta_Nasa
AIRFLOW_CTX_EXECUTION_DATE=2023-01-01T00:11:00+00:00
AIRFLOW_CTX_TRY_NUMBER=1
AIRFLOW_CTX_DAG_RUN_ID=scheduled__2023-01-01T00:11:00+00:00
[2023-01-24 02:40:29,625] {subprocess.py:62} INFO - Tmp dir root location: 
 /tmp
[2023-01-24 02:40:29,626] {subprocess.py:74} INFO - Running command: ['bash', '-c', 'ls /tmp && head /tmp/response_20230101.txt']
[2023-01-24 02:40:29,666] {subprocess.py:85} INFO - Output:
[2023-01-24 02:40:29,679] {subprocess.py:92} INFO - ***tmp6fsbolqm
[2023-01-24 02:40:29,686] {subprocess.py:92} INFO - pymp-igsi0xnb
[2023-01-24 02:40:29,687] {subprocess.py:92} INFO - response_20230101.txt
[2023-01-24 02:40:29,687] {subprocess.py:92} INFO - tmp1qjh4bd7
[2023-01-24 02:40:29,687] {subprocess.py:92} INFO - tmp4z9doh30
[2023-01-24 02:40:29,687] {subprocess.py:92} INFO - tmpnrwnjifr
[2023-01-24 02:40:29,687] {subprocess.py:92} INFO - tmpnvc2r2ky
[2023-01-24 02:40:29,688] {subprocess.py:92} INFO - tmpsjwro1vc
[2023-01-24 02:40:29,688] {subprocess.py:92} INFO - tmptxnfw3hl
[2023-01-24 02:40:29,688] {subprocess.py:92} INFO - tmpv4l17xn8
[2023-01-24 02:40:29,688] {subprocess.py:92} INFO - tmpw6i4i2ye
[2023-01-24 02:40:29,688] {subprocess.py:92} INFO - tmpzz63842l
[2023-01-24 02:40:29,694] {subprocess.py:92} INFO - Confirmación de la NASA, pueden proceder
[2023-01-24 02:40:29,694] {subprocess.py:96} INFO - Command exited with return code 0
[2023-01-24 02:40:29,902] {taskinstance.py:1420} INFO - Marking task as SUCCESS. dag_id=Respuesta_Nasa, task_id=Leer_Datos_Respuesta_Nasa, execution_date=20230101T001100, start_date=20230124T024028, end_date=20230124T024029
[2023-01-24 02:40:29,986] {local_task_job.py:156} INFO - Task exited with return code 0
[2023-01-24 02:40:30,131] {local_task_job.py:273} INFO - 1 downstream tasks scheduled from follow-on schedule check
