[2023-01-24 02:42:48,214] {taskinstance.py:1179} INFO - Dependencies all met for <TaskInstance: Respuesta_Nasa.Obtener_Datos_SPACEX scheduled__2023-01-01T01:17:00+00:00 [queued]>
[2023-01-24 02:42:48,229] {taskinstance.py:1179} INFO - Dependencies all met for <TaskInstance: Respuesta_Nasa.Obtener_Datos_SPACEX scheduled__2023-01-01T01:17:00+00:00 [queued]>
[2023-01-24 02:42:48,229] {taskinstance.py:1376} INFO - 
--------------------------------------------------------------------------------
[2023-01-24 02:42:48,229] {taskinstance.py:1377} INFO - Starting attempt 1 of 2
[2023-01-24 02:42:48,229] {taskinstance.py:1378} INFO - 
--------------------------------------------------------------------------------
[2023-01-24 02:42:48,248] {taskinstance.py:1397} INFO - Executing <Task(BashOperator): Obtener_Datos_SPACEX> on 2023-01-01 01:17:00+00:00
[2023-01-24 02:42:48,262] {standard_task_runner.py:52} INFO - Started process 1522 to run task
[2023-01-24 02:42:48,269] {standard_task_runner.py:79} INFO - Running: ['***', 'tasks', 'run', 'Respuesta_Nasa', 'Obtener_Datos_SPACEX', 'scheduled__2023-01-01T01:17:00+00:00', '--job-id', '241', '--raw', '--subdir', 'DAGS_FOLDER/00-ETL_spaceX.py', '--cfg-path', '/tmp/tmpm4qz3y3b', '--error-file', '/tmp/tmp5ryiatn4']
[2023-01-24 02:42:48,272] {standard_task_runner.py:80} INFO - Job 241: Subtask Obtener_Datos_SPACEX
[2023-01-24 02:42:48,399] {task_command.py:371} INFO - Running <TaskInstance: Respuesta_Nasa.Obtener_Datos_SPACEX scheduled__2023-01-01T01:17:00+00:00 [running]> on host fd9891b969b0
[2023-01-24 02:42:48,613] {taskinstance.py:1591} INFO - Exporting the following env vars:
AIRFLOW_CTX_DAG_OWNER=me
AIRFLOW_CTX_DAG_ID=Respuesta_Nasa
AIRFLOW_CTX_TASK_ID=Obtener_Datos_SPACEX
AIRFLOW_CTX_EXECUTION_DATE=2023-01-01T01:17:00+00:00
AIRFLOW_CTX_TRY_NUMBER=1
AIRFLOW_CTX_DAG_RUN_ID=scheduled__2023-01-01T01:17:00+00:00
[2023-01-24 02:42:48,622] {subprocess.py:62} INFO - Tmp dir root location: 
 /tmp
[2023-01-24 02:42:48,623] {subprocess.py:74} INFO - Running command: ['bash', '-c', 'curl https://api.spacexdata.com/v4/launches/past > /tmp/spacex_20230101.json']
[2023-01-24 02:42:48,654] {subprocess.py:85} INFO - Output:
[2023-01-24 02:42:48,664] {subprocess.py:92} INFO -   % Total    % Received % Xferd  Average Speed   Time    Time     Time  Current
[2023-01-24 02:42:48,665] {subprocess.py:92} INFO -                                  Dload  Upload   Total   Spent    Left  Speed
[2023-01-24 02:42:49,445] {subprocess.py:92} INFO -   0     0    0     0    0     0      0      0 --:--:-- --:--:-- --:--:--     0100  406k    0  406k    0     0   521k      0 --:--:-- --:--:-- --:--:--  521k
[2023-01-24 02:42:49,450] {subprocess.py:96} INFO - Command exited with return code 0
[2023-01-24 02:42:49,626] {taskinstance.py:1420} INFO - Marking task as SUCCESS. dag_id=Respuesta_Nasa, task_id=Obtener_Datos_SPACEX, execution_date=20230101T011700, start_date=20230124T024248, end_date=20230124T024249
[2023-01-24 02:42:49,742] {local_task_job.py:156} INFO - Task exited with return code 0
[2023-01-24 02:42:49,794] {local_task_job.py:273} INFO - 0 downstream tasks scheduled from follow-on schedule check
