[2023-01-26 17:53:08,423] {taskinstance.py:1179} INFO - Dependencies all met for <TaskInstance: Respuesta_Nasa.Obtener_Datos_SPACEX scheduled__2023-01-01T00:00:00+00:00 [queued]>
[2023-01-26 17:53:08,436] {taskinstance.py:1179} INFO - Dependencies all met for <TaskInstance: Respuesta_Nasa.Obtener_Datos_SPACEX scheduled__2023-01-01T00:00:00+00:00 [queued]>
[2023-01-26 17:53:08,437] {taskinstance.py:1376} INFO - 
--------------------------------------------------------------------------------
[2023-01-26 17:53:08,437] {taskinstance.py:1377} INFO - Starting attempt 9 of 11
[2023-01-26 17:53:08,437] {taskinstance.py:1378} INFO - 
--------------------------------------------------------------------------------
[2023-01-26 17:53:08,453] {taskinstance.py:1397} INFO - Executing <Task(BashOperator): Obtener_Datos_SPACEX> on 2023-01-01 00:00:00+00:00
[2023-01-26 17:53:08,458] {standard_task_runner.py:52} INFO - Started process 122 to run task
[2023-01-26 17:53:08,461] {standard_task_runner.py:79} INFO - Running: ['***', 'tasks', 'run', 'Respuesta_Nasa', 'Obtener_Datos_SPACEX', 'scheduled__2023-01-01T00:00:00+00:00', '--job-id', '627', '--raw', '--subdir', 'DAGS_FOLDER/00-ETL_spaceX.py', '--cfg-path', '/tmp/tmpotc7etpm', '--error-file', '/tmp/tmpitiz74go']
[2023-01-26 17:53:08,462] {standard_task_runner.py:80} INFO - Job 627: Subtask Obtener_Datos_SPACEX
[2023-01-26 17:53:08,527] {task_command.py:371} INFO - Running <TaskInstance: Respuesta_Nasa.Obtener_Datos_SPACEX scheduled__2023-01-01T00:00:00+00:00 [running]> on host da6de88268cf
[2023-01-26 17:53:08,609] {taskinstance.py:1591} INFO - Exporting the following env vars:
AIRFLOW_CTX_DAG_OWNER=***
AIRFLOW_CTX_DAG_ID=Respuesta_Nasa
AIRFLOW_CTX_TASK_ID=Obtener_Datos_SPACEX
AIRFLOW_CTX_EXECUTION_DATE=2023-01-01T00:00:00+00:00
AIRFLOW_CTX_TRY_NUMBER=9
AIRFLOW_CTX_DAG_RUN_ID=scheduled__2023-01-01T00:00:00+00:00
[2023-01-26 17:53:08,610] {subprocess.py:62} INFO - Tmp dir root location: 
 /tmp
[2023-01-26 17:53:08,611] {subprocess.py:74} INFO - Running command: ['bash', '-c', 'curl https://api.spacexdata.com/v4/launches/past > /tmp/spacex_20230101.json']
[2023-01-26 17:53:08,621] {subprocess.py:85} INFO - Output:
[2023-01-26 17:53:08,631] {subprocess.py:92} INFO -   % Total    % Received % Xferd  Average Speed   Time    Time     Time  Current
[2023-01-26 17:53:08,631] {subprocess.py:92} INFO -                                  Dload  Upload   Total   Spent    Left  Speed
[2023-01-26 17:53:09,503] {subprocess.py:92} INFO -   0     0    0     0    0     0      0      0 --:--:-- --:--:-- --:--:--     0  0     0    0     0    0     0      0      0 --:--:-- --:--:-- --:--:--     0100  406k    0  406k    0     0   466k      0 --:--:-- --:--:-- --:--:--  465k
[2023-01-26 17:53:09,507] {subprocess.py:96} INFO - Command exited with return code 0
[2023-01-26 17:53:09,546] {taskinstance.py:1420} INFO - Marking task as SUCCESS. dag_id=Respuesta_Nasa, task_id=Obtener_Datos_SPACEX, execution_date=20230101T000000, start_date=20230126T175308, end_date=20230126T175309
[2023-01-26 17:53:09,598] {local_task_job.py:156} INFO - Task exited with return code 0
[2023-01-26 17:53:09,661] {local_task_job.py:273} INFO - 1 downstream tasks scheduled from follow-on schedule check
