[2023-01-25 23:15:14,431] {taskinstance.py:1179} INFO - Dependencies all met for <TaskInstance: Respuesta_Nasa.Obtener_Datos_SPACEX scheduled__2023-01-01T00:00:00+00:00 [queued]>
[2023-01-25 23:15:14,445] {taskinstance.py:1179} INFO - Dependencies all met for <TaskInstance: Respuesta_Nasa.Obtener_Datos_SPACEX scheduled__2023-01-01T00:00:00+00:00 [queued]>
[2023-01-25 23:15:14,445] {taskinstance.py:1376} INFO - 
--------------------------------------------------------------------------------
[2023-01-25 23:15:14,445] {taskinstance.py:1377} INFO - Starting attempt 3 of 5
[2023-01-25 23:15:14,445] {taskinstance.py:1378} INFO - 
--------------------------------------------------------------------------------
[2023-01-25 23:15:14,468] {taskinstance.py:1397} INFO - Executing <Task(BashOperator): Obtener_Datos_SPACEX> on 2023-01-01 00:00:00+00:00
[2023-01-25 23:15:14,474] {standard_task_runner.py:52} INFO - Started process 3495 to run task
[2023-01-25 23:15:14,477] {standard_task_runner.py:79} INFO - Running: ['***', 'tasks', 'run', 'Respuesta_Nasa', 'Obtener_Datos_SPACEX', 'scheduled__2023-01-01T00:00:00+00:00', '--job-id', '470', '--raw', '--subdir', 'DAGS_FOLDER/00-ETL_spaceX.py', '--cfg-path', '/tmp/tmpluet_2z8', '--error-file', '/tmp/tmpd2mxy2l3']
[2023-01-25 23:15:14,479] {standard_task_runner.py:80} INFO - Job 470: Subtask Obtener_Datos_SPACEX
[2023-01-25 23:15:14,554] {task_command.py:371} INFO - Running <TaskInstance: Respuesta_Nasa.Obtener_Datos_SPACEX scheduled__2023-01-01T00:00:00+00:00 [running]> on host fd9891b969b0
[2023-01-25 23:15:14,737] {taskinstance.py:1591} INFO - Exporting the following env vars:
AIRFLOW_CTX_DAG_OWNER=me
AIRFLOW_CTX_DAG_ID=Respuesta_Nasa
AIRFLOW_CTX_TASK_ID=Obtener_Datos_SPACEX
AIRFLOW_CTX_EXECUTION_DATE=2023-01-01T00:00:00+00:00
AIRFLOW_CTX_TRY_NUMBER=3
AIRFLOW_CTX_DAG_RUN_ID=scheduled__2023-01-01T00:00:00+00:00
[2023-01-25 23:15:14,738] {subprocess.py:62} INFO - Tmp dir root location: 
 /tmp
[2023-01-25 23:15:14,739] {subprocess.py:74} INFO - Running command: ['bash', '-c', 'curl https://api.spacexdata.com/v4/launches/past > /tmp/spacex_20230101.json']
[2023-01-25 23:15:14,754] {subprocess.py:85} INFO - Output:
[2023-01-25 23:15:14,768] {subprocess.py:92} INFO -   % Total    % Received % Xferd  Average Speed   Time    Time     Time  Current
[2023-01-25 23:15:14,768] {subprocess.py:92} INFO -                                  Dload  Upload   Total   Spent    Left  Speed
[2023-01-25 23:15:16,122] {subprocess.py:92} INFO -   0     0    0     0    0     0      0      0 --:--:-- --:--:-- --:--:--     0100  1704    0  1704    0     0   2088      0 --:--:-- --:--:-- --:--:--  2085100  406k    0  406k    0     0   300k      0 --:--:--  0:00:01 --:--:--  300k
[2023-01-25 23:15:16,125] {subprocess.py:96} INFO - Command exited with return code 0
[2023-01-25 23:15:16,161] {taskinstance.py:1420} INFO - Marking task as SUCCESS. dag_id=Respuesta_Nasa, task_id=Obtener_Datos_SPACEX, execution_date=20230101T000000, start_date=20230125T231514, end_date=20230125T231516
[2023-01-25 23:15:16,215] {local_task_job.py:156} INFO - Task exited with return code 0
[2023-01-25 23:15:16,255] {local_task_job.py:273} INFO - 1 downstream tasks scheduled from follow-on schedule check
