[2023-01-25 23:21:42,132] {taskinstance.py:1179} INFO - Dependencies all met for <TaskInstance: Respuesta_Nasa.Obtener_Datos_SPACEX scheduled__2023-01-01T00:00:00+00:00 [queued]>
[2023-01-25 23:21:42,148] {taskinstance.py:1179} INFO - Dependencies all met for <TaskInstance: Respuesta_Nasa.Obtener_Datos_SPACEX scheduled__2023-01-01T00:00:00+00:00 [queued]>
[2023-01-25 23:21:42,148] {taskinstance.py:1376} INFO - 
--------------------------------------------------------------------------------
[2023-01-25 23:21:42,149] {taskinstance.py:1377} INFO - Starting attempt 4 of 6
[2023-01-25 23:21:42,149] {taskinstance.py:1378} INFO - 
--------------------------------------------------------------------------------
[2023-01-25 23:21:42,194] {taskinstance.py:1397} INFO - Executing <Task(BashOperator): Obtener_Datos_SPACEX> on 2023-01-01 00:00:00+00:00
[2023-01-25 23:21:42,201] {standard_task_runner.py:52} INFO - Started process 3859 to run task
[2023-01-25 23:21:42,206] {standard_task_runner.py:79} INFO - Running: ['***', 'tasks', 'run', 'Respuesta_Nasa', 'Obtener_Datos_SPACEX', 'scheduled__2023-01-01T00:00:00+00:00', '--job-id', '487', '--raw', '--subdir', 'DAGS_FOLDER/00-ETL_spaceX.py', '--cfg-path', '/tmp/tmpp4o5dtmi', '--error-file', '/tmp/tmpncxg3evh']
[2023-01-25 23:21:42,208] {standard_task_runner.py:80} INFO - Job 487: Subtask Obtener_Datos_SPACEX
[2023-01-25 23:21:42,360] {task_command.py:371} INFO - Running <TaskInstance: Respuesta_Nasa.Obtener_Datos_SPACEX scheduled__2023-01-01T00:00:00+00:00 [running]> on host fd9891b969b0
[2023-01-25 23:21:42,598] {taskinstance.py:1591} INFO - Exporting the following env vars:
AIRFLOW_CTX_DAG_OWNER=me
AIRFLOW_CTX_DAG_ID=Respuesta_Nasa
AIRFLOW_CTX_TASK_ID=Obtener_Datos_SPACEX
AIRFLOW_CTX_EXECUTION_DATE=2023-01-01T00:00:00+00:00
AIRFLOW_CTX_TRY_NUMBER=4
AIRFLOW_CTX_DAG_RUN_ID=scheduled__2023-01-01T00:00:00+00:00
[2023-01-25 23:21:42,600] {subprocess.py:62} INFO - Tmp dir root location: 
 /tmp
[2023-01-25 23:21:42,600] {subprocess.py:74} INFO - Running command: ['bash', '-c', 'curl https://api.spacexdata.com/v4/launches/past > /tmp/spacex_20230101.json']
[2023-01-25 23:21:42,625] {subprocess.py:85} INFO - Output:
[2023-01-25 23:21:42,643] {subprocess.py:92} INFO -   % Total    % Received % Xferd  Average Speed   Time    Time     Time  Current
[2023-01-25 23:21:42,645] {subprocess.py:92} INFO -                                  Dload  Upload   Total   Spent    Left  Speed
[2023-01-25 23:21:43,986] {subprocess.py:92} INFO -   0     0    0     0    0     0      0      0 --:--:-- --:--:-- --:--:--     0100 74419    0 74419    0     0  82687      0 --:--:-- --:--:-- --:--:-- 82596100  406k    0  406k    0     0   302k      0 --:--:--  0:00:01 --:--:--  302k
[2023-01-25 23:21:43,990] {subprocess.py:96} INFO - Command exited with return code 0
[2023-01-25 23:21:44,028] {taskinstance.py:1420} INFO - Marking task as SUCCESS. dag_id=Respuesta_Nasa, task_id=Obtener_Datos_SPACEX, execution_date=20230101T000000, start_date=20230125T232142, end_date=20230125T232144
[2023-01-25 23:21:44,074] {local_task_job.py:156} INFO - Task exited with return code 0
[2023-01-25 23:21:44,126] {local_task_job.py:273} INFO - 1 downstream tasks scheduled from follow-on schedule check
