[2023-01-26 17:20:23,298] {taskinstance.py:1179} INFO - Dependencies all met for <TaskInstance: Respuesta_Nasa.Obtener_Datos_SPACEX scheduled__2023-01-01T00:00:00+00:00 [queued]>
[2023-01-26 17:20:23,310] {taskinstance.py:1179} INFO - Dependencies all met for <TaskInstance: Respuesta_Nasa.Obtener_Datos_SPACEX scheduled__2023-01-01T00:00:00+00:00 [queued]>
[2023-01-26 17:20:23,310] {taskinstance.py:1376} INFO - 
--------------------------------------------------------------------------------
[2023-01-26 17:20:23,310] {taskinstance.py:1377} INFO - Starting attempt 8 of 10
[2023-01-26 17:20:23,310] {taskinstance.py:1378} INFO - 
--------------------------------------------------------------------------------
[2023-01-26 17:20:23,329] {taskinstance.py:1397} INFO - Executing <Task(BashOperator): Obtener_Datos_SPACEX> on 2023-01-01 00:00:00+00:00
[2023-01-26 17:20:23,334] {standard_task_runner.py:52} INFO - Started process 1106 to run task
[2023-01-26 17:20:23,338] {standard_task_runner.py:79} INFO - Running: ['***', 'tasks', 'run', 'Respuesta_Nasa', 'Obtener_Datos_SPACEX', 'scheduled__2023-01-01T00:00:00+00:00', '--job-id', '605', '--raw', '--subdir', 'DAGS_FOLDER/00-ETL_spaceX.py', '--cfg-path', '/tmp/tmpjdtzq5m_', '--error-file', '/tmp/tmpqkasyf5s']
[2023-01-26 17:20:23,339] {standard_task_runner.py:80} INFO - Job 605: Subtask Obtener_Datos_SPACEX
[2023-01-26 17:20:23,417] {task_command.py:371} INFO - Running <TaskInstance: Respuesta_Nasa.Obtener_Datos_SPACEX scheduled__2023-01-01T00:00:00+00:00 [running]> on host afaa1e0ff064
[2023-01-26 17:20:23,523] {taskinstance.py:1591} INFO - Exporting the following env vars:
AIRFLOW_CTX_DAG_EMAIL=davidmontenegro2403@gmail.com
AIRFLOW_CTX_DAG_OWNER=me
AIRFLOW_CTX_DAG_ID=Respuesta_Nasa
AIRFLOW_CTX_TASK_ID=Obtener_Datos_SPACEX
AIRFLOW_CTX_EXECUTION_DATE=2023-01-01T00:00:00+00:00
AIRFLOW_CTX_TRY_NUMBER=8
AIRFLOW_CTX_DAG_RUN_ID=scheduled__2023-01-01T00:00:00+00:00
[2023-01-26 17:20:23,524] {subprocess.py:62} INFO - Tmp dir root location: 
 /tmp
[2023-01-26 17:20:23,525] {subprocess.py:74} INFO - Running command: ['bash', '-c', 'curl https://api.spacexdata.com/v4/launches/past > /tmp/spacex_20230101.json']
[2023-01-26 17:20:23,539] {subprocess.py:85} INFO - Output:
[2023-01-26 17:20:23,549] {subprocess.py:92} INFO -   % Total    % Received % Xferd  Average Speed   Time    Time     Time  Current
[2023-01-26 17:20:23,549] {subprocess.py:92} INFO -                                  Dload  Upload   Total   Spent    Left  Speed
[2023-01-26 17:20:25,199] {subprocess.py:92} INFO -   0     0    0     0    0     0      0      0 --:--:-- --:--:-- --:--:--     0  0     0    0     0    0     0      0      0 --:--:-- --:--:-- --:--:--     0100  100k    0  100k    0     0  79200      0 --:--:--  0:00:01 --:--:-- 79200100  406k    0  406k    0     0   246k      0 --:--:--  0:00:01 --:--:--  246k
[2023-01-26 17:20:25,201] {subprocess.py:96} INFO - Command exited with return code 0
[2023-01-26 17:20:25,233] {taskinstance.py:1420} INFO - Marking task as SUCCESS. dag_id=Respuesta_Nasa, task_id=Obtener_Datos_SPACEX, execution_date=20230101T000000, start_date=20230126T172023, end_date=20230126T172025
[2023-01-26 17:20:25,276] {local_task_job.py:156} INFO - Task exited with return code 0
[2023-01-26 17:20:25,331] {local_task_job.py:273} INFO - 1 downstream tasks scheduled from follow-on schedule check
