[2023-01-26 18:07:57,534] {taskinstance.py:1179} INFO - Dependencies all met for <TaskInstance: Respuesta_Nasa.Obtener_Datos_SPACEX scheduled__2023-01-01T00:00:00+00:00 [queued]>
[2023-01-26 18:07:57,550] {taskinstance.py:1179} INFO - Dependencies all met for <TaskInstance: Respuesta_Nasa.Obtener_Datos_SPACEX scheduled__2023-01-01T00:00:00+00:00 [queued]>
[2023-01-26 18:07:57,550] {taskinstance.py:1376} INFO - 
--------------------------------------------------------------------------------
[2023-01-26 18:07:57,550] {taskinstance.py:1377} INFO - Starting attempt 10 of 12
[2023-01-26 18:07:57,550] {taskinstance.py:1378} INFO - 
--------------------------------------------------------------------------------
[2023-01-26 18:07:57,567] {taskinstance.py:1397} INFO - Executing <Task(BashOperator): Obtener_Datos_SPACEX> on 2023-01-01 00:00:00+00:00
[2023-01-26 18:07:57,573] {standard_task_runner.py:52} INFO - Started process 901 to run task
[2023-01-26 18:07:57,576] {standard_task_runner.py:79} INFO - Running: ['***', 'tasks', 'run', 'Respuesta_Nasa', 'Obtener_Datos_SPACEX', 'scheduled__2023-01-01T00:00:00+00:00', '--job-id', '651', '--raw', '--subdir', 'DAGS_FOLDER/00-ETL_spaceX.py', '--cfg-path', '/tmp/tmp_dqau4bo', '--error-file', '/tmp/tmprlnh9n39']
[2023-01-26 18:07:57,578] {standard_task_runner.py:80} INFO - Job 651: Subtask Obtener_Datos_SPACEX
[2023-01-26 18:07:57,666] {task_command.py:371} INFO - Running <TaskInstance: Respuesta_Nasa.Obtener_Datos_SPACEX scheduled__2023-01-01T00:00:00+00:00 [running]> on host da6de88268cf
[2023-01-26 18:07:57,797] {taskinstance.py:1591} INFO - Exporting the following env vars:
AIRFLOW_CTX_DAG_EMAIL=frandak2@gmail.com
AIRFLOW_CTX_DAG_OWNER=***
AIRFLOW_CTX_DAG_ID=Respuesta_Nasa
AIRFLOW_CTX_TASK_ID=Obtener_Datos_SPACEX
AIRFLOW_CTX_EXECUTION_DATE=2023-01-01T00:00:00+00:00
AIRFLOW_CTX_TRY_NUMBER=10
AIRFLOW_CTX_DAG_RUN_ID=scheduled__2023-01-01T00:00:00+00:00
[2023-01-26 18:07:57,799] {subprocess.py:62} INFO - Tmp dir root location: 
 /tmp
[2023-01-26 18:07:57,799] {subprocess.py:74} INFO - Running command: ['bash', '-c', 'curl https://api.spacexdata.com/v4/launches/past > /tmp/spacex_20230101.json']
[2023-01-26 18:07:57,828] {subprocess.py:85} INFO - Output:
[2023-01-26 18:07:57,841] {subprocess.py:92} INFO -   % Total    % Received % Xferd  Average Speed   Time    Time     Time  Current
[2023-01-26 18:07:57,841] {subprocess.py:92} INFO -                                  Dload  Upload   Total   Spent    Left  Speed
[2023-01-26 18:07:59,201] {subprocess.py:92} INFO -   0     0    0     0    0     0      0      0 --:--:-- --:--:-- --:--:--     0100 70199    0 70199    0     0  73661      0 --:--:-- --:--:-- --:--:-- 73661100  406k    0  406k    0     0   298k      0 --:--:--  0:00:01 --:--:--  298k
[2023-01-26 18:07:59,204] {subprocess.py:96} INFO - Command exited with return code 0
[2023-01-26 18:07:59,236] {taskinstance.py:1420} INFO - Marking task as SUCCESS. dag_id=Respuesta_Nasa, task_id=Obtener_Datos_SPACEX, execution_date=20230101T000000, start_date=20230126T180757, end_date=20230126T180759
[2023-01-26 18:07:59,275] {local_task_job.py:156} INFO - Task exited with return code 0
[2023-01-26 18:07:59,329] {local_task_job.py:273} INFO - 1 downstream tasks scheduled from follow-on schedule check
