[2023-01-26 16:39:34,756] {taskinstance.py:1179} INFO - Dependencies all met for <TaskInstance: Respuesta_Nasa.Obtener_Datos_SPACEX scheduled__2023-01-01T00:00:00+00:00 [queued]>
[2023-01-26 16:39:34,770] {taskinstance.py:1179} INFO - Dependencies all met for <TaskInstance: Respuesta_Nasa.Obtener_Datos_SPACEX scheduled__2023-01-01T00:00:00+00:00 [queued]>
[2023-01-26 16:39:34,770] {taskinstance.py:1376} INFO - 
--------------------------------------------------------------------------------
[2023-01-26 16:39:34,770] {taskinstance.py:1377} INFO - Starting attempt 6 of 8
[2023-01-26 16:39:34,770] {taskinstance.py:1378} INFO - 
--------------------------------------------------------------------------------
[2023-01-26 16:39:34,785] {taskinstance.py:1397} INFO - Executing <Task(BashOperator): Obtener_Datos_SPACEX> on 2023-01-01 00:00:00+00:00
[2023-01-26 16:39:34,790] {standard_task_runner.py:52} INFO - Started process 302 to run task
[2023-01-26 16:39:34,795] {standard_task_runner.py:79} INFO - Running: ['***', 'tasks', 'run', 'Respuesta_Nasa', 'Obtener_Datos_SPACEX', 'scheduled__2023-01-01T00:00:00+00:00', '--job-id', '546', '--raw', '--subdir', 'DAGS_FOLDER/00-ETL_spaceX.py', '--cfg-path', '/tmp/tmp1beifmci', '--error-file', '/tmp/tmpy96llh82']
[2023-01-26 16:39:34,796] {standard_task_runner.py:80} INFO - Job 546: Subtask Obtener_Datos_SPACEX
[2023-01-26 16:39:34,872] {task_command.py:371} INFO - Running <TaskInstance: Respuesta_Nasa.Obtener_Datos_SPACEX scheduled__2023-01-01T00:00:00+00:00 [running]> on host 1e10284898e4
[2023-01-26 16:39:34,956] {taskinstance.py:1591} INFO - Exporting the following env vars:
AIRFLOW_CTX_DAG_OWNER=me
AIRFLOW_CTX_DAG_ID=Respuesta_Nasa
AIRFLOW_CTX_TASK_ID=Obtener_Datos_SPACEX
AIRFLOW_CTX_EXECUTION_DATE=2023-01-01T00:00:00+00:00
AIRFLOW_CTX_TRY_NUMBER=6
AIRFLOW_CTX_DAG_RUN_ID=scheduled__2023-01-01T00:00:00+00:00
[2023-01-26 16:39:34,958] {subprocess.py:62} INFO - Tmp dir root location: 
 /tmp
[2023-01-26 16:39:34,958] {subprocess.py:74} INFO - Running command: ['bash', '-c', 'curl https://api.spacexdata.com/v4/launches/past > /tmp/spacex_20230101.json']
[2023-01-26 16:39:34,971] {subprocess.py:85} INFO - Output:
[2023-01-26 16:39:34,980] {subprocess.py:92} INFO -   % Total    % Received % Xferd  Average Speed   Time    Time     Time  Current
[2023-01-26 16:39:34,981] {subprocess.py:92} INFO -                                  Dload  Upload   Total   Spent    Left  Speed
[2023-01-26 16:39:36,434] {subprocess.py:92} INFO -   0     0    0     0    0     0      0      0 --:--:-- --:--:-- --:--:--     0100  328k    0  328k    0     0   402k      0 --:--:-- --:--:-- --:--:--  402k100  406k    0  406k    0     0   279k      0 --:--:--  0:00:01 --:--:--  279k
[2023-01-26 16:39:36,438] {subprocess.py:96} INFO - Command exited with return code 0
[2023-01-26 16:39:36,507] {taskinstance.py:1420} INFO - Marking task as SUCCESS. dag_id=Respuesta_Nasa, task_id=Obtener_Datos_SPACEX, execution_date=20230101T000000, start_date=20230126T163934, end_date=20230126T163936
[2023-01-26 16:39:36,572] {local_task_job.py:156} INFO - Task exited with return code 0
[2023-01-26 16:39:36,661] {local_task_job.py:273} INFO - 1 downstream tasks scheduled from follow-on schedule check
