[2023-01-27T15:18:09.873+0000] {taskinstance.py:1165} INFO - Dependencies all met for <TaskInstance: Respuesta_Nasa.Obtener_Datos_SPACEX scheduled__2023-01-01T00:00:00+00:00 [queued]>
[2023-01-27T15:18:09.886+0000] {taskinstance.py:1165} INFO - Dependencies all met for <TaskInstance: Respuesta_Nasa.Obtener_Datos_SPACEX scheduled__2023-01-01T00:00:00+00:00 [queued]>
[2023-01-27T15:18:09.886+0000] {taskinstance.py:1362} INFO - 
--------------------------------------------------------------------------------
[2023-01-27T15:18:09.886+0000] {taskinstance.py:1363} INFO - Starting attempt 12 of 14
[2023-01-27T15:18:09.886+0000] {taskinstance.py:1364} INFO - 
--------------------------------------------------------------------------------
[2023-01-27T15:18:09.903+0000] {taskinstance.py:1383} INFO - Executing <Task(BashOperator): Obtener_Datos_SPACEX> on 2023-01-01 00:00:00+00:00
[2023-01-27T15:18:09.908+0000] {standard_task_runner.py:55} INFO - Started process 168 to run task
[2023-01-27T15:18:09.912+0000] {standard_task_runner.py:82} INFO - Running: ['***', 'tasks', 'run', 'Respuesta_Nasa', 'Obtener_Datos_SPACEX', 'scheduled__2023-01-01T00:00:00+00:00', '--job-id', '725', '--raw', '--subdir', 'DAGS_FOLDER/00-ETL_spaceX.py', '--cfg-path', '/tmp/tmpkwivi97p']
[2023-01-27T15:18:09.914+0000] {standard_task_runner.py:83} INFO - Job 725: Subtask Obtener_Datos_SPACEX
[2023-01-27T15:18:09.981+0000] {task_command.py:376} INFO - Running <TaskInstance: Respuesta_Nasa.Obtener_Datos_SPACEX scheduled__2023-01-01T00:00:00+00:00 [running]> on host 3ceae0e2b238
[2023-01-27T15:18:10.057+0000] {taskinstance.py:1592} INFO - Exporting the following env vars:
AIRFLOW_CTX_DAG_EMAIL=frandak2@gmail.com
AIRFLOW_CTX_DAG_OWNER=***
AIRFLOW_CTX_DAG_ID=Respuesta_Nasa
AIRFLOW_CTX_TASK_ID=Obtener_Datos_SPACEX
AIRFLOW_CTX_EXECUTION_DATE=2023-01-01T00:00:00+00:00
AIRFLOW_CTX_TRY_NUMBER=12
AIRFLOW_CTX_DAG_RUN_ID=scheduled__2023-01-01T00:00:00+00:00
[2023-01-27T15:18:10.059+0000] {subprocess.py:63} INFO - Tmp dir root location: 
 /tmp
[2023-01-27T15:18:10.059+0000] {subprocess.py:75} INFO - Running command: ['/bin/bash', '-c', 'curl https://api.spacexdata.com/v4/launches/past > /tmp/spacex_20230101.json']
[2023-01-27T15:18:10.072+0000] {subprocess.py:86} INFO - Output:
[2023-01-27T15:18:10.081+0000] {subprocess.py:93} INFO -   % Total    % Received % Xferd  Average Speed   Time    Time     Time  Current
[2023-01-27T15:18:10.081+0000] {subprocess.py:93} INFO -                                  Dload  Upload   Total   Spent    Left  Speed
[2023-01-27T15:18:10.776+0000] {subprocess.py:93} INFO -   0     0    0     0    0     0      0      0 --:--:-- --:--:-- --:--:--     0100  285k    0  285k    0     0   430k      0 --:--:-- --:--:-- --:--:--  430k100  406k    0  406k    0     0   585k      0 --:--:-- --:--:-- --:--:--  585k
[2023-01-27T15:18:10.778+0000] {subprocess.py:97} INFO - Command exited with return code 0
[2023-01-27T15:18:10.805+0000] {taskinstance.py:1406} INFO - Marking task as SUCCESS. dag_id=Respuesta_Nasa, task_id=Obtener_Datos_SPACEX, execution_date=20230101T000000, start_date=20230127T151809, end_date=20230127T151810
[2023-01-27T15:18:10.847+0000] {local_task_job.py:159} INFO - Task exited with return code 0
[2023-01-27T15:18:10.890+0000] {taskinstance.py:2623} INFO - 1 downstream tasks scheduled from follow-on schedule check
