[2023-01-24 02:43:53,232] {taskinstance.py:1179} INFO - Dependencies all met for <TaskInstance: Respuesta_Nasa.Leer_Datos_Respuesta_Nasa scheduled__2023-01-01T01:47:00+00:00 [queued]>
[2023-01-24 02:43:53,286] {taskinstance.py:1179} INFO - Dependencies all met for <TaskInstance: Respuesta_Nasa.Leer_Datos_Respuesta_Nasa scheduled__2023-01-01T01:47:00+00:00 [queued]>
[2023-01-24 02:43:53,286] {taskinstance.py:1376} INFO - 
--------------------------------------------------------------------------------
[2023-01-24 02:43:53,286] {taskinstance.py:1377} INFO - Starting attempt 1 of 2
[2023-01-24 02:43:53,286] {taskinstance.py:1378} INFO - 
--------------------------------------------------------------------------------
[2023-01-24 02:43:53,384] {taskinstance.py:1397} INFO - Executing <Task(BashOperator): Leer_Datos_Respuesta_Nasa> on 2023-01-01 01:47:00+00:00
[2023-01-24 02:43:53,393] {standard_task_runner.py:52} INFO - Started process 1977 to run task
[2023-01-24 02:43:53,415] {standard_task_runner.py:79} INFO - Running: ['***', 'tasks', 'run', 'Respuesta_Nasa', 'Leer_Datos_Respuesta_Nasa', 'scheduled__2023-01-01T01:47:00+00:00', '--job-id', '316', '--raw', '--subdir', 'DAGS_FOLDER/00-ETL_spaceX.py', '--cfg-path', '/tmp/tmpv72p57pc', '--error-file', '/tmp/tmp__yzi7sy']
[2023-01-24 02:43:53,417] {standard_task_runner.py:80} INFO - Job 316: Subtask Leer_Datos_Respuesta_Nasa
[2023-01-24 02:43:53,824] {task_command.py:371} INFO - Running <TaskInstance: Respuesta_Nasa.Leer_Datos_Respuesta_Nasa scheduled__2023-01-01T01:47:00+00:00 [running]> on host fd9891b969b0
[2023-01-24 02:43:54,092] {taskinstance.py:1591} INFO - Exporting the following env vars:
AIRFLOW_CTX_DAG_OWNER=me
AIRFLOW_CTX_DAG_ID=Respuesta_Nasa
AIRFLOW_CTX_TASK_ID=Leer_Datos_Respuesta_Nasa
AIRFLOW_CTX_EXECUTION_DATE=2023-01-01T01:47:00+00:00
AIRFLOW_CTX_TRY_NUMBER=1
AIRFLOW_CTX_DAG_RUN_ID=scheduled__2023-01-01T01:47:00+00:00
[2023-01-24 02:43:54,120] {subprocess.py:62} INFO - Tmp dir root location: 
 /tmp
[2023-01-24 02:43:54,121] {subprocess.py:74} INFO - Running command: ['bash', '-c', 'ls /tmp && head /tmp/response_20230101.txt']
[2023-01-24 02:43:54,143] {subprocess.py:85} INFO - Output:
[2023-01-24 02:43:54,152] {subprocess.py:92} INFO - ***tmpszptcikq
[2023-01-24 02:43:54,152] {subprocess.py:92} INFO - pymp-igsi0xnb
[2023-01-24 02:43:54,152] {subprocess.py:92} INFO - response_20230101.txt
[2023-01-24 02:43:54,153] {subprocess.py:92} INFO - spacex_20230101.json
[2023-01-24 02:43:54,153] {subprocess.py:92} INFO - tmp1xmjala3
[2023-01-24 02:43:54,153] {subprocess.py:92} INFO - tmp__yzi7sy
[2023-01-24 02:43:54,153] {subprocess.py:92} INFO - tmpajp23oec
[2023-01-24 02:43:54,153] {subprocess.py:92} INFO - tmpckx_trig
[2023-01-24 02:43:54,154] {subprocess.py:92} INFO - tmpeyccwc_q
[2023-01-24 02:43:54,154] {subprocess.py:92} INFO - tmpgytgt5b7
[2023-01-24 02:43:54,155] {subprocess.py:92} INFO - tmpna2othfy
[2023-01-24 02:43:54,155] {subprocess.py:92} INFO - tmpnvc2r2ky
[2023-01-24 02:43:54,158] {subprocess.py:92} INFO - Confirmación de la NASA, pueden proceder
[2023-01-24 02:43:54,159] {subprocess.py:96} INFO - Command exited with return code 0
[2023-01-24 02:43:54,303] {taskinstance.py:1420} INFO - Marking task as SUCCESS. dag_id=Respuesta_Nasa, task_id=Leer_Datos_Respuesta_Nasa, execution_date=20230101T014700, start_date=20230124T024353, end_date=20230124T024354
[2023-01-24 02:43:54,413] {local_task_job.py:156} INFO - Task exited with return code 0
[2023-01-24 02:43:54,603] {local_task_job.py:273} INFO - 1 downstream tasks scheduled from follow-on schedule check
