[2023-01-24 02:40:31,233] {taskinstance.py:1179} INFO - Dependencies all met for <TaskInstance: Respuesta_Nasa.Obtener_Datos_SPACEX scheduled__2023-01-01T00:09:00+00:00 [queued]>
[2023-01-24 02:40:31,252] {taskinstance.py:1179} INFO - Dependencies all met for <TaskInstance: Respuesta_Nasa.Obtener_Datos_SPACEX scheduled__2023-01-01T00:09:00+00:00 [queued]>
[2023-01-24 02:40:31,252] {taskinstance.py:1376} INFO - 
--------------------------------------------------------------------------------
[2023-01-24 02:40:31,253] {taskinstance.py:1377} INFO - Starting attempt 1 of 2
[2023-01-24 02:40:31,253] {taskinstance.py:1378} INFO - 
--------------------------------------------------------------------------------
[2023-01-24 02:40:31,312] {taskinstance.py:1397} INFO - Executing <Task(BashOperator): Obtener_Datos_SPACEX> on 2023-01-01 00:09:00+00:00
[2023-01-24 02:40:31,324] {standard_task_runner.py:52} INFO - Started process 368 to run task
[2023-01-24 02:40:31,339] {standard_task_runner.py:79} INFO - Running: ['***', 'tasks', 'run', 'Respuesta_Nasa', 'Obtener_Datos_SPACEX', 'scheduled__2023-01-01T00:09:00+00:00', '--job-id', '43', '--raw', '--subdir', 'DAGS_FOLDER/00-ETL_spaceX.py', '--cfg-path', '/tmp/tmpuofr33kn', '--error-file', '/tmp/tmpa5g1f_kg']
[2023-01-24 02:40:31,346] {standard_task_runner.py:80} INFO - Job 43: Subtask Obtener_Datos_SPACEX
[2023-01-24 02:40:31,523] {task_command.py:371} INFO - Running <TaskInstance: Respuesta_Nasa.Obtener_Datos_SPACEX scheduled__2023-01-01T00:09:00+00:00 [running]> on host fd9891b969b0
[2023-01-24 02:40:31,757] {taskinstance.py:1591} INFO - Exporting the following env vars:
AIRFLOW_CTX_DAG_OWNER=me
AIRFLOW_CTX_DAG_ID=Respuesta_Nasa
AIRFLOW_CTX_TASK_ID=Obtener_Datos_SPACEX
AIRFLOW_CTX_EXECUTION_DATE=2023-01-01T00:09:00+00:00
AIRFLOW_CTX_TRY_NUMBER=1
AIRFLOW_CTX_DAG_RUN_ID=scheduled__2023-01-01T00:09:00+00:00
[2023-01-24 02:40:31,763] {subprocess.py:62} INFO - Tmp dir root location: 
 /tmp
[2023-01-24 02:40:31,764] {subprocess.py:74} INFO - Running command: ['bash', '-c', 'curl https://api.spacexdata.com/v4/launches/past > /tmp/spacex_20230101.json']
[2023-01-24 02:40:31,808] {subprocess.py:85} INFO - Output:
[2023-01-24 02:40:31,837] {subprocess.py:92} INFO -   % Total    % Received % Xferd  Average Speed   Time    Time     Time  Current
[2023-01-24 02:40:31,839] {subprocess.py:92} INFO -                                  Dload  Upload   Total   Spent    Left  Speed
[2023-01-24 02:40:33,627] {subprocess.py:92} INFO -   0     0    0     0    0     0      0      0 --:--:-- --:--:-- --:--:--     0100 51901    0 51901    0     0  64714      0 --:--:-- --:--:-- --:--:-- 64633100  392k    0  392k    0     0   219k      0 --:--:--  0:00:01 --:--:--  218k100  406k    0  406k    0     0   227k      0 --:--:--  0:00:01 --:--:--  226k
[2023-01-24 02:40:33,631] {subprocess.py:96} INFO - Command exited with return code 0
[2023-01-24 02:40:33,680] {taskinstance.py:1420} INFO - Marking task as SUCCESS. dag_id=Respuesta_Nasa, task_id=Obtener_Datos_SPACEX, execution_date=20230101T000900, start_date=20230124T024031, end_date=20230124T024033
[2023-01-24 02:40:33,716] {local_task_job.py:156} INFO - Task exited with return code 0
[2023-01-24 02:40:33,763] {local_task_job.py:273} INFO - 0 downstream tasks scheduled from follow-on schedule check
