[2023-01-26 16:48:29,876] {taskinstance.py:1179} INFO - Dependencies all met for <TaskInstance: Respuesta_Nasa.send_email_notification scheduled__2023-01-01T00:00:00+00:00 [queued]>
[2023-01-26 16:48:29,888] {taskinstance.py:1179} INFO - Dependencies all met for <TaskInstance: Respuesta_Nasa.send_email_notification scheduled__2023-01-01T00:00:00+00:00 [queued]>
[2023-01-26 16:48:29,888] {taskinstance.py:1376} INFO - 
--------------------------------------------------------------------------------
[2023-01-26 16:48:29,888] {taskinstance.py:1377} INFO - Starting attempt 7 of 9
[2023-01-26 16:48:29,888] {taskinstance.py:1378} INFO - 
--------------------------------------------------------------------------------
[2023-01-26 16:48:29,906] {taskinstance.py:1397} INFO - Executing <Task(EmailOperator): send_email_notification> on 2023-01-01 00:00:00+00:00
[2023-01-26 16:48:29,912] {standard_task_runner.py:52} INFO - Started process 234 to run task
[2023-01-26 16:48:29,915] {standard_task_runner.py:79} INFO - Running: ['***', 'tasks', 'run', 'Respuesta_Nasa', 'send_email_notification', 'scheduled__2023-01-01T00:00:00+00:00', '--job-id', '585', '--raw', '--subdir', 'DAGS_FOLDER/00-ETL_spaceX.py', '--cfg-path', '/tmp/tmpk1kaqvt6', '--error-file', '/tmp/tmpw0ngo4w3']
[2023-01-26 16:48:29,917] {standard_task_runner.py:80} INFO - Job 585: Subtask send_email_notification
[2023-01-26 16:48:29,990] {task_command.py:371} INFO - Running <TaskInstance: Respuesta_Nasa.send_email_notification scheduled__2023-01-01T00:00:00+00:00 [running]> on host 1dac8e18bdf5
[2023-01-26 16:48:30,073] {taskinstance.py:1591} INFO - Exporting the following env vars:
AIRFLOW_CTX_DAG_OWNER=me
AIRFLOW_CTX_DAG_ID=Respuesta_Nasa
AIRFLOW_CTX_TASK_ID=send_email_notification
AIRFLOW_CTX_EXECUTION_DATE=2023-01-01T00:00:00+00:00
AIRFLOW_CTX_TRY_NUMBER=7
AIRFLOW_CTX_DAG_RUN_ID=scheduled__2023-01-01T00:00:00+00:00
[2023-01-26 16:48:30,084] {warnings.py:110} WARNING - /home/***/.local/lib/python3.7/site-packages/***/utils/email.py:119: PendingDeprecationWarning: Fetching SMTP credentials from configuration variables will be deprecated in a future release. Please set credentials using a connection instead.
  send_mime_email(e_from=mail_from, e_to=recipients, mime_msg=msg, conn_id=conn_id, dryrun=dryrun)

[2023-01-26 16:48:30,085] {email.py:228} INFO - Email alerting: attempt 1
[2023-01-26 16:48:31,448] {taskinstance.py:1909} ERROR - Task failed with exception
Traceback (most recent call last):
  File "/home/airflow/.local/lib/python3.7/site-packages/airflow/operators/email.py", line 85, in execute
    custom_headers=self.custom_headers,
  File "/home/airflow/.local/lib/python3.7/site-packages/airflow/utils/email.py", line 71, in send_email
    **kwargs,
  File "/home/airflow/.local/lib/python3.7/site-packages/airflow/utils/email.py", line 119, in send_email_smtp
    send_mime_email(e_from=mail_from, e_to=recipients, mime_msg=msg, conn_id=conn_id, dryrun=dryrun)
  File "/home/airflow/.local/lib/python3.7/site-packages/airflow/utils/email.py", line 239, in send_mime_email
    smtp_conn.login(smtp_user, smtp_password)
  File "/usr/local/lib/python3.7/smtplib.py", line 735, in login
    raise last_exception
  File "/usr/local/lib/python3.7/smtplib.py", line 726, in login
    initial_response_ok=initial_response_ok)
  File "/usr/local/lib/python3.7/smtplib.py", line 647, in auth
    raise SMTPAuthenticationError(code, resp)
smtplib.SMTPAuthenticationError: (535, b'5.7.8 Username and Password not accepted. Learn more at\n5.7.8  https://support.google.com/mail/?p=BadCredentials n72-20020a1fa44b000000b003c11ad61b33sm108988vke.22 - gsmtp')
[2023-01-26 16:48:31,459] {taskinstance.py:1420} INFO - Marking task as UP_FOR_RETRY. dag_id=Respuesta_Nasa, task_id=send_email_notification, execution_date=20230101T000000, start_date=20230126T164829, end_date=20230126T164831
[2023-01-26 16:48:31,476] {standard_task_runner.py:97} ERROR - Failed to execute job 585 for task send_email_notification ((535, b'5.7.8 Username and Password not accepted. Learn more at\n5.7.8  https://support.google.com/mail/?p=BadCredentials n72-20020a1fa44b000000b003c11ad61b33sm108988vke.22 - gsmtp'); 234)
[2023-01-26 16:48:31,493] {local_task_job.py:156} INFO - Task exited with return code 1
[2023-01-26 16:48:31,598] {local_task_job.py:273} INFO - 0 downstream tasks scheduled from follow-on schedule check
