[2023-01-26 17:54:16,350] {taskinstance.py:1179} INFO - Dependencies all met for <TaskInstance: Respuesta_Nasa.send_email_notification scheduled__2023-01-01T00:00:00+00:00 [queued]>
[2023-01-26 17:54:16,366] {taskinstance.py:1179} INFO - Dependencies all met for <TaskInstance: Respuesta_Nasa.send_email_notification scheduled__2023-01-01T00:00:00+00:00 [queued]>
[2023-01-26 17:54:16,366] {taskinstance.py:1376} INFO - 
--------------------------------------------------------------------------------
[2023-01-26 17:54:16,367] {taskinstance.py:1377} INFO - Starting attempt 14 of 15
[2023-01-26 17:54:16,367] {taskinstance.py:1378} INFO - 
--------------------------------------------------------------------------------
[2023-01-26 17:54:16,383] {taskinstance.py:1397} INFO - Executing <Task(EmailOperator): send_email_notification> on 2023-01-01 00:00:00+00:00
[2023-01-26 17:54:16,390] {standard_task_runner.py:52} INFO - Started process 242 to run task
[2023-01-26 17:54:16,393] {standard_task_runner.py:79} INFO - Running: ['***', 'tasks', 'run', 'Respuesta_Nasa', 'send_email_notification', 'scheduled__2023-01-01T00:00:00+00:00', '--job-id', '642', '--raw', '--subdir', 'DAGS_FOLDER/00-ETL_spaceX.py', '--cfg-path', '/tmp/tmpu4uq56hc', '--error-file', '/tmp/tmpc_8qbzhr']
[2023-01-26 17:54:16,394] {standard_task_runner.py:80} INFO - Job 642: Subtask send_email_notification
[2023-01-26 17:54:16,461] {task_command.py:371} INFO - Running <TaskInstance: Respuesta_Nasa.send_email_notification scheduled__2023-01-01T00:00:00+00:00 [running]> on host da6de88268cf
[2023-01-26 17:54:16,543] {taskinstance.py:1591} INFO - Exporting the following env vars:
AIRFLOW_CTX_DAG_OWNER=***
AIRFLOW_CTX_DAG_ID=Respuesta_Nasa
AIRFLOW_CTX_TASK_ID=send_email_notification
AIRFLOW_CTX_EXECUTION_DATE=2023-01-01T00:00:00+00:00
AIRFLOW_CTX_TRY_NUMBER=14
AIRFLOW_CTX_DAG_RUN_ID=scheduled__2023-01-01T00:00:00+00:00
[2023-01-26 17:54:16,556] {warnings.py:110} WARNING - /home/***/.local/lib/python3.7/site-packages/***/utils/email.py:119: PendingDeprecationWarning: Fetching SMTP credentials from configuration variables will be deprecated in a future release. Please set credentials using a connection instead.
  send_mime_email(e_from=mail_from, e_to=recipients, mime_msg=msg, conn_id=conn_id, dryrun=dryrun)

[2023-01-26 17:54:16,556] {email.py:228} INFO - Email alerting: attempt 1
[2023-01-26 17:54:17,450] {taskinstance.py:1909} ERROR - Task failed with exception
Traceback (most recent call last):
  File "/home/airflow/.local/lib/python3.7/site-packages/airflow/operators/email.py", line 85, in execute
    custom_headers=self.custom_headers,
  File "/home/airflow/.local/lib/python3.7/site-packages/airflow/utils/email.py", line 71, in send_email
    **kwargs,
  File "/home/airflow/.local/lib/python3.7/site-packages/airflow/utils/email.py", line 119, in send_email_smtp
    send_mime_email(e_from=mail_from, e_to=recipients, mime_msg=msg, conn_id=conn_id, dryrun=dryrun)
  File "/home/airflow/.local/lib/python3.7/site-packages/airflow/utils/email.py", line 239, in send_mime_email
    smtp_conn.login(smtp_user, smtp_password)
  File "/usr/local/lib/python3.7/smtplib.py", line 735, in login
    raise last_exception
  File "/usr/local/lib/python3.7/smtplib.py", line 726, in login
    initial_response_ok=initial_response_ok)
  File "/usr/local/lib/python3.7/smtplib.py", line 647, in auth
    raise SMTPAuthenticationError(code, resp)
smtplib.SMTPAuthenticationError: (535, b'5.7.8 Username and Password not accepted. Learn more at\n5.7.8  https://support.google.com/mail/?p=BadCredentials pi48-20020a05620a37b000b006e16dcf99c8sm1298975qkn.71 - gsmtp')
[2023-01-26 17:54:17,465] {taskinstance.py:1420} INFO - Marking task as UP_FOR_RETRY. dag_id=Respuesta_Nasa, task_id=send_email_notification, execution_date=20230101T000000, start_date=20230126T175416, end_date=20230126T175417
[2023-01-26 17:54:17,484] {standard_task_runner.py:97} ERROR - Failed to execute job 642 for task send_email_notification ((535, b'5.7.8 Username and Password not accepted. Learn more at\n5.7.8  https://support.google.com/mail/?p=BadCredentials pi48-20020a05620a37b000b006e16dcf99c8sm1298975qkn.71 - gsmtp'); 242)
[2023-01-26 17:54:17,530] {local_task_job.py:156} INFO - Task exited with return code 1
[2023-01-26 17:54:17,585] {local_task_job.py:273} INFO - 0 downstream tasks scheduled from follow-on schedule check
