[2023-01-24 02:44:30,094] {taskinstance.py:1179} INFO - Dependencies all met for <TaskInstance: Respuesta_Nasa.Leer_Datos_Respuesta_Nasa scheduled__2023-01-01T02:04:00+00:00 [queued]>
[2023-01-24 02:44:30,121] {taskinstance.py:1179} INFO - Dependencies all met for <TaskInstance: Respuesta_Nasa.Leer_Datos_Respuesta_Nasa scheduled__2023-01-01T02:04:00+00:00 [queued]>
[2023-01-24 02:44:30,121] {taskinstance.py:1376} INFO - 
--------------------------------------------------------------------------------
[2023-01-24 02:44:30,121] {taskinstance.py:1377} INFO - Starting attempt 1 of 2
[2023-01-24 02:44:30,121] {taskinstance.py:1378} INFO - 
--------------------------------------------------------------------------------
[2023-01-24 02:44:30,156] {taskinstance.py:1397} INFO - Executing <Task(BashOperator): Leer_Datos_Respuesta_Nasa> on 2023-01-01 02:04:00+00:00
[2023-01-24 02:44:30,174] {standard_task_runner.py:52} INFO - Started process 2297 to run task
[2023-01-24 02:44:30,183] {standard_task_runner.py:79} INFO - Running: ['***', 'tasks', 'run', 'Respuesta_Nasa', 'Leer_Datos_Respuesta_Nasa', 'scheduled__2023-01-01T02:04:00+00:00', '--job-id', '375', '--raw', '--subdir', 'DAGS_FOLDER/00-ETL_spaceX.py', '--cfg-path', '/tmp/tmpw69i30xu', '--error-file', '/tmp/tmpkft5nbky']
[2023-01-24 02:44:30,185] {standard_task_runner.py:80} INFO - Job 375: Subtask Leer_Datos_Respuesta_Nasa
[2023-01-24 02:44:30,591] {task_command.py:371} INFO - Running <TaskInstance: Respuesta_Nasa.Leer_Datos_Respuesta_Nasa scheduled__2023-01-01T02:04:00+00:00 [running]> on host fd9891b969b0
[2023-01-24 02:44:31,049] {taskinstance.py:1591} INFO - Exporting the following env vars:
AIRFLOW_CTX_DAG_OWNER=me
AIRFLOW_CTX_DAG_ID=Respuesta_Nasa
AIRFLOW_CTX_TASK_ID=Leer_Datos_Respuesta_Nasa
AIRFLOW_CTX_EXECUTION_DATE=2023-01-01T02:04:00+00:00
AIRFLOW_CTX_TRY_NUMBER=1
AIRFLOW_CTX_DAG_RUN_ID=scheduled__2023-01-01T02:04:00+00:00
[2023-01-24 02:44:31,054] {subprocess.py:62} INFO - Tmp dir root location: 
 /tmp
[2023-01-24 02:44:31,057] {subprocess.py:74} INFO - Running command: ['bash', '-c', 'ls /tmp && head /tmp/response_20230101.txt']
[2023-01-24 02:44:31,109] {subprocess.py:85} INFO - Output:
[2023-01-24 02:44:31,137] {subprocess.py:92} INFO - ***tmp7bz14ghu
[2023-01-24 02:44:31,137] {subprocess.py:92} INFO - ***tmpfrxx3wdd
[2023-01-24 02:44:31,137] {subprocess.py:92} INFO - ***tmpfujgn7d4
[2023-01-24 02:44:31,137] {subprocess.py:92} INFO - ***tmpl3i5fo2q
[2023-01-24 02:44:31,137] {subprocess.py:92} INFO - ***tmpp_0ze2by
[2023-01-24 02:44:31,137] {subprocess.py:92} INFO - ***tmprtomnicd
[2023-01-24 02:44:31,138] {subprocess.py:92} INFO - ***tmpvljsuntx
[2023-01-24 02:44:31,138] {subprocess.py:92} INFO - ***tmpz5bxavsz
[2023-01-24 02:44:31,138] {subprocess.py:92} INFO - pymp-igsi0xnb
[2023-01-24 02:44:31,138] {subprocess.py:92} INFO - response_20230101.txt
[2023-01-24 02:44:31,138] {subprocess.py:92} INFO - spacex_20230101.json
[2023-01-24 02:44:31,138] {subprocess.py:92} INFO - tmp99j6z51d
[2023-01-24 02:44:31,138] {subprocess.py:92} INFO - tmp_6qpq8nj
[2023-01-24 02:44:31,139] {subprocess.py:92} INFO - tmpc75ga2hk
[2023-01-24 02:44:31,140] {subprocess.py:92} INFO - tmpefnguzob
[2023-01-24 02:44:31,140] {subprocess.py:92} INFO - tmpfhhh4soa
[2023-01-24 02:44:31,140] {subprocess.py:92} INFO - tmpgymzeckn
[2023-01-24 02:44:31,141] {subprocess.py:92} INFO - tmpkft5nbky
[2023-01-24 02:44:31,141] {subprocess.py:92} INFO - tmpnvc2r2ky
[2023-01-24 02:44:31,141] {subprocess.py:92} INFO - tmppamgllzs
[2023-01-24 02:44:31,141] {subprocess.py:92} INFO - tmpv9cfzqlf
[2023-01-24 02:44:31,141] {subprocess.py:92} INFO - tmpzuvfogy2
[2023-01-24 02:44:31,156] {subprocess.py:92} INFO - Confirmación de la NASA, pueden proceder
[2023-01-24 02:44:31,157] {subprocess.py:96} INFO - Command exited with return code 0
[2023-01-24 02:44:31,329] {taskinstance.py:1420} INFO - Marking task as SUCCESS. dag_id=Respuesta_Nasa, task_id=Leer_Datos_Respuesta_Nasa, execution_date=20230101T020400, start_date=20230124T024430, end_date=20230124T024431
[2023-01-24 02:44:31,423] {local_task_job.py:156} INFO - Task exited with return code 0
[2023-01-24 02:44:31,561] {local_task_job.py:273} INFO - 1 downstream tasks scheduled from follow-on schedule check
