[2023-01-24 02:44:27,627] {taskinstance.py:1179} INFO - Dependencies all met for <TaskInstance: Respuesta_Nasa.Leer_Datos_Respuesta_Nasa scheduled__2023-01-01T02:01:00+00:00 [queued]>
[2023-01-24 02:44:27,711] {taskinstance.py:1179} INFO - Dependencies all met for <TaskInstance: Respuesta_Nasa.Leer_Datos_Respuesta_Nasa scheduled__2023-01-01T02:01:00+00:00 [queued]>
[2023-01-24 02:44:27,711] {taskinstance.py:1376} INFO - 
--------------------------------------------------------------------------------
[2023-01-24 02:44:27,711] {taskinstance.py:1377} INFO - Starting attempt 1 of 2
[2023-01-24 02:44:27,711] {taskinstance.py:1378} INFO - 
--------------------------------------------------------------------------------
[2023-01-24 02:44:27,802] {taskinstance.py:1397} INFO - Executing <Task(BashOperator): Leer_Datos_Respuesta_Nasa> on 2023-01-01 02:01:00+00:00
[2023-01-24 02:44:27,815] {standard_task_runner.py:52} INFO - Started process 2260 to run task
[2023-01-24 02:44:27,836] {standard_task_runner.py:79} INFO - Running: ['***', 'tasks', 'run', 'Respuesta_Nasa', 'Leer_Datos_Respuesta_Nasa', 'scheduled__2023-01-01T02:01:00+00:00', '--job-id', '364', '--raw', '--subdir', 'DAGS_FOLDER/00-ETL_spaceX.py', '--cfg-path', '/tmp/tmphtcdl123', '--error-file', '/tmp/tmpkkrsx_fu']
[2023-01-24 02:44:27,838] {standard_task_runner.py:80} INFO - Job 364: Subtask Leer_Datos_Respuesta_Nasa
[2023-01-24 02:44:28,191] {task_command.py:371} INFO - Running <TaskInstance: Respuesta_Nasa.Leer_Datos_Respuesta_Nasa scheduled__2023-01-01T02:01:00+00:00 [running]> on host fd9891b969b0
[2023-01-24 02:44:28,784] {taskinstance.py:1591} INFO - Exporting the following env vars:
AIRFLOW_CTX_DAG_OWNER=me
AIRFLOW_CTX_DAG_ID=Respuesta_Nasa
AIRFLOW_CTX_TASK_ID=Leer_Datos_Respuesta_Nasa
AIRFLOW_CTX_EXECUTION_DATE=2023-01-01T02:01:00+00:00
AIRFLOW_CTX_TRY_NUMBER=1
AIRFLOW_CTX_DAG_RUN_ID=scheduled__2023-01-01T02:01:00+00:00
[2023-01-24 02:44:28,787] {subprocess.py:62} INFO - Tmp dir root location: 
 /tmp
[2023-01-24 02:44:28,789] {subprocess.py:74} INFO - Running command: ['bash', '-c', 'ls /tmp && head /tmp/response_20230101.txt']
[2023-01-24 02:44:28,876] {subprocess.py:85} INFO - Output:
[2023-01-24 02:44:28,897] {subprocess.py:92} INFO - ***tmpv1roiq3j
[2023-01-24 02:44:28,898] {subprocess.py:92} INFO - pymp-igsi0xnb
[2023-01-24 02:44:28,898] {subprocess.py:92} INFO - response_20230101.txt
[2023-01-24 02:44:28,898] {subprocess.py:92} INFO - spacex_20230101.json
[2023-01-24 02:44:28,898] {subprocess.py:92} INFO - tmp2atlyfna
[2023-01-24 02:44:28,899] {subprocess.py:92} INFO - tmp9w061w14
[2023-01-24 02:44:28,899] {subprocess.py:92} INFO - tmph3vcvvxv
[2023-01-24 02:44:28,899] {subprocess.py:92} INFO - tmpi39hkywi
[2023-01-24 02:44:28,899] {subprocess.py:92} INFO - tmpkkrsx_fu
[2023-01-24 02:44:28,899] {subprocess.py:92} INFO - tmpnvc2r2ky
[2023-01-24 02:44:28,932] {subprocess.py:92} INFO - Confirmación de la NASA, pueden proceder
[2023-01-24 02:44:28,936] {subprocess.py:96} INFO - Command exited with return code 0
[2023-01-24 02:44:29,403] {taskinstance.py:1420} INFO - Marking task as SUCCESS. dag_id=Respuesta_Nasa, task_id=Leer_Datos_Respuesta_Nasa, execution_date=20230101T020100, start_date=20230124T024427, end_date=20230124T024429
[2023-01-24 02:44:29,490] {local_task_job.py:156} INFO - Task exited with return code 0
[2023-01-24 02:44:29,673] {local_task_job.py:273} INFO - 1 downstream tasks scheduled from follow-on schedule check
