[2023-01-24 02:40:30,057] {taskinstance.py:1179} INFO - Dependencies all met for <TaskInstance: Respuesta_Nasa.Obtener_Datos_SPACEX scheduled__2023-01-01T00:06:00+00:00 [queued]>
[2023-01-24 02:40:30,084] {taskinstance.py:1179} INFO - Dependencies all met for <TaskInstance: Respuesta_Nasa.Obtener_Datos_SPACEX scheduled__2023-01-01T00:06:00+00:00 [queued]>
[2023-01-24 02:40:30,084] {taskinstance.py:1376} INFO - 
--------------------------------------------------------------------------------
[2023-01-24 02:40:30,088] {taskinstance.py:1377} INFO - Starting attempt 1 of 2
[2023-01-24 02:40:30,088] {taskinstance.py:1378} INFO - 
--------------------------------------------------------------------------------
[2023-01-24 02:40:30,133] {taskinstance.py:1397} INFO - Executing <Task(BashOperator): Obtener_Datos_SPACEX> on 2023-01-01 00:06:00+00:00
[2023-01-24 02:40:30,148] {standard_task_runner.py:52} INFO - Started process 328 to run task
[2023-01-24 02:40:30,158] {standard_task_runner.py:79} INFO - Running: ['***', 'tasks', 'run', 'Respuesta_Nasa', 'Obtener_Datos_SPACEX', 'scheduled__2023-01-01T00:06:00+00:00', '--job-id', '39', '--raw', '--subdir', 'DAGS_FOLDER/00-ETL_spaceX.py', '--cfg-path', '/tmp/tmpsj5a3n5z', '--error-file', '/tmp/tmp89vc3o14']
[2023-01-24 02:40:30,160] {standard_task_runner.py:80} INFO - Job 39: Subtask Obtener_Datos_SPACEX
[2023-01-24 02:40:30,365] {task_command.py:371} INFO - Running <TaskInstance: Respuesta_Nasa.Obtener_Datos_SPACEX scheduled__2023-01-01T00:06:00+00:00 [running]> on host fd9891b969b0
[2023-01-24 02:40:30,637] {taskinstance.py:1591} INFO - Exporting the following env vars:
AIRFLOW_CTX_DAG_OWNER=me
AIRFLOW_CTX_DAG_ID=Respuesta_Nasa
AIRFLOW_CTX_TASK_ID=Obtener_Datos_SPACEX
AIRFLOW_CTX_EXECUTION_DATE=2023-01-01T00:06:00+00:00
AIRFLOW_CTX_TRY_NUMBER=1
AIRFLOW_CTX_DAG_RUN_ID=scheduled__2023-01-01T00:06:00+00:00
[2023-01-24 02:40:30,643] {subprocess.py:62} INFO - Tmp dir root location: 
 /tmp
[2023-01-24 02:40:30,644] {subprocess.py:74} INFO - Running command: ['bash', '-c', 'curl https://api.spacexdata.com/v4/launches/past > /tmp/spacex_20230101.json']
[2023-01-24 02:40:30,680] {subprocess.py:85} INFO - Output:
[2023-01-24 02:40:30,694] {subprocess.py:92} INFO -   % Total    % Received % Xferd  Average Speed   Time    Time     Time  Current
[2023-01-24 02:40:30,695] {subprocess.py:92} INFO -                                  Dload  Upload   Total   Spent    Left  Speed
[2023-01-24 02:40:32,494] {subprocess.py:92} INFO -   0     0    0     0    0     0      0      0 --:--:-- --:--:-- --:--:--     0100 51901    0 51901    0     0  52109      0 --:--:-- --:--:-- --:--:-- 52057100  406k    0  406k    0     0   225k      0 --:--:--  0:00:01 --:--:--  225k
[2023-01-24 02:40:32,499] {subprocess.py:96} INFO - Command exited with return code 0
[2023-01-24 02:40:32,647] {taskinstance.py:1420} INFO - Marking task as SUCCESS. dag_id=Respuesta_Nasa, task_id=Obtener_Datos_SPACEX, execution_date=20230101T000600, start_date=20230124T024030, end_date=20230124T024032
[2023-01-24 02:40:32,837] {local_task_job.py:156} INFO - Task exited with return code 0
[2023-01-24 02:40:32,928] {local_task_job.py:273} INFO - 0 downstream tasks scheduled from follow-on schedule check
