[2023-01-24 03:37:55,655] {taskinstance.py:1179} INFO - Dependencies all met for <TaskInstance: Respuesta_Nasa.Obtener_Datos_SPACEX scheduled__2023-01-02T00:00:00+00:00 [queued]>
[2023-01-24 03:37:55,668] {taskinstance.py:1179} INFO - Dependencies all met for <TaskInstance: Respuesta_Nasa.Obtener_Datos_SPACEX scheduled__2023-01-02T00:00:00+00:00 [queued]>
[2023-01-24 03:37:55,668] {taskinstance.py:1376} INFO - 
--------------------------------------------------------------------------------
[2023-01-24 03:37:55,668] {taskinstance.py:1377} INFO - Starting attempt 1 of 3
[2023-01-24 03:37:55,668] {taskinstance.py:1378} INFO - 
--------------------------------------------------------------------------------
[2023-01-24 03:37:55,683] {taskinstance.py:1397} INFO - Executing <Task(BashOperator): Obtener_Datos_SPACEX> on 2023-01-02 00:00:00+00:00
[2023-01-24 03:37:55,688] {standard_task_runner.py:52} INFO - Started process 2349 to run task
[2023-01-24 03:37:55,691] {standard_task_runner.py:79} INFO - Running: ['***', 'tasks', 'run', 'Respuesta_Nasa', 'Obtener_Datos_SPACEX', 'scheduled__2023-01-02T00:00:00+00:00', '--job-id', '420', '--raw', '--subdir', 'DAGS_FOLDER/00-ETL_spaceX.py', '--cfg-path', '/tmp/tmp5ushn1g2', '--error-file', '/tmp/tmpavp8x902']
[2023-01-24 03:37:55,692] {standard_task_runner.py:80} INFO - Job 420: Subtask Obtener_Datos_SPACEX
[2023-01-24 03:37:55,764] {task_command.py:371} INFO - Running <TaskInstance: Respuesta_Nasa.Obtener_Datos_SPACEX scheduled__2023-01-02T00:00:00+00:00 [running]> on host fd9891b969b0
[2023-01-24 03:37:55,848] {taskinstance.py:1591} INFO - Exporting the following env vars:
AIRFLOW_CTX_DAG_OWNER=me
AIRFLOW_CTX_DAG_ID=Respuesta_Nasa
AIRFLOW_CTX_TASK_ID=Obtener_Datos_SPACEX
AIRFLOW_CTX_EXECUTION_DATE=2023-01-02T00:00:00+00:00
AIRFLOW_CTX_TRY_NUMBER=1
AIRFLOW_CTX_DAG_RUN_ID=scheduled__2023-01-02T00:00:00+00:00
[2023-01-24 03:37:55,849] {subprocess.py:62} INFO - Tmp dir root location: 
 /tmp
[2023-01-24 03:37:55,850] {subprocess.py:74} INFO - Running command: ['bash', '-c', 'curl https://api.spacexdata.com/v4/launches/past > /tmp/spacex_20230102.json']
[2023-01-24 03:37:55,860] {subprocess.py:85} INFO - Output:
[2023-01-24 03:37:55,869] {subprocess.py:92} INFO -   % Total    % Received % Xferd  Average Speed   Time    Time     Time  Current
[2023-01-24 03:37:55,869] {subprocess.py:92} INFO -                                  Dload  Upload   Total   Spent    Left  Speed
[2023-01-24 03:37:56,773] {subprocess.py:92} INFO -   0     0    0     0    0     0      0      0 --:--:-- --:--:-- --:--:--     0100  237k    0  237k    0     0   313k      0 --:--:-- --:--:-- --:--:--  312k100  406k    0  406k    0     0   449k      0 --:--:-- --:--:-- --:--:--  449k
[2023-01-24 03:37:56,778] {subprocess.py:96} INFO - Command exited with return code 0
[2023-01-24 03:37:56,818] {taskinstance.py:1420} INFO - Marking task as SUCCESS. dag_id=Respuesta_Nasa, task_id=Obtener_Datos_SPACEX, execution_date=20230102T000000, start_date=20230124T033755, end_date=20230124T033756
[2023-01-24 03:37:56,866] {local_task_job.py:156} INFO - Task exited with return code 0
[2023-01-24 03:37:56,929] {local_task_job.py:273} INFO - 1 downstream tasks scheduled from follow-on schedule check
