[2023-01-26 18:08:19,123] {taskinstance.py:1179} INFO - Dependencies all met for <TaskInstance: Respuesta_Nasa.Obtener_Datos_SPACEX scheduled__2023-01-02T00:00:00+00:00 [queued]>
[2023-01-26 18:08:19,139] {taskinstance.py:1179} INFO - Dependencies all met for <TaskInstance: Respuesta_Nasa.Obtener_Datos_SPACEX scheduled__2023-01-02T00:00:00+00:00 [queued]>
[2023-01-26 18:08:19,139] {taskinstance.py:1376} INFO - 
--------------------------------------------------------------------------------
[2023-01-26 18:08:19,139] {taskinstance.py:1377} INFO - Starting attempt 10 of 12
[2023-01-26 18:08:19,139] {taskinstance.py:1378} INFO - 
--------------------------------------------------------------------------------
[2023-01-26 18:08:19,155] {taskinstance.py:1397} INFO - Executing <Task(BashOperator): Obtener_Datos_SPACEX> on 2023-01-02 00:00:00+00:00
[2023-01-26 18:08:19,160] {standard_task_runner.py:52} INFO - Started process 944 to run task
[2023-01-26 18:08:19,163] {standard_task_runner.py:79} INFO - Running: ['***', 'tasks', 'run', 'Respuesta_Nasa', 'Obtener_Datos_SPACEX', 'scheduled__2023-01-02T00:00:00+00:00', '--job-id', '659', '--raw', '--subdir', 'DAGS_FOLDER/00-ETL_spaceX.py', '--cfg-path', '/tmp/tmpjd511kax', '--error-file', '/tmp/tmpxzgxjnlh']
[2023-01-26 18:08:19,165] {standard_task_runner.py:80} INFO - Job 659: Subtask Obtener_Datos_SPACEX
[2023-01-26 18:08:19,241] {task_command.py:371} INFO - Running <TaskInstance: Respuesta_Nasa.Obtener_Datos_SPACEX scheduled__2023-01-02T00:00:00+00:00 [running]> on host da6de88268cf
[2023-01-26 18:08:19,327] {taskinstance.py:1591} INFO - Exporting the following env vars:
AIRFLOW_CTX_DAG_EMAIL=frandak2@gmail.com
AIRFLOW_CTX_DAG_OWNER=***
AIRFLOW_CTX_DAG_ID=Respuesta_Nasa
AIRFLOW_CTX_TASK_ID=Obtener_Datos_SPACEX
AIRFLOW_CTX_EXECUTION_DATE=2023-01-02T00:00:00+00:00
AIRFLOW_CTX_TRY_NUMBER=10
AIRFLOW_CTX_DAG_RUN_ID=scheduled__2023-01-02T00:00:00+00:00
[2023-01-26 18:08:19,329] {subprocess.py:62} INFO - Tmp dir root location: 
 /tmp
[2023-01-26 18:08:19,330] {subprocess.py:74} INFO - Running command: ['bash', '-c', 'curl https://api.spacexdata.com/v4/launches/past > /tmp/spacex_20230102.json']
[2023-01-26 18:08:19,341] {subprocess.py:85} INFO - Output:
[2023-01-26 18:08:19,350] {subprocess.py:92} INFO -   % Total    % Received % Xferd  Average Speed   Time    Time     Time  Current
[2023-01-26 18:08:19,350] {subprocess.py:92} INFO -                                  Dload  Upload   Total   Spent    Left  Speed
[2023-01-26 18:08:19,978] {subprocess.py:92} INFO -   0     0    0     0    0     0      0      0 --:--:-- --:--:-- --:--:--     0100 49320    0 49320    0     0   101k      0 --:--:-- --:--:-- --:--:--  101k100  406k    0  406k    0     0   648k      0 --:--:-- --:--:-- --:--:--  647k
[2023-01-26 18:08:19,981] {subprocess.py:96} INFO - Command exited with return code 0
[2023-01-26 18:08:20,026] {taskinstance.py:1420} INFO - Marking task as SUCCESS. dag_id=Respuesta_Nasa, task_id=Obtener_Datos_SPACEX, execution_date=20230102T000000, start_date=20230126T180819, end_date=20230126T180820
[2023-01-26 18:08:20,058] {local_task_job.py:156} INFO - Task exited with return code 0
[2023-01-26 18:08:20,131] {local_task_job.py:273} INFO - 1 downstream tasks scheduled from follow-on schedule check
