[2023-01-26T18:22:30.586+0000] {taskinstance.py:1165} INFO - Dependencies all met for <TaskInstance: Respuesta_Nasa.Obtener_Datos_SPACEX scheduled__2023-01-02T00:00:00+00:00 [queued]>
[2023-01-26T18:22:30.601+0000] {taskinstance.py:1165} INFO - Dependencies all met for <TaskInstance: Respuesta_Nasa.Obtener_Datos_SPACEX scheduled__2023-01-02T00:00:00+00:00 [queued]>
[2023-01-26T18:22:30.602+0000] {taskinstance.py:1362} INFO - 
--------------------------------------------------------------------------------
[2023-01-26T18:22:30.602+0000] {taskinstance.py:1363} INFO - Starting attempt 11 of 13
[2023-01-26T18:22:30.602+0000] {taskinstance.py:1364} INFO - 
--------------------------------------------------------------------------------
[2023-01-26T18:22:30.617+0000] {taskinstance.py:1383} INFO - Executing <Task(BashOperator): Obtener_Datos_SPACEX> on 2023-01-02 00:00:00+00:00
[2023-01-26T18:22:30.623+0000] {standard_task_runner.py:55} INFO - Started process 377 to run task
[2023-01-26T18:22:30.627+0000] {standard_task_runner.py:82} INFO - Running: ['***', 'tasks', 'run', 'Respuesta_Nasa', 'Obtener_Datos_SPACEX', 'scheduled__2023-01-02T00:00:00+00:00', '--job-id', '695', '--raw', '--subdir', 'DAGS_FOLDER/00-ETL_spaceX.py', '--cfg-path', '/tmp/tmp9weu_3jq']
[2023-01-26T18:22:30.630+0000] {standard_task_runner.py:83} INFO - Job 695: Subtask Obtener_Datos_SPACEX
[2023-01-26T18:22:30.699+0000] {task_command.py:376} INFO - Running <TaskInstance: Respuesta_Nasa.Obtener_Datos_SPACEX scheduled__2023-01-02T00:00:00+00:00 [running]> on host 3b3ab7bab1a5
[2023-01-26T18:22:30.816+0000] {taskinstance.py:1592} INFO - Exporting the following env vars:
AIRFLOW_CTX_DAG_EMAIL=frandak2@gmail.com
AIRFLOW_CTX_DAG_OWNER=***
AIRFLOW_CTX_DAG_ID=Respuesta_Nasa
AIRFLOW_CTX_TASK_ID=Obtener_Datos_SPACEX
AIRFLOW_CTX_EXECUTION_DATE=2023-01-02T00:00:00+00:00
AIRFLOW_CTX_TRY_NUMBER=11
AIRFLOW_CTX_DAG_RUN_ID=scheduled__2023-01-02T00:00:00+00:00
[2023-01-26T18:22:30.818+0000] {subprocess.py:63} INFO - Tmp dir root location: 
 /tmp
[2023-01-26T18:22:30.819+0000] {subprocess.py:75} INFO - Running command: ['/bin/bash', '-c', 'curl https://api.spacexdata.com/v4/launches/past > /tmp/spacex_20230102.json']
[2023-01-26T18:22:30.832+0000] {subprocess.py:86} INFO - Output:
[2023-01-26T18:22:30.841+0000] {subprocess.py:93} INFO -   % Total    % Received % Xferd  Average Speed   Time    Time     Time  Current
[2023-01-26T18:22:30.841+0000] {subprocess.py:93} INFO -                                  Dload  Upload   Total   Spent    Left  Speed
[2023-01-26T18:22:32.459+0000] {subprocess.py:93} INFO -   0     0    0     0    0     0      0      0 --:--:-- --:--:-- --:--:--     0  0     0    0     0    0     0      0      0 --:--:--  0:00:01 --:--:--     0100  406k    0  406k    0     0   251k      0 --:--:--  0:00:01 --:--:--  251k
[2023-01-26T18:22:32.503+0000] {subprocess.py:97} INFO - Command exited with return code 0
[2023-01-26T18:22:32.546+0000] {taskinstance.py:1406} INFO - Marking task as SUCCESS. dag_id=Respuesta_Nasa, task_id=Obtener_Datos_SPACEX, execution_date=20230102T000000, start_date=20230126T182230, end_date=20230126T182232
[2023-01-26T18:22:32.608+0000] {local_task_job.py:159} INFO - Task exited with return code 0
[2023-01-26T18:22:32.659+0000] {taskinstance.py:2623} INFO - 1 downstream tasks scheduled from follow-on schedule check
