[2023-01-24 03:41:49,516] {taskinstance.py:1179} INFO - Dependencies all met for <TaskInstance: Respuesta_Nasa.Obtener_Datos_SPACEX scheduled__2023-01-02T00:00:00+00:00 [queued]>
[2023-01-24 03:41:49,530] {taskinstance.py:1179} INFO - Dependencies all met for <TaskInstance: Respuesta_Nasa.Obtener_Datos_SPACEX scheduled__2023-01-02T00:00:00+00:00 [queued]>
[2023-01-24 03:41:49,530] {taskinstance.py:1376} INFO - 
--------------------------------------------------------------------------------
[2023-01-24 03:41:49,530] {taskinstance.py:1377} INFO - Starting attempt 2 of 4
[2023-01-24 03:41:49,530] {taskinstance.py:1378} INFO - 
--------------------------------------------------------------------------------
[2023-01-24 03:41:49,546] {taskinstance.py:1397} INFO - Executing <Task(BashOperator): Obtener_Datos_SPACEX> on 2023-01-02 00:00:00+00:00
[2023-01-24 03:41:49,551] {standard_task_runner.py:52} INFO - Started process 2641 to run task
[2023-01-24 03:41:49,555] {standard_task_runner.py:79} INFO - Running: ['***', 'tasks', 'run', 'Respuesta_Nasa', 'Obtener_Datos_SPACEX', 'scheduled__2023-01-02T00:00:00+00:00', '--job-id', '445', '--raw', '--subdir', 'DAGS_FOLDER/00-ETL_spaceX.py', '--cfg-path', '/tmp/tmp8p8zu35q', '--error-file', '/tmp/tmpr8hn8f6q']
[2023-01-24 03:41:49,557] {standard_task_runner.py:80} INFO - Job 445: Subtask Obtener_Datos_SPACEX
[2023-01-24 03:41:49,640] {task_command.py:371} INFO - Running <TaskInstance: Respuesta_Nasa.Obtener_Datos_SPACEX scheduled__2023-01-02T00:00:00+00:00 [running]> on host fd9891b969b0
[2023-01-24 03:41:49,765] {taskinstance.py:1591} INFO - Exporting the following env vars:
AIRFLOW_CTX_DAG_OWNER=me
AIRFLOW_CTX_DAG_ID=Respuesta_Nasa
AIRFLOW_CTX_TASK_ID=Obtener_Datos_SPACEX
AIRFLOW_CTX_EXECUTION_DATE=2023-01-02T00:00:00+00:00
AIRFLOW_CTX_TRY_NUMBER=2
AIRFLOW_CTX_DAG_RUN_ID=scheduled__2023-01-02T00:00:00+00:00
[2023-01-24 03:41:49,767] {subprocess.py:62} INFO - Tmp dir root location: 
 /tmp
[2023-01-24 03:41:49,767] {subprocess.py:74} INFO - Running command: ['bash', '-c', 'curl https://api.spacexdata.com/v4/launches/past > /tmp/spacex_20230102.json']
[2023-01-24 03:41:49,779] {subprocess.py:85} INFO - Output:
[2023-01-24 03:41:49,790] {subprocess.py:92} INFO -   % Total    % Received % Xferd  Average Speed   Time    Time     Time  Current
[2023-01-24 03:41:49,790] {subprocess.py:92} INFO -                                  Dload  Upload   Total   Spent    Left  Speed
[2023-01-24 03:41:50,716] {subprocess.py:92} INFO -   0     0    0     0    0     0      0      0 --:--:-- --:--:-- --:--:--     0100  297k    0  297k    0     0   348k      0 --:--:-- --:--:-- --:--:--  347k100  406k    0  406k    0     0   439k      0 --:--:-- --:--:-- --:--:--  439k
[2023-01-24 03:41:50,720] {subprocess.py:96} INFO - Command exited with return code 0
[2023-01-24 03:41:50,815] {taskinstance.py:1420} INFO - Marking task as SUCCESS. dag_id=Respuesta_Nasa, task_id=Obtener_Datos_SPACEX, execution_date=20230102T000000, start_date=20230124T034149, end_date=20230124T034150
[2023-01-24 03:41:50,850] {local_task_job.py:156} INFO - Task exited with return code 0
[2023-01-24 03:41:50,920] {local_task_job.py:273} INFO - 1 downstream tasks scheduled from follow-on schedule check
