[2023-01-26 15:59:04,404] {taskinstance.py:1179} INFO - Dependencies all met for <TaskInstance: Respuesta_Nasa.Obtener_Datos_SPACEX scheduled__2023-01-02T00:00:00+00:00 [queued]>
[2023-01-26 15:59:04,416] {taskinstance.py:1179} INFO - Dependencies all met for <TaskInstance: Respuesta_Nasa.Obtener_Datos_SPACEX scheduled__2023-01-02T00:00:00+00:00 [queued]>
[2023-01-26 15:59:04,416] {taskinstance.py:1376} INFO - 
--------------------------------------------------------------------------------
[2023-01-26 15:59:04,416] {taskinstance.py:1377} INFO - Starting attempt 5 of 7
[2023-01-26 15:59:04,417] {taskinstance.py:1378} INFO - 
--------------------------------------------------------------------------------
[2023-01-26 15:59:04,436] {taskinstance.py:1397} INFO - Executing <Task(BashOperator): Obtener_Datos_SPACEX> on 2023-01-02 00:00:00+00:00
[2023-01-26 15:59:04,441] {standard_task_runner.py:52} INFO - Started process 1173 to run task
[2023-01-26 15:59:04,445] {standard_task_runner.py:79} INFO - Running: ['***', 'tasks', 'run', 'Respuesta_Nasa', 'Obtener_Datos_SPACEX', 'scheduled__2023-01-02T00:00:00+00:00', '--job-id', '516', '--raw', '--subdir', 'DAGS_FOLDER/00-ETL_spaceX.py', '--cfg-path', '/tmp/tmpb1j7kn5v', '--error-file', '/tmp/tmpxph6nqyx']
[2023-01-26 15:59:04,446] {standard_task_runner.py:80} INFO - Job 516: Subtask Obtener_Datos_SPACEX
[2023-01-26 15:59:04,520] {task_command.py:371} INFO - Running <TaskInstance: Respuesta_Nasa.Obtener_Datos_SPACEX scheduled__2023-01-02T00:00:00+00:00 [running]> on host fd9891b969b0
[2023-01-26 15:59:04,605] {taskinstance.py:1591} INFO - Exporting the following env vars:
AIRFLOW_CTX_DAG_OWNER=me
AIRFLOW_CTX_DAG_ID=Respuesta_Nasa
AIRFLOW_CTX_TASK_ID=Obtener_Datos_SPACEX
AIRFLOW_CTX_EXECUTION_DATE=2023-01-02T00:00:00+00:00
AIRFLOW_CTX_TRY_NUMBER=5
AIRFLOW_CTX_DAG_RUN_ID=scheduled__2023-01-02T00:00:00+00:00
[2023-01-26 15:59:04,606] {subprocess.py:62} INFO - Tmp dir root location: 
 /tmp
[2023-01-26 15:59:04,607] {subprocess.py:74} INFO - Running command: ['bash', '-c', 'curl https://api.spacexdata.com/v4/launches/past > /tmp/spacex_20230102.json']
[2023-01-26 15:59:04,618] {subprocess.py:85} INFO - Output:
[2023-01-26 15:59:04,627] {subprocess.py:92} INFO -   % Total    % Received % Xferd  Average Speed   Time    Time     Time  Current
[2023-01-26 15:59:04,627] {subprocess.py:92} INFO -                                  Dload  Upload   Total   Spent    Left  Speed
[2023-01-26 15:59:05,439] {subprocess.py:92} INFO -   0     0    0     0    0     0      0      0 --:--:-- --:--:-- --:--:--     0  0     0    0     0    0     0      0      0 --:--:-- --:--:-- --:--:--     0100  406k    0  406k    0     0   500k      0 --:--:-- --:--:-- --:--:--  500k
[2023-01-26 15:59:05,443] {subprocess.py:96} INFO - Command exited with return code 0
[2023-01-26 15:59:05,493] {taskinstance.py:1420} INFO - Marking task as SUCCESS. dag_id=Respuesta_Nasa, task_id=Obtener_Datos_SPACEX, execution_date=20230102T000000, start_date=20230126T155904, end_date=20230126T155905
[2023-01-26 15:59:05,540] {local_task_job.py:156} INFO - Task exited with return code 0
[2023-01-26 15:59:05,592] {local_task_job.py:273} INFO - 1 downstream tasks scheduled from follow-on schedule check
