[2023-01-26 17:53:29,296] {taskinstance.py:1179} INFO - Dependencies all met for <TaskInstance: Respuesta_Nasa.Obtener_Datos_SPACEX scheduled__2023-01-02T00:00:00+00:00 [queued]>
[2023-01-26 17:53:29,311] {taskinstance.py:1179} INFO - Dependencies all met for <TaskInstance: Respuesta_Nasa.Obtener_Datos_SPACEX scheduled__2023-01-02T00:00:00+00:00 [queued]>
[2023-01-26 17:53:29,312] {taskinstance.py:1376} INFO - 
--------------------------------------------------------------------------------
[2023-01-26 17:53:29,312] {taskinstance.py:1377} INFO - Starting attempt 9 of 11
[2023-01-26 17:53:29,312] {taskinstance.py:1378} INFO - 
--------------------------------------------------------------------------------
[2023-01-26 17:53:29,334] {taskinstance.py:1397} INFO - Executing <Task(BashOperator): Obtener_Datos_SPACEX> on 2023-01-02 00:00:00+00:00
[2023-01-26 17:53:29,340] {standard_task_runner.py:52} INFO - Started process 170 to run task
[2023-01-26 17:53:29,343] {standard_task_runner.py:79} INFO - Running: ['***', 'tasks', 'run', 'Respuesta_Nasa', 'Obtener_Datos_SPACEX', 'scheduled__2023-01-02T00:00:00+00:00', '--job-id', '634', '--raw', '--subdir', 'DAGS_FOLDER/00-ETL_spaceX.py', '--cfg-path', '/tmp/tmpwxx4vbwr', '--error-file', '/tmp/tmp_gcsacfp']
[2023-01-26 17:53:29,344] {standard_task_runner.py:80} INFO - Job 634: Subtask Obtener_Datos_SPACEX
[2023-01-26 17:53:29,420] {task_command.py:371} INFO - Running <TaskInstance: Respuesta_Nasa.Obtener_Datos_SPACEX scheduled__2023-01-02T00:00:00+00:00 [running]> on host da6de88268cf
[2023-01-26 17:53:29,512] {taskinstance.py:1591} INFO - Exporting the following env vars:
AIRFLOW_CTX_DAG_OWNER=***
AIRFLOW_CTX_DAG_ID=Respuesta_Nasa
AIRFLOW_CTX_TASK_ID=Obtener_Datos_SPACEX
AIRFLOW_CTX_EXECUTION_DATE=2023-01-02T00:00:00+00:00
AIRFLOW_CTX_TRY_NUMBER=9
AIRFLOW_CTX_DAG_RUN_ID=scheduled__2023-01-02T00:00:00+00:00
[2023-01-26 17:53:29,514] {subprocess.py:62} INFO - Tmp dir root location: 
 /tmp
[2023-01-26 17:53:29,514] {subprocess.py:74} INFO - Running command: ['bash', '-c', 'curl https://api.spacexdata.com/v4/launches/past > /tmp/spacex_20230102.json']
[2023-01-26 17:53:29,528] {subprocess.py:85} INFO - Output:
[2023-01-26 17:53:29,539] {subprocess.py:92} INFO -   % Total    % Received % Xferd  Average Speed   Time    Time     Time  Current
[2023-01-26 17:53:29,540] {subprocess.py:92} INFO -                                  Dload  Upload   Total   Spent    Left  Speed
[2023-01-26 17:53:30,286] {subprocess.py:92} INFO -   0     0    0     0    0     0      0      0 --:--:-- --:--:-- --:--:--     0  0     0    0     0    0     0      0      0 --:--:-- --:--:-- --:--:--     0100  406k    0  406k    0     0   544k      0 --:--:-- --:--:-- --:--:--  544k
[2023-01-26 17:53:30,289] {subprocess.py:96} INFO - Command exited with return code 0
[2023-01-26 17:53:30,321] {taskinstance.py:1420} INFO - Marking task as SUCCESS. dag_id=Respuesta_Nasa, task_id=Obtener_Datos_SPACEX, execution_date=20230102T000000, start_date=20230126T175329, end_date=20230126T175330
[2023-01-26 17:53:30,365] {local_task_job.py:156} INFO - Task exited with return code 0
[2023-01-26 17:53:30,427] {local_task_job.py:273} INFO - 1 downstream tasks scheduled from follow-on schedule check
