[2023-01-26 17:20:23,281] {taskinstance.py:1179} INFO - Dependencies all met for <TaskInstance: Respuesta_Nasa.Obtener_Datos_SPACEX scheduled__2023-01-02T00:00:00+00:00 [queued]>
[2023-01-26 17:20:23,294] {taskinstance.py:1179} INFO - Dependencies all met for <TaskInstance: Respuesta_Nasa.Obtener_Datos_SPACEX scheduled__2023-01-02T00:00:00+00:00 [queued]>
[2023-01-26 17:20:23,294] {taskinstance.py:1376} INFO - 
--------------------------------------------------------------------------------
[2023-01-26 17:20:23,294] {taskinstance.py:1377} INFO - Starting attempt 8 of 10
[2023-01-26 17:20:23,294] {taskinstance.py:1378} INFO - 
--------------------------------------------------------------------------------
[2023-01-26 17:20:23,311] {taskinstance.py:1397} INFO - Executing <Task(BashOperator): Obtener_Datos_SPACEX> on 2023-01-02 00:00:00+00:00
[2023-01-26 17:20:23,318] {standard_task_runner.py:52} INFO - Started process 1105 to run task
[2023-01-26 17:20:23,321] {standard_task_runner.py:79} INFO - Running: ['***', 'tasks', 'run', 'Respuesta_Nasa', 'Obtener_Datos_SPACEX', 'scheduled__2023-01-02T00:00:00+00:00', '--job-id', '603', '--raw', '--subdir', 'DAGS_FOLDER/00-ETL_spaceX.py', '--cfg-path', '/tmp/tmpgirjowz6', '--error-file', '/tmp/tmp7_s72ao8']
[2023-01-26 17:20:23,322] {standard_task_runner.py:80} INFO - Job 603: Subtask Obtener_Datos_SPACEX
[2023-01-26 17:20:23,406] {task_command.py:371} INFO - Running <TaskInstance: Respuesta_Nasa.Obtener_Datos_SPACEX scheduled__2023-01-02T00:00:00+00:00 [running]> on host afaa1e0ff064
[2023-01-26 17:20:23,517] {taskinstance.py:1591} INFO - Exporting the following env vars:
AIRFLOW_CTX_DAG_EMAIL=davidmontenegro2403@gmail.com
AIRFLOW_CTX_DAG_OWNER=me
AIRFLOW_CTX_DAG_ID=Respuesta_Nasa
AIRFLOW_CTX_TASK_ID=Obtener_Datos_SPACEX
AIRFLOW_CTX_EXECUTION_DATE=2023-01-02T00:00:00+00:00
AIRFLOW_CTX_TRY_NUMBER=8
AIRFLOW_CTX_DAG_RUN_ID=scheduled__2023-01-02T00:00:00+00:00
[2023-01-26 17:20:23,519] {subprocess.py:62} INFO - Tmp dir root location: 
 /tmp
[2023-01-26 17:20:23,520] {subprocess.py:74} INFO - Running command: ['bash', '-c', 'curl https://api.spacexdata.com/v4/launches/past > /tmp/spacex_20230102.json']
[2023-01-26 17:20:23,535] {subprocess.py:85} INFO - Output:
[2023-01-26 17:20:23,546] {subprocess.py:92} INFO -   % Total    % Received % Xferd  Average Speed   Time    Time     Time  Current
[2023-01-26 17:20:23,546] {subprocess.py:92} INFO -                                  Dload  Upload   Total   Spent    Left  Speed
[2023-01-26 17:20:25,302] {subprocess.py:92} INFO -   0     0    0     0    0     0      0      0 --:--:-- --:--:-- --:--:--     0  0     0    0     0    0     0      0      0 --:--:-- --:--:-- --:--:--     0100  108k    0  108k    0     0  84401      0 --:--:--  0:00:01 --:--:-- 84337100  406k    0  406k    0     0   231k      0 --:--:--  0:00:01 --:--:--  231k
[2023-01-26 17:20:25,306] {subprocess.py:96} INFO - Command exited with return code 0
[2023-01-26 17:20:25,339] {taskinstance.py:1420} INFO - Marking task as SUCCESS. dag_id=Respuesta_Nasa, task_id=Obtener_Datos_SPACEX, execution_date=20230102T000000, start_date=20230126T172023, end_date=20230126T172025
[2023-01-26 17:20:25,380] {local_task_job.py:156} INFO - Task exited with return code 0
[2023-01-26 17:20:25,426] {local_task_job.py:273} INFO - 1 downstream tasks scheduled from follow-on schedule check
