[2023-01-26 16:48:24,654] {taskinstance.py:1179} INFO - Dependencies all met for <TaskInstance: Respuesta_Nasa.Obtener_Datos_SPACEX scheduled__2023-01-02T00:00:00+00:00 [queued]>
[2023-01-26 16:48:24,671] {taskinstance.py:1179} INFO - Dependencies all met for <TaskInstance: Respuesta_Nasa.Obtener_Datos_SPACEX scheduled__2023-01-02T00:00:00+00:00 [queued]>
[2023-01-26 16:48:24,672] {taskinstance.py:1376} INFO - 
--------------------------------------------------------------------------------
[2023-01-26 16:48:24,672] {taskinstance.py:1377} INFO - Starting attempt 7 of 9
[2023-01-26 16:48:24,672] {taskinstance.py:1378} INFO - 
--------------------------------------------------------------------------------
[2023-01-26 16:48:24,694] {taskinstance.py:1397} INFO - Executing <Task(BashOperator): Obtener_Datos_SPACEX> on 2023-01-02 00:00:00+00:00
[2023-01-26 16:48:24,700] {standard_task_runner.py:52} INFO - Started process 181 to run task
[2023-01-26 16:48:24,704] {standard_task_runner.py:79} INFO - Running: ['***', 'tasks', 'run', 'Respuesta_Nasa', 'Obtener_Datos_SPACEX', 'scheduled__2023-01-02T00:00:00+00:00', '--job-id', '574', '--raw', '--subdir', 'DAGS_FOLDER/00-ETL_spaceX.py', '--cfg-path', '/tmp/tmpdir2egek', '--error-file', '/tmp/tmpzz09dgbj']
[2023-01-26 16:48:24,706] {standard_task_runner.py:80} INFO - Job 574: Subtask Obtener_Datos_SPACEX
[2023-01-26 16:48:24,788] {task_command.py:371} INFO - Running <TaskInstance: Respuesta_Nasa.Obtener_Datos_SPACEX scheduled__2023-01-02T00:00:00+00:00 [running]> on host 1dac8e18bdf5
[2023-01-26 16:48:24,904] {taskinstance.py:1591} INFO - Exporting the following env vars:
AIRFLOW_CTX_DAG_OWNER=me
AIRFLOW_CTX_DAG_ID=Respuesta_Nasa
AIRFLOW_CTX_TASK_ID=Obtener_Datos_SPACEX
AIRFLOW_CTX_EXECUTION_DATE=2023-01-02T00:00:00+00:00
AIRFLOW_CTX_TRY_NUMBER=7
AIRFLOW_CTX_DAG_RUN_ID=scheduled__2023-01-02T00:00:00+00:00
[2023-01-26 16:48:24,907] {subprocess.py:62} INFO - Tmp dir root location: 
 /tmp
[2023-01-26 16:48:24,908] {subprocess.py:74} INFO - Running command: ['bash', '-c', 'curl https://api.spacexdata.com/v4/launches/past > /tmp/spacex_20230102.json']
[2023-01-26 16:48:24,926] {subprocess.py:85} INFO - Output:
[2023-01-26 16:48:24,948] {subprocess.py:92} INFO -   % Total    % Received % Xferd  Average Speed   Time    Time     Time  Current
[2023-01-26 16:48:24,949] {subprocess.py:92} INFO -                                  Dload  Upload   Total   Spent    Left  Speed
[2023-01-26 16:48:25,807] {subprocess.py:92} INFO -   0     0    0     0    0     0      0      0 --:--:-- --:--:-- --:--:--     0100  360k    0  360k    0     0   423k      0 --:--:-- --:--:-- --:--:--  423k100  406k    0  406k    0     0   472k      0 --:--:-- --:--:-- --:--:--  472k
[2023-01-26 16:48:25,811] {subprocess.py:96} INFO - Command exited with return code 0
[2023-01-26 16:48:25,864] {taskinstance.py:1420} INFO - Marking task as SUCCESS. dag_id=Respuesta_Nasa, task_id=Obtener_Datos_SPACEX, execution_date=20230102T000000, start_date=20230126T164824, end_date=20230126T164825
[2023-01-26 16:48:25,920] {local_task_job.py:156} INFO - Task exited with return code 0
[2023-01-26 16:48:26,018] {local_task_job.py:273} INFO - 1 downstream tasks scheduled from follow-on schedule check
