[2023-01-24 02:43:52,575] {taskinstance.py:1179} INFO - Dependencies all met for <TaskInstance: Respuesta_Nasa.Leer_Datos_Respuesta_Nasa scheduled__2023-01-01T01:39:00+00:00 [queued]>
[2023-01-24 02:43:52,646] {taskinstance.py:1179} INFO - Dependencies all met for <TaskInstance: Respuesta_Nasa.Leer_Datos_Respuesta_Nasa scheduled__2023-01-01T01:39:00+00:00 [queued]>
[2023-01-24 02:43:52,646] {taskinstance.py:1376} INFO - 
--------------------------------------------------------------------------------
[2023-01-24 02:43:52,646] {taskinstance.py:1377} INFO - Starting attempt 1 of 2
[2023-01-24 02:43:52,646] {taskinstance.py:1378} INFO - 
--------------------------------------------------------------------------------
[2023-01-24 02:43:52,796] {taskinstance.py:1397} INFO - Executing <Task(BashOperator): Leer_Datos_Respuesta_Nasa> on 2023-01-01 01:39:00+00:00
[2023-01-24 02:43:52,809] {standard_task_runner.py:52} INFO - Started process 1957 to run task
[2023-01-24 02:43:52,814] {standard_task_runner.py:79} INFO - Running: ['***', 'tasks', 'run', 'Respuesta_Nasa', 'Leer_Datos_Respuesta_Nasa', 'scheduled__2023-01-01T01:39:00+00:00', '--job-id', '313', '--raw', '--subdir', 'DAGS_FOLDER/00-ETL_spaceX.py', '--cfg-path', '/tmp/tmp0vpp_fkv', '--error-file', '/tmp/tmpna2othfy']
[2023-01-24 02:43:52,840] {standard_task_runner.py:80} INFO - Job 313: Subtask Leer_Datos_Respuesta_Nasa
[2023-01-24 02:43:53,251] {task_command.py:371} INFO - Running <TaskInstance: Respuesta_Nasa.Leer_Datos_Respuesta_Nasa scheduled__2023-01-01T01:39:00+00:00 [running]> on host fd9891b969b0
[2023-01-24 02:43:53,678] {taskinstance.py:1591} INFO - Exporting the following env vars:
AIRFLOW_CTX_DAG_OWNER=me
AIRFLOW_CTX_DAG_ID=Respuesta_Nasa
AIRFLOW_CTX_TASK_ID=Leer_Datos_Respuesta_Nasa
AIRFLOW_CTX_EXECUTION_DATE=2023-01-01T01:39:00+00:00
AIRFLOW_CTX_TRY_NUMBER=1
AIRFLOW_CTX_DAG_RUN_ID=scheduled__2023-01-01T01:39:00+00:00
[2023-01-24 02:43:53,691] {subprocess.py:62} INFO - Tmp dir root location: 
 /tmp
[2023-01-24 02:43:53,693] {subprocess.py:74} INFO - Running command: ['bash', '-c', 'ls /tmp && head /tmp/response_20230101.txt']
[2023-01-24 02:43:53,717] {subprocess.py:85} INFO - Output:
[2023-01-24 02:43:53,725] {subprocess.py:92} INFO - ***tmpw5robzpp
[2023-01-24 02:43:53,726] {subprocess.py:92} INFO - pymp-igsi0xnb
[2023-01-24 02:43:53,726] {subprocess.py:92} INFO - response_20230101.txt
[2023-01-24 02:43:53,726] {subprocess.py:92} INFO - spacex_20230101.json
[2023-01-24 02:43:53,726] {subprocess.py:92} INFO - tmp__yzi7sy
[2023-01-24 02:43:53,726] {subprocess.py:92} INFO - tmpckx_trig
[2023-01-24 02:43:53,728] {subprocess.py:92} INFO - tmpeyccwc_q
[2023-01-24 02:43:53,728] {subprocess.py:92} INFO - tmpgp6z5u90
[2023-01-24 02:43:53,728] {subprocess.py:92} INFO - tmpgytgt5b7
[2023-01-24 02:43:53,729] {subprocess.py:92} INFO - tmpna2othfy
[2023-01-24 02:43:53,729] {subprocess.py:92} INFO - tmpnvc2r2ky
[2023-01-24 02:43:53,729] {subprocess.py:92} INFO - tmpxn34wr5k
[2023-01-24 02:43:53,733] {subprocess.py:92} INFO - Confirmación de la NASA, pueden proceder
[2023-01-24 02:43:53,736] {subprocess.py:96} INFO - Command exited with return code 0
[2023-01-24 02:43:54,093] {taskinstance.py:1420} INFO - Marking task as SUCCESS. dag_id=Respuesta_Nasa, task_id=Leer_Datos_Respuesta_Nasa, execution_date=20230101T013900, start_date=20230124T024352, end_date=20230124T024354
[2023-01-24 02:43:54,216] {local_task_job.py:156} INFO - Task exited with return code 0
[2023-01-24 02:43:54,410] {local_task_job.py:273} INFO - 1 downstream tasks scheduled from follow-on schedule check
