[2023-01-24 02:41:01,913] {taskinstance.py:1179} INFO - Dependencies all met for <TaskInstance: Respuesta_Nasa.Leer_Datos_Respuesta_Nasa scheduled__2023-01-01T00:25:00+00:00 [queued]>
[2023-01-24 02:41:01,935] {taskinstance.py:1179} INFO - Dependencies all met for <TaskInstance: Respuesta_Nasa.Leer_Datos_Respuesta_Nasa scheduled__2023-01-01T00:25:00+00:00 [queued]>
[2023-01-24 02:41:01,935] {taskinstance.py:1376} INFO - 
--------------------------------------------------------------------------------
[2023-01-24 02:41:01,935] {taskinstance.py:1377} INFO - Starting attempt 1 of 2
[2023-01-24 02:41:01,936] {taskinstance.py:1378} INFO - 
--------------------------------------------------------------------------------
[2023-01-24 02:41:01,980] {taskinstance.py:1397} INFO - Executing <Task(BashOperator): Leer_Datos_Respuesta_Nasa> on 2023-01-01 00:25:00+00:00
[2023-01-24 02:41:01,989] {standard_task_runner.py:52} INFO - Started process 570 to run task
[2023-01-24 02:41:01,997] {standard_task_runner.py:79} INFO - Running: ['***', 'tasks', 'run', 'Respuesta_Nasa', 'Leer_Datos_Respuesta_Nasa', 'scheduled__2023-01-01T00:25:00+00:00', '--job-id', '76', '--raw', '--subdir', 'DAGS_FOLDER/00-ETL_spaceX.py', '--cfg-path', '/tmp/tmpt5v2cjpx', '--error-file', '/tmp/tmpkuhgp_ya']
[2023-01-24 02:41:01,998] {standard_task_runner.py:80} INFO - Job 76: Subtask Leer_Datos_Respuesta_Nasa
[2023-01-24 02:41:02,302] {task_command.py:371} INFO - Running <TaskInstance: Respuesta_Nasa.Leer_Datos_Respuesta_Nasa scheduled__2023-01-01T00:25:00+00:00 [running]> on host fd9891b969b0
[2023-01-24 02:41:02,517] {taskinstance.py:1591} INFO - Exporting the following env vars:
AIRFLOW_CTX_DAG_OWNER=me
AIRFLOW_CTX_DAG_ID=Respuesta_Nasa
AIRFLOW_CTX_TASK_ID=Leer_Datos_Respuesta_Nasa
AIRFLOW_CTX_EXECUTION_DATE=2023-01-01T00:25:00+00:00
AIRFLOW_CTX_TRY_NUMBER=1
AIRFLOW_CTX_DAG_RUN_ID=scheduled__2023-01-01T00:25:00+00:00
[2023-01-24 02:41:02,518] {subprocess.py:62} INFO - Tmp dir root location: 
 /tmp
[2023-01-24 02:41:02,519] {subprocess.py:74} INFO - Running command: ['bash', '-c', 'ls /tmp && head /tmp/response_20230101.txt']
[2023-01-24 02:41:02,538] {subprocess.py:85} INFO - Output:
[2023-01-24 02:41:02,543] {subprocess.py:92} INFO - ***tmphi5rx4v3
[2023-01-24 02:41:02,544] {subprocess.py:92} INFO - pymp-igsi0xnb
[2023-01-24 02:41:02,544] {subprocess.py:92} INFO - response_20230101.txt
[2023-01-24 02:41:02,544] {subprocess.py:92} INFO - spacex_20230101.json
[2023-01-24 02:41:02,544] {subprocess.py:92} INFO - tmpkuhgp_ya
[2023-01-24 02:41:02,545] {subprocess.py:92} INFO - tmpnvc2r2ky
[2023-01-24 02:41:02,545] {subprocess.py:92} INFO - tmpp9ipcun6
[2023-01-24 02:41:02,545] {subprocess.py:92} INFO - tmptx_4jigm
[2023-01-24 02:41:02,545] {subprocess.py:92} INFO - tmpvg7s5aeb
[2023-01-24 02:41:02,545] {subprocess.py:92} INFO - tmpyfcamb6g
[2023-01-24 02:41:02,549] {subprocess.py:92} INFO - Confirmación de la NASA, pueden proceder
[2023-01-24 02:41:02,550] {subprocess.py:96} INFO - Command exited with return code 0
[2023-01-24 02:41:02,764] {taskinstance.py:1420} INFO - Marking task as SUCCESS. dag_id=Respuesta_Nasa, task_id=Leer_Datos_Respuesta_Nasa, execution_date=20230101T002500, start_date=20230124T024101, end_date=20230124T024102
[2023-01-24 02:41:02,856] {local_task_job.py:156} INFO - Task exited with return code 0
[2023-01-24 02:41:02,994] {local_task_job.py:273} INFO - 1 downstream tasks scheduled from follow-on schedule check
